ARM GAS  C:\Users\Andrew\AppData\Local\Temp\ccM6WXyg.s 			page 1


   1              		.syntax unified
   2              		.cpu cortex-m3
   3              		.fpu softvfp
   4              		.eabi_attribute 20, 1
   5              		.eabi_attribute 21, 1
   6              		.eabi_attribute 23, 3
   7              		.eabi_attribute 24, 1
   8              		.eabi_attribute 25, 1
   9              		.eabi_attribute 26, 1
  10              		.eabi_attribute 30, 6
  11              		.eabi_attribute 34, 1
  12              		.eabi_attribute 18, 4
  13              		.thumb
  14              		.file	"8051_read.c"
  15              		.text
  16              	.Ltext0:
  17              		.cfi_sections	.debug_frame
  18              		.section	.rodata
  19              		.align	2
  20              	.LC0:
  21 0000 4C415354 		.ascii	"LAST:\000"
  21      3A00
  22 0006 0000     		.align	2
  23              	.LC1:
  24 0008 20484558 		.ascii	" HEX: \000"
  24      3A2000
  25 000f 00       		.align	2
  26              	.LC2:
  27 0010 43555252 		.ascii	"CURR:\000"
  27      3A00
  28 0016 0000     		.section	.text.read_Values,"ax",%progbits
  29              		.align	2
  30              		.global	read_Values
  31              		.thumb
  32              		.thumb_func
  33              		.type	read_Values, %function
  34              	read_Values:
  35              	.LFB63:
  36              		.file 1 ".\\8051_read.c"
   1:.\8051_read.c **** /* ========================================
   2:.\8051_read.c ****  *
   3:.\8051_read.c ****  * Copyright HUDING ENTERPRISES, 2016
   4:.\8051_read.c ****  * All Rights Reserved
   5:.\8051_read.c ****  * UNPUBLISHED, LICENSED SOFTWARE.
   6:.\8051_read.c ****  *
   7:.\8051_read.c ****  * CONFIDENTIAL AND PROPRIETARY INFORMATION
   8:.\8051_read.c ****  * WHICH IS THE PROPERTY OF Andrew Xia.
   9:.\8051_read.c ****  *
  10:.\8051_read.c ****  * ========================================
  11:.\8051_read.c **** */
  12:.\8051_read.c **** 
  13:.\8051_read.c **** //this file contains all relevant display structures and methods
  14:.\8051_read.c **** 
  15:.\8051_read.c **** #ifndef DEVICE_H
  16:.\8051_read.c **** #define DEVICE_H
  17:.\8051_read.c **** #include <project.h>
  18:.\8051_read.c **** 
ARM GAS  C:\Users\Andrew\AppData\Local\Temp\ccM6WXyg.s 			page 2


  19:.\8051_read.c **** #endif
  20:.\8051_read.c **** 
  21:.\8051_read.c **** uint8 read_Values(uint8 Values){
  37              		.loc 1 21 0
  38              		.cfi_startproc
  39              		@ args = 0, pretend = 0, frame = 16
  40              		@ frame_needed = 1, uses_anonymous_args = 0
  41 0000 80B5     		push	{r7, lr}
  42              		.cfi_def_cfa_offset 8
  43              		.cfi_offset 7, -8
  44              		.cfi_offset 14, -4
  45 0002 84B0     		sub	sp, sp, #16
  46              		.cfi_def_cfa_offset 24
  47 0004 00AF     		add	r7, sp, #0
  48              		.cfi_def_cfa_register 7
  49 0006 0346     		mov	r3, r0
  50 0008 FB71     		strb	r3, [r7, #7]
  22:.\8051_read.c ****     // this function reads the live value from 8255 output. 
  23:.\8051_read.c ****     // connected via databus on port 3
  24:.\8051_read.c ****     // and displays on the LCD
  25:.\8051_read.c ****     // this function assumes that LCD_Start() has already been run;
  26:.\8051_read.c ****     // And uint8 Values has been declared
  27:.\8051_read.c ****     LCD_ClearDisplay();
  51              		.loc 1 27 0
  52 000a 0120     		movs	r0, #1
  53 000c FFF7FEFF 		bl	LCD_WriteControl
  28:.\8051_read.c ****     LCD_Position(1,0); //move to bot row
  54              		.loc 1 28 0
  55 0010 0120     		movs	r0, #1
  56 0012 0021     		movs	r1, #0
  57 0014 FFF7FEFF 		bl	LCD_Position
  29:.\8051_read.c ****     LCD_PrintString("LAST:"); //first, we print last value
  58              		.loc 1 29 0
  59 0018 1848     		ldr	r0, .L4
  60 001a FFF7FEFF 		bl	LCD_PrintString
  30:.\8051_read.c ****     LCD_PutChar(Values); //print ascii value
  61              		.loc 1 30 0
  62 001e FB79     		ldrb	r3, [r7, #7]	@ zero_extendqisi2
  63 0020 1846     		mov	r0, r3
  64 0022 FFF7FEFF 		bl	LCD_PutChar
  31:.\8051_read.c ****     LCD_PrintString(" HEX: ");
  65              		.loc 1 31 0
  66 0026 1648     		ldr	r0, .L4+4
  67 0028 FFF7FEFF 		bl	LCD_PrintString
  32:.\8051_read.c ****     LCD_PrintNumber(Values); //print value I am getting
  68              		.loc 1 32 0
  69 002c FB79     		ldrb	r3, [r7, #7]	@ zero_extendqisi2
  70 002e 1846     		mov	r0, r3
  71 0030 FFF7FEFF 		bl	LCD_PrintU32Number
  33:.\8051_read.c ****     
  34:.\8051_read.c ****     uint8 current;
  35:.\8051_read.c ****     current = Pin3_Read(); //next, read a new value
  72              		.loc 1 35 0
  73 0034 FFF7FEFF 		bl	Pin3_Read
  74 0038 0346     		mov	r3, r0
  75 003a FB73     		strb	r3, [r7, #15]
  36:.\8051_read.c ****     LCD_Position(0,0); //move back to top row
ARM GAS  C:\Users\Andrew\AppData\Local\Temp\ccM6WXyg.s 			page 3


  76              		.loc 1 36 0
  77 003c 0020     		movs	r0, #0
  78 003e 0021     		movs	r1, #0
  79 0040 FFF7FEFF 		bl	LCD_Position
  37:.\8051_read.c ****     LCD_PrintString("CURR:");
  80              		.loc 1 37 0
  81 0044 0F48     		ldr	r0, .L4+8
  82 0046 FFF7FEFF 		bl	LCD_PrintString
  38:.\8051_read.c ****     LCD_PutChar(current); //print ascii value
  83              		.loc 1 38 0
  84 004a FB7B     		ldrb	r3, [r7, #15]	@ zero_extendqisi2
  85 004c 1846     		mov	r0, r3
  86 004e FFF7FEFF 		bl	LCD_PutChar
  39:.\8051_read.c ****     LCD_PrintString(" HEX: ");
  87              		.loc 1 39 0
  88 0052 0B48     		ldr	r0, .L4+4
  89 0054 FFF7FEFF 		bl	LCD_PrintString
  40:.\8051_read.c ****     LCD_PrintNumber(current); //print value I am getting
  90              		.loc 1 40 0
  91 0058 FB7B     		ldrb	r3, [r7, #15]	@ zero_extendqisi2
  92 005a 1846     		mov	r0, r3
  93 005c FFF7FEFF 		bl	LCD_PrintU32Number
  41:.\8051_read.c ****     
  42:.\8051_read.c ****     waiter(5);
  94              		.loc 1 42 0
  95 0060 0520     		movs	r0, #5
  96 0062 FFF7FEFF 		bl	waiter
  43:.\8051_read.c ****     if (current == 255) return Values; // do not return new value
  97              		.loc 1 43 0
  98 0066 FB7B     		ldrb	r3, [r7, #15]	@ zero_extendqisi2
  99 0068 FF2B     		cmp	r3, #255
 100 006a 01D1     		bne	.L2
 101              		.loc 1 43 0 is_stmt 0 discriminator 1
 102 006c FB79     		ldrb	r3, [r7, #7]	@ zero_extendqisi2
 103 006e 00E0     		b	.L3
 104              	.L2:
  44:.\8051_read.c ****     else return current;
 105              		.loc 1 44 0 is_stmt 1
 106 0070 FB7B     		ldrb	r3, [r7, #15]	@ zero_extendqisi2
 107              	.L3:
  45:.\8051_read.c **** }
 108              		.loc 1 45 0
 109 0072 1846     		mov	r0, r3
 110 0074 1037     		adds	r7, r7, #16
 111              		.cfi_def_cfa_offset 8
 112 0076 BD46     		mov	sp, r7
 113              		.cfi_def_cfa_register 13
 114              		@ sp needed
 115 0078 80BD     		pop	{r7, pc}
 116              	.L5:
 117 007a 00BF     		.align	2
 118              	.L4:
 119 007c 00000000 		.word	.LC0
 120 0080 08000000 		.word	.LC1
 121 0084 10000000 		.word	.LC2
 122              		.cfi_endproc
 123              	.LFE63:
ARM GAS  C:\Users\Andrew\AppData\Local\Temp\ccM6WXyg.s 			page 4


 124              		.size	read_Values, .-read_Values
 125              		.section	.text.read_from_8255,"ax",%progbits
 126              		.align	2
 127              		.global	read_from_8255
 128              		.thumb
 129              		.thumb_func
 130              		.type	read_from_8255, %function
 131              	read_from_8255:
 132              	.LFB64:
  46:.\8051_read.c **** 
  47:.\8051_read.c **** uint8 read_from_8255(uint8 Values){
 133              		.loc 1 47 0
 134              		.cfi_startproc
 135              		@ args = 0, pretend = 0, frame = 16
 136              		@ frame_needed = 1, uses_anonymous_args = 0
 137 0000 80B5     		push	{r7, lr}
 138              		.cfi_def_cfa_offset 8
 139              		.cfi_offset 7, -8
 140              		.cfi_offset 14, -4
 141 0002 84B0     		sub	sp, sp, #16
 142              		.cfi_def_cfa_offset 24
 143 0004 00AF     		add	r7, sp, #0
 144              		.cfi_def_cfa_register 7
 145 0006 0346     		mov	r3, r0
 146 0008 FB71     		strb	r3, [r7, #7]
  48:.\8051_read.c ****     // this function reads the live value from 8255 output. 
  49:.\8051_read.c ****     // connected via databus on port 3
  50:.\8051_read.c ****     // and displays on the LCD
  51:.\8051_read.c ****     // this function assumes that LCD_Start() has already been run;
  52:.\8051_read.c ****     // And uint8 Values has been declared
  53:.\8051_read.c ****     LCD_ClearDisplay();
 147              		.loc 1 53 0
 148 000a 0120     		movs	r0, #1
 149 000c FFF7FEFF 		bl	LCD_WriteControl
  54:.\8051_read.c ****     LCD_Position(1,0); //move to bot row
 150              		.loc 1 54 0
 151 0010 0120     		movs	r0, #1
 152 0012 0021     		movs	r1, #0
 153 0014 FFF7FEFF 		bl	LCD_Position
  55:.\8051_read.c ****     LCD_PrintString("LAST:"); //first, we print last value
 154              		.loc 1 55 0
 155 0018 1848     		ldr	r0, .L9
 156 001a FFF7FEFF 		bl	LCD_PrintString
  56:.\8051_read.c ****     LCD_PutChar(Values); //print ascii value
 157              		.loc 1 56 0
 158 001e FB79     		ldrb	r3, [r7, #7]	@ zero_extendqisi2
 159 0020 1846     		mov	r0, r3
 160 0022 FFF7FEFF 		bl	LCD_PutChar
  57:.\8051_read.c ****     LCD_PrintString(" HEX: ");
 161              		.loc 1 57 0
 162 0026 1648     		ldr	r0, .L9+4
 163 0028 FFF7FEFF 		bl	LCD_PrintString
  58:.\8051_read.c ****     LCD_PrintNumber(Values); //print value I am getting
 164              		.loc 1 58 0
 165 002c FB79     		ldrb	r3, [r7, #7]	@ zero_extendqisi2
 166 002e 1846     		mov	r0, r3
 167 0030 FFF7FEFF 		bl	LCD_PrintU32Number
ARM GAS  C:\Users\Andrew\AppData\Local\Temp\ccM6WXyg.s 			page 5


  59:.\8051_read.c ****     
  60:.\8051_read.c ****     uint8 current;
  61:.\8051_read.c ****     current = Pin3_Read(); //next, read a new value
 168              		.loc 1 61 0
 169 0034 FFF7FEFF 		bl	Pin3_Read
 170 0038 0346     		mov	r3, r0
 171 003a FB73     		strb	r3, [r7, #15]
  62:.\8051_read.c ****     LCD_Position(0,0); //move back to top row
 172              		.loc 1 62 0
 173 003c 0020     		movs	r0, #0
 174 003e 0021     		movs	r1, #0
 175 0040 FFF7FEFF 		bl	LCD_Position
  63:.\8051_read.c ****     LCD_PrintString("CURR:");
 176              		.loc 1 63 0
 177 0044 0F48     		ldr	r0, .L9+8
 178 0046 FFF7FEFF 		bl	LCD_PrintString
  64:.\8051_read.c ****     LCD_PutChar(current); //print ascii value
 179              		.loc 1 64 0
 180 004a FB7B     		ldrb	r3, [r7, #15]	@ zero_extendqisi2
 181 004c 1846     		mov	r0, r3
 182 004e FFF7FEFF 		bl	LCD_PutChar
  65:.\8051_read.c ****     LCD_PrintString(" HEX: ");
 183              		.loc 1 65 0
 184 0052 0B48     		ldr	r0, .L9+4
 185 0054 FFF7FEFF 		bl	LCD_PrintString
  66:.\8051_read.c ****     LCD_PrintNumber(current); //print value I am getting
 186              		.loc 1 66 0
 187 0058 FB7B     		ldrb	r3, [r7, #15]	@ zero_extendqisi2
 188 005a 1846     		mov	r0, r3
 189 005c FFF7FEFF 		bl	LCD_PrintU32Number
  67:.\8051_read.c ****     
  68:.\8051_read.c ****     waiter(5);
 190              		.loc 1 68 0
 191 0060 0520     		movs	r0, #5
 192 0062 FFF7FEFF 		bl	waiter
  69:.\8051_read.c ****     if (current == 255) return Values; // do not return new value
 193              		.loc 1 69 0
 194 0066 FB7B     		ldrb	r3, [r7, #15]	@ zero_extendqisi2
 195 0068 FF2B     		cmp	r3, #255
 196 006a 01D1     		bne	.L7
 197              		.loc 1 69 0 is_stmt 0 discriminator 1
 198 006c FB79     		ldrb	r3, [r7, #7]	@ zero_extendqisi2
 199 006e 00E0     		b	.L8
 200              	.L7:
  70:.\8051_read.c ****     else return current; // return current nonzero value
 201              		.loc 1 70 0 is_stmt 1
 202 0070 FB7B     		ldrb	r3, [r7, #15]	@ zero_extendqisi2
 203              	.L8:
  71:.\8051_read.c **** }...
 204              		.loc 1 71 0
 205 0072 1846     		mov	r0, r3
 206 0074 1037     		adds	r7, r7, #16
 207              		.cfi_def_cfa_offset 8
 208 0076 BD46     		mov	sp, r7
 209              		.cfi_def_cfa_register 13
 210              		@ sp needed
 211 0078 80BD     		pop	{r7, pc}
ARM GAS  C:\Users\Andrew\AppData\Local\Temp\ccM6WXyg.s 			page 6


 212              	.L10:
 213 007a 00BF     		.align	2
 214              	.L9:
 215 007c 00000000 		.word	.LC0
 216 0080 08000000 		.word	.LC1
 217 0084 10000000 		.word	.LC2
 218              		.cfi_endproc
 219              	.LFE64:
 220              		.size	read_from_8255, .-read_from_8255
 221              		.text
 222              	.Letext0:
 223              		.file 2 "c:\\program files (x86)\\cypress\\psoc creator\\3.3\\psoc creator\\import\\gnu\\arm\\4.9.
 224              		.file 3 "c:\\program files (x86)\\cypress\\psoc creator\\3.3\\psoc creator\\import\\gnu\\arm\\4.9.
 225              		.file 4 "Generated_Source\\PSoC5/cytypes.h"
 226              		.file 5 "Generated_Source\\PSoC5/core_cm3.h"
 227              		.section	.debug_info,"",%progbits
 228              	.Ldebug_info0:
 229 0000 49010000 		.4byte	0x149
 230 0004 0400     		.2byte	0x4
 231 0006 00000000 		.4byte	.Ldebug_abbrev0
 232 000a 04       		.byte	0x4
 233 000b 01       		.uleb128 0x1
 234 000c 03010000 		.4byte	.LASF22
 235 0010 01       		.byte	0x1
 236 0011 3B000000 		.4byte	.LASF23
 237 0015 95000000 		.4byte	.LASF24
 238 0019 00000000 		.4byte	.Ldebug_ranges0+0
 239 001d 00000000 		.4byte	0
 240 0021 00000000 		.4byte	.Ldebug_line0
 241 0025 02       		.uleb128 0x2
 242 0026 01       		.byte	0x1
 243 0027 06       		.byte	0x6
 244 0028 BF010000 		.4byte	.LASF0
 245 002c 02       		.uleb128 0x2
 246 002d 01       		.byte	0x1
 247 002e 08       		.byte	0x8
 248 002f 82000000 		.4byte	.LASF1
 249 0033 02       		.uleb128 0x2
 250 0034 02       		.byte	0x2
 251 0035 05       		.byte	0x5
 252 0036 DB010000 		.4byte	.LASF2
 253 003a 02       		.uleb128 0x2
 254 003b 02       		.byte	0x2
 255 003c 07       		.byte	0x7
 256 003d 0E000000 		.4byte	.LASF3
 257 0041 03       		.uleb128 0x3
 258 0042 CB010000 		.4byte	.LASF9
 259 0046 02       		.byte	0x2
 260 0047 3F       		.byte	0x3f
 261 0048 4C000000 		.4byte	0x4c
 262 004c 02       		.uleb128 0x2
 263 004d 04       		.byte	0x4
 264 004e 05       		.byte	0x5
 265 004f FA000000 		.4byte	.LASF4
 266 0053 02       		.uleb128 0x2
 267 0054 04       		.byte	0x4
 268 0055 07       		.byte	0x7
ARM GAS  C:\Users\Andrew\AppData\Local\Temp\ccM6WXyg.s 			page 7


 269 0056 91010000 		.4byte	.LASF5
 270 005a 02       		.uleb128 0x2
 271 005b 08       		.byte	0x8
 272 005c 05       		.byte	0x5
 273 005d 00000000 		.4byte	.LASF6
 274 0061 02       		.uleb128 0x2
 275 0062 08       		.byte	0x8
 276 0063 07       		.byte	0x7
 277 0064 5C000000 		.4byte	.LASF7
 278 0068 04       		.uleb128 0x4
 279 0069 04       		.byte	0x4
 280 006a 05       		.byte	0x5
 281 006b 696E7400 		.ascii	"int\000"
 282 006f 02       		.uleb128 0x2
 283 0070 04       		.byte	0x4
 284 0071 07       		.byte	0x7
 285 0072 21000000 		.4byte	.LASF8
 286 0076 03       		.uleb128 0x3
 287 0077 EC010000 		.4byte	.LASF10
 288 007b 03       		.byte	0x3
 289 007c 2C       		.byte	0x2c
 290 007d 41000000 		.4byte	0x41
 291 0081 05       		.uleb128 0x5
 292 0082 35000000 		.4byte	.LASF11
 293 0086 04       		.byte	0x4
 294 0087 3801     		.2byte	0x138
 295 0089 2C000000 		.4byte	0x2c
 296 008d 05       		.uleb128 0x5
 297 008e E5010000 		.4byte	.LASF12
 298 0092 04       		.byte	0x4
 299 0093 3901     		.2byte	0x139
 300 0095 3A000000 		.4byte	0x3a
 301 0099 02       		.uleb128 0x2
 302 009a 04       		.byte	0x4
 303 009b 04       		.byte	0x4
 304 009c D5010000 		.4byte	.LASF13
 305 00a0 02       		.uleb128 0x2
 306 00a1 08       		.byte	0x8
 307 00a2 04       		.byte	0x4
 308 00a3 A3010000 		.4byte	.LASF14
 309 00a7 02       		.uleb128 0x2
 310 00a8 01       		.byte	0x1
 311 00a9 08       		.byte	0x8
 312 00aa 90000000 		.4byte	.LASF15
 313 00ae 02       		.uleb128 0x2
 314 00af 04       		.byte	0x4
 315 00b0 07       		.byte	0x7
 316 00b1 F4010000 		.4byte	.LASF16
 317 00b5 06       		.uleb128 0x6
 318 00b6 49000000 		.4byte	.LASF17
 319 00ba 01       		.byte	0x1
 320 00bb 15       		.byte	0x15
 321 00bc 81000000 		.4byte	0x81
 322 00c0 00000000 		.4byte	.LFB63
 323 00c4 88000000 		.4byte	.LFE63-.LFB63
 324 00c8 01       		.uleb128 0x1
 325 00c9 9C       		.byte	0x9c
ARM GAS  C:\Users\Andrew\AppData\Local\Temp\ccM6WXyg.s 			page 8


 326 00ca F8000000 		.4byte	0xf8
 327 00ce 07       		.uleb128 0x7
 328 00cf 2E000000 		.4byte	.LASF19
 329 00d3 01       		.byte	0x1
 330 00d4 15       		.byte	0x15
 331 00d5 81000000 		.4byte	0x81
 332 00d9 02       		.uleb128 0x2
 333 00da 91       		.byte	0x91
 334 00db 6F       		.sleb128 -17
 335 00dc 08       		.uleb128 0x8
 336 00dd AA010000 		.4byte	.LASF20
 337 00e1 01       		.byte	0x1
 338 00e2 22       		.byte	0x22
 339 00e3 81000000 		.4byte	0x81
 340 00e7 02       		.uleb128 0x2
 341 00e8 91       		.byte	0x91
 342 00e9 77       		.sleb128 -9
 343 00ea 09       		.uleb128 0x9
 344 00eb 55000000 		.4byte	.LASF21
 345 00ef 01       		.byte	0x1
 346 00f0 2A       		.byte	0x2a
 347 00f1 68000000 		.4byte	0x68
 348 00f5 0A       		.uleb128 0xa
 349 00f6 00       		.byte	0
 350 00f7 00       		.byte	0
 351 00f8 06       		.uleb128 0x6
 352 00f9 73000000 		.4byte	.LASF18
 353 00fd 01       		.byte	0x1
 354 00fe 2F       		.byte	0x2f
 355 00ff 81000000 		.4byte	0x81
 356 0103 00000000 		.4byte	.LFB64
 357 0107 88000000 		.4byte	.LFE64-.LFB64
 358 010b 01       		.uleb128 0x1
 359 010c 9C       		.byte	0x9c
 360 010d 3B010000 		.4byte	0x13b
 361 0111 07       		.uleb128 0x7
 362 0112 2E000000 		.4byte	.LASF19
 363 0116 01       		.byte	0x1
 364 0117 2F       		.byte	0x2f
 365 0118 81000000 		.4byte	0x81
 366 011c 02       		.uleb128 0x2
 367 011d 91       		.byte	0x91
 368 011e 6F       		.sleb128 -17
 369 011f 08       		.uleb128 0x8
 370 0120 AA010000 		.4byte	.LASF20
 371 0124 01       		.byte	0x1
 372 0125 3C       		.byte	0x3c
 373 0126 81000000 		.4byte	0x81
 374 012a 02       		.uleb128 0x2
 375 012b 91       		.byte	0x91
 376 012c 77       		.sleb128 -9
 377 012d 09       		.uleb128 0x9
 378 012e 55000000 		.4byte	.LASF21
 379 0132 01       		.byte	0x1
 380 0133 2A       		.byte	0x2a
 381 0134 68000000 		.4byte	0x68
 382 0138 0A       		.uleb128 0xa
ARM GAS  C:\Users\Andrew\AppData\Local\Temp\ccM6WXyg.s 			page 9


 383 0139 00       		.byte	0
 384 013a 00       		.byte	0
 385 013b 0B       		.uleb128 0xb
 386 013c B2010000 		.4byte	.LASF25
 387 0140 05       		.byte	0x5
 388 0141 5506     		.2byte	0x655
 389 0143 47010000 		.4byte	0x147
 390 0147 0C       		.uleb128 0xc
 391 0148 76000000 		.4byte	0x76
 392 014c 00       		.byte	0
 393              		.section	.debug_abbrev,"",%progbits
 394              	.Ldebug_abbrev0:
 395 0000 01       		.uleb128 0x1
 396 0001 11       		.uleb128 0x11
 397 0002 01       		.byte	0x1
 398 0003 25       		.uleb128 0x25
 399 0004 0E       		.uleb128 0xe
 400 0005 13       		.uleb128 0x13
 401 0006 0B       		.uleb128 0xb
 402 0007 03       		.uleb128 0x3
 403 0008 0E       		.uleb128 0xe
 404 0009 1B       		.uleb128 0x1b
 405 000a 0E       		.uleb128 0xe
 406 000b 55       		.uleb128 0x55
 407 000c 17       		.uleb128 0x17
 408 000d 11       		.uleb128 0x11
 409 000e 01       		.uleb128 0x1
 410 000f 10       		.uleb128 0x10
 411 0010 17       		.uleb128 0x17
 412 0011 00       		.byte	0
 413 0012 00       		.byte	0
 414 0013 02       		.uleb128 0x2
 415 0014 24       		.uleb128 0x24
 416 0015 00       		.byte	0
 417 0016 0B       		.uleb128 0xb
 418 0017 0B       		.uleb128 0xb
 419 0018 3E       		.uleb128 0x3e
 420 0019 0B       		.uleb128 0xb
 421 001a 03       		.uleb128 0x3
 422 001b 0E       		.uleb128 0xe
 423 001c 00       		.byte	0
 424 001d 00       		.byte	0
 425 001e 03       		.uleb128 0x3
 426 001f 16       		.uleb128 0x16
 427 0020 00       		.byte	0
 428 0021 03       		.uleb128 0x3
 429 0022 0E       		.uleb128 0xe
 430 0023 3A       		.uleb128 0x3a
 431 0024 0B       		.uleb128 0xb
 432 0025 3B       		.uleb128 0x3b
 433 0026 0B       		.uleb128 0xb
 434 0027 49       		.uleb128 0x49
 435 0028 13       		.uleb128 0x13
 436 0029 00       		.byte	0
 437 002a 00       		.byte	0
 438 002b 04       		.uleb128 0x4
 439 002c 24       		.uleb128 0x24
ARM GAS  C:\Users\Andrew\AppData\Local\Temp\ccM6WXyg.s 			page 10


 440 002d 00       		.byte	0
 441 002e 0B       		.uleb128 0xb
 442 002f 0B       		.uleb128 0xb
 443 0030 3E       		.uleb128 0x3e
 444 0031 0B       		.uleb128 0xb
 445 0032 03       		.uleb128 0x3
 446 0033 08       		.uleb128 0x8
 447 0034 00       		.byte	0
 448 0035 00       		.byte	0
 449 0036 05       		.uleb128 0x5
 450 0037 16       		.uleb128 0x16
 451 0038 00       		.byte	0
 452 0039 03       		.uleb128 0x3
 453 003a 0E       		.uleb128 0xe
 454 003b 3A       		.uleb128 0x3a
 455 003c 0B       		.uleb128 0xb
 456 003d 3B       		.uleb128 0x3b
 457 003e 05       		.uleb128 0x5
 458 003f 49       		.uleb128 0x49
 459 0040 13       		.uleb128 0x13
 460 0041 00       		.byte	0
 461 0042 00       		.byte	0
 462 0043 06       		.uleb128 0x6
 463 0044 2E       		.uleb128 0x2e
 464 0045 01       		.byte	0x1
 465 0046 3F       		.uleb128 0x3f
 466 0047 19       		.uleb128 0x19
 467 0048 03       		.uleb128 0x3
 468 0049 0E       		.uleb128 0xe
 469 004a 3A       		.uleb128 0x3a
 470 004b 0B       		.uleb128 0xb
 471 004c 3B       		.uleb128 0x3b
 472 004d 0B       		.uleb128 0xb
 473 004e 27       		.uleb128 0x27
 474 004f 19       		.uleb128 0x19
 475 0050 49       		.uleb128 0x49
 476 0051 13       		.uleb128 0x13
 477 0052 11       		.uleb128 0x11
 478 0053 01       		.uleb128 0x1
 479 0054 12       		.uleb128 0x12
 480 0055 06       		.uleb128 0x6
 481 0056 40       		.uleb128 0x40
 482 0057 18       		.uleb128 0x18
 483 0058 9642     		.uleb128 0x2116
 484 005a 19       		.uleb128 0x19
 485 005b 01       		.uleb128 0x1
 486 005c 13       		.uleb128 0x13
 487 005d 00       		.byte	0
 488 005e 00       		.byte	0
 489 005f 07       		.uleb128 0x7
 490 0060 05       		.uleb128 0x5
 491 0061 00       		.byte	0
 492 0062 03       		.uleb128 0x3
 493 0063 0E       		.uleb128 0xe
 494 0064 3A       		.uleb128 0x3a
 495 0065 0B       		.uleb128 0xb
 496 0066 3B       		.uleb128 0x3b
ARM GAS  C:\Users\Andrew\AppData\Local\Temp\ccM6WXyg.s 			page 11


 497 0067 0B       		.uleb128 0xb
 498 0068 49       		.uleb128 0x49
 499 0069 13       		.uleb128 0x13
 500 006a 02       		.uleb128 0x2
 501 006b 18       		.uleb128 0x18
 502 006c 00       		.byte	0
 503 006d 00       		.byte	0
 504 006e 08       		.uleb128 0x8
 505 006f 34       		.uleb128 0x34
 506 0070 00       		.byte	0
 507 0071 03       		.uleb128 0x3
 508 0072 0E       		.uleb128 0xe
 509 0073 3A       		.uleb128 0x3a
 510 0074 0B       		.uleb128 0xb
 511 0075 3B       		.uleb128 0x3b
 512 0076 0B       		.uleb128 0xb
 513 0077 49       		.uleb128 0x49
 514 0078 13       		.uleb128 0x13
 515 0079 02       		.uleb128 0x2
 516 007a 18       		.uleb128 0x18
 517 007b 00       		.byte	0
 518 007c 00       		.byte	0
 519 007d 09       		.uleb128 0x9
 520 007e 2E       		.uleb128 0x2e
 521 007f 01       		.byte	0x1
 522 0080 3F       		.uleb128 0x3f
 523 0081 19       		.uleb128 0x19
 524 0082 03       		.uleb128 0x3
 525 0083 0E       		.uleb128 0xe
 526 0084 3A       		.uleb128 0x3a
 527 0085 0B       		.uleb128 0xb
 528 0086 3B       		.uleb128 0x3b
 529 0087 0B       		.uleb128 0xb
 530 0088 49       		.uleb128 0x49
 531 0089 13       		.uleb128 0x13
 532 008a 3C       		.uleb128 0x3c
 533 008b 19       		.uleb128 0x19
 534 008c 00       		.byte	0
 535 008d 00       		.byte	0
 536 008e 0A       		.uleb128 0xa
 537 008f 18       		.uleb128 0x18
 538 0090 00       		.byte	0
 539 0091 00       		.byte	0
 540 0092 00       		.byte	0
 541 0093 0B       		.uleb128 0xb
 542 0094 34       		.uleb128 0x34
 543 0095 00       		.byte	0
 544 0096 03       		.uleb128 0x3
 545 0097 0E       		.uleb128 0xe
 546 0098 3A       		.uleb128 0x3a
 547 0099 0B       		.uleb128 0xb
 548 009a 3B       		.uleb128 0x3b
 549 009b 05       		.uleb128 0x5
 550 009c 49       		.uleb128 0x49
 551 009d 13       		.uleb128 0x13
 552 009e 3F       		.uleb128 0x3f
 553 009f 19       		.uleb128 0x19
ARM GAS  C:\Users\Andrew\AppData\Local\Temp\ccM6WXyg.s 			page 12


 554 00a0 3C       		.uleb128 0x3c
 555 00a1 19       		.uleb128 0x19
 556 00a2 00       		.byte	0
 557 00a3 00       		.byte	0
 558 00a4 0C       		.uleb128 0xc
 559 00a5 35       		.uleb128 0x35
 560 00a6 00       		.byte	0
 561 00a7 49       		.uleb128 0x49
 562 00a8 13       		.uleb128 0x13
 563 00a9 00       		.byte	0
 564 00aa 00       		.byte	0
 565 00ab 00       		.byte	0
 566              		.section	.debug_aranges,"",%progbits
 567 0000 24000000 		.4byte	0x24
 568 0004 0200     		.2byte	0x2
 569 0006 00000000 		.4byte	.Ldebug_info0
 570 000a 04       		.byte	0x4
 571 000b 00       		.byte	0
 572 000c 0000     		.2byte	0
 573 000e 0000     		.2byte	0
 574 0010 00000000 		.4byte	.LFB63
 575 0014 88000000 		.4byte	.LFE63-.LFB63
 576 0018 00000000 		.4byte	.LFB64
 577 001c 88000000 		.4byte	.LFE64-.LFB64
 578 0020 00000000 		.4byte	0
 579 0024 00000000 		.4byte	0
 580              		.section	.debug_ranges,"",%progbits
 581              	.Ldebug_ranges0:
 582 0000 00000000 		.4byte	.LFB63
 583 0004 88000000 		.4byte	.LFE63
 584 0008 00000000 		.4byte	.LFB64
 585 000c 88000000 		.4byte	.LFE64
 586 0010 00000000 		.4byte	0
 587 0014 00000000 		.4byte	0
 588              		.section	.debug_line,"",%progbits
 589              	.Ldebug_line0:
 590 0000 A0010000 		.section	.debug_str,"MS",%progbits,1
 590      02004E01 
 590      00000201 
 590      FB0E0D00 
 590      01010101 
 591              	.LASF6:
 592 0000 6C6F6E67 		.ascii	"long long int\000"
 592      206C6F6E 
 592      6720696E 
 592      7400
 593              	.LASF3:
 594 000e 73686F72 		.ascii	"short unsigned int\000"
 594      7420756E 
 594      7369676E 
 594      65642069 
 594      6E7400
 595              	.LASF8:
 596 0021 756E7369 		.ascii	"unsigned int\000"
 596      676E6564 
 596      20696E74 
 596      00
ARM GAS  C:\Users\Andrew\AppData\Local\Temp\ccM6WXyg.s 			page 13


 597              	.LASF19:
 598 002e 56616C75 		.ascii	"Values\000"
 598      657300
 599              	.LASF11:
 600 0035 75696E74 		.ascii	"uint8\000"
 600      3800
 601              	.LASF23:
 602 003b 2E5C3830 		.ascii	".\\8051_read.c\000"
 602      35315F72 
 602      6561642E 
 602      6300
 603              	.LASF17:
 604 0049 72656164 		.ascii	"read_Values\000"
 604      5F56616C 
 604      75657300 
 605              	.LASF21:
 606 0055 77616974 		.ascii	"waiter\000"
 606      657200
 607              	.LASF7:
 608 005c 6C6F6E67 		.ascii	"long long unsigned int\000"
 608      206C6F6E 
 608      6720756E 
 608      7369676E 
 608      65642069 
 609              	.LASF18:
 610 0073 72656164 		.ascii	"read_from_8255\000"
 610      5F66726F 
 610      6D5F3832 
 610      353500
 611              	.LASF1:
 612 0082 756E7369 		.ascii	"unsigned char\000"
 612      676E6564 
 612      20636861 
 612      7200
 613              	.LASF15:
 614 0090 63686172 		.ascii	"char\000"
 614      00
 615              	.LASF24:
 616 0095 433A5C55 		.ascii	"C:\\Users\\Andrew\\Dropbox (Personal)\\MIT\\MIT 201"
 616      73657273 
 616      5C416E64 
 616      7265775C 
 616      44726F70 
 617 00c3 36205370 		.ascii	"6 Spring\\6115\\Final Project\\Code\\VGA\\Tic Tac T"
 617      72696E67 
 617      5C363131 
 617      355C4669 
 617      6E616C20 
 618 00f1 6F652E63 		.ascii	"oe.cydsn\000"
 618      7964736E 
 618      00
 619              	.LASF4:
 620 00fa 6C6F6E67 		.ascii	"long int\000"
 620      20696E74 
 620      00
 621              	.LASF22:
 622 0103 474E5520 		.ascii	"GNU C 4.9.3 20150303 (release) [ARM/embedded-4_9-br"
ARM GAS  C:\Users\Andrew\AppData\Local\Temp\ccM6WXyg.s 			page 14


 622      4320342E 
 622      392E3320 
 622      32303135 
 622      30333033 
 623 0136 616E6368 		.ascii	"anch revision 221220] -mcpu=cortex-m3 -mthumb -g -O"
 623      20726576 
 623      6973696F 
 623      6E203232 
 623      31323230 
 624 0169 30202D66 		.ascii	"0 -ffunction-sections -ffat-lto-objects\000"
 624      66756E63 
 624      74696F6E 
 624      2D736563 
 624      74696F6E 
 625              	.LASF5:
 626 0191 6C6F6E67 		.ascii	"long unsigned int\000"
 626      20756E73 
 626      69676E65 
 626      6420696E 
 626      7400
 627              	.LASF14:
 628 01a3 646F7562 		.ascii	"double\000"
 628      6C6500
 629              	.LASF20:
 630 01aa 63757272 		.ascii	"current\000"
 630      656E7400 
 631              	.LASF25:
 632 01b2 49544D5F 		.ascii	"ITM_RxBuffer\000"
 632      52784275 
 632      66666572 
 632      00
 633              	.LASF0:
 634 01bf 7369676E 		.ascii	"signed char\000"
 634      65642063 
 634      68617200 
 635              	.LASF9:
 636 01cb 5F5F696E 		.ascii	"__int32_t\000"
 636      7433325F 
 636      7400
 637              	.LASF13:
 638 01d5 666C6F61 		.ascii	"float\000"
 638      7400
 639              	.LASF2:
 640 01db 73686F72 		.ascii	"short int\000"
 640      7420696E 
 640      7400
 641              	.LASF12:
 642 01e5 75696E74 		.ascii	"uint16\000"
 642      313600
 643              	.LASF10:
 644 01ec 696E7433 		.ascii	"int32_t\000"
 644      325F7400 
 645              	.LASF16:
 646 01f4 73697A65 		.ascii	"sizetype\000"
 646      74797065 
 646      00
 647              		.ident	"GCC: (GNU Tools for ARM Embedded Processors) 4.9.3 20150303 (release) [ARM/embedded-4_9-br
ARM GAS  C:\Users\Andrew\AppData\Local\Temp\ccM6WXyg.s 			page 15


