ARM GAS  C:\Users\Andrew\AppData\Local\Temp\ccdUxAgb.s 			page 1


   1              		.syntax unified
   2              		.cpu cortex-m3
   3              		.fpu softvfp
   4              		.eabi_attribute 20, 1
   5              		.eabi_attribute 21, 1
   6              		.eabi_attribute 23, 3
   7              		.eabi_attribute 24, 1
   8              		.eabi_attribute 25, 1
   9              		.eabi_attribute 26, 1
  10              		.eabi_attribute 30, 6
  11              		.eabi_attribute 34, 1
  12              		.eabi_attribute 18, 4
  13              		.thumb
  14              		.file	"cymetadata.c"
  15              		.text
  16              	.Ltext0:
  17              		.cfi_sections	.debug_frame
  18              		.global	cy_meta_configecc
  19              		.section	.cyconfigecc,"a",%progbits
  20              		.align	2
  21              		.type	cy_meta_configecc, %object
  22              		.size	cy_meta_configecc, 852
  23              	cy_meta_configecc:
  24 0000 01       		.byte	1
  25 0001 52       		.byte	82
  26 0002 00       		.byte	0
  27 0003 40       		.byte	64
  28 0004 03       		.byte	3
  29 0005 64       		.byte	100
  30 0006 00       		.byte	0
  31 0007 40       		.byte	64
  32 0008 01       		.byte	1
  33 0009 03       		.byte	3
  34 000a 01       		.byte	1
  35 000b 40       		.byte	64
  36 000c 01       		.byte	1
  37 000d 05       		.byte	5
  38 000e 01       		.byte	1
  39 000f 40       		.byte	64
  40 0010 02       		.byte	2
  41 0011 09       		.byte	9
  42 0012 01       		.byte	1
  43 0013 40       		.byte	64
  44 0014 6F       		.byte	111
  45 0015 0A       		.byte	10
  46 0016 01       		.byte	1
  47 0017 40       		.byte	64
  48 0018 4D       		.byte	77
  49 0019 0B       		.byte	11
  50 001a 01       		.byte	1
  51 001b 40       		.byte	64
  52 001c 19       		.byte	25
  53 001d 0C       		.byte	12
  54 001e 01       		.byte	1
  55 001f 40       		.byte	64
  56 0020 3E       		.byte	62
  57 0021 0D       		.byte	13
ARM GAS  C:\Users\Andrew\AppData\Local\Temp\ccdUxAgb.s 			page 2


  58 0022 01       		.byte	1
  59 0023 40       		.byte	64
  60 0024 03       		.byte	3
  61 0025 40       		.byte	64
  62 0026 01       		.byte	1
  63 0027 40       		.byte	64
  64 0028 04       		.byte	4
  65 0029 41       		.byte	65
  66 002a 01       		.byte	1
  67 002b 40       		.byte	64
  68 002c 03       		.byte	3
  69 002d 42       		.byte	66
  70 002e 01       		.byte	1
  71 002f 40       		.byte	64
  72 0030 04       		.byte	4
  73 0031 44       		.byte	68
  74 0032 01       		.byte	1
  75 0033 40       		.byte	64
  76 0034 03       		.byte	3
  77 0035 45       		.byte	69
  78 0036 01       		.byte	1
  79 0037 40       		.byte	64
  80 0038 02       		.byte	2
  81 0039 46       		.byte	70
  82 003a 01       		.byte	1
  83 003b 40       		.byte	64
  84 003c 03       		.byte	3
  85 003d 50       		.byte	80
  86 003e 01       		.byte	1
  87 003f 40       		.byte	64
  88 0040 01       		.byte	1
  89 0041 51       		.byte	81
  90 0042 01       		.byte	1
  91 0043 40       		.byte	64
  92 0044 34       		.byte	52
  93 0045 01       		.byte	1
  94 0046 8A       		.byte	-118
  95 0047 0F       		.byte	15
  96 0048 8C       		.byte	-116
  97 0049 72       		.byte	114
  98 004a 8D       		.byte	-115
  99 004b 38       		.byte	56
 100 004c E6       		.byte	-26
 101 004d 02       		.byte	2
 102 004e E2       		.byte	-30
 103 004f 04       		.byte	4
 104 0050 B5       		.byte	-75
 105 0051 10       		.byte	16
 106 0052 B7       		.byte	-73
 107 0053 01       		.byte	1
 108 0054 00       		.byte	0
 109 0055 09       		.byte	9
 110 0056 02       		.byte	2
 111 0057 D0       		.byte	-48
 112 0058 07       		.byte	7
 113 0059 55       		.byte	85
 114 005a 09       		.byte	9
ARM GAS  C:\Users\Andrew\AppData\Local\Temp\ccdUxAgb.s 			page 3


 115 005b 03       		.byte	3
 116 005c 0A       		.byte	10
 117 005d 03       		.byte	3
 118 005e 0B       		.byte	11
 119 005f 44       		.byte	68
 120 0060 0C       		.byte	12
 121 0061 0C       		.byte	12
 122 0062 0E       		.byte	14
 123 0063 71       		.byte	113
 124 0064 10       		.byte	16
 125 0065 10       		.byte	16
 126 0066 12       		.byte	18
 127 0067 40       		.byte	64
 128 0068 14       		.byte	20
 129 0069 DC       		.byte	-36
 130 006a 15       		.byte	21
 131 006b 80       		.byte	-128
 132 006c 16       		.byte	22
 133 006d 22       		.byte	34
 134 006e 18       		.byte	24
 135 006f 10       		.byte	16
 136 0070 19       		.byte	25
 137 0071 73       		.byte	115
 138 0072 1A       		.byte	26
 139 0073 AC       		.byte	-84
 140 0074 1B       		.byte	27
 141 0075 0C       		.byte	12
 142 0076 1F       		.byte	31
 143 0077 08       		.byte	8
 144 0078 21       		.byte	33
 145 0079 73       		.byte	115
 146 007a 23       		.byte	35
 147 007b 04       		.byte	4
 148 007c 24       		.byte	36
 149 007d 14       		.byte	20
 150 007e 29       		.byte	41
 151 007f 2A       		.byte	42
 152 0080 2A       		.byte	42
 153 0081 20       		.byte	32
 154 0082 2B       		.byte	43
 155 0083 44       		.byte	68
 156 0084 30       		.byte	48
 157 0085 E0       		.byte	-32
 158 0086 31       		.byte	49
 159 0087 40       		.byte	64
 160 0088 33       		.byte	51
 161 0089 30       		.byte	48
 162 008a 34       		.byte	52
 163 008b 1F       		.byte	31
 164 008c 35       		.byte	53
 165 008d 0F       		.byte	15
 166 008e 37       		.byte	55
 167 008f 80       		.byte	-128
 168 0090 39       		.byte	57
 169 0091 08       		.byte	8
 170 0092 3A       		.byte	58
 171 0093 02       		.byte	2
ARM GAS  C:\Users\Andrew\AppData\Local\Temp\ccdUxAgb.s 			page 4


 172 0094 3B       		.byte	59
 173 0095 20       		.byte	32
 174 0096 3F       		.byte	63
 175 0097 45       		.byte	69
 176 0098 40       		.byte	64
 177 0099 03       		.byte	3
 178 009a 47       		.byte	71
 179 009b 40       		.byte	64
 180 009c 49       		.byte	73
 181 009d FF       		.byte	-1
 182 009e 4A       		.byte	74
 183 009f 07       		.byte	7
 184 00a0 4B       		.byte	75
 185 00a1 FF       		.byte	-1
 186 00a2 4C       		.byte	76
 187 00a3 40       		.byte	64
 188 00a4 4D       		.byte	77
 189 00a5 20       		.byte	32
 190 00a6 4E       		.byte	78
 191 00a7 F0       		.byte	-16
 192 00a8 4F       		.byte	79
 193 00a9 05       		.byte	5
 194 00aa 50       		.byte	80
 195 00ab 08       		.byte	8
 196 00ac 54       		.byte	84
 197 00ad 01       		.byte	1
 198 00ae 56       		.byte	86
 199 00af 04       		.byte	4
 200 00b0 58       		.byte	88
 201 00b1 04       		.byte	4
 202 00b2 59       		.byte	89
 203 00b3 04       		.byte	4
 204 00b4 5A       		.byte	90
 205 00b5 04       		.byte	4
 206 00b6 5B       		.byte	91
 207 00b7 04       		.byte	4
 208 00b8 5C       		.byte	92
 209 00b9 11       		.byte	17
 210 00ba 5D       		.byte	93
 211 00bb 11       		.byte	17
 212 00bc 5F       		.byte	95
 213 00bd 01       		.byte	1
 214 00be 60       		.byte	96
 215 00bf 40       		.byte	64
 216 00c0 61       		.byte	97
 217 00c1 A8       		.byte	-88
 218 00c2 62       		.byte	98
 219 00c3 40       		.byte	64
 220 00c4 63       		.byte	99
 221 00c5 20       		.byte	32
 222 00c6 80       		.byte	-128
 223 00c7 11       		.byte	17
 224 00c8 82       		.byte	-126
 225 00c9 0E       		.byte	14
 226 00ca 84       		.byte	-124
 227 00cb 20       		.byte	32
 228 00cc 85       		.byte	-123
ARM GAS  C:\Users\Andrew\AppData\Local\Temp\ccdUxAgb.s 			page 5


 229 00cd 0F       		.byte	15
 230 00ce 86       		.byte	-122
 231 00cf 03       		.byte	3
 232 00d0 88       		.byte	-120
 233 00d1 80       		.byte	-128
 234 00d2 89       		.byte	-119
 235 00d3 0F       		.byte	15
 236 00d4 8A       		.byte	-118
 237 00d5 40       		.byte	64
 238 00d6 8C       		.byte	-116
 239 00d7 40       		.byte	64
 240 00d8 8D       		.byte	-115
 241 00d9 08       		.byte	8
 242 00da 8E       		.byte	-114
 243 00db 80       		.byte	-128
 244 00dc 94       		.byte	-108
 245 00dd 0C       		.byte	12
 246 00de 96       		.byte	-106
 247 00df 13       		.byte	19
 248 00e0 98       		.byte	-104
 249 00e1 11       		.byte	17
 250 00e2 99       		.byte	-103
 251 00e3 01       		.byte	1
 252 00e4 9A       		.byte	-102
 253 00e5 06       		.byte	6
 254 00e6 9B       		.byte	-101
 255 00e7 06       		.byte	6
 256 00e8 9E       		.byte	-98
 257 00e9 0C       		.byte	12
 258 00ea A2       		.byte	-94
 259 00eb 08       		.byte	8
 260 00ec A4       		.byte	-92
 261 00ed C0       		.byte	-64
 262 00ee A5       		.byte	-91
 263 00ef 04       		.byte	4
 264 00f0 A7       		.byte	-89
 265 00f1 01       		.byte	1
 266 00f2 A8       		.byte	-88
 267 00f3 C0       		.byte	-64
 268 00f4 AD       		.byte	-83
 269 00f5 02       		.byte	2
 270 00f6 AF       		.byte	-81
 271 00f7 01       		.byte	1
 272 00f8 B1       		.byte	-79
 273 00f9 08       		.byte	8
 274 00fa B2       		.byte	-78
 275 00fb 0F       		.byte	15
 276 00fc B3       		.byte	-77
 277 00fd 07       		.byte	7
 278 00fe B4       		.byte	-76
 279 00ff C0       		.byte	-64
 280 0100 B6       		.byte	-74
 281 0101 30       		.byte	48
 282 0102 B8       		.byte	-72
 283 0103 80       		.byte	-128
 284 0104 BA       		.byte	-70
 285 0105 08       		.byte	8
ARM GAS  C:\Users\Andrew\AppData\Local\Temp\ccdUxAgb.s 			page 6


 286 0106 BB       		.byte	-69
 287 0107 20       		.byte	32
 288 0108 C0       		.byte	-64
 289 0109 26       		.byte	38
 290 010a C1       		.byte	-63
 291 010b 04       		.byte	4
 292 010c C5       		.byte	-59
 293 010d 0C       		.byte	12
 294 010e C6       		.byte	-58
 295 010f CE       		.byte	-50
 296 0110 C7       		.byte	-57
 297 0111 0B       		.byte	11
 298 0112 C8       		.byte	-56
 299 0113 1D       		.byte	29
 300 0114 C9       		.byte	-55
 301 0115 FF       		.byte	-1
 302 0116 CA       		.byte	-54
 303 0117 FF       		.byte	-1
 304 0118 CB       		.byte	-53
 305 0119 FF       		.byte	-1
 306 011a CE       		.byte	-50
 307 011b F0       		.byte	-16
 308 011c CF       		.byte	-49
 309 011d 44       		.byte	68
 310 011e D0       		.byte	-48
 311 011f 0C       		.byte	12
 312 0120 D8       		.byte	-40
 313 0121 04       		.byte	4
 314 0122 D9       		.byte	-39
 315 0123 04       		.byte	4
 316 0124 DA       		.byte	-38
 317 0125 04       		.byte	4
 318 0126 DC       		.byte	-36
 319 0127 11       		.byte	17
 320 0128 DD       		.byte	-35
 321 0129 01       		.byte	1
 322 012a DF       		.byte	-33
 323 012b 01       		.byte	1
 324 012c E6       		.byte	-26
 325 012d C0       		.byte	-64
 326 012e EA       		.byte	-22
 327 012f 40       		.byte	64
 328 0130 EB       		.byte	-21
 329 0131 02       		.byte	2
 330 0132 01       		.byte	1
 331 0133 20       		.byte	32
 332 0134 03       		.byte	3
 333 0135 82       		.byte	-126
 334 0136 04       		.byte	4
 335 0137 08       		.byte	8
 336 0138 05       		.byte	5
 337 0139 11       		.byte	17
 338 013a 06       		.byte	6
 339 013b 01       		.byte	1
 340 013c 09       		.byte	9
 341 013d 2A       		.byte	42
 342 013e 0D       		.byte	13
ARM GAS  C:\Users\Andrew\AppData\Local\Temp\ccdUxAgb.s 			page 7


 343 013f 28       		.byte	40
 344 0140 0E       		.byte	14
 345 0141 02       		.byte	2
 346 0142 11       		.byte	17
 347 0143 08       		.byte	8
 348 0144 12       		.byte	18
 349 0145 08       		.byte	8
 350 0146 15       		.byte	21
 351 0147 02       		.byte	2
 352 0148 17       		.byte	23
 353 0149 14       		.byte	20
 354 014a 19       		.byte	25
 355 014b 21       		.byte	33
 356 014c 1A       		.byte	26
 357 014d 08       		.byte	8
 358 014e 1B       		.byte	27
 359 014f 02       		.byte	2
 360 0150 1C       		.byte	28
 361 0151 04       		.byte	4
 362 0152 1D       		.byte	29
 363 0153 18       		.byte	24
 364 0154 1E       		.byte	30
 365 0155 02       		.byte	2
 366 0156 1F       		.byte	31
 367 0157 A8       		.byte	-88
 368 0158 20       		.byte	32
 369 0159 02       		.byte	2
 370 015a 21       		.byte	33
 371 015b 24       		.byte	36
 372 015c 23       		.byte	35
 373 015d 80       		.byte	-128
 374 015e 24       		.byte	36
 375 015f 20       		.byte	32
 376 0160 25       		.byte	37
 377 0161 10       		.byte	16
 378 0162 26       		.byte	38
 379 0163 02       		.byte	2
 380 0164 27       		.byte	39
 381 0165 20       		.byte	32
 382 0166 28       		.byte	40
 383 0167 40       		.byte	64
 384 0168 29       		.byte	41
 385 0169 01       		.byte	1
 386 016a 2B       		.byte	43
 387 016b 08       		.byte	8
 388 016c 2D       		.byte	45
 389 016d 80       		.byte	-128
 390 016e 2F       		.byte	47
 391 016f 20       		.byte	32
 392 0170 31       		.byte	49
 393 0171 20       		.byte	32
 394 0172 32       		.byte	50
 395 0173 04       		.byte	4
 396 0174 33       		.byte	51
 397 0175 80       		.byte	-128
 398 0176 37       		.byte	55
 399 0177 20       		.byte	32
ARM GAS  C:\Users\Andrew\AppData\Local\Temp\ccdUxAgb.s 			page 8


 400 0178 38       		.byte	56
 401 0179 08       		.byte	8
 402 017a 3A       		.byte	58
 403 017b 10       		.byte	16
 404 017c 3E       		.byte	62
 405 017d 54       		.byte	84
 406 017e 41       		.byte	65
 407 017f 04       		.byte	4
 408 0180 44       		.byte	68
 409 0181 40       		.byte	64
 410 0182 45       		.byte	69
 411 0183 20       		.byte	32
 412 0184 4C       		.byte	76
 413 0185 04       		.byte	4
 414 0186 4E       		.byte	78
 415 0187 10       		.byte	16
 416 0188 50       		.byte	80
 417 0189 04       		.byte	4
 418 018a 51       		.byte	81
 419 018b 03       		.byte	3
 420 018c 52       		.byte	82
 421 018d 08       		.byte	8
 422 018e 55       		.byte	85
 423 018f 04       		.byte	4
 424 0190 56       		.byte	86
 425 0191 50       		.byte	80
 426 0192 58       		.byte	88
 427 0193 01       		.byte	1
 428 0194 59       		.byte	89
 429 0195 04       		.byte	4
 430 0196 5A       		.byte	90
 431 0197 20       		.byte	32
 432 0198 5B       		.byte	91
 433 0199 80       		.byte	-128
 434 019a 63       		.byte	99
 435 019b 80       		.byte	-128
 436 019c 64       		.byte	100
 437 019d 01       		.byte	1
 438 019e 66       		.byte	102
 439 019f 40       		.byte	64
 440 01a0 83       		.byte	-125
 441 01a1 40       		.byte	64
 442 01a2 84       		.byte	-124
 443 01a3 01       		.byte	1
 444 01a4 92       		.byte	-110
 445 01a5 54       		.byte	84
 446 01a6 94       		.byte	-108
 447 01a7 24       		.byte	36
 448 01a8 97       		.byte	-105
 449 01a9 01       		.byte	1
 450 01aa 99       		.byte	-103
 451 01ab 84       		.byte	-124
 452 01ac 9A       		.byte	-102
 453 01ad 01       		.byte	1
 454 01ae 9B       		.byte	-101
 455 01af 14       		.byte	20
 456 01b0 9E       		.byte	-98
ARM GAS  C:\Users\Andrew\AppData\Local\Temp\ccdUxAgb.s 			page 9


 457 01b1 40       		.byte	64
 458 01b2 A5       		.byte	-91
 459 01b3 10       		.byte	16
 460 01b4 A6       		.byte	-90
 461 01b5 02       		.byte	2
 462 01b6 C0       		.byte	-64
 463 01b7 FB       		.byte	-5
 464 01b8 C2       		.byte	-62
 465 01b9 EE       		.byte	-18
 466 01ba C4       		.byte	-60
 467 01bb 76       		.byte	118
 468 01bc CA       		.byte	-54
 469 01bd 55       		.byte	85
 470 01be CC       		.byte	-52
 471 01bf 2E       		.byte	46
 472 01c0 CE       		.byte	-50
 473 01c1 76       		.byte	118
 474 01c2 D0       		.byte	-48
 475 01c3 A2       		.byte	-94
 476 01c4 D2       		.byte	-46
 477 01c5 20       		.byte	32
 478 01c6 D6       		.byte	-42
 479 01c7 0F       		.byte	15
 480 01c8 D8       		.byte	-40
 481 01c9 01       		.byte	1
 482 01ca E4       		.byte	-28
 483 01cb 08       		.byte	8
 484 01cc 80       		.byte	-128
 485 01cd 08       		.byte	8
 486 01ce 83       		.byte	-125
 487 01cf 01       		.byte	1
 488 01d0 86       		.byte	-122
 489 01d1 02       		.byte	2
 490 01d2 8E       		.byte	-114
 491 01d3 02       		.byte	2
 492 01d4 92       		.byte	-110
 493 01d5 04       		.byte	4
 494 01d6 94       		.byte	-108
 495 01d7 01       		.byte	1
 496 01d8 9A       		.byte	-102
 497 01d9 01       		.byte	1
 498 01da A2       		.byte	-94
 499 01db 01       		.byte	1
 500 01dc A6       		.byte	-90
 501 01dd 04       		.byte	4
 502 01de A8       		.byte	-88
 503 01df 01       		.byte	1
 504 01e0 B0       		.byte	-80
 505 01e1 01       		.byte	1
 506 01e2 B2       		.byte	-78
 507 01e3 08       		.byte	8
 508 01e4 B4       		.byte	-76
 509 01e5 02       		.byte	2
 510 01e6 B6       		.byte	-74
 511 01e7 04       		.byte	4
 512 01e8 B7       		.byte	-73
 513 01e9 01       		.byte	1
ARM GAS  C:\Users\Andrew\AppData\Local\Temp\ccdUxAgb.s 			page 10


 514 01ea B8       		.byte	-72
 515 01eb 02       		.byte	2
 516 01ec BE       		.byte	-66
 517 01ed 54       		.byte	84
 518 01ee D4       		.byte	-44
 519 01ef 18       		.byte	24
 520 01f0 D6       		.byte	-42
 521 01f1 04       		.byte	4
 522 01f2 D8       		.byte	-40
 523 01f3 04       		.byte	4
 524 01f4 D9       		.byte	-39
 525 01f5 04       		.byte	4
 526 01f6 DB       		.byte	-37
 527 01f7 04       		.byte	4
 528 01f8 DC       		.byte	-36
 529 01f9 11       		.byte	17
 530 01fa DD       		.byte	-35
 531 01fb 10       		.byte	16
 532 01fc DF       		.byte	-33
 533 01fd 01       		.byte	1
 534 01fe 02       		.byte	2
 535 01ff 40       		.byte	64
 536 0200 03       		.byte	3
 537 0201 22       		.byte	34
 538 0202 04       		.byte	4
 539 0203 24       		.byte	36
 540 0204 05       		.byte	5
 541 0205 03       		.byte	3
 542 0206 09       		.byte	9
 543 0207 29       		.byte	41
 544 0208 0C       		.byte	12
 545 0209 12       		.byte	18
 546 020a 0D       		.byte	13
 547 020b 20       		.byte	32
 548 020c 0E       		.byte	14
 549 020d 20       		.byte	32
 550 020e 0F       		.byte	15
 551 020f 01       		.byte	1
 552 0210 10       		.byte	16
 553 0211 60       		.byte	96
 554 0212 11       		.byte	17
 555 0213 20       		.byte	32
 556 0214 16       		.byte	22
 557 0215 01       		.byte	1
 558 0216 17       		.byte	23
 559 0217 2A       		.byte	42
 560 0218 18       		.byte	24
 561 0219 01       		.byte	1
 562 021a 19       		.byte	25
 563 021b 14       		.byte	20
 564 021c 1B       		.byte	27
 565 021d 02       		.byte	2
 566 021e 1D       		.byte	29
 567 021f 89       		.byte	-119
 568 0220 1E       		.byte	30
 569 0221 28       		.byte	40
 570 0222 1F       		.byte	31
ARM GAS  C:\Users\Andrew\AppData\Local\Temp\ccdUxAgb.s 			page 11


 571 0223 04       		.byte	4
 572 0224 22       		.byte	34
 573 0225 80       		.byte	-128
 574 0226 25       		.byte	37
 575 0227 21       		.byte	33
 576 0228 27       		.byte	39
 577 0229 01       		.byte	1
 578 022a 2C       		.byte	44
 579 022b 50       		.byte	80
 580 022c 2D       		.byte	45
 581 022d 82       		.byte	-126
 582 022e 2F       		.byte	47
 583 022f 04       		.byte	4
 584 0230 36       		.byte	54
 585 0231 82       		.byte	-126
 586 0232 37       		.byte	55
 587 0233 28       		.byte	40
 588 0234 3A       		.byte	58
 589 0235 01       		.byte	1
 590 0236 3C       		.byte	60
 591 0237 04       		.byte	4
 592 0238 3D       		.byte	61
 593 0239 20       		.byte	32
 594 023a 3E       		.byte	62
 595 023b 02       		.byte	2
 596 023c 3F       		.byte	63
 597 023d 80       		.byte	-128
 598 023e 45       		.byte	69
 599 023f 99       		.byte	-103
 600 0240 4C       		.byte	76
 601 0241 22       		.byte	34
 602 0242 4E       		.byte	78
 603 0243 02       		.byte	2
 604 0244 57       		.byte	87
 605 0245 20       		.byte	32
 606 0246 5B       		.byte	91
 607 0247 01       		.byte	1
 608 0248 5E       		.byte	94
 609 0249 08       		.byte	8
 610 024a 60       		.byte	96
 611 024b 01       		.byte	1
 612 024c 61       		.byte	97
 613 024d 10       		.byte	16
 614 024e 63       		.byte	99
 615 024f 40       		.byte	64
 616 0250 6E       		.byte	110
 617 0251 54       		.byte	84
 618 0252 6F       		.byte	111
 619 0253 14       		.byte	20
 620 0254 76       		.byte	118
 621 0255 02       		.byte	2
 622 0256 77       		.byte	119
 623 0257 2A       		.byte	42
 624 0258 87       		.byte	-121
 625 0259 40       		.byte	64
 626 025a 8C       		.byte	-116
 627 025b 10       		.byte	16
ARM GAS  C:\Users\Andrew\AppData\Local\Temp\ccdUxAgb.s 			page 12


 628 025c 8F       		.byte	-113
 629 025d 40       		.byte	64
 630 025e 99       		.byte	-103
 631 025f 80       		.byte	-128
 632 0260 9A       		.byte	-102
 633 0261 01       		.byte	1
 634 0262 B5       		.byte	-75
 635 0263 80       		.byte	-128
 636 0264 B6       		.byte	-74
 637 0265 01       		.byte	1
 638 0266 C0       		.byte	-64
 639 0267 7D       		.byte	125
 640 0268 C2       		.byte	-62
 641 0269 FE       		.byte	-2
 642 026a C4       		.byte	-60
 643 026b FE       		.byte	-2
 644 026c CA       		.byte	-54
 645 026d F0       		.byte	-16
 646 026e CC       		.byte	-52
 647 026f F0       		.byte	-16
 648 0270 CE       		.byte	-50
 649 0271 F1       		.byte	-15
 650 0272 D0       		.byte	-48
 651 0273 F0       		.byte	-16
 652 0274 D2       		.byte	-46
 653 0275 10       		.byte	16
 654 0276 D6       		.byte	-42
 655 0277 41       		.byte	65
 656 0278 D8       		.byte	-40
 657 0279 0D       		.byte	13
 658 027a 32       		.byte	50
 659 027b 20       		.byte	32
 660 027c 35       		.byte	53
 661 027d 80       		.byte	-128
 662 027e CC       		.byte	-52
 663 027f 30       		.byte	48
 664 0280 86       		.byte	-122
 665 0281 20       		.byte	32
 666 0282 9D       		.byte	-99
 667 0283 80       		.byte	-128
 668 0284 A6       		.byte	-90
 669 0285 20       		.byte	32
 670 0286 E6       		.byte	-26
 671 0287 40       		.byte	64
 672 0288 81       		.byte	-127
 673 0289 80       		.byte	-128
 674 028a 9D       		.byte	-99
 675 028b 80       		.byte	-128
 676 028c E2       		.byte	-30
 677 028d 20       		.byte	32
 678 028e 00       		.byte	0
 679 028f 04       		.byte	4
 680 0290 78       		.byte	120
 681 0291 40       		.byte	64
 682 0292 C0       		.byte	-64
 683 0293 08       		.byte	8
 684 0294 DC       		.byte	-36
ARM GAS  C:\Users\Andrew\AppData\Local\Temp\ccdUxAgb.s 			page 13


 685 0295 01       		.byte	1
 686 0296 9C       		.byte	-100
 687 0297 40       		.byte	64
 688 0298 B4       		.byte	-76
 689 0299 04       		.byte	4
 690 029a EE       		.byte	-18
 691 029b 02       		.byte	2
 692 029c 84       		.byte	-124
 693 029d 40       		.byte	64
 694 029e 9C       		.byte	-100
 695 029f 40       		.byte	64
 696 02a0 00       		.byte	0
 697 02a1 02       		.byte	2
 698 02a2 0C       		.byte	12
 699 02a3 02       		.byte	2
 700 02a4 0E       		.byte	14
 701 02a5 02       		.byte	2
 702 02a6 00       		.byte	0
 703 02a7 0A       		.byte	10
 704 02a8 1F       		.byte	31
 705 02a9 10       		.byte	16
 706 02aa 20       		.byte	32
 707 02ab 00       		.byte	0
 708 02ac 02       		.byte	2
 709 02ad 80       		.byte	-128
 710 02ae 80       		.byte	-128
 711 02af 00       		.byte	0
 712 02b0 03       		.byte	3
 713 02b1 FF       		.byte	-1
 714 02b2 40       		.byte	64
 715 02b3 00       		.byte	0
 716 02b4 00       		.byte	0
 717 02b5 C0       		.byte	-64
 718 02b6 00       		.byte	0
 719 02b7 00       		.byte	0
 720 02b8 00       		.byte	0
 721 02b9 00       		.byte	0
 722 02ba 23       		.byte	35
 723 02bb E3       		.byte	-29
 724 02bc 33       		.byte	51
 725 02bd 08       		.byte	8
 726 02be 0C       		.byte	12
 727 02bf 00       		.byte	0
 728 02c0 1C       		.byte	28
 729 02c1 18       		.byte	24
 730 02c2 23       		.byte	35
 731 02c3 00       		.byte	0
 732 02c4 3F       		.byte	63
 733 02c5 00       		.byte	0
 734 02c6 00       		.byte	0
 735 02c7 04       		.byte	4
 736 02c8 08       		.byte	8
 737 02c9 1C       		.byte	28
 738 02ca 00       		.byte	0
 739 02cb E1       		.byte	-31
 740 02cc 04       		.byte	4
 741 02cd 3C       		.byte	60
ARM GAS  C:\Users\Andrew\AppData\Local\Temp\ccdUxAgb.s 			page 14


 742 02ce 00       		.byte	0
 743 02cf C2       		.byte	-62
 744 02d0 0C       		.byte	12
 745 02d1 E7       		.byte	-25
 746 02d2 00       		.byte	0
 747 02d3 18       		.byte	24
 748 02d4 01       		.byte	1
 749 02d5 44       		.byte	68
 750 02d6 80       		.byte	-128
 751 02d7 00       		.byte	0
 752 02d8 2C       		.byte	44
 753 02d9 38       		.byte	56
 754 02da 0F       		.byte	15
 755 02db 00       		.byte	0
 756 02dc 10       		.byte	16
 757 02dd 1F       		.byte	31
 758 02de C0       		.byte	-64
 759 02df C0       		.byte	-64
 760 02e0 00       		.byte	0
 761 02e1 00       		.byte	0
 762 02e2 0A       		.byte	10
 763 02e3 20       		.byte	32
 764 02e4 00       		.byte	0
 765 02e5 00       		.byte	0
 766 02e6 50       		.byte	80
 767 02e7 00       		.byte	0
 768 02e8 35       		.byte	53
 769 02e9 02       		.byte	2
 770 02ea 04       		.byte	4
 771 02eb 00       		.byte	0
 772 02ec 01       		.byte	1
 773 02ed 0C       		.byte	12
 774 02ee E0       		.byte	-32
 775 02ef 00       		.byte	0
 776 02f0 09       		.byte	9
 777 02f1 FF       		.byte	-1
 778 02f2 FF       		.byte	-1
 779 02f3 FF       		.byte	-1
 780 02f4 62       		.byte	98
 781 02f5 A0       		.byte	-96
 782 02f6 F0       		.byte	-16
 783 02f7 41       		.byte	65
 784 02f8 0C       		.byte	12
 785 02f9 00       		.byte	0
 786 02fa 00       		.byte	0
 787 02fb 00       		.byte	0
 788 02fc 00       		.byte	0
 789 02fd 00       		.byte	0
 790 02fe 02       		.byte	2
 791 02ff 12       		.byte	18
 792 0300 04       		.byte	4
 793 0301 04       		.byte	4
 794 0302 04       		.byte	4
 795 0303 04       		.byte	4
 796 0304 11       		.byte	17
 797 0305 11       		.byte	17
 798 0306 00       		.byte	0
ARM GAS  C:\Users\Andrew\AppData\Local\Temp\ccdUxAgb.s 			page 15


 799 0307 01       		.byte	1
 800 0308 00       		.byte	0
 801 0309 00       		.byte	0
 802 030a 00       		.byte	0
 803 030b 00       		.byte	0
 804 030c 00       		.byte	0
 805 030d 00       		.byte	0
 806 030e 40       		.byte	64
 807 030f 02       		.byte	2
 808 0310 00       		.byte	0
 809 0311 10       		.byte	16
 810 0312 30       		.byte	48
 811 0313 10       		.byte	16
 812 0314 00       		.byte	0
 813 0315 10       		.byte	16
 814 0316 10       		.byte	16
 815 0317 12       		.byte	18
 816 0318 00       		.byte	0
 817 0319 00       		.byte	0
 818 031a 00       		.byte	0
 819 031b 00       		.byte	0
 820 031c 00       		.byte	0
 821 031d 00       		.byte	0
 822 031e 00       		.byte	0
 823 031f 00       		.byte	0
 824 0320 00       		.byte	0
 825 0321 00       		.byte	0
 826 0322 00       		.byte	0
 827 0323 00       		.byte	0
 828 0324 00       		.byte	0
 829 0325 00       		.byte	0
 830 0326 00       		.byte	0
 831 0327 00       		.byte	0
 832 0328 03       		.byte	3
 833 0329 00       		.byte	0
 834 032a 00       		.byte	0
 835 032b 00       		.byte	0
 836 032c 00       		.byte	0
 837 032d 00       		.byte	0
 838 032e 00       		.byte	0
 839 032f 00       		.byte	0
 840 0330 00       		.byte	0
 841 0331 40       		.byte	64
 842 0332 40       		.byte	64
 843 0333 00       		.byte	0
 844 0334 40       		.byte	64
 845 0335 00       		.byte	0
 846 0336 00       		.byte	0
 847 0337 00       		.byte	0
 848 0338 00       		.byte	0
 849 0339 7F       		.byte	127
 850 033a 7F       		.byte	127
 851 033b 00       		.byte	0
 852 033c 00       		.byte	0
 853 033d 00       		.byte	0
 854 033e 00       		.byte	0
 855 033f 00       		.byte	0
ARM GAS  C:\Users\Andrew\AppData\Local\Temp\ccdUxAgb.s 			page 16


 856 0340 FF       		.byte	-1
 857 0341 00       		.byte	0
 858 0342 00       		.byte	0
 859 0343 00       		.byte	0
 860 0344 00       		.byte	0
 861 0345 00       		.byte	0
 862 0346 00       		.byte	0
 863 0347 00       		.byte	0
 864 0348 01       		.byte	1
 865 0349 00       		.byte	0
 866 034a 41       		.byte	65
 867 034b 00       		.byte	0
 868 034c 00       		.byte	0
 869 034d 00       		.byte	0
 870 034e 00       		.byte	0
 871 034f 00       		.byte	0
 872 0350 00       		.byte	0
 873 0351 00       		.byte	0
 874 0352 00       		.byte	0
 875 0353 00       		.byte	0
 876              		.global	cy_meta_custnvl
 877              		.section	.cycustnvl,"a",%progbits
 878              		.align	2
 879              		.type	cy_meta_custnvl, %object
 880              		.size	cy_meta_custnvl, 4
 881              	cy_meta_custnvl:
 882 0000 00       		.byte	0
 883 0001 00       		.byte	0
 884 0002 40       		.byte	64
 885 0003 05       		.byte	5
 886              		.global	cy_meta_wonvl
 887              		.section	.cywolatch,"a",%progbits
 888              		.align	2
 889              		.type	cy_meta_wonvl, %object
 890              		.size	cy_meta_wonvl, 4
 891              	cy_meta_wonvl:
 892 0000 BC       		.byte	-68
 893 0001 90       		.byte	-112
 894 0002 AC       		.byte	-84
 895 0003 AF       		.byte	-81
 896              		.global	cy_meta_flashprotect
 897              		.section	.cyflashprotect,"a",%progbits
 898              		.align	2
 899              		.type	cy_meta_flashprotect, %object
 900              		.size	cy_meta_flashprotect, 256
 901              	cy_meta_flashprotect:
 902 0000 00000000 		.space	256
 902      00000000 
 902      00000000 
 902      00000000 
 902      00000000 
 903              		.global	cy_metadata
 904              		.section	.cymeta,"a",%progbits
 905              		.align	2
 906              		.type	cy_metadata, %object
 907              		.size	cy_metadata, 12
 908              	cy_metadata:
ARM GAS  C:\Users\Andrew\AppData\Local\Temp\ccdUxAgb.s 			page 17


 909 0000 00       		.byte	0
 910 0001 01       		.byte	1
 911 0002 2E       		.byte	46
 912 0003 12       		.byte	18
 913 0004 30       		.byte	48
 914 0005 69       		.byte	105
 915 0006 00       		.byte	0
 916 0007 01       		.byte	1
 917 0008 00       		.byte	0
 918 0009 00       		.byte	0
 919 000a 00       		.byte	0
 920 000b 00       		.byte	0
 921              		.text
 922              	.Letext0:
 923              		.file 1 ".\\Generated_Source\\PSoC5\\cymetadata.c"
 924              		.file 2 ".\\Generated_Source\\PSoC5\\cytypes.h"
 925              		.section	.debug_info,"",%progbits
 926              	.Ldebug_info0:
 927 0000 37010000 		.4byte	0x137
 928 0004 0400     		.2byte	0x4
 929 0006 00000000 		.4byte	.Ldebug_abbrev0
 930 000a 04       		.byte	0x4
 931 000b 01       		.uleb128 0x1
 932 000c 65000000 		.4byte	.LASF18
 933 0010 01       		.byte	0x1
 934 0011 F3000000 		.4byte	.LASF19
 935 0015 00000000 		.4byte	.LASF20
 936 0019 00000000 		.4byte	.Ldebug_line0
 937 001d 02       		.uleb128 0x2
 938 001e 01       		.byte	0x1
 939 001f 06       		.byte	0x6
 940 0020 03020000 		.4byte	.LASF0
 941 0024 02       		.uleb128 0x2
 942 0025 01       		.byte	0x1
 943 0026 08       		.byte	0x8
 944 0027 2B010000 		.4byte	.LASF1
 945 002b 02       		.uleb128 0x2
 946 002c 02       		.byte	0x2
 947 002d 05       		.byte	0x5
 948 002e EA010000 		.4byte	.LASF2
 949 0032 02       		.uleb128 0x2
 950 0033 02       		.byte	0x2
 951 0034 07       		.byte	0x7
 952 0035 4B010000 		.4byte	.LASF3
 953 0039 02       		.uleb128 0x2
 954 003a 04       		.byte	0x4
 955 003b 05       		.byte	0x5
 956 003c FA010000 		.4byte	.LASF4
 957 0040 02       		.uleb128 0x2
 958 0041 04       		.byte	0x4
 959 0042 07       		.byte	0x7
 960 0043 39010000 		.4byte	.LASF5
 961 0047 02       		.uleb128 0x2
 962 0048 08       		.byte	0x8
 963 0049 05       		.byte	0x5
 964 004a D7010000 		.4byte	.LASF6
 965 004e 02       		.uleb128 0x2
ARM GAS  C:\Users\Andrew\AppData\Local\Temp\ccdUxAgb.s 			page 18


 966 004f 08       		.byte	0x8
 967 0050 07       		.byte	0x7
 968 0051 94010000 		.4byte	.LASF7
 969 0055 03       		.uleb128 0x3
 970 0056 04       		.byte	0x4
 971 0057 05       		.byte	0x5
 972 0058 696E7400 		.ascii	"int\000"
 973 005c 02       		.uleb128 0x2
 974 005d 04       		.byte	0x4
 975 005e 07       		.byte	0x7
 976 005f 87010000 		.4byte	.LASF8
 977 0063 04       		.uleb128 0x4
 978 0064 F4010000 		.4byte	.LASF21
 979 0068 02       		.byte	0x2
 980 0069 3801     		.2byte	0x138
 981 006b 24000000 		.4byte	0x24
 982 006f 02       		.uleb128 0x2
 983 0070 04       		.byte	0x4
 984 0071 04       		.byte	0x4
 985 0072 25010000 		.4byte	.LASF9
 986 0076 02       		.uleb128 0x2
 987 0077 08       		.byte	0x8
 988 0078 04       		.byte	0x4
 989 0079 5E010000 		.4byte	.LASF10
 990 007d 02       		.uleb128 0x2
 991 007e 01       		.byte	0x1
 992 007f 08       		.byte	0x8
 993 0080 E5010000 		.4byte	.LASF11
 994 0084 05       		.uleb128 0x5
 995 0085 63000000 		.4byte	0x63
 996 0089 95000000 		.4byte	0x95
 997 008d 06       		.uleb128 0x6
 998 008e 95000000 		.4byte	0x95
 999 0092 5303     		.2byte	0x353
 1000 0094 00       		.byte	0
 1001 0095 02       		.uleb128 0x2
 1002 0096 04       		.byte	0x4
 1003 0097 07       		.byte	0x7
 1004 0098 CE010000 		.4byte	.LASF12
 1005 009c 07       		.uleb128 0x7
 1006 009d 75010000 		.4byte	.LASF13
 1007 00a1 01       		.byte	0x1
 1008 00a2 1F       		.byte	0x1f
 1009 00a3 AD000000 		.4byte	0xad
 1010 00a7 05       		.uleb128 0x5
 1011 00a8 03       		.byte	0x3
 1012 00a9 00000000 		.4byte	cy_meta_configecc
 1013 00ad 08       		.uleb128 0x8
 1014 00ae 84000000 		.4byte	0x84
 1015 00b2 05       		.uleb128 0x5
 1016 00b3 63000000 		.4byte	0x63
 1017 00b7 C2000000 		.4byte	0xc2
 1018 00bb 09       		.uleb128 0x9
 1019 00bc 95000000 		.4byte	0x95
 1020 00c0 03       		.byte	0x3
 1021 00c1 00       		.byte	0
 1022 00c2 07       		.uleb128 0x7
ARM GAS  C:\Users\Andrew\AppData\Local\Temp\ccdUxAgb.s 			page 19


 1023 00c3 65010000 		.4byte	.LASF14
 1024 00c7 01       		.byte	0x1
 1025 00c8 97       		.byte	0x97
 1026 00c9 D3000000 		.4byte	0xd3
 1027 00cd 05       		.uleb128 0x5
 1028 00ce 03       		.byte	0x3
 1029 00cf 00000000 		.4byte	cy_meta_custnvl
 1030 00d3 08       		.uleb128 0x8
 1031 00d4 B2000000 		.4byte	0xb2
 1032 00d8 07       		.uleb128 0x7
 1033 00d9 C0010000 		.4byte	.LASF15
 1034 00dd 01       		.byte	0x1
 1035 00de A5       		.byte	0xa5
 1036 00df E9000000 		.4byte	0xe9
 1037 00e3 05       		.uleb128 0x5
 1038 00e4 03       		.byte	0x3
 1039 00e5 00000000 		.4byte	cy_meta_wonvl
 1040 00e9 08       		.uleb128 0x8
 1041 00ea B2000000 		.4byte	0xb2
 1042 00ee 05       		.uleb128 0x5
 1043 00ef 63000000 		.4byte	0x63
 1044 00f3 FE000000 		.4byte	0xfe
 1045 00f7 09       		.uleb128 0x9
 1046 00f8 95000000 		.4byte	0x95
 1047 00fc FF       		.byte	0xff
 1048 00fd 00       		.byte	0
 1049 00fe 07       		.uleb128 0x7
 1050 00ff AB010000 		.4byte	.LASF16
 1051 0103 01       		.byte	0x1
 1052 0104 B3       		.byte	0xb3
 1053 0105 0F010000 		.4byte	0x10f
 1054 0109 05       		.uleb128 0x5
 1055 010a 03       		.byte	0x3
 1056 010b 00000000 		.4byte	cy_meta_flashprotect
 1057 010f 08       		.uleb128 0x8
 1058 0110 EE000000 		.4byte	0xee
 1059 0114 05       		.uleb128 0x5
 1060 0115 63000000 		.4byte	0x63
 1061 0119 24010000 		.4byte	0x124
 1062 011d 09       		.uleb128 0x9
 1063 011e 95000000 		.4byte	0x95
 1064 0122 0B       		.byte	0xb
 1065 0123 00       		.byte	0
 1066 0124 07       		.uleb128 0x7
 1067 0125 19010000 		.4byte	.LASF17
 1068 0129 01       		.byte	0x1
 1069 012a E0       		.byte	0xe0
 1070 012b 35010000 		.4byte	0x135
 1071 012f 05       		.uleb128 0x5
 1072 0130 03       		.byte	0x3
 1073 0131 00000000 		.4byte	cy_metadata
 1074 0135 08       		.uleb128 0x8
 1075 0136 14010000 		.4byte	0x114
 1076 013a 00       		.byte	0
 1077              		.section	.debug_abbrev,"",%progbits
 1078              	.Ldebug_abbrev0:
 1079 0000 01       		.uleb128 0x1
ARM GAS  C:\Users\Andrew\AppData\Local\Temp\ccdUxAgb.s 			page 20


 1080 0001 11       		.uleb128 0x11
 1081 0002 01       		.byte	0x1
 1082 0003 25       		.uleb128 0x25
 1083 0004 0E       		.uleb128 0xe
 1084 0005 13       		.uleb128 0x13
 1085 0006 0B       		.uleb128 0xb
 1086 0007 03       		.uleb128 0x3
 1087 0008 0E       		.uleb128 0xe
 1088 0009 1B       		.uleb128 0x1b
 1089 000a 0E       		.uleb128 0xe
 1090 000b 10       		.uleb128 0x10
 1091 000c 17       		.uleb128 0x17
 1092 000d 00       		.byte	0
 1093 000e 00       		.byte	0
 1094 000f 02       		.uleb128 0x2
 1095 0010 24       		.uleb128 0x24
 1096 0011 00       		.byte	0
 1097 0012 0B       		.uleb128 0xb
 1098 0013 0B       		.uleb128 0xb
 1099 0014 3E       		.uleb128 0x3e
 1100 0015 0B       		.uleb128 0xb
 1101 0016 03       		.uleb128 0x3
 1102 0017 0E       		.uleb128 0xe
 1103 0018 00       		.byte	0
 1104 0019 00       		.byte	0
 1105 001a 03       		.uleb128 0x3
 1106 001b 24       		.uleb128 0x24
 1107 001c 00       		.byte	0
 1108 001d 0B       		.uleb128 0xb
 1109 001e 0B       		.uleb128 0xb
 1110 001f 3E       		.uleb128 0x3e
 1111 0020 0B       		.uleb128 0xb
 1112 0021 03       		.uleb128 0x3
 1113 0022 08       		.uleb128 0x8
 1114 0023 00       		.byte	0
 1115 0024 00       		.byte	0
 1116 0025 04       		.uleb128 0x4
 1117 0026 16       		.uleb128 0x16
 1118 0027 00       		.byte	0
 1119 0028 03       		.uleb128 0x3
 1120 0029 0E       		.uleb128 0xe
 1121 002a 3A       		.uleb128 0x3a
 1122 002b 0B       		.uleb128 0xb
 1123 002c 3B       		.uleb128 0x3b
 1124 002d 05       		.uleb128 0x5
 1125 002e 49       		.uleb128 0x49
 1126 002f 13       		.uleb128 0x13
 1127 0030 00       		.byte	0
 1128 0031 00       		.byte	0
 1129 0032 05       		.uleb128 0x5
 1130 0033 01       		.uleb128 0x1
 1131 0034 01       		.byte	0x1
 1132 0035 49       		.uleb128 0x49
 1133 0036 13       		.uleb128 0x13
 1134 0037 01       		.uleb128 0x1
 1135 0038 13       		.uleb128 0x13
 1136 0039 00       		.byte	0
ARM GAS  C:\Users\Andrew\AppData\Local\Temp\ccdUxAgb.s 			page 21


 1137 003a 00       		.byte	0
 1138 003b 06       		.uleb128 0x6
 1139 003c 21       		.uleb128 0x21
 1140 003d 00       		.byte	0
 1141 003e 49       		.uleb128 0x49
 1142 003f 13       		.uleb128 0x13
 1143 0040 2F       		.uleb128 0x2f
 1144 0041 05       		.uleb128 0x5
 1145 0042 00       		.byte	0
 1146 0043 00       		.byte	0
 1147 0044 07       		.uleb128 0x7
 1148 0045 34       		.uleb128 0x34
 1149 0046 00       		.byte	0
 1150 0047 03       		.uleb128 0x3
 1151 0048 0E       		.uleb128 0xe
 1152 0049 3A       		.uleb128 0x3a
 1153 004a 0B       		.uleb128 0xb
 1154 004b 3B       		.uleb128 0x3b
 1155 004c 0B       		.uleb128 0xb
 1156 004d 49       		.uleb128 0x49
 1157 004e 13       		.uleb128 0x13
 1158 004f 3F       		.uleb128 0x3f
 1159 0050 19       		.uleb128 0x19
 1160 0051 02       		.uleb128 0x2
 1161 0052 18       		.uleb128 0x18
 1162 0053 00       		.byte	0
 1163 0054 00       		.byte	0
 1164 0055 08       		.uleb128 0x8
 1165 0056 26       		.uleb128 0x26
 1166 0057 00       		.byte	0
 1167 0058 49       		.uleb128 0x49
 1168 0059 13       		.uleb128 0x13
 1169 005a 00       		.byte	0
 1170 005b 00       		.byte	0
 1171 005c 09       		.uleb128 0x9
 1172 005d 21       		.uleb128 0x21
 1173 005e 00       		.byte	0
 1174 005f 49       		.uleb128 0x49
 1175 0060 13       		.uleb128 0x13
 1176 0061 2F       		.uleb128 0x2f
 1177 0062 0B       		.uleb128 0xb
 1178 0063 00       		.byte	0
 1179 0064 00       		.byte	0
 1180 0065 00       		.byte	0
 1181              		.section	.debug_aranges,"",%progbits
 1182 0000 14000000 		.4byte	0x14
 1183 0004 0200     		.2byte	0x2
 1184 0006 00000000 		.4byte	.Ldebug_info0
 1185 000a 04       		.byte	0x4
 1186 000b 00       		.byte	0
 1187 000c 0000     		.2byte	0
 1188 000e 0000     		.2byte	0
 1189 0010 00000000 		.4byte	0
 1190 0014 00000000 		.4byte	0
 1191              		.section	.debug_line,"",%progbits
 1192              	.Ldebug_line0:
 1193 0000 4F000000 		.section	.debug_str,"MS",%progbits,1
ARM GAS  C:\Users\Andrew\AppData\Local\Temp\ccdUxAgb.s 			page 22


 1193      02004900 
 1193      00000201 
 1193      FB0E0D00 
 1193      01010101 
 1194              	.LASF20:
 1195 0000 433A5C55 		.ascii	"C:\\Users\\Andrew\\Dropbox (Personal)\\MIT\\MIT 201"
 1195      73657273 
 1195      5C416E64 
 1195      7265775C 
 1195      44726F70 
 1196 002e 36205370 		.ascii	"6 Spring\\6115\\Final Project\\Code\\VGA\\Tic Tac T"
 1196      72696E67 
 1196      5C363131 
 1196      355C4669 
 1196      6E616C20 
 1197 005c 6F652E63 		.ascii	"oe.cydsn\000"
 1197      7964736E 
 1197      00
 1198              	.LASF18:
 1199 0065 474E5520 		.ascii	"GNU C 4.9.3 20150303 (release) [ARM/embedded-4_9-br"
 1199      4320342E 
 1199      392E3320 
 1199      32303135 
 1199      30333033 
 1200 0098 616E6368 		.ascii	"anch revision 221220] -mcpu=cortex-m3 -mthumb -g -O"
 1200      20726576 
 1200      6973696F 
 1200      6E203232 
 1200      31323230 
 1201 00cb 30202D66 		.ascii	"0 -ffunction-sections -ffat-lto-objects\000"
 1201      66756E63 
 1201      74696F6E 
 1201      2D736563 
 1201      74696F6E 
 1202              	.LASF19:
 1203 00f3 2E5C4765 		.ascii	".\\Generated_Source\\PSoC5\\cymetadata.c\000"
 1203      6E657261 
 1203      7465645F 
 1203      536F7572 
 1203      63655C50 
 1204              	.LASF17:
 1205 0119 63795F6D 		.ascii	"cy_metadata\000"
 1205      65746164 
 1205      61746100 
 1206              	.LASF9:
 1207 0125 666C6F61 		.ascii	"float\000"
 1207      7400
 1208              	.LASF1:
 1209 012b 756E7369 		.ascii	"unsigned char\000"
 1209      676E6564 
 1209      20636861 
 1209      7200
 1210              	.LASF5:
 1211 0139 6C6F6E67 		.ascii	"long unsigned int\000"
 1211      20756E73 
 1211      69676E65 
 1211      6420696E 
ARM GAS  C:\Users\Andrew\AppData\Local\Temp\ccdUxAgb.s 			page 23


 1211      7400
 1212              	.LASF3:
 1213 014b 73686F72 		.ascii	"short unsigned int\000"
 1213      7420756E 
 1213      7369676E 
 1213      65642069 
 1213      6E7400
 1214              	.LASF10:
 1215 015e 646F7562 		.ascii	"double\000"
 1215      6C6500
 1216              	.LASF14:
 1217 0165 63795F6D 		.ascii	"cy_meta_custnvl\000"
 1217      6574615F 
 1217      63757374 
 1217      6E766C00 
 1218              	.LASF13:
 1219 0175 63795F6D 		.ascii	"cy_meta_configecc\000"
 1219      6574615F 
 1219      636F6E66 
 1219      69676563 
 1219      6300
 1220              	.LASF8:
 1221 0187 756E7369 		.ascii	"unsigned int\000"
 1221      676E6564 
 1221      20696E74 
 1221      00
 1222              	.LASF7:
 1223 0194 6C6F6E67 		.ascii	"long long unsigned int\000"
 1223      206C6F6E 
 1223      6720756E 
 1223      7369676E 
 1223      65642069 
 1224              	.LASF16:
 1225 01ab 63795F6D 		.ascii	"cy_meta_flashprotect\000"
 1225      6574615F 
 1225      666C6173 
 1225      6870726F 
 1225      74656374 
 1226              	.LASF15:
 1227 01c0 63795F6D 		.ascii	"cy_meta_wonvl\000"
 1227      6574615F 
 1227      776F6E76 
 1227      6C00
 1228              	.LASF12:
 1229 01ce 73697A65 		.ascii	"sizetype\000"
 1229      74797065 
 1229      00
 1230              	.LASF6:
 1231 01d7 6C6F6E67 		.ascii	"long long int\000"
 1231      206C6F6E 
 1231      6720696E 
 1231      7400
 1232              	.LASF11:
 1233 01e5 63686172 		.ascii	"char\000"
 1233      00
 1234              	.LASF2:
 1235 01ea 73686F72 		.ascii	"short int\000"
ARM GAS  C:\Users\Andrew\AppData\Local\Temp\ccdUxAgb.s 			page 24


 1235      7420696E 
 1235      7400
 1236              	.LASF21:
 1237 01f4 75696E74 		.ascii	"uint8\000"
 1237      3800
 1238              	.LASF4:
 1239 01fa 6C6F6E67 		.ascii	"long int\000"
 1239      20696E74 
 1239      00
 1240              	.LASF0:
 1241 0203 7369676E 		.ascii	"signed char\000"
 1241      65642063 
 1241      68617200 
 1242              		.ident	"GCC: (GNU Tools for ARM Embedded Processors) 4.9.3 20150303 (release) [ARM/embedded-4_9-br
