ARM GAS  C:\Users\Andrew\AppData\Local\Temp\cc27gTTR.s 			page 1


   1              		.syntax unified
   2              		.cpu cortex-m3
   3              		.fpu softvfp
   4              		.eabi_attribute 20, 1
   5              		.eabi_attribute 21, 1
   6              		.eabi_attribute 23, 3
   7              		.eabi_attribute 24, 1
   8              		.eabi_attribute 25, 1
   9              		.eabi_attribute 26, 1
  10              		.eabi_attribute 30, 6
  11              		.eabi_attribute 34, 1
  12              		.eabi_attribute 18, 4
  13              		.thumb
  14              		.file	"main.c"
  15              		.text
  16              	.Ltext0:
  17              		.cfi_sections	.debug_frame
  18              		.section	.rodata
  19              		.align	2
  20              	.LC0:
  21 0000 485500   		.ascii	"HU\000"
  22 0003 00       		.align	2
  23              	.LC1:
  24 0004 47414D45 		.ascii	"GAME OVER!\000"
  24      204F5645 
  24      522100
  25 000f 00       		.section	.text.main,"ax",%progbits
  26              		.align	2
  27              		.global	main
  28              		.thumb
  29              		.thumb_func
  30              		.type	main, %function
  31              	main:
  32              	.LFB63:
  33              		.file 1 ".\\main.c"
   1:.\main.c      **** /* ========================================
   2:.\main.c      ****  *
   3:.\main.c      ****  * Copyright Andrew MIT 6.115, 2016
   4:.\main.c      ****  * All Rights Reserved
   5:.\main.c      ****  * UNPUBLISHED, LICENSED SOFTWARE.
   6:.\main.c      ****  *
   7:.\main.c      ****  * CONFIDENTIAL AND PROPRIETARY INFORMATION
   8:.\main.c      ****  * WHICH IS THE PROPERTY OF MIT 6.115.
   9:.\main.c      ****  *
  10:.\main.c      ****  * This file is necessary for your project to build.
  11:.\main.c      ****  * Please do not delete it.
  12:.\main.c      ****  *
  13:.\main.c      ****  * ========================================
  14:.\main.c      **** */
  15:.\main.c      **** 
  16:.\main.c      **** #include <device.h>
  17:.\main.c      **** #include <unistd.h>
  18:.\main.c      **** 
  19:.\main.c      **** struct disp_grid_81{ //for 32x24 grid
  20:.\main.c      ****     uint8 matrix[32][24]; 
  21:.\main.c      **** };
  22:.\main.c      **** 
ARM GAS  C:\Users\Andrew\AppData\Local\Temp\cc27gTTR.s 			page 2


  23:.\main.c      **** struct tic_tac_toe{
  24:.\main.c      **** 	int size;
  25:.\main.c      **** 	int dimension;
  26:.\main.c      **** 	int player; // 1 is player A, -1 is player B
  27:.\main.c      **** 	int turn;
  28:.\main.c      **** 	int game_not_won;
  29:.\main.c      **** 	// int grid_eval[]; //this keeps track of scores of all diagonals
  30:.\main.c      **** 	int grid[64]; // a usually size 64 grid containing our board
  31:.\main.c      **** };
  32:.\main.c      **** 
  33:.\main.c      **** 
  34:.\main.c      **** void main()
  35:.\main.c      **** {	
  34              		.loc 1 35 0
  35              		.cfi_startproc
  36              		@ args = 0, pretend = 0, frame = 1056
  37              		@ frame_needed = 1, uses_anonymous_args = 0
  38 0000 80B5     		push	{r7, lr}
  39              		.cfi_def_cfa_offset 8
  40              		.cfi_offset 7, -8
  41              		.cfi_offset 14, -4
  42 0002 ADF5856D 		sub	sp, sp, #1064
  43              		.cfi_def_cfa_offset 1072
  44 0006 02AF     		add	r7, sp, #8
  45              		.cfi_def_cfa 7, 1064
  36:.\main.c      ****     UART_Start();                       // initialize UART
  46              		.loc 1 36 0
  47 0008 FFF7FEFF 		bl	UART_Start
  37:.\main.c      ****     UART_PutChar(0x81); // init connection; set to 16x12 image 
  48              		.loc 1 37 0
  49 000c 8120     		movs	r0, #129
  50 000e FFF7FEFF 		bl	UART_PutChar
  38:.\main.c      ****     struct disp_grid_81 disp; 
  39:.\main.c      ****     disp_grid_init(&disp,0x3F); // init our display grid matrix to white  
  51              		.loc 1 39 0
  52 0012 07F58A73 		add	r3, r7, #276
  53 0016 1846     		mov	r0, r3
  54 0018 3F21     		movs	r1, #63
  55 001a FFF7FEFF 		bl	disp_grid_init
  40:.\main.c      ****     
  41:.\main.c      ****     struct tic_tac_toe lolz;
  42:.\main.c      ****  	ttc_init(&lolz,4,3);    
  56              		.loc 1 42 0
  57 001e 3B46     		mov	r3, r7
  58 0020 1846     		mov	r0, r3
  59 0022 0421     		movs	r1, #4
  60 0024 0322     		movs	r2, #3
  61 0026 FFF7FEFF 		bl	ttc_init
  43:.\main.c      ****     disp_grid_init_ttc(&disp,lolz.grid); // init the board
  62              		.loc 1 43 0
  63 002a 07F58A72 		add	r2, r7, #276
  64 002e 3B46     		mov	r3, r7
  65 0030 1433     		adds	r3, r3, #20
  66 0032 1046     		mov	r0, r2
  67 0034 1946     		mov	r1, r3
  68 0036 FFF7FEFF 		bl	disp_grid_init_ttc
  44:.\main.c      ****     disp_grid_draw_xia(&disp,26,16,0x30); // draw xia
ARM GAS  C:\Users\Andrew\AppData\Local\Temp\cc27gTTR.s 			page 3


  69              		.loc 1 44 0
  70 003a 07F58A73 		add	r3, r7, #276
  71 003e 1846     		mov	r0, r3
  72 0040 1A21     		movs	r1, #26
  73 0042 1022     		movs	r2, #16
  74 0044 3023     		movs	r3, #48
  75 0046 FFF7FEFF 		bl	disp_grid_draw_xia
  45:.\main.c      ****     disp_grid_transmit(&disp);
  76              		.loc 1 45 0
  77 004a 07F58A73 		add	r3, r7, #276
  78 004e 1846     		mov	r0, r3
  79 0050 FFF7FEFF 		bl	disp_grid_transmit
  46:.\main.c      ****     
  47:.\main.c      **** 	LCD_Start();					    // initialize lcd
  80              		.loc 1 47 0
  81 0054 FFF7FEFF 		bl	LCD_Start
  48:.\main.c      ****     uint8 Values;
  49:.\main.c      ****     int x,y;
  50:.\main.c      ****     
  51:.\main.c      ****     
  52:.\main.c      ****     while (lolz.game_not_won == 0){
  82              		.loc 1 52 0
  83 0058 49E0     		b	.L2
  84              	.L6:
  85              	.LBB2:
  53:.\main.c      ****         Values = read_from_8255(Values);
  86              		.loc 1 53 0
  87 005a 97F81F34 		ldrb	r3, [r7, #1055]	@ zero_extendqisi2
  88 005e 1846     		mov	r0, r3
  89 0060 FFF7FEFF 		bl	read_from_8255
  90 0064 0346     		mov	r3, r0
  91 0066 87F81F34 		strb	r3, [r7, #1055]
  54:.\main.c      ****         if (Values >= 48 && Values <= 57){ //integer value
  92              		.loc 1 54 0
  93 006a 97F81F34 		ldrb	r3, [r7, #1055]	@ zero_extendqisi2
  94 006e 2F2B     		cmp	r3, #47
  95 0070 1CD9     		bls	.L3
  96              		.loc 1 54 0 is_stmt 0 discriminator 1
  97 0072 97F81F34 		ldrb	r3, [r7, #1055]	@ zero_extendqisi2
  98 0076 392B     		cmp	r3, #57
  99 0078 18D8     		bhi	.L3
  55:.\main.c      ****             y = Values - 48; // convert from ASCII to int
 100              		.loc 1 55 0 is_stmt 1
 101 007a 97F81F34 		ldrb	r3, [r7, #1055]	@ zero_extendqisi2
 102 007e 303B     		subs	r3, r3, #48
 103 0080 C7F81434 		str	r3, [r7, #1044]
  56:.\main.c      ****             x = y % 4; //get row value
 104              		.loc 1 56 0
 105 0084 D7F81424 		ldr	r2, [r7, #1044]
 106 0088 204B     		ldr	r3, .L8
 107 008a 1340     		ands	r3, r3, r2
 108 008c 002B     		cmp	r3, #0
 109 008e 03DA     		bge	.L4
 110 0090 013B     		subs	r3, r3, #1
 111 0092 63F00303 		orn	r3, r3, #3
 112 0096 0133     		adds	r3, r3, #1
 113              	.L4:
ARM GAS  C:\Users\Andrew\AppData\Local\Temp\cc27gTTR.s 			page 4


 114 0098 C7F81834 		str	r3, [r7, #1048]
  57:.\main.c      ****             y = y / 4; // 
 115              		.loc 1 57 0
 116 009c D7F81434 		ldr	r3, [r7, #1044]
 117 00a0 002B     		cmp	r3, #0
 118 00a2 00DA     		bge	.L5
 119 00a4 0333     		adds	r3, r3, #3
 120              	.L5:
 121 00a6 9B10     		asrs	r3, r3, #2
 122 00a8 C7F81434 		str	r3, [r7, #1044]
 123              	.L3:
  58:.\main.c      ****         }
  59:.\main.c      ****         if (ttc_get_grid(&lolz,x,y,0) == 0){ // has not been accessed
 124              		.loc 1 59 0
 125 00ac 3B46     		mov	r3, r7
 126 00ae 1846     		mov	r0, r3
 127 00b0 D7F81814 		ldr	r1, [r7, #1048]
 128 00b4 D7F81424 		ldr	r2, [r7, #1044]
 129 00b8 0023     		movs	r3, #0
 130 00ba FFF7FEFF 		bl	ttc_get_grid
 131 00be 0346     		mov	r3, r0
 132 00c0 002B     		cmp	r3, #0
 133 00c2 14D1     		bne	.L2
 134              	.LBB3:
  60:.\main.c      ****             ttc_step(&disp,&lolz,x,y,0); // step & print
 135              		.loc 1 60 0
 136 00c4 07F58A71 		add	r1, r7, #276
 137 00c8 3A46     		mov	r2, r7
 138 00ca 0023     		movs	r3, #0
 139 00cc 0093     		str	r3, [sp]
 140 00ce 0846     		mov	r0, r1
 141 00d0 1146     		mov	r1, r2
 142 00d2 D7F81824 		ldr	r2, [r7, #1048]
 143 00d6 D7F81434 		ldr	r3, [r7, #1044]
 144 00da FFF7FEFF 		bl	ttc_step
  61:.\main.c      ****             disp_grid_transmit(&disp);
 145              		.loc 1 61 0
 146 00de 07F58A73 		add	r3, r7, #276
 147 00e2 1846     		mov	r0, r3
 148 00e4 FFF7FEFF 		bl	disp_grid_transmit
  62:.\main.c      ****             LCD_PrintString("HU");
 149              		.loc 1 62 0
 150 00e8 0948     		ldr	r0, .L8+4
 151 00ea FFF7FEFF 		bl	LCD_PrintString
 152              	.L2:
 153              	.LBE3:
 154              	.LBE2:
  52:.\main.c      ****         Values = read_from_8255(Values);
 155              		.loc 1 52 0
 156 00ee 3B46     		mov	r3, r7
 157 00f0 1B69     		ldr	r3, [r3, #16]
 158 00f2 002B     		cmp	r3, #0
 159 00f4 B1D0     		beq	.L6
  63:.\main.c      ****         }
  64:.\main.c      ****         
  65:.\main.c      ****     }
  66:.\main.c      ****     LCD_ClearDisplay();
ARM GAS  C:\Users\Andrew\AppData\Local\Temp\cc27gTTR.s 			page 5


 160              		.loc 1 66 0
 161 00f6 0120     		movs	r0, #1
 162 00f8 FFF7FEFF 		bl	LCD_WriteControl
  67:.\main.c      ****     LCD_Position(0,0); //move to bot row
 163              		.loc 1 67 0
 164 00fc 0020     		movs	r0, #0
 165 00fe 0021     		movs	r1, #0
 166 0100 FFF7FEFF 		bl	LCD_Position
  68:.\main.c      ****     LCD_PrintString("GAME OVER!");
 167              		.loc 1 68 0
 168 0104 0348     		ldr	r0, .L8+8
 169 0106 FFF7FEFF 		bl	LCD_PrintString
 170              	.L7:
  69:.\main.c      ****     
  70:.\main.c      ****     
  71:.\main.c      **** 
  72:.\main.c      ****     for(;;)
  73:.\main.c      ****     {
  74:.\main.c      ****     }
 171              		.loc 1 74 0 discriminator 1
 172 010a FEE7     		b	.L7
 173              	.L9:
 174              		.align	2
 175              	.L8:
 176 010c 03000080 		.word	-2147483645
 177 0110 00000000 		.word	.LC0
 178 0114 04000000 		.word	.LC1
 179              		.cfi_endproc
 180              	.LFE63:
 181              		.size	main, .-main
 182              		.text
 183              	.Letext0:
 184              		.file 2 "c:\\program files (x86)\\cypress\\psoc creator\\3.3\\psoc creator\\import\\gnu\\arm\\4.9.
 185              		.file 3 "c:\\program files (x86)\\cypress\\psoc creator\\3.3\\psoc creator\\import\\gnu\\arm\\4.9.
 186              		.file 4 "Generated_Source\\PSoC5/cytypes.h"
 187              		.file 5 "Generated_Source\\PSoC5/core_cm3.h"
 188              		.section	.debug_info,"",%progbits
 189              	.Ldebug_info0:
 190 0000 3F020000 		.4byte	0x23f
 191 0004 0400     		.2byte	0x4
 192 0006 00000000 		.4byte	.Ldebug_abbrev0
 193 000a 04       		.byte	0x4
 194 000b 01       		.uleb128 0x1
 195 000c AB000000 		.4byte	.LASF35
 196 0010 01       		.byte	0x1
 197 0011 4E010000 		.4byte	.LASF36
 198 0015 2D000000 		.4byte	.LASF37
 199 0019 00000000 		.4byte	.Ldebug_ranges0+0
 200 001d 00000000 		.4byte	0
 201 0021 00000000 		.4byte	.Ldebug_line0
 202 0025 02       		.uleb128 0x2
 203 0026 01       		.byte	0x1
 204 0027 06       		.byte	0x6
 205 0028 84020000 		.4byte	.LASF0
 206 002c 02       		.uleb128 0x2
 207 002d 01       		.byte	0x1
 208 002e 08       		.byte	0x8
ARM GAS  C:\Users\Andrew\AppData\Local\Temp\cc27gTTR.s 			page 6


 209 002f 9C010000 		.4byte	.LASF1
 210 0033 02       		.uleb128 0x2
 211 0034 02       		.byte	0x2
 212 0035 05       		.byte	0x5
 213 0036 CB010000 		.4byte	.LASF2
 214 003a 02       		.uleb128 0x2
 215 003b 02       		.byte	0x2
 216 003c 07       		.byte	0x7
 217 003d 7C010000 		.4byte	.LASF3
 218 0041 03       		.uleb128 0x3
 219 0042 92000000 		.4byte	.LASF9
 220 0046 02       		.byte	0x2
 221 0047 3F       		.byte	0x3f
 222 0048 4C000000 		.4byte	0x4c
 223 004c 02       		.uleb128 0x2
 224 004d 04       		.byte	0x4
 225 004e 05       		.byte	0x5
 226 004f 7B020000 		.4byte	.LASF4
 227 0053 02       		.uleb128 0x2
 228 0054 04       		.byte	0x4
 229 0055 07       		.byte	0x7
 230 0056 6A010000 		.4byte	.LASF5
 231 005a 02       		.uleb128 0x2
 232 005b 08       		.byte	0x8
 233 005c 05       		.byte	0x5
 234 005d 3C020000 		.4byte	.LASF6
 235 0061 02       		.uleb128 0x2
 236 0062 08       		.byte	0x8
 237 0063 07       		.byte	0x7
 238 0064 FB010000 		.4byte	.LASF7
 239 0068 04       		.uleb128 0x4
 240 0069 04       		.byte	0x4
 241 006a 05       		.byte	0x5
 242 006b 696E7400 		.ascii	"int\000"
 243 006f 02       		.uleb128 0x2
 244 0070 04       		.byte	0x4
 245 0071 07       		.byte	0x7
 246 0072 DF010000 		.4byte	.LASF8
 247 0076 03       		.uleb128 0x3
 248 0077 2B020000 		.4byte	.LASF10
 249 007b 03       		.byte	0x3
 250 007c 2C       		.byte	0x2c
 251 007d 41000000 		.4byte	0x41
 252 0081 05       		.uleb128 0x5
 253 0082 68020000 		.4byte	.LASF11
 254 0086 04       		.byte	0x4
 255 0087 3801     		.2byte	0x138
 256 0089 2C000000 		.4byte	0x2c
 257 008d 02       		.uleb128 0x2
 258 008e 04       		.byte	0x4
 259 008f 04       		.byte	0x4
 260 0090 43010000 		.4byte	.LASF12
 261 0094 02       		.uleb128 0x2
 262 0095 08       		.byte	0x8
 263 0096 04       		.byte	0x4
 264 0097 AA010000 		.4byte	.LASF13
 265 009b 02       		.uleb128 0x2
ARM GAS  C:\Users\Andrew\AppData\Local\Temp\cc27gTTR.s 			page 7


 266 009c 01       		.byte	0x1
 267 009d 08       		.byte	0x8
 268 009e 4A020000 		.4byte	.LASF14
 269 00a2 02       		.uleb128 0x2
 270 00a3 04       		.byte	0x4
 271 00a4 07       		.byte	0x7
 272 00a5 33020000 		.4byte	.LASF15
 273 00a9 06       		.uleb128 0x6
 274 00aa 1E020000 		.4byte	.LASF16
 275 00ae 0003     		.2byte	0x300
 276 00b0 01       		.byte	0x1
 277 00b1 13       		.byte	0x13
 278 00b2 C3000000 		.4byte	0xc3
 279 00b6 07       		.uleb128 0x7
 280 00b7 4F020000 		.4byte	.LASF18
 281 00bb 01       		.byte	0x1
 282 00bc 14       		.byte	0x14
 283 00bd C3000000 		.4byte	0xc3
 284 00c1 00       		.byte	0
 285 00c2 00       		.byte	0
 286 00c3 08       		.uleb128 0x8
 287 00c4 81000000 		.4byte	0x81
 288 00c8 D9000000 		.4byte	0xd9
 289 00cc 09       		.uleb128 0x9
 290 00cd A2000000 		.4byte	0xa2
 291 00d1 1F       		.byte	0x1f
 292 00d2 09       		.uleb128 0x9
 293 00d3 A2000000 		.4byte	0xa2
 294 00d7 17       		.byte	0x17
 295 00d8 00       		.byte	0
 296 00d9 06       		.uleb128 0x6
 297 00da 21000000 		.4byte	.LASF17
 298 00de 1401     		.2byte	0x114
 299 00e0 01       		.byte	0x1
 300 00e1 17       		.byte	0x17
 301 00e2 2F010000 		.4byte	0x12f
 302 00e6 07       		.uleb128 0x7
 303 00e7 49010000 		.4byte	.LASF19
 304 00eb 01       		.byte	0x1
 305 00ec 18       		.byte	0x18
 306 00ed 68000000 		.4byte	0x68
 307 00f1 00       		.byte	0
 308 00f2 07       		.uleb128 0x7
 309 00f3 39010000 		.4byte	.LASF20
 310 00f7 01       		.byte	0x1
 311 00f8 19       		.byte	0x19
 312 00f9 68000000 		.4byte	0x68
 313 00fd 04       		.byte	0x4
 314 00fe 07       		.uleb128 0x7
 315 00ff C4010000 		.4byte	.LASF21
 316 0103 01       		.byte	0x1
 317 0104 1A       		.byte	0x1a
 318 0105 68000000 		.4byte	0x68
 319 0109 08       		.byte	0x8
 320 010a 07       		.uleb128 0x7
 321 010b D5010000 		.4byte	.LASF22
 322 010f 01       		.byte	0x1
ARM GAS  C:\Users\Andrew\AppData\Local\Temp\cc27gTTR.s 			page 8


 323 0110 1B       		.byte	0x1b
 324 0111 68000000 		.4byte	0x68
 325 0115 0C       		.byte	0xc
 326 0116 07       		.uleb128 0x7
 327 0117 6E020000 		.4byte	.LASF23
 328 011b 01       		.byte	0x1
 329 011c 1C       		.byte	0x1c
 330 011d 68000000 		.4byte	0x68
 331 0121 10       		.byte	0x10
 332 0122 07       		.uleb128 0x7
 333 0123 13000000 		.4byte	.LASF24
 334 0127 01       		.byte	0x1
 335 0128 1E       		.byte	0x1e
 336 0129 2F010000 		.4byte	0x12f
 337 012d 14       		.byte	0x14
 338 012e 00       		.byte	0
 339 012f 08       		.uleb128 0x8
 340 0130 68000000 		.4byte	0x68
 341 0134 3F010000 		.4byte	0x13f
 342 0138 09       		.uleb128 0x9
 343 0139 A2000000 		.4byte	0xa2
 344 013d 3F       		.byte	0x3f
 345 013e 00       		.byte	0
 346 013f 0A       		.uleb128 0xa
 347 0140 DA010000 		.4byte	.LASF38
 348 0144 01       		.byte	0x1
 349 0145 22       		.byte	0x22
 350 0146 00000000 		.4byte	.LFB63
 351 014a 18010000 		.4byte	.LFE63-.LFB63
 352 014e 01       		.uleb128 0x1
 353 014f 9C       		.byte	0x9c
 354 0150 31020000 		.4byte	0x231
 355 0154 0B       		.uleb128 0xb
 356 0155 12020000 		.4byte	.LASF25
 357 0159 01       		.byte	0x1
 358 015a 26       		.byte	0x26
 359 015b A9000000 		.4byte	0xa9
 360 015f 03       		.uleb128 0x3
 361 0160 91       		.byte	0x91
 362 0161 EC79     		.sleb128 -788
 363 0163 0C       		.uleb128 0xc
 364 0164 9C000000 		.4byte	.LASF27
 365 0168 01       		.byte	0x1
 366 0169 27       		.byte	0x27
 367 016a 68000000 		.4byte	0x68
 368 016e 74010000 		.4byte	0x174
 369 0172 0D       		.uleb128 0xd
 370 0173 00       		.byte	0
 371 0174 0B       		.uleb128 0xb
 372 0175 63020000 		.4byte	.LASF26
 373 0179 01       		.byte	0x1
 374 017a 29       		.byte	0x29
 375 017b D9000000 		.4byte	0xd9
 376 017f 03       		.uleb128 0x3
 377 0180 91       		.byte	0x91
 378 0181 D877     		.sleb128 -1064
 379 0183 0C       		.uleb128 0xc
ARM GAS  C:\Users\Andrew\AppData\Local\Temp\cc27gTTR.s 			page 9


 380 0184 90020000 		.4byte	.LASF28
 381 0188 01       		.byte	0x1
 382 0189 2A       		.byte	0x2a
 383 018a 68000000 		.4byte	0x68
 384 018e 94010000 		.4byte	0x194
 385 0192 0D       		.uleb128 0xd
 386 0193 00       		.byte	0
 387 0194 0C       		.uleb128 0xc
 388 0195 00000000 		.4byte	.LASF29
 389 0199 01       		.byte	0x1
 390 019a 2B       		.byte	0x2b
 391 019b 68000000 		.4byte	0x68
 392 019f A5010000 		.4byte	0x1a5
 393 01a3 0D       		.uleb128 0xd
 394 01a4 00       		.byte	0
 395 01a5 0C       		.uleb128 0xc
 396 01a6 57010000 		.4byte	.LASF30
 397 01aa 01       		.byte	0x1
 398 01ab 2C       		.byte	0x2c
 399 01ac 68000000 		.4byte	0x68
 400 01b0 B6010000 		.4byte	0x1b6
 401 01b4 0D       		.uleb128 0xd
 402 01b5 00       		.byte	0
 403 01b6 0C       		.uleb128 0xc
 404 01b7 B1010000 		.4byte	.LASF31
 405 01bb 01       		.byte	0x1
 406 01bc 2D       		.byte	0x2d
 407 01bd 68000000 		.4byte	0x68
 408 01c1 C7010000 		.4byte	0x1c7
 409 01c5 0D       		.uleb128 0xd
 410 01c6 00       		.byte	0
 411 01c7 0B       		.uleb128 0xb
 412 01c8 17020000 		.4byte	.LASF32
 413 01cc 01       		.byte	0x1
 414 01cd 30       		.byte	0x30
 415 01ce 81000000 		.4byte	0x81
 416 01d2 02       		.uleb128 0x2
 417 01d3 91       		.byte	0x91
 418 01d4 77       		.sleb128 -9
 419 01d5 0E       		.uleb128 0xe
 420 01d6 7800     		.ascii	"x\000"
 421 01d8 01       		.byte	0x1
 422 01d9 31       		.byte	0x31
 423 01da 68000000 		.4byte	0x68
 424 01de 02       		.uleb128 0x2
 425 01df 91       		.byte	0x91
 426 01e0 70       		.sleb128 -16
 427 01e1 0E       		.uleb128 0xe
 428 01e2 7900     		.ascii	"y\000"
 429 01e4 01       		.byte	0x1
 430 01e5 31       		.byte	0x31
 431 01e6 68000000 		.4byte	0x68
 432 01ea 02       		.uleb128 0x2
 433 01eb 91       		.byte	0x91
 434 01ec 6C       		.sleb128 -20
 435 01ed 0F       		.uleb128 0xf
 436 01ee 5A000000 		.4byte	.LBB2
ARM GAS  C:\Users\Andrew\AppData\Local\Temp\cc27gTTR.s 			page 10


 437 01f2 94000000 		.4byte	.LBE2-.LBB2
 438 01f6 0C       		.uleb128 0xc
 439 01f7 EC010000 		.4byte	.LASF33
 440 01fb 01       		.byte	0x1
 441 01fc 35       		.byte	0x35
 442 01fd 68000000 		.4byte	0x68
 443 0201 07020000 		.4byte	0x207
 444 0205 0D       		.uleb128 0xd
 445 0206 00       		.byte	0
 446 0207 0C       		.uleb128 0xc
 447 0208 56020000 		.4byte	.LASF34
 448 020c 01       		.byte	0x1
 449 020d 3B       		.byte	0x3b
 450 020e 68000000 		.4byte	0x68
 451 0212 18020000 		.4byte	0x218
 452 0216 0D       		.uleb128 0xd
 453 0217 00       		.byte	0
 454 0218 0F       		.uleb128 0xf
 455 0219 C4000000 		.4byte	.LBB3
 456 021d 2A000000 		.4byte	.LBE3-.LBB3
 457 0221 10       		.uleb128 0x10
 458 0222 18000000 		.4byte	.LASF39
 459 0226 01       		.byte	0x1
 460 0227 3C       		.byte	0x3c
 461 0228 68000000 		.4byte	0x68
 462 022c 0D       		.uleb128 0xd
 463 022d 00       		.byte	0
 464 022e 00       		.byte	0
 465 022f 00       		.byte	0
 466 0230 00       		.byte	0
 467 0231 11       		.uleb128 0x11
 468 0232 8F010000 		.4byte	.LASF40
 469 0236 05       		.byte	0x5
 470 0237 5506     		.2byte	0x655
 471 0239 3D020000 		.4byte	0x23d
 472 023d 12       		.uleb128 0x12
 473 023e 76000000 		.4byte	0x76
 474 0242 00       		.byte	0
 475              		.section	.debug_abbrev,"",%progbits
 476              	.Ldebug_abbrev0:
 477 0000 01       		.uleb128 0x1
 478 0001 11       		.uleb128 0x11
 479 0002 01       		.byte	0x1
 480 0003 25       		.uleb128 0x25
 481 0004 0E       		.uleb128 0xe
 482 0005 13       		.uleb128 0x13
 483 0006 0B       		.uleb128 0xb
 484 0007 03       		.uleb128 0x3
 485 0008 0E       		.uleb128 0xe
 486 0009 1B       		.uleb128 0x1b
 487 000a 0E       		.uleb128 0xe
 488 000b 55       		.uleb128 0x55
 489 000c 17       		.uleb128 0x17
 490 000d 11       		.uleb128 0x11
 491 000e 01       		.uleb128 0x1
 492 000f 10       		.uleb128 0x10
 493 0010 17       		.uleb128 0x17
ARM GAS  C:\Users\Andrew\AppData\Local\Temp\cc27gTTR.s 			page 11


 494 0011 00       		.byte	0
 495 0012 00       		.byte	0
 496 0013 02       		.uleb128 0x2
 497 0014 24       		.uleb128 0x24
 498 0015 00       		.byte	0
 499 0016 0B       		.uleb128 0xb
 500 0017 0B       		.uleb128 0xb
 501 0018 3E       		.uleb128 0x3e
 502 0019 0B       		.uleb128 0xb
 503 001a 03       		.uleb128 0x3
 504 001b 0E       		.uleb128 0xe
 505 001c 00       		.byte	0
 506 001d 00       		.byte	0
 507 001e 03       		.uleb128 0x3
 508 001f 16       		.uleb128 0x16
 509 0020 00       		.byte	0
 510 0021 03       		.uleb128 0x3
 511 0022 0E       		.uleb128 0xe
 512 0023 3A       		.uleb128 0x3a
 513 0024 0B       		.uleb128 0xb
 514 0025 3B       		.uleb128 0x3b
 515 0026 0B       		.uleb128 0xb
 516 0027 49       		.uleb128 0x49
 517 0028 13       		.uleb128 0x13
 518 0029 00       		.byte	0
 519 002a 00       		.byte	0
 520 002b 04       		.uleb128 0x4
 521 002c 24       		.uleb128 0x24
 522 002d 00       		.byte	0
 523 002e 0B       		.uleb128 0xb
 524 002f 0B       		.uleb128 0xb
 525 0030 3E       		.uleb128 0x3e
 526 0031 0B       		.uleb128 0xb
 527 0032 03       		.uleb128 0x3
 528 0033 08       		.uleb128 0x8
 529 0034 00       		.byte	0
 530 0035 00       		.byte	0
 531 0036 05       		.uleb128 0x5
 532 0037 16       		.uleb128 0x16
 533 0038 00       		.byte	0
 534 0039 03       		.uleb128 0x3
 535 003a 0E       		.uleb128 0xe
 536 003b 3A       		.uleb128 0x3a
 537 003c 0B       		.uleb128 0xb
 538 003d 3B       		.uleb128 0x3b
 539 003e 05       		.uleb128 0x5
 540 003f 49       		.uleb128 0x49
 541 0040 13       		.uleb128 0x13
 542 0041 00       		.byte	0
 543 0042 00       		.byte	0
 544 0043 06       		.uleb128 0x6
 545 0044 13       		.uleb128 0x13
 546 0045 01       		.byte	0x1
 547 0046 03       		.uleb128 0x3
 548 0047 0E       		.uleb128 0xe
 549 0048 0B       		.uleb128 0xb
 550 0049 05       		.uleb128 0x5
ARM GAS  C:\Users\Andrew\AppData\Local\Temp\cc27gTTR.s 			page 12


 551 004a 3A       		.uleb128 0x3a
 552 004b 0B       		.uleb128 0xb
 553 004c 3B       		.uleb128 0x3b
 554 004d 0B       		.uleb128 0xb
 555 004e 01       		.uleb128 0x1
 556 004f 13       		.uleb128 0x13
 557 0050 00       		.byte	0
 558 0051 00       		.byte	0
 559 0052 07       		.uleb128 0x7
 560 0053 0D       		.uleb128 0xd
 561 0054 00       		.byte	0
 562 0055 03       		.uleb128 0x3
 563 0056 0E       		.uleb128 0xe
 564 0057 3A       		.uleb128 0x3a
 565 0058 0B       		.uleb128 0xb
 566 0059 3B       		.uleb128 0x3b
 567 005a 0B       		.uleb128 0xb
 568 005b 49       		.uleb128 0x49
 569 005c 13       		.uleb128 0x13
 570 005d 38       		.uleb128 0x38
 571 005e 0B       		.uleb128 0xb
 572 005f 00       		.byte	0
 573 0060 00       		.byte	0
 574 0061 08       		.uleb128 0x8
 575 0062 01       		.uleb128 0x1
 576 0063 01       		.byte	0x1
 577 0064 49       		.uleb128 0x49
 578 0065 13       		.uleb128 0x13
 579 0066 01       		.uleb128 0x1
 580 0067 13       		.uleb128 0x13
 581 0068 00       		.byte	0
 582 0069 00       		.byte	0
 583 006a 09       		.uleb128 0x9
 584 006b 21       		.uleb128 0x21
 585 006c 00       		.byte	0
 586 006d 49       		.uleb128 0x49
 587 006e 13       		.uleb128 0x13
 588 006f 2F       		.uleb128 0x2f
 589 0070 0B       		.uleb128 0xb
 590 0071 00       		.byte	0
 591 0072 00       		.byte	0
 592 0073 0A       		.uleb128 0xa
 593 0074 2E       		.uleb128 0x2e
 594 0075 01       		.byte	0x1
 595 0076 3F       		.uleb128 0x3f
 596 0077 19       		.uleb128 0x19
 597 0078 03       		.uleb128 0x3
 598 0079 0E       		.uleb128 0xe
 599 007a 3A       		.uleb128 0x3a
 600 007b 0B       		.uleb128 0xb
 601 007c 3B       		.uleb128 0x3b
 602 007d 0B       		.uleb128 0xb
 603 007e 11       		.uleb128 0x11
 604 007f 01       		.uleb128 0x1
 605 0080 12       		.uleb128 0x12
 606 0081 06       		.uleb128 0x6
 607 0082 40       		.uleb128 0x40
ARM GAS  C:\Users\Andrew\AppData\Local\Temp\cc27gTTR.s 			page 13


 608 0083 18       		.uleb128 0x18
 609 0084 9642     		.uleb128 0x2116
 610 0086 19       		.uleb128 0x19
 611 0087 01       		.uleb128 0x1
 612 0088 13       		.uleb128 0x13
 613 0089 00       		.byte	0
 614 008a 00       		.byte	0
 615 008b 0B       		.uleb128 0xb
 616 008c 34       		.uleb128 0x34
 617 008d 00       		.byte	0
 618 008e 03       		.uleb128 0x3
 619 008f 0E       		.uleb128 0xe
 620 0090 3A       		.uleb128 0x3a
 621 0091 0B       		.uleb128 0xb
 622 0092 3B       		.uleb128 0x3b
 623 0093 0B       		.uleb128 0xb
 624 0094 49       		.uleb128 0x49
 625 0095 13       		.uleb128 0x13
 626 0096 02       		.uleb128 0x2
 627 0097 18       		.uleb128 0x18
 628 0098 00       		.byte	0
 629 0099 00       		.byte	0
 630 009a 0C       		.uleb128 0xc
 631 009b 2E       		.uleb128 0x2e
 632 009c 01       		.byte	0x1
 633 009d 3F       		.uleb128 0x3f
 634 009e 19       		.uleb128 0x19
 635 009f 03       		.uleb128 0x3
 636 00a0 0E       		.uleb128 0xe
 637 00a1 3A       		.uleb128 0x3a
 638 00a2 0B       		.uleb128 0xb
 639 00a3 3B       		.uleb128 0x3b
 640 00a4 0B       		.uleb128 0xb
 641 00a5 49       		.uleb128 0x49
 642 00a6 13       		.uleb128 0x13
 643 00a7 3C       		.uleb128 0x3c
 644 00a8 19       		.uleb128 0x19
 645 00a9 01       		.uleb128 0x1
 646 00aa 13       		.uleb128 0x13
 647 00ab 00       		.byte	0
 648 00ac 00       		.byte	0
 649 00ad 0D       		.uleb128 0xd
 650 00ae 18       		.uleb128 0x18
 651 00af 00       		.byte	0
 652 00b0 00       		.byte	0
 653 00b1 00       		.byte	0
 654 00b2 0E       		.uleb128 0xe
 655 00b3 34       		.uleb128 0x34
 656 00b4 00       		.byte	0
 657 00b5 03       		.uleb128 0x3
 658 00b6 08       		.uleb128 0x8
 659 00b7 3A       		.uleb128 0x3a
 660 00b8 0B       		.uleb128 0xb
 661 00b9 3B       		.uleb128 0x3b
 662 00ba 0B       		.uleb128 0xb
 663 00bb 49       		.uleb128 0x49
 664 00bc 13       		.uleb128 0x13
ARM GAS  C:\Users\Andrew\AppData\Local\Temp\cc27gTTR.s 			page 14


 665 00bd 02       		.uleb128 0x2
 666 00be 18       		.uleb128 0x18
 667 00bf 00       		.byte	0
 668 00c0 00       		.byte	0
 669 00c1 0F       		.uleb128 0xf
 670 00c2 0B       		.uleb128 0xb
 671 00c3 01       		.byte	0x1
 672 00c4 11       		.uleb128 0x11
 673 00c5 01       		.uleb128 0x1
 674 00c6 12       		.uleb128 0x12
 675 00c7 06       		.uleb128 0x6
 676 00c8 00       		.byte	0
 677 00c9 00       		.byte	0
 678 00ca 10       		.uleb128 0x10
 679 00cb 2E       		.uleb128 0x2e
 680 00cc 01       		.byte	0x1
 681 00cd 3F       		.uleb128 0x3f
 682 00ce 19       		.uleb128 0x19
 683 00cf 03       		.uleb128 0x3
 684 00d0 0E       		.uleb128 0xe
 685 00d1 3A       		.uleb128 0x3a
 686 00d2 0B       		.uleb128 0xb
 687 00d3 3B       		.uleb128 0x3b
 688 00d4 0B       		.uleb128 0xb
 689 00d5 49       		.uleb128 0x49
 690 00d6 13       		.uleb128 0x13
 691 00d7 3C       		.uleb128 0x3c
 692 00d8 19       		.uleb128 0x19
 693 00d9 00       		.byte	0
 694 00da 00       		.byte	0
 695 00db 11       		.uleb128 0x11
 696 00dc 34       		.uleb128 0x34
 697 00dd 00       		.byte	0
 698 00de 03       		.uleb128 0x3
 699 00df 0E       		.uleb128 0xe
 700 00e0 3A       		.uleb128 0x3a
 701 00e1 0B       		.uleb128 0xb
 702 00e2 3B       		.uleb128 0x3b
 703 00e3 05       		.uleb128 0x5
 704 00e4 49       		.uleb128 0x49
 705 00e5 13       		.uleb128 0x13
 706 00e6 3F       		.uleb128 0x3f
 707 00e7 19       		.uleb128 0x19
 708 00e8 3C       		.uleb128 0x3c
 709 00e9 19       		.uleb128 0x19
 710 00ea 00       		.byte	0
 711 00eb 00       		.byte	0
 712 00ec 12       		.uleb128 0x12
 713 00ed 35       		.uleb128 0x35
 714 00ee 00       		.byte	0
 715 00ef 49       		.uleb128 0x49
 716 00f0 13       		.uleb128 0x13
 717 00f1 00       		.byte	0
 718 00f2 00       		.byte	0
 719 00f3 00       		.byte	0
 720              		.section	.debug_aranges,"",%progbits
 721 0000 1C000000 		.4byte	0x1c
ARM GAS  C:\Users\Andrew\AppData\Local\Temp\cc27gTTR.s 			page 15


 722 0004 0200     		.2byte	0x2
 723 0006 00000000 		.4byte	.Ldebug_info0
 724 000a 04       		.byte	0x4
 725 000b 00       		.byte	0
 726 000c 0000     		.2byte	0
 727 000e 0000     		.2byte	0
 728 0010 00000000 		.4byte	.LFB63
 729 0014 18010000 		.4byte	.LFE63-.LFB63
 730 0018 00000000 		.4byte	0
 731 001c 00000000 		.4byte	0
 732              		.section	.debug_ranges,"",%progbits
 733              	.Ldebug_ranges0:
 734 0000 00000000 		.4byte	.LFB63
 735 0004 18010000 		.4byte	.LFE63
 736 0008 00000000 		.4byte	0
 737 000c 00000000 		.4byte	0
 738              		.section	.debug_line,"",%progbits
 739              	.Ldebug_line0:
 740 0000 84010000 		.section	.debug_str,"MS",%progbits,1
 740      02004901 
 740      00000201 
 740      FB0E0D00 
 740      01010101 
 741              	.LASF29:
 742 0000 64697370 		.ascii	"disp_grid_init_ttc\000"
 742      5F677269 
 742      645F696E 
 742      69745F74 
 742      746300
 743              	.LASF24:
 744 0013 67726964 		.ascii	"grid\000"
 744      00
 745              	.LASF39:
 746 0018 7474635F 		.ascii	"ttc_step\000"
 746      73746570 
 746      00
 747              	.LASF17:
 748 0021 7469635F 		.ascii	"tic_tac_toe\000"
 748      7461635F 
 748      746F6500 
 749              	.LASF37:
 750 002d 433A5C55 		.ascii	"C:\\Users\\Andrew\\Dropbox (Personal)\\MIT\\MIT 201"
 750      73657273 
 750      5C416E64 
 750      7265775C 
 750      44726F70 
 751 005b 36205370 		.ascii	"6 Spring\\6115\\Final Project\\Code\\VGA\\Tic Tac T"
 751      72696E67 
 751      5C363131 
 751      355C4669 
 751      6E616C20 
 752 0089 6F652E63 		.ascii	"oe.cydsn\000"
 752      7964736E 
 752      00
 753              	.LASF9:
 754 0092 5F5F696E 		.ascii	"__int32_t\000"
 754      7433325F 
ARM GAS  C:\Users\Andrew\AppData\Local\Temp\cc27gTTR.s 			page 16


 754      7400
 755              	.LASF27:
 756 009c 64697370 		.ascii	"disp_grid_init\000"
 756      5F677269 
 756      645F696E 
 756      697400
 757              	.LASF35:
 758 00ab 474E5520 		.ascii	"GNU C 4.9.3 20150303 (release) [ARM/embedded-4_9-br"
 758      4320342E 
 758      392E3320 
 758      32303135 
 758      30333033 
 759 00de 616E6368 		.ascii	"anch revision 221220] -mcpu=cortex-m3 -mthumb -g -O"
 759      20726576 
 759      6973696F 
 759      6E203232 
 759      31323230 
 760 0111 30202D66 		.ascii	"0 -ffunction-sections -ffat-lto-objects\000"
 760      66756E63 
 760      74696F6E 
 760      2D736563 
 760      74696F6E 
 761              	.LASF20:
 762 0139 64696D65 		.ascii	"dimension\000"
 762      6E73696F 
 762      6E00
 763              	.LASF12:
 764 0143 666C6F61 		.ascii	"float\000"
 764      7400
 765              	.LASF19:
 766 0149 73697A65 		.ascii	"size\000"
 766      00
 767              	.LASF36:
 768 014e 2E5C6D61 		.ascii	".\\main.c\000"
 768      696E2E63 
 768      00
 769              	.LASF30:
 770 0157 64697370 		.ascii	"disp_grid_draw_xia\000"
 770      5F677269 
 770      645F6472 
 770      61775F78 
 770      696100
 771              	.LASF5:
 772 016a 6C6F6E67 		.ascii	"long unsigned int\000"
 772      20756E73 
 772      69676E65 
 772      6420696E 
 772      7400
 773              	.LASF3:
 774 017c 73686F72 		.ascii	"short unsigned int\000"
 774      7420756E 
 774      7369676E 
 774      65642069 
 774      6E7400
 775              	.LASF40:
 776 018f 49544D5F 		.ascii	"ITM_RxBuffer\000"
 776      52784275 
ARM GAS  C:\Users\Andrew\AppData\Local\Temp\cc27gTTR.s 			page 17


 776      66666572 
 776      00
 777              	.LASF1:
 778 019c 756E7369 		.ascii	"unsigned char\000"
 778      676E6564 
 778      20636861 
 778      7200
 779              	.LASF13:
 780 01aa 646F7562 		.ascii	"double\000"
 780      6C6500
 781              	.LASF31:
 782 01b1 64697370 		.ascii	"disp_grid_transmit\000"
 782      5F677269 
 782      645F7472 
 782      616E736D 
 782      697400
 783              	.LASF21:
 784 01c4 706C6179 		.ascii	"player\000"
 784      657200
 785              	.LASF2:
 786 01cb 73686F72 		.ascii	"short int\000"
 786      7420696E 
 786      7400
 787              	.LASF22:
 788 01d5 7475726E 		.ascii	"turn\000"
 788      00
 789              	.LASF38:
 790 01da 6D61696E 		.ascii	"main\000"
 790      00
 791              	.LASF8:
 792 01df 756E7369 		.ascii	"unsigned int\000"
 792      676E6564 
 792      20696E74 
 792      00
 793              	.LASF33:
 794 01ec 72656164 		.ascii	"read_from_8255\000"
 794      5F66726F 
 794      6D5F3832 
 794      353500
 795              	.LASF7:
 796 01fb 6C6F6E67 		.ascii	"long long unsigned int\000"
 796      206C6F6E 
 796      6720756E 
 796      7369676E 
 796      65642069 
 797              	.LASF25:
 798 0212 64697370 		.ascii	"disp\000"
 798      00
 799              	.LASF32:
 800 0217 56616C75 		.ascii	"Values\000"
 800      657300
 801              	.LASF16:
 802 021e 64697370 		.ascii	"disp_grid_81\000"
 802      5F677269 
 802      645F3831 
 802      00
 803              	.LASF10:
ARM GAS  C:\Users\Andrew\AppData\Local\Temp\cc27gTTR.s 			page 18


 804 022b 696E7433 		.ascii	"int32_t\000"
 804      325F7400 
 805              	.LASF15:
 806 0233 73697A65 		.ascii	"sizetype\000"
 806      74797065 
 806      00
 807              	.LASF6:
 808 023c 6C6F6E67 		.ascii	"long long int\000"
 808      206C6F6E 
 808      6720696E 
 808      7400
 809              	.LASF14:
 810 024a 63686172 		.ascii	"char\000"
 810      00
 811              	.LASF18:
 812 024f 6D617472 		.ascii	"matrix\000"
 812      697800
 813              	.LASF34:
 814 0256 7474635F 		.ascii	"ttc_get_grid\000"
 814      6765745F 
 814      67726964 
 814      00
 815              	.LASF26:
 816 0263 6C6F6C7A 		.ascii	"lolz\000"
 816      00
 817              	.LASF11:
 818 0268 75696E74 		.ascii	"uint8\000"
 818      3800
 819              	.LASF23:
 820 026e 67616D65 		.ascii	"game_not_won\000"
 820      5F6E6F74 
 820      5F776F6E 
 820      00
 821              	.LASF4:
 822 027b 6C6F6E67 		.ascii	"long int\000"
 822      20696E74 
 822      00
 823              	.LASF0:
 824 0284 7369676E 		.ascii	"signed char\000"
 824      65642063 
 824      68617200 
 825              	.LASF28:
 826 0290 7474635F 		.ascii	"ttc_init\000"
 826      696E6974 
 826      00
 827              		.ident	"GCC: (GNU Tools for ARM Embedded Processors) 4.9.3 20150303 (release) [ARM/embedded-4_9-br
