ARM GAS  C:\Users\Andrew\AppData\Local\Temp\ccJkRJgH.s 			page 1


   1              		.syntax unified
   2              		.cpu cortex-m3
   3              		.fpu softvfp
   4              		.eabi_attribute 20, 1
   5              		.eabi_attribute 21, 1
   6              		.eabi_attribute 23, 3
   7              		.eabi_attribute 24, 1
   8              		.eabi_attribute 25, 1
   9              		.eabi_attribute 26, 1
  10              		.eabi_attribute 30, 6
  11              		.eabi_attribute 34, 1
  12              		.eabi_attribute 18, 4
  13              		.thumb
  14              		.file	"Pin0.c"
  15              		.text
  16              	.Ltext0:
  17              		.cfi_sections	.debug_frame
  18              		.section	.text.Pin0_Write,"ax",%progbits
  19              		.align	2
  20              		.global	Pin0_Write
  21              		.thumb
  22              		.thumb_func
  23              		.type	Pin0_Write, %function
  24              	Pin0_Write:
  25              	.LFB0:
  26              		.file 1 ".\\Generated_Source\\PSoC5\\Pin0.c"
   1:.\Generated_Source\PSoC5/Pin0.c **** /*******************************************************************************
   2:.\Generated_Source\PSoC5/Pin0.c **** * File Name: Pin0.c  
   3:.\Generated_Source\PSoC5/Pin0.c **** * Version 2.20
   4:.\Generated_Source\PSoC5/Pin0.c **** *
   5:.\Generated_Source\PSoC5/Pin0.c **** * Description:
   6:.\Generated_Source\PSoC5/Pin0.c **** *  This file contains API to enable firmware control of a Pins component.
   7:.\Generated_Source\PSoC5/Pin0.c **** *
   8:.\Generated_Source\PSoC5/Pin0.c **** * Note:
   9:.\Generated_Source\PSoC5/Pin0.c **** *
  10:.\Generated_Source\PSoC5/Pin0.c **** ********************************************************************************
  11:.\Generated_Source\PSoC5/Pin0.c **** * Copyright 2008-2015, Cypress Semiconductor Corporation.  All rights reserved.
  12:.\Generated_Source\PSoC5/Pin0.c **** * You may use this file only in accordance with the license, terms, conditions, 
  13:.\Generated_Source\PSoC5/Pin0.c **** * disclaimers, and limitations in the end user license agreement accompanying 
  14:.\Generated_Source\PSoC5/Pin0.c **** * the software package with which this file was provided.
  15:.\Generated_Source\PSoC5/Pin0.c **** *******************************************************************************/
  16:.\Generated_Source\PSoC5/Pin0.c **** 
  17:.\Generated_Source\PSoC5/Pin0.c **** #include "cytypes.h"
  18:.\Generated_Source\PSoC5/Pin0.c **** #include "Pin0.h"
  19:.\Generated_Source\PSoC5/Pin0.c **** 
  20:.\Generated_Source\PSoC5/Pin0.c **** /* APIs are not generated for P15[7:6] on PSoC 5 */
  21:.\Generated_Source\PSoC5/Pin0.c **** #if !(CY_PSOC5A &&\
  22:.\Generated_Source\PSoC5/Pin0.c **** 	 Pin0__PORT == 15 && ((Pin0__MASK & 0xC0) != 0))
  23:.\Generated_Source\PSoC5/Pin0.c **** 
  24:.\Generated_Source\PSoC5/Pin0.c **** 
  25:.\Generated_Source\PSoC5/Pin0.c **** /*******************************************************************************
  26:.\Generated_Source\PSoC5/Pin0.c **** * Function Name: Pin0_Write
  27:.\Generated_Source\PSoC5/Pin0.c **** ****************************************************************************//**
  28:.\Generated_Source\PSoC5/Pin0.c **** *
  29:.\Generated_Source\PSoC5/Pin0.c **** * \brief Writes the value to the physical port (data output register), masking
  30:.\Generated_Source\PSoC5/Pin0.c **** *  and shifting the bits appropriately. 
  31:.\Generated_Source\PSoC5/Pin0.c **** *
ARM GAS  C:\Users\Andrew\AppData\Local\Temp\ccJkRJgH.s 			page 2


  32:.\Generated_Source\PSoC5/Pin0.c **** * The data output register controls the signal applied to the physical pin in 
  33:.\Generated_Source\PSoC5/Pin0.c **** * conjunction with the drive mode parameter. This function avoids changing 
  34:.\Generated_Source\PSoC5/Pin0.c **** * other bits in the port by using the appropriate method (read-modify-write or
  35:.\Generated_Source\PSoC5/Pin0.c **** * bit banding).
  36:.\Generated_Source\PSoC5/Pin0.c **** *
  37:.\Generated_Source\PSoC5/Pin0.c **** * <b>Note</b> This function should not be used on a hardware digital output pin 
  38:.\Generated_Source\PSoC5/Pin0.c **** * as it is driven by the hardware signal attached to it.
  39:.\Generated_Source\PSoC5/Pin0.c **** *
  40:.\Generated_Source\PSoC5/Pin0.c **** * \param value
  41:.\Generated_Source\PSoC5/Pin0.c **** *  Value to write to the component instance.
  42:.\Generated_Source\PSoC5/Pin0.c **** *
  43:.\Generated_Source\PSoC5/Pin0.c **** * \return 
  44:.\Generated_Source\PSoC5/Pin0.c **** *  None 
  45:.\Generated_Source\PSoC5/Pin0.c **** *
  46:.\Generated_Source\PSoC5/Pin0.c **** * \sideeffect
  47:.\Generated_Source\PSoC5/Pin0.c **** *  If you use read-modify-write operations that are not atomic; the Interrupt 
  48:.\Generated_Source\PSoC5/Pin0.c **** *  Service Routines (ISR) can cause corruption of this function. An ISR that 
  49:.\Generated_Source\PSoC5/Pin0.c **** *  interrupts this function and performs writes to the Pins component data 
  50:.\Generated_Source\PSoC5/Pin0.c **** *  register can cause corrupted port data. To avoid this issue, you should 
  51:.\Generated_Source\PSoC5/Pin0.c **** *  either use the Per-Pin APIs (primary method) or disable interrupts around 
  52:.\Generated_Source\PSoC5/Pin0.c **** *  this function.
  53:.\Generated_Source\PSoC5/Pin0.c **** *
  54:.\Generated_Source\PSoC5/Pin0.c **** * \funcusage
  55:.\Generated_Source\PSoC5/Pin0.c **** *  \snippet Pin0_SUT.c usage_Pin0_Write
  56:.\Generated_Source\PSoC5/Pin0.c **** *******************************************************************************/
  57:.\Generated_Source\PSoC5/Pin0.c **** void Pin0_Write(uint8 value)
  58:.\Generated_Source\PSoC5/Pin0.c **** {
  27              		.loc 1 58 0
  28              		.cfi_startproc
  29              		@ args = 0, pretend = 0, frame = 16
  30              		@ frame_needed = 1, uses_anonymous_args = 0
  31              		@ link register save eliminated.
  32 0000 80B4     		push	{r7}
  33              		.cfi_def_cfa_offset 4
  34              		.cfi_offset 7, -4
  35 0002 85B0     		sub	sp, sp, #20
  36              		.cfi_def_cfa_offset 24
  37 0004 00AF     		add	r7, sp, #0
  38              		.cfi_def_cfa_register 7
  39 0006 0346     		mov	r3, r0
  40 0008 FB71     		strb	r3, [r7, #7]
  59:.\Generated_Source\PSoC5/Pin0.c ****     uint8 staticBits = (Pin0_DR & (uint8)(~Pin0_MASK));
  41              		.loc 1 59 0
  42 000a 0A4B     		ldr	r3, .L2
  43 000c 1B78     		ldrb	r3, [r3]
  44 000e DBB2     		uxtb	r3, r3
  45 0010 23F03F03 		bic	r3, r3, #63
  46 0014 FB73     		strb	r3, [r7, #15]
  60:.\Generated_Source\PSoC5/Pin0.c ****     Pin0_DR = staticBits | ((uint8)(value << Pin0_SHIFT) & Pin0_MASK);
  47              		.loc 1 60 0
  48 0016 0749     		ldr	r1, .L2
  49 0018 FB79     		ldrb	r3, [r7, #7]
  50 001a 03F03F03 		and	r3, r3, #63
  51 001e DAB2     		uxtb	r2, r3
  52 0020 FB7B     		ldrb	r3, [r7, #15]
  53 0022 1343     		orrs	r3, r3, r2
  54 0024 DBB2     		uxtb	r3, r3
ARM GAS  C:\Users\Andrew\AppData\Local\Temp\ccJkRJgH.s 			page 3


  55 0026 0B70     		strb	r3, [r1]
  61:.\Generated_Source\PSoC5/Pin0.c **** }
  56              		.loc 1 61 0
  57 0028 1437     		adds	r7, r7, #20
  58              		.cfi_def_cfa_offset 4
  59 002a BD46     		mov	sp, r7
  60              		.cfi_def_cfa_register 13
  61              		@ sp needed
  62 002c 5DF8047B 		ldr	r7, [sp], #4
  63              		.cfi_restore 7
  64              		.cfi_def_cfa_offset 0
  65 0030 7047     		bx	lr
  66              	.L3:
  67 0032 00BF     		.align	2
  68              	.L2:
  69 0034 00510040 		.word	1073762560
  70              		.cfi_endproc
  71              	.LFE0:
  72              		.size	Pin0_Write, .-Pin0_Write
  73              		.section	.text.Pin0_SetDriveMode,"ax",%progbits
  74              		.align	2
  75              		.global	Pin0_SetDriveMode
  76              		.thumb
  77              		.thumb_func
  78              		.type	Pin0_SetDriveMode, %function
  79              	Pin0_SetDriveMode:
  80              	.LFB1:
  62:.\Generated_Source\PSoC5/Pin0.c **** 
  63:.\Generated_Source\PSoC5/Pin0.c **** 
  64:.\Generated_Source\PSoC5/Pin0.c **** /*******************************************************************************
  65:.\Generated_Source\PSoC5/Pin0.c **** * Function Name: Pin0_SetDriveMode
  66:.\Generated_Source\PSoC5/Pin0.c **** ****************************************************************************//**
  67:.\Generated_Source\PSoC5/Pin0.c **** *
  68:.\Generated_Source\PSoC5/Pin0.c **** * \brief Sets the drive mode for each of the Pins component's pins.
  69:.\Generated_Source\PSoC5/Pin0.c **** * 
  70:.\Generated_Source\PSoC5/Pin0.c **** * <b>Note</b> This affects all pins in the Pins component instance. Use the
  71:.\Generated_Source\PSoC5/Pin0.c **** * Per-Pin APIs if you wish to control individual pin's drive modes.
  72:.\Generated_Source\PSoC5/Pin0.c **** *
  73:.\Generated_Source\PSoC5/Pin0.c **** * \param mode
  74:.\Generated_Source\PSoC5/Pin0.c **** *  Mode for the selected signals. Valid options are documented in 
  75:.\Generated_Source\PSoC5/Pin0.c **** *  \ref driveMode.
  76:.\Generated_Source\PSoC5/Pin0.c **** *
  77:.\Generated_Source\PSoC5/Pin0.c **** * \return
  78:.\Generated_Source\PSoC5/Pin0.c **** *  None
  79:.\Generated_Source\PSoC5/Pin0.c **** *
  80:.\Generated_Source\PSoC5/Pin0.c **** * \sideeffect
  81:.\Generated_Source\PSoC5/Pin0.c **** *  If you use read-modify-write operations that are not atomic, the ISR can
  82:.\Generated_Source\PSoC5/Pin0.c **** *  cause corruption of this function. An ISR that interrupts this function 
  83:.\Generated_Source\PSoC5/Pin0.c **** *  and performs writes to the Pins component Drive Mode registers can cause 
  84:.\Generated_Source\PSoC5/Pin0.c **** *  corrupted port data. To avoid this issue, you should either use the Per-Pin
  85:.\Generated_Source\PSoC5/Pin0.c **** *  APIs (primary method) or disable interrupts around this function.
  86:.\Generated_Source\PSoC5/Pin0.c **** *
  87:.\Generated_Source\PSoC5/Pin0.c **** * \funcusage
  88:.\Generated_Source\PSoC5/Pin0.c **** *  \snippet Pin0_SUT.c usage_Pin0_SetDriveMode
  89:.\Generated_Source\PSoC5/Pin0.c **** *******************************************************************************/
  90:.\Generated_Source\PSoC5/Pin0.c **** void Pin0_SetDriveMode(uint8 mode)
  91:.\Generated_Source\PSoC5/Pin0.c **** {
ARM GAS  C:\Users\Andrew\AppData\Local\Temp\ccJkRJgH.s 			page 4


  81              		.loc 1 91 0
  82              		.cfi_startproc
  83              		@ args = 0, pretend = 0, frame = 8
  84              		@ frame_needed = 1, uses_anonymous_args = 0
  85              		@ link register save eliminated.
  86 0000 80B4     		push	{r7}
  87              		.cfi_def_cfa_offset 4
  88              		.cfi_offset 7, -4
  89 0002 83B0     		sub	sp, sp, #12
  90              		.cfi_def_cfa_offset 16
  91 0004 00AF     		add	r7, sp, #0
  92              		.cfi_def_cfa_register 7
  93 0006 0346     		mov	r3, r0
  94 0008 FB71     		strb	r3, [r7, #7]
  92:.\Generated_Source\PSoC5/Pin0.c **** 	CyPins_SetPinDriveMode(Pin0_0, mode);
  95              		.loc 1 92 0
  96 000a 324B     		ldr	r3, .L5
  97 000c 314A     		ldr	r2, .L5
  98 000e 1278     		ldrb	r2, [r2]
  99 0010 D2B2     		uxtb	r2, r2
 100 0012 D2B2     		uxtb	r2, r2
 101 0014 22F00E02 		bic	r2, r2, #14
 102 0018 D1B2     		uxtb	r1, r2
 103 001a FA79     		ldrb	r2, [r7, #7]	@ zero_extendqisi2
 104 001c 02F00E02 		and	r2, r2, #14
 105 0020 D2B2     		uxtb	r2, r2
 106 0022 0A43     		orrs	r2, r2, r1
 107 0024 D2B2     		uxtb	r2, r2
 108 0026 D2B2     		uxtb	r2, r2
 109 0028 1A70     		strb	r2, [r3]
  93:.\Generated_Source\PSoC5/Pin0.c **** 	CyPins_SetPinDriveMode(Pin0_1, mode);
 110              		.loc 1 93 0
 111 002a 2B4B     		ldr	r3, .L5+4
 112 002c 2A4A     		ldr	r2, .L5+4
 113 002e 1278     		ldrb	r2, [r2]
 114 0030 D2B2     		uxtb	r2, r2
 115 0032 D2B2     		uxtb	r2, r2
 116 0034 22F00E02 		bic	r2, r2, #14
 117 0038 D1B2     		uxtb	r1, r2
 118 003a FA79     		ldrb	r2, [r7, #7]	@ zero_extendqisi2
 119 003c 02F00E02 		and	r2, r2, #14
 120 0040 D2B2     		uxtb	r2, r2
 121 0042 0A43     		orrs	r2, r2, r1
 122 0044 D2B2     		uxtb	r2, r2
 123 0046 D2B2     		uxtb	r2, r2
 124 0048 1A70     		strb	r2, [r3]
  94:.\Generated_Source\PSoC5/Pin0.c **** 	CyPins_SetPinDriveMode(Pin0_2, mode);
 125              		.loc 1 94 0
 126 004a 244B     		ldr	r3, .L5+8
 127 004c 234A     		ldr	r2, .L5+8
 128 004e 1278     		ldrb	r2, [r2]
 129 0050 D2B2     		uxtb	r2, r2
 130 0052 D2B2     		uxtb	r2, r2
 131 0054 22F00E02 		bic	r2, r2, #14
 132 0058 D1B2     		uxtb	r1, r2
 133 005a FA79     		ldrb	r2, [r7, #7]	@ zero_extendqisi2
 134 005c 02F00E02 		and	r2, r2, #14
ARM GAS  C:\Users\Andrew\AppData\Local\Temp\ccJkRJgH.s 			page 5


 135 0060 D2B2     		uxtb	r2, r2
 136 0062 0A43     		orrs	r2, r2, r1
 137 0064 D2B2     		uxtb	r2, r2
 138 0066 D2B2     		uxtb	r2, r2
 139 0068 1A70     		strb	r2, [r3]
  95:.\Generated_Source\PSoC5/Pin0.c **** 	CyPins_SetPinDriveMode(Pin0_3, mode);
 140              		.loc 1 95 0
 141 006a 1D4B     		ldr	r3, .L5+12
 142 006c 1C4A     		ldr	r2, .L5+12
 143 006e 1278     		ldrb	r2, [r2]
 144 0070 D2B2     		uxtb	r2, r2
 145 0072 D2B2     		uxtb	r2, r2
 146 0074 22F00E02 		bic	r2, r2, #14
 147 0078 D1B2     		uxtb	r1, r2
 148 007a FA79     		ldrb	r2, [r7, #7]	@ zero_extendqisi2
 149 007c 02F00E02 		and	r2, r2, #14
 150 0080 D2B2     		uxtb	r2, r2
 151 0082 0A43     		orrs	r2, r2, r1
 152 0084 D2B2     		uxtb	r2, r2
 153 0086 D2B2     		uxtb	r2, r2
 154 0088 1A70     		strb	r2, [r3]
  96:.\Generated_Source\PSoC5/Pin0.c **** 	CyPins_SetPinDriveMode(Pin0_4, mode);
 155              		.loc 1 96 0
 156 008a 164B     		ldr	r3, .L5+16
 157 008c 154A     		ldr	r2, .L5+16
 158 008e 1278     		ldrb	r2, [r2]
 159 0090 D2B2     		uxtb	r2, r2
 160 0092 D2B2     		uxtb	r2, r2
 161 0094 22F00E02 		bic	r2, r2, #14
 162 0098 D1B2     		uxtb	r1, r2
 163 009a FA79     		ldrb	r2, [r7, #7]	@ zero_extendqisi2
 164 009c 02F00E02 		and	r2, r2, #14
 165 00a0 D2B2     		uxtb	r2, r2
 166 00a2 0A43     		orrs	r2, r2, r1
 167 00a4 D2B2     		uxtb	r2, r2
 168 00a6 D2B2     		uxtb	r2, r2
 169 00a8 1A70     		strb	r2, [r3]
  97:.\Generated_Source\PSoC5/Pin0.c **** 	CyPins_SetPinDriveMode(Pin0_5, mode);
 170              		.loc 1 97 0
 171 00aa 0F4B     		ldr	r3, .L5+20
 172 00ac 0E4A     		ldr	r2, .L5+20
 173 00ae 1278     		ldrb	r2, [r2]
 174 00b0 D2B2     		uxtb	r2, r2
 175 00b2 D2B2     		uxtb	r2, r2
 176 00b4 22F00E02 		bic	r2, r2, #14
 177 00b8 D1B2     		uxtb	r1, r2
 178 00ba FA79     		ldrb	r2, [r7, #7]	@ zero_extendqisi2
 179 00bc 02F00E02 		and	r2, r2, #14
 180 00c0 D2B2     		uxtb	r2, r2
 181 00c2 0A43     		orrs	r2, r2, r1
 182 00c4 D2B2     		uxtb	r2, r2
 183 00c6 D2B2     		uxtb	r2, r2
 184 00c8 1A70     		strb	r2, [r3]
  98:.\Generated_Source\PSoC5/Pin0.c **** }
 185              		.loc 1 98 0
 186 00ca 0C37     		adds	r7, r7, #12
 187              		.cfi_def_cfa_offset 4
ARM GAS  C:\Users\Andrew\AppData\Local\Temp\ccJkRJgH.s 			page 6


 188 00cc BD46     		mov	sp, r7
 189              		.cfi_def_cfa_register 13
 190              		@ sp needed
 191 00ce 5DF8047B 		ldr	r7, [sp], #4
 192              		.cfi_restore 7
 193              		.cfi_def_cfa_offset 0
 194 00d2 7047     		bx	lr
 195              	.L6:
 196              		.align	2
 197              	.L5:
 198 00d4 00500040 		.word	1073762304
 199 00d8 01500040 		.word	1073762305
 200 00dc 02500040 		.word	1073762306
 201 00e0 03500040 		.word	1073762307
 202 00e4 04500040 		.word	1073762308
 203 00e8 05500040 		.word	1073762309
 204              		.cfi_endproc
 205              	.LFE1:
 206              		.size	Pin0_SetDriveMode, .-Pin0_SetDriveMode
 207              		.section	.text.Pin0_Read,"ax",%progbits
 208              		.align	2
 209              		.global	Pin0_Read
 210              		.thumb
 211              		.thumb_func
 212              		.type	Pin0_Read, %function
 213              	Pin0_Read:
 214              	.LFB2:
  99:.\Generated_Source\PSoC5/Pin0.c **** 
 100:.\Generated_Source\PSoC5/Pin0.c **** 
 101:.\Generated_Source\PSoC5/Pin0.c **** /*******************************************************************************
 102:.\Generated_Source\PSoC5/Pin0.c **** * Function Name: Pin0_Read
 103:.\Generated_Source\PSoC5/Pin0.c **** ****************************************************************************//**
 104:.\Generated_Source\PSoC5/Pin0.c **** *
 105:.\Generated_Source\PSoC5/Pin0.c **** * \brief Reads the associated physical port (pin status register) and masks 
 106:.\Generated_Source\PSoC5/Pin0.c **** *  the required bits according to the width and bit position of the component
 107:.\Generated_Source\PSoC5/Pin0.c **** *  instance. 
 108:.\Generated_Source\PSoC5/Pin0.c **** *
 109:.\Generated_Source\PSoC5/Pin0.c **** * The pin's status register returns the current logic level present on the 
 110:.\Generated_Source\PSoC5/Pin0.c **** * physical pin.
 111:.\Generated_Source\PSoC5/Pin0.c **** *
 112:.\Generated_Source\PSoC5/Pin0.c **** * \return 
 113:.\Generated_Source\PSoC5/Pin0.c **** *  The current value for the pins in the component as a right justified number.
 114:.\Generated_Source\PSoC5/Pin0.c **** *
 115:.\Generated_Source\PSoC5/Pin0.c **** * \funcusage
 116:.\Generated_Source\PSoC5/Pin0.c **** *  \snippet Pin0_SUT.c usage_Pin0_Read  
 117:.\Generated_Source\PSoC5/Pin0.c **** *******************************************************************************/
 118:.\Generated_Source\PSoC5/Pin0.c **** uint8 Pin0_Read(void)
 119:.\Generated_Source\PSoC5/Pin0.c **** {
 215              		.loc 1 119 0
 216              		.cfi_startproc
 217              		@ args = 0, pretend = 0, frame = 0
 218              		@ frame_needed = 1, uses_anonymous_args = 0
 219              		@ link register save eliminated.
 220 0000 80B4     		push	{r7}
 221              		.cfi_def_cfa_offset 4
 222              		.cfi_offset 7, -4
 223 0002 00AF     		add	r7, sp, #0
ARM GAS  C:\Users\Andrew\AppData\Local\Temp\ccJkRJgH.s 			page 7


 224              		.cfi_def_cfa_register 7
 120:.\Generated_Source\PSoC5/Pin0.c ****     return (Pin0_PS & Pin0_MASK) >> Pin0_SHIFT;
 225              		.loc 1 120 0
 226 0004 054B     		ldr	r3, .L9
 227 0006 1B78     		ldrb	r3, [r3]
 228 0008 DBB2     		uxtb	r3, r3
 229 000a 03F03F03 		and	r3, r3, #63
 230 000e DBB2     		uxtb	r3, r3
 121:.\Generated_Source\PSoC5/Pin0.c **** }
 231              		.loc 1 121 0
 232 0010 1846     		mov	r0, r3
 233 0012 BD46     		mov	sp, r7
 234              		.cfi_def_cfa_register 13
 235              		@ sp needed
 236 0014 5DF8047B 		ldr	r7, [sp], #4
 237              		.cfi_restore 7
 238              		.cfi_def_cfa_offset 0
 239 0018 7047     		bx	lr
 240              	.L10:
 241 001a 00BF     		.align	2
 242              	.L9:
 243 001c 01510040 		.word	1073762561
 244              		.cfi_endproc
 245              	.LFE2:
 246              		.size	Pin0_Read, .-Pin0_Read
 247              		.section	.text.Pin0_ReadDataReg,"ax",%progbits
 248              		.align	2
 249              		.global	Pin0_ReadDataReg
 250              		.thumb
 251              		.thumb_func
 252              		.type	Pin0_ReadDataReg, %function
 253              	Pin0_ReadDataReg:
 254              	.LFB3:
 122:.\Generated_Source\PSoC5/Pin0.c **** 
 123:.\Generated_Source\PSoC5/Pin0.c **** 
 124:.\Generated_Source\PSoC5/Pin0.c **** /*******************************************************************************
 125:.\Generated_Source\PSoC5/Pin0.c **** * Function Name: Pin0_ReadDataReg
 126:.\Generated_Source\PSoC5/Pin0.c **** ****************************************************************************//**
 127:.\Generated_Source\PSoC5/Pin0.c **** *
 128:.\Generated_Source\PSoC5/Pin0.c **** * \brief Reads the associated physical port's data output register and masks 
 129:.\Generated_Source\PSoC5/Pin0.c **** *  the correct bits according to the width and bit position of the component 
 130:.\Generated_Source\PSoC5/Pin0.c **** *  instance. 
 131:.\Generated_Source\PSoC5/Pin0.c **** *
 132:.\Generated_Source\PSoC5/Pin0.c **** * The data output register controls the signal applied to the physical pin in 
 133:.\Generated_Source\PSoC5/Pin0.c **** * conjunction with the drive mode parameter. This is not the same as the 
 134:.\Generated_Source\PSoC5/Pin0.c **** * preferred Pin0_Read() API because the 
 135:.\Generated_Source\PSoC5/Pin0.c **** * Pin0_ReadDataReg() reads the data register instead of the status 
 136:.\Generated_Source\PSoC5/Pin0.c **** * register. For output pins this is a useful function to determine the value 
 137:.\Generated_Source\PSoC5/Pin0.c **** * just written to the pin.
 138:.\Generated_Source\PSoC5/Pin0.c **** *
 139:.\Generated_Source\PSoC5/Pin0.c **** * \return 
 140:.\Generated_Source\PSoC5/Pin0.c **** *  The current value of the data register masked and shifted into a right 
 141:.\Generated_Source\PSoC5/Pin0.c **** *  justified number for the component instance.
 142:.\Generated_Source\PSoC5/Pin0.c **** *
 143:.\Generated_Source\PSoC5/Pin0.c **** * \funcusage
 144:.\Generated_Source\PSoC5/Pin0.c **** *  \snippet Pin0_SUT.c usage_Pin0_ReadDataReg 
 145:.\Generated_Source\PSoC5/Pin0.c **** *******************************************************************************/
ARM GAS  C:\Users\Andrew\AppData\Local\Temp\ccJkRJgH.s 			page 8


 146:.\Generated_Source\PSoC5/Pin0.c **** uint8 Pin0_ReadDataReg(void)
 147:.\Generated_Source\PSoC5/Pin0.c **** {
 255              		.loc 1 147 0
 256              		.cfi_startproc
 257              		@ args = 0, pretend = 0, frame = 0
 258              		@ frame_needed = 1, uses_anonymous_args = 0
 259              		@ link register save eliminated.
 260 0000 80B4     		push	{r7}
 261              		.cfi_def_cfa_offset 4
 262              		.cfi_offset 7, -4
 263 0002 00AF     		add	r7, sp, #0
 264              		.cfi_def_cfa_register 7
 148:.\Generated_Source\PSoC5/Pin0.c ****     return (Pin0_DR & Pin0_MASK) >> Pin0_SHIFT;
 265              		.loc 1 148 0
 266 0004 054B     		ldr	r3, .L13
 267 0006 1B78     		ldrb	r3, [r3]
 268 0008 DBB2     		uxtb	r3, r3
 269 000a 03F03F03 		and	r3, r3, #63
 270 000e DBB2     		uxtb	r3, r3
 149:.\Generated_Source\PSoC5/Pin0.c **** }
 271              		.loc 1 149 0
 272 0010 1846     		mov	r0, r3
 273 0012 BD46     		mov	sp, r7
 274              		.cfi_def_cfa_register 13
 275              		@ sp needed
 276 0014 5DF8047B 		ldr	r7, [sp], #4
 277              		.cfi_restore 7
 278              		.cfi_def_cfa_offset 0
 279 0018 7047     		bx	lr
 280              	.L14:
 281 001a 00BF     		.align	2
 282              	.L13:
 283 001c 00510040 		.word	1073762560
 284              		.cfi_endproc
 285              	.LFE3:
 286              		.size	Pin0_ReadDataReg, .-Pin0_ReadDataReg
 287              		.text
 288              	.Letext0:
 289              		.file 2 ".\\Generated_Source\\PSoC5\\cytypes.h"
 290              		.section	.debug_info,"",%progbits
 291              	.Ldebug_info0:
 292 0000 1A010000 		.4byte	0x11a
 293 0004 0400     		.2byte	0x4
 294 0006 00000000 		.4byte	.Ldebug_abbrev0
 295 000a 04       		.byte	0x4
 296 000b 01       		.uleb128 0x1
 297 000c 76000000 		.4byte	.LASF20
 298 0010 01       		.byte	0x1
 299 0011 E2010000 		.4byte	.LASF21
 300 0015 00000000 		.4byte	.LASF22
 301 0019 00000000 		.4byte	.Ldebug_ranges0+0
 302 001d 00000000 		.4byte	0
 303 0021 00000000 		.4byte	.Ldebug_line0
 304 0025 02       		.uleb128 0x2
 305 0026 01       		.byte	0x1
 306 0027 06       		.byte	0x6
 307 0028 D6010000 		.4byte	.LASF0
ARM GAS  C:\Users\Andrew\AppData\Local\Temp\ccJkRJgH.s 			page 9


 308 002c 02       		.uleb128 0x2
 309 002d 01       		.byte	0x1
 310 002e 08       		.byte	0x8
 311 002f 2D010000 		.4byte	.LASF1
 312 0033 02       		.uleb128 0x2
 313 0034 02       		.byte	0x2
 314 0035 05       		.byte	0x5
 315 0036 BD010000 		.4byte	.LASF2
 316 003a 02       		.uleb128 0x2
 317 003b 02       		.byte	0x2
 318 003c 07       		.byte	0x7
 319 003d 52010000 		.4byte	.LASF3
 320 0041 02       		.uleb128 0x2
 321 0042 04       		.byte	0x4
 322 0043 05       		.byte	0x5
 323 0044 CD010000 		.4byte	.LASF4
 324 0048 02       		.uleb128 0x2
 325 0049 04       		.byte	0x4
 326 004a 07       		.byte	0x7
 327 004b 40010000 		.4byte	.LASF5
 328 004f 02       		.uleb128 0x2
 329 0050 08       		.byte	0x8
 330 0051 05       		.byte	0x5
 331 0052 AA010000 		.4byte	.LASF6
 332 0056 02       		.uleb128 0x2
 333 0057 08       		.byte	0x8
 334 0058 07       		.byte	0x7
 335 0059 8E010000 		.4byte	.LASF7
 336 005d 03       		.uleb128 0x3
 337 005e 04       		.byte	0x4
 338 005f 05       		.byte	0x5
 339 0060 696E7400 		.ascii	"int\000"
 340 0064 02       		.uleb128 0x2
 341 0065 04       		.byte	0x4
 342 0066 07       		.byte	0x7
 343 0067 81010000 		.4byte	.LASF8
 344 006b 04       		.uleb128 0x4
 345 006c C7010000 		.4byte	.LASF12
 346 0070 02       		.byte	0x2
 347 0071 3801     		.2byte	0x138
 348 0073 2C000000 		.4byte	0x2c
 349 0077 02       		.uleb128 0x2
 350 0078 04       		.byte	0x4
 351 0079 04       		.byte	0x4
 352 007a 04010000 		.4byte	.LASF9
 353 007e 02       		.uleb128 0x2
 354 007f 08       		.byte	0x8
 355 0080 04       		.byte	0x4
 356 0081 7A010000 		.4byte	.LASF10
 357 0085 02       		.uleb128 0x2
 358 0086 01       		.byte	0x1
 359 0087 08       		.byte	0x8
 360 0088 B8010000 		.4byte	.LASF11
 361 008c 04       		.uleb128 0x4
 362 008d 3B010000 		.4byte	.LASF13
 363 0091 02       		.byte	0x2
 364 0092 E201     		.2byte	0x1e2
ARM GAS  C:\Users\Andrew\AppData\Local\Temp\ccJkRJgH.s 			page 10


 365 0094 98000000 		.4byte	0x98
 366 0098 05       		.uleb128 0x5
 367 0099 6B000000 		.4byte	0x6b
 368 009d 06       		.uleb128 0x6
 369 009e 6F010000 		.4byte	.LASF14
 370 00a2 01       		.byte	0x1
 371 00a3 39       		.byte	0x39
 372 00a4 00000000 		.4byte	.LFB0
 373 00a8 38000000 		.4byte	.LFE0-.LFB0
 374 00ac 01       		.uleb128 0x1
 375 00ad 9C       		.byte	0x9c
 376 00ae CF000000 		.4byte	0xcf
 377 00b2 07       		.uleb128 0x7
 378 00b3 65000000 		.4byte	.LASF16
 379 00b7 01       		.byte	0x1
 380 00b8 39       		.byte	0x39
 381 00b9 6B000000 		.4byte	0x6b
 382 00bd 02       		.uleb128 0x2
 383 00be 91       		.byte	0x91
 384 00bf 6F       		.sleb128 -17
 385 00c0 08       		.uleb128 0x8
 386 00c1 6B000000 		.4byte	.LASF23
 387 00c5 01       		.byte	0x1
 388 00c6 3B       		.byte	0x3b
 389 00c7 6B000000 		.4byte	0x6b
 390 00cb 02       		.uleb128 0x2
 391 00cc 91       		.byte	0x91
 392 00cd 77       		.sleb128 -9
 393 00ce 00       		.byte	0
 394 00cf 06       		.uleb128 0x6
 395 00d0 0A010000 		.4byte	.LASF15
 396 00d4 01       		.byte	0x1
 397 00d5 5A       		.byte	0x5a
 398 00d6 00000000 		.4byte	.LFB1
 399 00da EC000000 		.4byte	.LFE1-.LFB1
 400 00de 01       		.uleb128 0x1
 401 00df 9C       		.byte	0x9c
 402 00e0 F3000000 		.4byte	0xf3
 403 00e4 07       		.uleb128 0x7
 404 00e5 A5010000 		.4byte	.LASF17
 405 00e9 01       		.byte	0x1
 406 00ea 5A       		.byte	0x5a
 407 00eb 6B000000 		.4byte	0x6b
 408 00ef 02       		.uleb128 0x2
 409 00f0 91       		.byte	0x91
 410 00f1 77       		.sleb128 -9
 411 00f2 00       		.byte	0
 412 00f3 09       		.uleb128 0x9
 413 00f4 65010000 		.4byte	.LASF18
 414 00f8 01       		.byte	0x1
 415 00f9 76       		.byte	0x76
 416 00fa 6B000000 		.4byte	0x6b
 417 00fe 00000000 		.4byte	.LFB2
 418 0102 20000000 		.4byte	.LFE2-.LFB2
 419 0106 01       		.uleb128 0x1
 420 0107 9C       		.byte	0x9c
 421 0108 09       		.uleb128 0x9
ARM GAS  C:\Users\Andrew\AppData\Local\Temp\ccJkRJgH.s 			page 11


 422 0109 1C010000 		.4byte	.LASF19
 423 010d 01       		.byte	0x1
 424 010e 92       		.byte	0x92
 425 010f 6B000000 		.4byte	0x6b
 426 0113 00000000 		.4byte	.LFB3
 427 0117 20000000 		.4byte	.LFE3-.LFB3
 428 011b 01       		.uleb128 0x1
 429 011c 9C       		.byte	0x9c
 430 011d 00       		.byte	0
 431              		.section	.debug_abbrev,"",%progbits
 432              	.Ldebug_abbrev0:
 433 0000 01       		.uleb128 0x1
 434 0001 11       		.uleb128 0x11
 435 0002 01       		.byte	0x1
 436 0003 25       		.uleb128 0x25
 437 0004 0E       		.uleb128 0xe
 438 0005 13       		.uleb128 0x13
 439 0006 0B       		.uleb128 0xb
 440 0007 03       		.uleb128 0x3
 441 0008 0E       		.uleb128 0xe
 442 0009 1B       		.uleb128 0x1b
 443 000a 0E       		.uleb128 0xe
 444 000b 55       		.uleb128 0x55
 445 000c 17       		.uleb128 0x17
 446 000d 11       		.uleb128 0x11
 447 000e 01       		.uleb128 0x1
 448 000f 10       		.uleb128 0x10
 449 0010 17       		.uleb128 0x17
 450 0011 00       		.byte	0
 451 0012 00       		.byte	0
 452 0013 02       		.uleb128 0x2
 453 0014 24       		.uleb128 0x24
 454 0015 00       		.byte	0
 455 0016 0B       		.uleb128 0xb
 456 0017 0B       		.uleb128 0xb
 457 0018 3E       		.uleb128 0x3e
 458 0019 0B       		.uleb128 0xb
 459 001a 03       		.uleb128 0x3
 460 001b 0E       		.uleb128 0xe
 461 001c 00       		.byte	0
 462 001d 00       		.byte	0
 463 001e 03       		.uleb128 0x3
 464 001f 24       		.uleb128 0x24
 465 0020 00       		.byte	0
 466 0021 0B       		.uleb128 0xb
 467 0022 0B       		.uleb128 0xb
 468 0023 3E       		.uleb128 0x3e
 469 0024 0B       		.uleb128 0xb
 470 0025 03       		.uleb128 0x3
 471 0026 08       		.uleb128 0x8
 472 0027 00       		.byte	0
 473 0028 00       		.byte	0
 474 0029 04       		.uleb128 0x4
 475 002a 16       		.uleb128 0x16
 476 002b 00       		.byte	0
 477 002c 03       		.uleb128 0x3
 478 002d 0E       		.uleb128 0xe
ARM GAS  C:\Users\Andrew\AppData\Local\Temp\ccJkRJgH.s 			page 12


 479 002e 3A       		.uleb128 0x3a
 480 002f 0B       		.uleb128 0xb
 481 0030 3B       		.uleb128 0x3b
 482 0031 05       		.uleb128 0x5
 483 0032 49       		.uleb128 0x49
 484 0033 13       		.uleb128 0x13
 485 0034 00       		.byte	0
 486 0035 00       		.byte	0
 487 0036 05       		.uleb128 0x5
 488 0037 35       		.uleb128 0x35
 489 0038 00       		.byte	0
 490 0039 49       		.uleb128 0x49
 491 003a 13       		.uleb128 0x13
 492 003b 00       		.byte	0
 493 003c 00       		.byte	0
 494 003d 06       		.uleb128 0x6
 495 003e 2E       		.uleb128 0x2e
 496 003f 01       		.byte	0x1
 497 0040 3F       		.uleb128 0x3f
 498 0041 19       		.uleb128 0x19
 499 0042 03       		.uleb128 0x3
 500 0043 0E       		.uleb128 0xe
 501 0044 3A       		.uleb128 0x3a
 502 0045 0B       		.uleb128 0xb
 503 0046 3B       		.uleb128 0x3b
 504 0047 0B       		.uleb128 0xb
 505 0048 27       		.uleb128 0x27
 506 0049 19       		.uleb128 0x19
 507 004a 11       		.uleb128 0x11
 508 004b 01       		.uleb128 0x1
 509 004c 12       		.uleb128 0x12
 510 004d 06       		.uleb128 0x6
 511 004e 40       		.uleb128 0x40
 512 004f 18       		.uleb128 0x18
 513 0050 9742     		.uleb128 0x2117
 514 0052 19       		.uleb128 0x19
 515 0053 01       		.uleb128 0x1
 516 0054 13       		.uleb128 0x13
 517 0055 00       		.byte	0
 518 0056 00       		.byte	0
 519 0057 07       		.uleb128 0x7
 520 0058 05       		.uleb128 0x5
 521 0059 00       		.byte	0
 522 005a 03       		.uleb128 0x3
 523 005b 0E       		.uleb128 0xe
 524 005c 3A       		.uleb128 0x3a
 525 005d 0B       		.uleb128 0xb
 526 005e 3B       		.uleb128 0x3b
 527 005f 0B       		.uleb128 0xb
 528 0060 49       		.uleb128 0x49
 529 0061 13       		.uleb128 0x13
 530 0062 02       		.uleb128 0x2
 531 0063 18       		.uleb128 0x18
 532 0064 00       		.byte	0
 533 0065 00       		.byte	0
 534 0066 08       		.uleb128 0x8
 535 0067 34       		.uleb128 0x34
ARM GAS  C:\Users\Andrew\AppData\Local\Temp\ccJkRJgH.s 			page 13


 536 0068 00       		.byte	0
 537 0069 03       		.uleb128 0x3
 538 006a 0E       		.uleb128 0xe
 539 006b 3A       		.uleb128 0x3a
 540 006c 0B       		.uleb128 0xb
 541 006d 3B       		.uleb128 0x3b
 542 006e 0B       		.uleb128 0xb
 543 006f 49       		.uleb128 0x49
 544 0070 13       		.uleb128 0x13
 545 0071 02       		.uleb128 0x2
 546 0072 18       		.uleb128 0x18
 547 0073 00       		.byte	0
 548 0074 00       		.byte	0
 549 0075 09       		.uleb128 0x9
 550 0076 2E       		.uleb128 0x2e
 551 0077 00       		.byte	0
 552 0078 3F       		.uleb128 0x3f
 553 0079 19       		.uleb128 0x19
 554 007a 03       		.uleb128 0x3
 555 007b 0E       		.uleb128 0xe
 556 007c 3A       		.uleb128 0x3a
 557 007d 0B       		.uleb128 0xb
 558 007e 3B       		.uleb128 0x3b
 559 007f 0B       		.uleb128 0xb
 560 0080 27       		.uleb128 0x27
 561 0081 19       		.uleb128 0x19
 562 0082 49       		.uleb128 0x49
 563 0083 13       		.uleb128 0x13
 564 0084 11       		.uleb128 0x11
 565 0085 01       		.uleb128 0x1
 566 0086 12       		.uleb128 0x12
 567 0087 06       		.uleb128 0x6
 568 0088 40       		.uleb128 0x40
 569 0089 18       		.uleb128 0x18
 570 008a 9742     		.uleb128 0x2117
 571 008c 19       		.uleb128 0x19
 572 008d 00       		.byte	0
 573 008e 00       		.byte	0
 574 008f 00       		.byte	0
 575              		.section	.debug_aranges,"",%progbits
 576 0000 34000000 		.4byte	0x34
 577 0004 0200     		.2byte	0x2
 578 0006 00000000 		.4byte	.Ldebug_info0
 579 000a 04       		.byte	0x4
 580 000b 00       		.byte	0
 581 000c 0000     		.2byte	0
 582 000e 0000     		.2byte	0
 583 0010 00000000 		.4byte	.LFB0
 584 0014 38000000 		.4byte	.LFE0-.LFB0
 585 0018 00000000 		.4byte	.LFB1
 586 001c EC000000 		.4byte	.LFE1-.LFB1
 587 0020 00000000 		.4byte	.LFB2
 588 0024 20000000 		.4byte	.LFE2-.LFB2
 589 0028 00000000 		.4byte	.LFB3
 590 002c 20000000 		.4byte	.LFE3-.LFB3
 591 0030 00000000 		.4byte	0
 592 0034 00000000 		.4byte	0
ARM GAS  C:\Users\Andrew\AppData\Local\Temp\ccJkRJgH.s 			page 14


 593              		.section	.debug_ranges,"",%progbits
 594              	.Ldebug_ranges0:
 595 0000 00000000 		.4byte	.LFB0
 596 0004 38000000 		.4byte	.LFE0
 597 0008 00000000 		.4byte	.LFB1
 598 000c EC000000 		.4byte	.LFE1
 599 0010 00000000 		.4byte	.LFB2
 600 0014 20000000 		.4byte	.LFE2
 601 0018 00000000 		.4byte	.LFB3
 602 001c 20000000 		.4byte	.LFE3
 603 0020 00000000 		.4byte	0
 604 0024 00000000 		.4byte	0
 605              		.section	.debug_line,"",%progbits
 606              	.Ldebug_line0:
 607 0000 95000000 		.section	.debug_str,"MS",%progbits,1
 607      02004300 
 607      00000201 
 607      FB0E0D00 
 607      01010101 
 608              	.LASF22:
 609 0000 433A5C55 		.ascii	"C:\\Users\\Andrew\\Dropbox (Personal)\\MIT\\MIT 201"
 609      73657273 
 609      5C416E64 
 609      7265775C 
 609      44726F70 
 610 002e 36205370 		.ascii	"6 Spring\\6115\\Final Project\\Code\\VGA\\Tic Tac T"
 610      72696E67 
 610      5C363131 
 610      355C4669 
 610      6E616C20 
 611 005c 6F652E63 		.ascii	"oe.cydsn\000"
 611      7964736E 
 611      00
 612              	.LASF16:
 613 0065 76616C75 		.ascii	"value\000"
 613      6500
 614              	.LASF23:
 615 006b 73746174 		.ascii	"staticBits\000"
 615      69634269 
 615      747300
 616              	.LASF20:
 617 0076 474E5520 		.ascii	"GNU C 4.9.3 20150303 (release) [ARM/embedded-4_9-br"
 617      4320342E 
 617      392E3320 
 617      32303135 
 617      30333033 
 618 00a9 616E6368 		.ascii	"anch revision 221220] -mcpu=cortex-m3 -mthumb -g -O"
 618      20726576 
 618      6973696F 
 618      6E203232 
 618      31323230 
 619 00dc 30202D66 		.ascii	"0 -ffunction-sections -ffat-lto-objects\000"
 619      66756E63 
 619      74696F6E 
 619      2D736563 
 619      74696F6E 
 620              	.LASF9:
ARM GAS  C:\Users\Andrew\AppData\Local\Temp\ccJkRJgH.s 			page 15


 621 0104 666C6F61 		.ascii	"float\000"
 621      7400
 622              	.LASF15:
 623 010a 50696E30 		.ascii	"Pin0_SetDriveMode\000"
 623      5F536574 
 623      44726976 
 623      654D6F64 
 623      6500
 624              	.LASF19:
 625 011c 50696E30 		.ascii	"Pin0_ReadDataReg\000"
 625      5F526561 
 625      64446174 
 625      61526567 
 625      00
 626              	.LASF1:
 627 012d 756E7369 		.ascii	"unsigned char\000"
 627      676E6564 
 627      20636861 
 627      7200
 628              	.LASF13:
 629 013b 72656738 		.ascii	"reg8\000"
 629      00
 630              	.LASF5:
 631 0140 6C6F6E67 		.ascii	"long unsigned int\000"
 631      20756E73 
 631      69676E65 
 631      6420696E 
 631      7400
 632              	.LASF3:
 633 0152 73686F72 		.ascii	"short unsigned int\000"
 633      7420756E 
 633      7369676E 
 633      65642069 
 633      6E7400
 634              	.LASF18:
 635 0165 50696E30 		.ascii	"Pin0_Read\000"
 635      5F526561 
 635      6400
 636              	.LASF14:
 637 016f 50696E30 		.ascii	"Pin0_Write\000"
 637      5F577269 
 637      746500
 638              	.LASF10:
 639 017a 646F7562 		.ascii	"double\000"
 639      6C6500
 640              	.LASF8:
 641 0181 756E7369 		.ascii	"unsigned int\000"
 641      676E6564 
 641      20696E74 
 641      00
 642              	.LASF7:
 643 018e 6C6F6E67 		.ascii	"long long unsigned int\000"
 643      206C6F6E 
 643      6720756E 
 643      7369676E 
 643      65642069 
 644              	.LASF17:
ARM GAS  C:\Users\Andrew\AppData\Local\Temp\ccJkRJgH.s 			page 16


 645 01a5 6D6F6465 		.ascii	"mode\000"
 645      00
 646              	.LASF6:
 647 01aa 6C6F6E67 		.ascii	"long long int\000"
 647      206C6F6E 
 647      6720696E 
 647      7400
 648              	.LASF11:
 649 01b8 63686172 		.ascii	"char\000"
 649      00
 650              	.LASF2:
 651 01bd 73686F72 		.ascii	"short int\000"
 651      7420696E 
 651      7400
 652              	.LASF12:
 653 01c7 75696E74 		.ascii	"uint8\000"
 653      3800
 654              	.LASF4:
 655 01cd 6C6F6E67 		.ascii	"long int\000"
 655      20696E74 
 655      00
 656              	.LASF0:
 657 01d6 7369676E 		.ascii	"signed char\000"
 657      65642063 
 657      68617200 
 658              	.LASF21:
 659 01e2 2E5C4765 		.ascii	".\\Generated_Source\\PSoC5\\Pin0.c\000"
 659      6E657261 
 659      7465645F 
 659      536F7572 
 659      63655C50 
 660              		.ident	"GCC: (GNU Tools for ARM Embedded Processors) 4.9.3 20150303 (release) [ARM/embedded-4_9-br
