--------------- Rebuild Started: 04/29/2016 00:28:43 Project: Tic Tac Toe, Configuration: ARM GCC 4.9-2015-q1-update Debug ---------------
Deleting file ".\CortexM3\ARM_GCC_493\Debug\main.o"
Deleting file ".\CortexM3\ARM_GCC_493\Debug\disp.o"
Deleting file ".\CortexM3\ARM_GCC_493\Debug\tic_tac_toe.o"
Deleting file ".\CortexM3\ARM_GCC_493\Debug\tic_tac_ai.o"
Deleting file ".\CortexM3\ARM_GCC_493\Debug\cyfitter_cfg.o"
Deleting file ".\CortexM3\ARM_GCC_493\Debug\Cm3Start.o"
Deleting file ".\CortexM3\ARM_GCC_493\Debug\CyBootAsmGnu.o"
Deleting file ".\CortexM3\ARM_GCC_493\Debug\CyDmac.o"
Deleting file ".\CortexM3\ARM_GCC_493\Debug\CyFlash.o"
Deleting file ".\CortexM3\ARM_GCC_493\Debug\CyLib.o"
Deleting file ".\CortexM3\ARM_GCC_493\Debug\cyPm.o"
Deleting file ".\CortexM3\ARM_GCC_493\Debug\CySpc.o"
Deleting file ".\CortexM3\ARM_GCC_493\Debug\cyutils.o"
Deleting file ".\CortexM3\ARM_GCC_493\Debug\LCD.o"
Deleting file ".\CortexM3\ARM_GCC_493\Debug\LCD_PM.o"
Deleting file ".\CortexM3\ARM_GCC_493\Debug\LCD_LCDPort.o"
Deleting file ".\CortexM3\ARM_GCC_493\Debug\UART.o"
Deleting file ".\CortexM3\ARM_GCC_493\Debug\UART_PM.o"
Deleting file ".\CortexM3\ARM_GCC_493\Debug\UART_INT.o"
Deleting file ".\CortexM3\ARM_GCC_493\Debug\UART_BOOT.o"
Deleting file ".\CortexM3\ARM_GCC_493\Debug\tx_int.o"
Deleting file ".\CortexM3\ARM_GCC_493\Debug\rx_int.o"
Deleting file ".\CortexM3\ARM_GCC_493\Debug\TX.o"
Deleting file ".\CortexM3\ARM_GCC_493\Debug\cymetadata.o"
Deleting file ".\CortexM3\ARM_GCC_493\Debug\UART_IntClock.o"
Deleting file ".\CortexM3\ARM_GCC_493\Debug\Tic Tac Toe.hex"
Deleting file ".\CortexM3\ARM_GCC_493\Debug\Tic Tac Toe.elf"
Deleting file ".\CortexM3\ARM_GCC_493\Debug\Tic Tac Toe.map"
Deleting file ".\Tic Tac Toe.cycdx"
Deleting file ".\Tic Tac Toe.svd"
Deleting file ".\Tic Tac Toe.rpt"
Deleting file ".\Tic Tac Toe_timing.html"
Deleting file ".\CortexM3\ARM_GCC_493\Debug\.deps\C_FILE.P"
Deleting file ".\CortexM3\ARM_GCC_493\Debug\.deps\ARM_C_FILE.P"
Deleting file ".\CortexM3\ARM_GCC_493\Debug\.deps\GNU_ARM_ASM_FILE.P"
cydsfit.exe -.appdatapath "C:\Users\Andrew\AppData\Local\Cypress Semiconductor\PSoC Creator\3.3" -.fdsnotice -.fdswarpdepfile=warp_dependencies.txt -.fdselabdepfile=elab_dependencies.txt -.fdsbldfile=generated_files.txt -p "C:\Users\Andrew\Dropbox (Personal)\MIT\MIT 2016 Spring\6115\Final Project\Code\VGA\Tic Tac Toe.cydsn\Tic Tac Toe.cyprj" -d CY8C5868AXI-LP035 -s "C:\Users\Andrew\Dropbox (Personal)\MIT\MIT 2016 Spring\6115\Final Project\Code\VGA\Tic Tac Toe.cydsn\Generated_Source\PSoC5" -- -yv2 -q10 -ygs -o2 -v3 -.fftcfgtype=LE
Elaborating Design...
HDL Generation ...
Synthesis ...
Place and Route ...
Tech mapping ...
Analog Placement ...
Analog Routing ...
Analog Code Generation ...
Digital Placement ...
Digital Routing ...
Bitstream Generation ...
Static timing analysis ...
API Generation ...
Dependency Generation ...
Clean Temporary Files ...
arm-none-eabi-gcc.exe -mcpu=cortex-m3 -mthumb -Wno-main -I. -IGenerated_Source\PSoC5 -Wa,-alh=.\CortexM3\ARM_GCC_493\Debug/main.lst -g -Wall -ffunction-sections -O0 -ffat-lto-objects -c .\main.c -o .\CortexM3\ARM_GCC_493\Debug\main.o
.\main.c: In function 'main':
.\main.c:43:9: warning: implicit declaration of function 'disper' [-Wimplicit-function-declaration]
         disper(0x30,0x00); //red black
         ^
.\main.c:44:9: warning: implicit declaration of function 'waiter' [-Wimplicit-function-declaration]
         waiter(10);
         ^
arm-none-eabi-gcc.exe -mcpu=cortex-m3 -mthumb -Wno-main -I. -IGenerated_Source\PSoC5 -Wa,-alh=.\CortexM3\ARM_GCC_493\Debug/disp.lst -g -Wall -ffunction-sections -O0 -ffat-lto-objects -c .\disp.c -o .\CortexM3\ARM_GCC_493\Debug\disp.o
arm-none-eabi-gcc.exe -mcpu=cortex-m3 -mthumb -Wno-main -I. -IGenerated_Source\PSoC5 -Wa,-alh=.\CortexM3\ARM_GCC_493\Debug/tic_tac_toe.lst -g -Wall -ffunction-sections -O0 -ffat-lto-objects -c .\tic_tac_toe.c -o .\CortexM3\ARM_GCC_493\Debug\tic_tac_toe.o
arm-none-eabi-gcc.exe -mcpu=cortex-m3 -mthumb -Wno-main -I. -IGenerated_Source\PSoC5 -Wa,-alh=.\CortexM3\ARM_GCC_493\Debug/tic_tac_ai.lst -g -Wall -ffunction-sections -O0 -ffat-lto-objects -c .\tic_tac_ai.c -o .\CortexM3\ARM_GCC_493\Debug\tic_tac_ai.o
arm-none-eabi-gcc.exe -mcpu=cortex-m3 -mthumb -Wno-main -I. -IGenerated_Source\PSoC5 -Wa,-alh=.\CortexM3\ARM_GCC_493\Debug/cyfitter_cfg.lst -g -Wall -ffunction-sections -O0 -ffat-lto-objects -c .\Generated_Source\PSoC5\cyfitter_cfg.c -o .\CortexM3\ARM_GCC_493\Debug\cyfitter_cfg.o
arm-none-eabi-gcc.exe -mcpu=cortex-m3 -mthumb -Wno-main -I. -IGenerated_Source\PSoC5 -Wa,-alh=.\CortexM3\ARM_GCC_493\Debug/Cm3Start.lst -g -Wall -ffunction-sections -O0 -ffat-lto-objects -c .\Generated_Source\PSoC5\Cm3Start.c -o .\CortexM3\ARM_GCC_493\Debug\Cm3Start.o
arm-none-eabi-as.exe -mcpu=cortex-m3 -mthumb -I. -IGenerated_Source\PSoC5 -alh=.\CortexM3\ARM_GCC_493\Debug/CyBootAsmGnu.lst -g -o .\CortexM3\ARM_GCC_493\Debug\CyBootAsmGnu.o .\Generated_Source\PSoC5\CyBootAsmGnu.s
arm-none-eabi-gcc.exe -mcpu=cortex-m3 -mthumb -Wno-main -I. -IGenerated_Source\PSoC5 -Wa,-alh=.\CortexM3\ARM_GCC_493\Debug/CyDmac.lst -g -Wall -ffunction-sections -O0 -ffat-lto-objects -c .\Generated_Source\PSoC5\CyDmac.c -o .\CortexM3\ARM_GCC_493\Debug\CyDmac.o
arm-none-eabi-gcc.exe -mcpu=cortex-m3 -mthumb -Wno-main -I. -IGenerated_Source\PSoC5 -Wa,-alh=.\CortexM3\ARM_GCC_493\Debug/CyFlash.lst -g -Wall -ffunction-sections -O0 -ffat-lto-objects -c .\Generated_Source\PSoC5\CyFlash.c -o .\CortexM3\ARM_GCC_493\Debug\CyFlash.o
arm-none-eabi-gcc.exe -mcpu=cortex-m3 -mthumb -Wno-main -I. -IGenerated_Source\PSoC5 -Wa,-alh=.\CortexM3\ARM_GCC_493\Debug/CyLib.lst -g -Wall -ffunction-sections -O0 -ffat-lto-objects -c .\Generated_Source\PSoC5\CyLib.c -o .\CortexM3\ARM_GCC_493\Debug\CyLib.o
arm-none-eabi-gcc.exe -mcpu=cortex-m3 -mthumb -Wno-main -I. -IGenerated_Source\PSoC5 -Wa,-alh=.\CortexM3\ARM_GCC_493\Debug/cyPm.lst -g -Wall -ffunction-sections -O0 -ffat-lto-objects -c .\Generated_Source\PSoC5\cyPm.c -o .\CortexM3\ARM_GCC_493\Debug\cyPm.o
arm-none-eabi-gcc.exe -mcpu=cortex-m3 -mthumb -Wno-main -I. -IGenerated_Source\PSoC5 -Wa,-alh=.\CortexM3\ARM_GCC_493\Debug/CySpc.lst -g -Wall -ffunction-sections -O0 -ffat-lto-objects -c .\Generated_Source\PSoC5\CySpc.c -o .\CortexM3\ARM_GCC_493\Debug\CySpc.o
arm-none-eabi-gcc.exe -mcpu=cortex-m3 -mthumb -Wno-main -I. -IGenerated_Source\PSoC5 -Wa,-alh=.\CortexM3\ARM_GCC_493\Debug/cyutils.lst -g -Wall -ffunction-sections -O0 -ffat-lto-objects -c .\Generated_Source\PSoC5\cyutils.c -o .\CortexM3\ARM_GCC_493\Debug\cyutils.o
arm-none-eabi-gcc.exe -mcpu=cortex-m3 -mthumb -Wno-main -I. -IGenerated_Source\PSoC5 -Wa,-alh=.\CortexM3\ARM_GCC_493\Debug/LCD.lst -g -Wall -ffunction-sections -O0 -ffat-lto-objects -c .\Generated_Source\PSoC5\LCD.c -o .\CortexM3\ARM_GCC_493\Debug\LCD.o
arm-none-eabi-gcc.exe -mcpu=cortex-m3 -mthumb -Wno-main -I. -IGenerated_Source\PSoC5 -Wa,-alh=.\CortexM3\ARM_GCC_493\Debug/LCD_PM.lst -g -Wall -ffunction-sections -O0 -ffat-lto-objects -c .\Generated_Source\PSoC5\LCD_PM.c -o .\CortexM3\ARM_GCC_493\Debug\LCD_PM.o
arm-none-eabi-gcc.exe -mcpu=cortex-m3 -mthumb -Wno-main -I. -IGenerated_Source\PSoC5 -Wa,-alh=.\CortexM3\ARM_GCC_493\Debug/LCD_LCDPort.lst -g -Wall -ffunction-sections -O0 -ffat-lto-objects -c .\Generated_Source\PSoC5\LCD_LCDPort.c -o .\CortexM3\ARM_GCC_493\Debug\LCD_LCDPort.o
arm-none-eabi-gcc.exe -mcpu=cortex-m3 -mthumb -Wno-main -I. -IGenerated_Source\PSoC5 -Wa,-alh=.\CortexM3\ARM_GCC_493\Debug/UART.lst -g -Wall -ffunction-sections -O0 -ffat-lto-objects -c .\Generated_Source\PSoC5\UART.c -o .\CortexM3\ARM_GCC_493\Debug\UART.o
arm-none-eabi-gcc.exe -mcpu=cortex-m3 -mthumb -Wno-main -I. -IGenerated_Source\PSoC5 -Wa,-alh=.\CortexM3\ARM_GCC_493\Debug/UART_PM.lst -g -Wall -ffunction-sections -O0 -ffat-lto-objects -c .\Generated_Source\PSoC5\UART_PM.c -o .\CortexM3\ARM_GCC_493\Debug\UART_PM.o
arm-none-eabi-gcc.exe -mcpu=cortex-m3 -mthumb -Wno-main -I. -IGenerated_Source\PSoC5 -Wa,-alh=.\CortexM3\ARM_GCC_493\Debug/UART_INT.lst -g -Wall -ffunction-sections -O0 -ffat-lto-objects -c .\Generated_Source\PSoC5\UART_INT.c -o .\CortexM3\ARM_GCC_493\Debug\UART_INT.o
arm-none-eabi-gcc.exe -mcpu=cortex-m3 -mthumb -Wno-main -I. -IGenerated_Source\PSoC5 -Wa,-alh=.\CortexM3\ARM_GCC_493\Debug/UART_BOOT.lst -g -Wall -ffunction-sections -O0 -ffat-lto-objects -c .\Generated_Source\PSoC5\UART_BOOT.c -o .\CortexM3\ARM_GCC_493\Debug\UART_BOOT.o
arm-none-eabi-gcc.exe -mcpu=cortex-m3 -mthumb -Wno-main -I. -IGenerated_Source\PSoC5 -Wa,-alh=.\CortexM3\ARM_GCC_493\Debug/tx_int.lst -g -Wall -ffunction-sections -O0 -ffat-lto-objects -c .\Generated_Source\PSoC5\tx_int.c -o .\CortexM3\ARM_GCC_493\Debug\tx_int.o
arm-none-eabi-gcc.exe -mcpu=cortex-m3 -mthumb -Wno-main -I. -IGenerated_Source\PSoC5 -Wa,-alh=.\CortexM3\ARM_GCC_493\Debug/rx_int.lst -g -Wall -ffunction-sections -O0 -ffat-lto-objects -c .\Generated_Source\PSoC5\rx_int.c -o .\CortexM3\ARM_GCC_493\Debug\rx_int.o
arm-none-eabi-gcc.exe -mcpu=cortex-m3 -mthumb -Wno-main -I. -IGenerated_Source\PSoC5 -Wa,-alh=.\CortexM3\ARM_GCC_493\Debug/TX.lst -g -Wall -ffunction-sections -O0 -ffat-lto-objects -c .\Generated_Source\PSoC5\TX.c -o .\CortexM3\ARM_GCC_493\Debug\TX.o
arm-none-eabi-gcc.exe -mcpu=cortex-m3 -mthumb -Wno-main -I. -IGenerated_Source\PSoC5 -Wa,-alh=.\CortexM3\ARM_GCC_493\Debug/cymetadata.lst -g -Wall -ffunction-sections -O0 -ffat-lto-objects -c .\Generated_Source\PSoC5\cymetadata.c -o .\CortexM3\ARM_GCC_493\Debug\cymetadata.o
arm-none-eabi-gcc.exe -mcpu=cortex-m3 -mthumb -Wno-main -I. -IGenerated_Source\PSoC5 -Wa,-alh=.\CortexM3\ARM_GCC_493\Debug/UART_IntClock.lst -g -Wall -ffunction-sections -O0 -ffat-lto-objects -c .\Generated_Source\PSoC5\UART_IntClock.c -o .\CortexM3\ARM_GCC_493\Debug\UART_IntClock.o
arm-none-eabi-ar.exe -rs ".\CortexM3\ARM_GCC_493\Debug\Tic Tac Toe.a" .\CortexM3\ARM_GCC_493\Debug\cyfitter_cfg.o .\CortexM3\ARM_GCC_493\Debug\CyBootAsmGnu.o .\CortexM3\ARM_GCC_493\Debug\CyDmac.o .\CortexM3\ARM_GCC_493\Debug\CyFlash.o .\CortexM3\ARM_GCC_493\Debug\CyLib.o .\CortexM3\ARM_GCC_493\Debug\cyPm.o .\CortexM3\ARM_GCC_493\Debug\CySpc.o .\CortexM3\ARM_GCC_493\Debug\cyutils.o .\CortexM3\ARM_GCC_493\Debug\LCD.o .\CortexM3\ARM_GCC_493\Debug\LCD_PM.o .\CortexM3\ARM_GCC_493\Debug\LCD_LCDPort.o .\CortexM3\ARM_GCC_493\Debug\UART.o .\CortexM3\ARM_GCC_493\Debug\UART_PM.o .\CortexM3\ARM_GCC_493\Debug\UART_INT.o .\CortexM3\ARM_GCC_493\Debug\UART_BOOT.o .\CortexM3\ARM_GCC_493\Debug\tx_int.o .\CortexM3\ARM_GCC_493\Debug\rx_int.o .\CortexM3\ARM_GCC_493\Debug\TX.o .\CortexM3\ARM_GCC_493\Debug\UART_IntClock.o
arm-none-eabi-ar.exe: creating .\CortexM3\ARM_GCC_493\Debug\Tic Tac Toe.a
arm-none-eabi-gcc.exe -Wl,--start-group -o ".\CortexM3\ARM_GCC_493\Debug\Tic Tac Toe.elf" .\CortexM3\ARM_GCC_493\Debug\main.o .\CortexM3\ARM_GCC_493\Debug\disp.o .\CortexM3\ARM_GCC_493\Debug\tic_tac_toe.o .\CortexM3\ARM_GCC_493\Debug\tic_tac_ai.o .\CortexM3\ARM_GCC_493\Debug\Cm3Start.o .\CortexM3\ARM_GCC_493\Debug\cymetadata.o ".\CortexM3\ARM_GCC_493\Debug\Tic Tac Toe.a" "C:\Program Files (x86)\Cypress\PSoC Creator\3.3\PSoC Creator\psoc\content\cycomponentlibrary\CyComponentLibrary.cylib\CortexM3\ARM_GCC_493\Debug\CyComponentLibrary.a" -mcpu=cortex-m3 -mthumb -g -ffunction-sections -O0 -L Generated_Source\PSoC5 "-Wl,-Map,.\CortexM3\ARM_GCC_493\Debug/Tic Tac Toe.map" -T Generated_Source\PSoC5\cm3gcc.ld -specs=nano.specs -Wl,--gc-sections -Wl,--end-group
cyelftool.exe -C "C:\Users\Andrew\Dropbox (Personal)\MIT\MIT 2016 Spring\6115\Final Project\Code\VGA\Tic Tac Toe.cydsn\CortexM3\ARM_GCC_493\Debug\Tic Tac Toe.elf" --flash_row_size 256 --flash_size 262144
cyelftool.exe -S "C:\Users\Andrew\Dropbox (Personal)\MIT\MIT 2016 Spring\6115\Final Project\Code\VGA\Tic Tac Toe.cydsn\CortexM3\ARM_GCC_493\Debug\Tic Tac Toe.elf"
Flash used: 3072 of 262144 bytes (1,2 %).
SRAM used: 20797 of 65536 bytes (31,7 %). Stack: 16384 bytes. Heap: 4096 bytes.
--------------- Rebuild Succeeded: 04/29/2016 00:29:04 ---------------
