ARM GAS  C:\Users\Andrew\AppData\Local\Temp\ccIqakrc.s 			page 1


   1              		.syntax unified
   2              		.cpu cortex-m3
   3              		.fpu softvfp
   4              		.eabi_attribute 20, 1
   5              		.eabi_attribute 21, 1
   6              		.eabi_attribute 23, 3
   7              		.eabi_attribute 24, 1
   8              		.eabi_attribute 25, 1
   9              		.eabi_attribute 26, 1
  10              		.eabi_attribute 30, 6
  11              		.eabi_attribute 34, 1
  12              		.eabi_attribute 18, 4
  13              		.thumb
  14              		.file	"tic_tac_ai.c"
  15              		.text
  16              	.Ltext0:
  17              		.cfi_sections	.debug_frame
  18              	.Letext0:
  19              		.section	.debug_line,"",%progbits
  20              	.Ldebug_line0:
  21              		.section	.debug_str,"MS",%progbits,1
  22              	.LASF0:
  23 0000 474E5520 		.ascii	"GNU C 4.9.3 20150303 (release) [ARM/embedded-4_9-br"
  23      4320342E 
  23      392E3320 
  23      32303135 
  23      30333033 
  24 0033 616E6368 		.ascii	"anch revision 221220] -mcpu=cortex-m3 -mthumb -g -O"
  24      20726576 
  24      6973696F 
  24      6E203232 
  24      31323230 
  25 0066 30202D66 		.ascii	"0 -ffunction-sections -ffat-lto-objects\000"
  25      66756E63 
  25      74696F6E 
  25      2D736563 
  25      74696F6E 
  26              	.LASF1:
  27 008e 2E5C7469 		.ascii	".\\tic_tac_ai.c\000"
  27      635F7461 
  27      635F6169 
  27      2E6300
  28              	.LASF2:
  29 009d 433A5C55 		.ascii	"C:\\Users\\Andrew\\Dropbox (Personal)\\MIT\\MIT 201"
  29      73657273 
  29      5C416E64 
  29      7265775C 
  29      44726F70 
  30 00cb 36205370 		.ascii	"6 Spring\\6115\\Final Project\\Code\\VGA\\Tic Tac T"
  30      72696E67 
  30      5C363131 
  30      355C4669 
  30      6E616C20 
  31 00f9 6F652E63 		.ascii	"oe.cydsn\000"
  31      7964736E 
  31      00
  32              		.ident	"GCC: (GNU Tools for ARM Embedded Processors) 4.9.3 20150303 (release) [ARM/embedded-4_9-br
ARM GAS  C:\Users\Andrew\AppData\Local\Temp\ccIqakrc.s 			page 2


