ARM GAS  C:\Users\Andrew\AppData\Local\Temp\cc7EeS44.s 			page 1


   1              		.syntax unified
   2              		.cpu cortex-m3
   3              		.fpu softvfp
   4              		.eabi_attribute 20, 1
   5              		.eabi_attribute 21, 1
   6              		.eabi_attribute 23, 3
   7              		.eabi_attribute 24, 1
   8              		.eabi_attribute 25, 1
   9              		.eabi_attribute 26, 1
  10              		.eabi_attribute 30, 6
  11              		.eabi_attribute 34, 1
  12              		.eabi_attribute 18, 4
  13              		.thumb
  14              		.file	"main.c"
  15              		.text
  16              	.Ltext0:
  17              		.cfi_sections	.debug_frame
  18              		.section	.text.wait,"ax",%progbits
  19              		.align	2
  20              		.global	wait
  21              		.thumb
  22              		.thumb_func
  23              		.type	wait, %function
  24              	wait:
  25              	.LFB63:
  26              		.file 1 ".\\main.c"
   1:.\main.c      **** /* ========================================
   2:.\main.c      ****  *
   3:.\main.c      ****  * Copyright Andrew MIT 6.115, 2016
   4:.\main.c      ****  * All Rights Reserved
   5:.\main.c      ****  * UNPUBLISHED, LICENSED SOFTWARE.
   6:.\main.c      ****  *
   7:.\main.c      ****  * CONFIDENTIAL AND PROPRIETARY INFORMATION
   8:.\main.c      ****  * WHICH IS THE PROPERTY OF MIT 6.115.
   9:.\main.c      ****  *
  10:.\main.c      ****  * This file is necessary for your project to build.
  11:.\main.c      ****  * Please do not delete it.
  12:.\main.c      ****  *
  13:.\main.c      ****  * ========================================
  14:.\main.c      **** */
  15:.\main.c      **** 
  16:.\main.c      **** #include <device.h>
  17:.\main.c      **** 
  18:.\main.c      **** //CY_ISR(RX_INT)
  19:.\main.c      **** //{
  20:.\main.c      **** //    LCD_PutChar(UART_ReadRxData());     // RX ISR
  21:.\main.c      **** //}
  22:.\main.c      **** 
  23:.\main.c      **** #include <unistd.h>
  24:.\main.c      **** 
  25:.\main.c      **** void wait( int seconds )
  26:.\main.c      **** {   // Pretty crossplatform, both ALL POSIX compliant systems AND Windows
  27              		.loc 1 26 0
  28              		.cfi_startproc
  29              		@ args = 0, pretend = 0, frame = 16
  30              		@ frame_needed = 1, uses_anonymous_args = 0
  31              		@ link register save eliminated.
ARM GAS  C:\Users\Andrew\AppData\Local\Temp\cc7EeS44.s 			page 2


  32 0000 80B4     		push	{r7}
  33              		.cfi_def_cfa_offset 4
  34              		.cfi_offset 7, -4
  35 0002 85B0     		sub	sp, sp, #20
  36              		.cfi_def_cfa_offset 24
  37 0004 00AF     		add	r7, sp, #0
  38              		.cfi_def_cfa_register 7
  39 0006 7860     		str	r0, [r7, #4]
  27:.\main.c      ****     int i,j;
  28:.\main.c      ****     for (i = 0; i < seconds*1000; i++){
  40              		.loc 1 28 0
  41 0008 0023     		movs	r3, #0
  42 000a FB60     		str	r3, [r7, #12]
  43 000c 10E0     		b	.L2
  44              	.L5:
  29:.\main.c      ****         for (j = 0; j < seconds*1000; j++){
  45              		.loc 1 29 0
  46 000e 0023     		movs	r3, #0
  47 0010 BB60     		str	r3, [r7, #8]
  48 0012 02E0     		b	.L3
  49              	.L4:
  50              		.loc 1 29 0 is_stmt 0 discriminator 3
  51 0014 BB68     		ldr	r3, [r7, #8]
  52 0016 0133     		adds	r3, r3, #1
  53 0018 BB60     		str	r3, [r7, #8]
  54              	.L3:
  55              		.loc 1 29 0 discriminator 1
  56 001a 7B68     		ldr	r3, [r7, #4]
  57 001c 4FF47A72 		mov	r2, #1000
  58 0020 02FB03F2 		mul	r2, r2, r3
  59 0024 BB68     		ldr	r3, [r7, #8]
  60 0026 9A42     		cmp	r2, r3
  61 0028 F4DC     		bgt	.L4
  28:.\main.c      ****         for (j = 0; j < seconds*1000; j++){
  62              		.loc 1 28 0 is_stmt 1 discriminator 2
  63 002a FB68     		ldr	r3, [r7, #12]
  64 002c 0133     		adds	r3, r3, #1
  65 002e FB60     		str	r3, [r7, #12]
  66              	.L2:
  28:.\main.c      ****         for (j = 0; j < seconds*1000; j++){
  67              		.loc 1 28 0 is_stmt 0 discriminator 1
  68 0030 7B68     		ldr	r3, [r7, #4]
  69 0032 4FF47A72 		mov	r2, #1000
  70 0036 02FB03F2 		mul	r2, r2, r3
  71 003a FB68     		ldr	r3, [r7, #12]
  72 003c 9A42     		cmp	r2, r3
  73 003e E6DC     		bgt	.L5
  30:.\main.c      ****         }
  31:.\main.c      ****     }
  32:.\main.c      **** }
  74              		.loc 1 32 0 is_stmt 1
  75 0040 1437     		adds	r7, r7, #20
  76              		.cfi_def_cfa_offset 4
  77 0042 BD46     		mov	sp, r7
  78              		.cfi_def_cfa_register 13
  79              		@ sp needed
  80 0044 5DF8047B 		ldr	r7, [sp], #4
ARM GAS  C:\Users\Andrew\AppData\Local\Temp\cc7EeS44.s 			page 3


  81              		.cfi_restore 7
  82              		.cfi_def_cfa_offset 0
  83 0048 7047     		bx	lr
  84              		.cfi_endproc
  85              	.LFE63:
  86              		.size	wait, .-wait
  87 004a 00BF     		.section	.text.disp,"ax",%progbits
  88              		.align	2
  89              		.global	disp
  90              		.thumb
  91              		.thumb_func
  92              		.type	disp, %function
  93              	disp:
  94              	.LFB64:
  33:.\main.c      **** 
  34:.\main.c      **** void disp(uint8 colorA, uint8 colorB){
  95              		.loc 1 34 0
  96              		.cfi_startproc
  97              		@ args = 0, pretend = 0, frame = 16
  98              		@ frame_needed = 1, uses_anonymous_args = 0
  99 0000 80B5     		push	{r7, lr}
 100              		.cfi_def_cfa_offset 8
 101              		.cfi_offset 7, -8
 102              		.cfi_offset 14, -4
 103 0002 84B0     		sub	sp, sp, #16
 104              		.cfi_def_cfa_offset 24
 105 0004 00AF     		add	r7, sp, #0
 106              		.cfi_def_cfa_register 7
 107 0006 0346     		mov	r3, r0
 108 0008 0A46     		mov	r2, r1
 109 000a FB71     		strb	r3, [r7, #7]
 110 000c 1346     		mov	r3, r2
 111 000e BB71     		strb	r3, [r7, #6]
  35:.\main.c      ****     int row,col;
  36:.\main.c      ****     for (row = 0; row < 32; row++){
 112              		.loc 1 36 0
 113 0010 0023     		movs	r3, #0
 114 0012 FB60     		str	r3, [r7, #12]
 115 0014 13E0     		b	.L7
 116              	.L10:
  37:.\main.c      ****         for (col = 0; col < 12; col++){
 117              		.loc 1 37 0
 118 0016 0023     		movs	r3, #0
 119 0018 BB60     		str	r3, [r7, #8]
 120 001a 0AE0     		b	.L8
 121              	.L9:
  38:.\main.c      ****             UART_PutChar(colorA); // red
 122              		.loc 1 38 0 discriminator 3
 123 001c FB79     		ldrb	r3, [r7, #7]	@ zero_extendqisi2
 124 001e 1846     		mov	r0, r3
 125 0020 FFF7FEFF 		bl	UART_PutChar
  39:.\main.c      ****             UART_PutChar(colorB); // green
 126              		.loc 1 39 0 discriminator 3
 127 0024 BB79     		ldrb	r3, [r7, #6]	@ zero_extendqisi2
 128 0026 1846     		mov	r0, r3
 129 0028 FFF7FEFF 		bl	UART_PutChar
  37:.\main.c      ****         for (col = 0; col < 12; col++){
ARM GAS  C:\Users\Andrew\AppData\Local\Temp\cc7EeS44.s 			page 4


 130              		.loc 1 37 0 discriminator 3
 131 002c BB68     		ldr	r3, [r7, #8]
 132 002e 0133     		adds	r3, r3, #1
 133 0030 BB60     		str	r3, [r7, #8]
 134              	.L8:
  37:.\main.c      ****         for (col = 0; col < 12; col++){
 135              		.loc 1 37 0 is_stmt 0 discriminator 1
 136 0032 BB68     		ldr	r3, [r7, #8]
 137 0034 0B2B     		cmp	r3, #11
 138 0036 F1DD     		ble	.L9
  36:.\main.c      ****         for (col = 0; col < 12; col++){
 139              		.loc 1 36 0 is_stmt 1 discriminator 2
 140 0038 FB68     		ldr	r3, [r7, #12]
 141 003a 0133     		adds	r3, r3, #1
 142 003c FB60     		str	r3, [r7, #12]
 143              	.L7:
  36:.\main.c      ****         for (col = 0; col < 12; col++){
 144              		.loc 1 36 0 is_stmt 0 discriminator 1
 145 003e FB68     		ldr	r3, [r7, #12]
 146 0040 1F2B     		cmp	r3, #31
 147 0042 E8DD     		ble	.L10
  40:.\main.c      ****         }
  41:.\main.c      ****     }    
  42:.\main.c      **** }
 148              		.loc 1 42 0 is_stmt 1
 149 0044 1037     		adds	r7, r7, #16
 150              		.cfi_def_cfa_offset 8
 151 0046 BD46     		mov	sp, r7
 152              		.cfi_def_cfa_register 13
 153              		@ sp needed
 154 0048 80BD     		pop	{r7, pc}
 155              		.cfi_endproc
 156              	.LFE64:
 157              		.size	disp, .-disp
 158 004a 00BF     		.section	.text.main,"ax",%progbits
 159              		.align	2
 160              		.global	main
 161              		.thumb
 162              		.thumb_func
 163              		.type	main, %function
 164              	main:
 165              	.LFB65:
  43:.\main.c      **** 
  44:.\main.c      **** void main()
  45:.\main.c      **** {	
 166              		.loc 1 45 0
 167              		.cfi_startproc
 168              		@ args = 0, pretend = 0, frame = 8
 169              		@ frame_needed = 1, uses_anonymous_args = 0
 170 0000 80B5     		push	{r7, lr}
 171              		.cfi_def_cfa_offset 8
 172              		.cfi_offset 7, -8
 173              		.cfi_offset 14, -4
 174 0002 82B0     		sub	sp, sp, #8
 175              		.cfi_def_cfa_offset 16
 176 0004 00AF     		add	r7, sp, #0
 177              		.cfi_def_cfa_register 7
ARM GAS  C:\Users\Andrew\AppData\Local\Temp\cc7EeS44.s 			page 5


  46:.\main.c      **** 	LCD_Start();					    // initialize lcd
 178              		.loc 1 46 0
 179 0006 FFF7FEFF 		bl	LCD_Start
  47:.\main.c      **** 	LCD_ClearDisplay();
 180              		.loc 1 47 0
 181 000a 0120     		movs	r0, #1
 182 000c FFF7FEFF 		bl	LCD_WriteControl
  48:.\main.c      ****     
  49:.\main.c      ****     //CyGlobalIntEnable;
  50:.\main.c      ****     //rx_int_StartEx(RX_INT);             // start RX interrupt (look for CY_ISR with RX_INT addres
  51:.\main.c      ****                                         // for code that writes received bytes to LCD.
  52:.\main.c      ****     
  53:.\main.c      ****     UART_Start();                       // initialize UART
 183              		.loc 1 53 0
 184 0010 FFF7FEFF 		bl	UART_Start
  54:.\main.c      ****     //UART_ClearRxBuffer();
  55:.\main.c      ****     
  56:.\main.c      ****     LCD_PutChar(0x35); //print a 5
 185              		.loc 1 56 0
 186 0014 3520     		movs	r0, #53
 187 0016 FFF7FEFF 		bl	LCD_PutChar
  57:.\main.c      ****    
  58:.\main.c      ****     
  59:.\main.c      ****     int i;
  60:.\main.c      ****     UART_PutChar(0x81); // init connection; set to 16x12 image 
 188              		.loc 1 60 0
 189 001a 8120     		movs	r0, #129
 190 001c FFF7FEFF 		bl	UART_PutChar
  61:.\main.c      ****     for (i = 0; i < 5; i++){
 191              		.loc 1 61 0
 192 0020 0023     		movs	r3, #0
 193 0022 7B60     		str	r3, [r7, #4]
 194 0024 10E0     		b	.L12
 195              	.L13:
  62:.\main.c      ****         disp(0x30,0x00); //red black
 196              		.loc 1 62 0 discriminator 3
 197 0026 3020     		movs	r0, #48
 198 0028 0021     		movs	r1, #0
 199 002a FFF7FEFF 		bl	disp
  63:.\main.c      ****         wait(1);
 200              		.loc 1 63 0 discriminator 3
 201 002e 0120     		movs	r0, #1
 202 0030 FFF7FEFF 		bl	wait
  64:.\main.c      ****         disp(0x30,0x0c); //red green
 203              		.loc 1 64 0 discriminator 3
 204 0034 3020     		movs	r0, #48
 205 0036 0C21     		movs	r1, #12
 206 0038 FFF7FEFF 		bl	disp
  65:.\main.c      ****         wait(1);
 207              		.loc 1 65 0 discriminator 3
 208 003c 0120     		movs	r0, #1
 209 003e FFF7FEFF 		bl	wait
  61:.\main.c      ****         disp(0x30,0x00); //red black
 210              		.loc 1 61 0 discriminator 3
 211 0042 7B68     		ldr	r3, [r7, #4]
 212 0044 0133     		adds	r3, r3, #1
 213 0046 7B60     		str	r3, [r7, #4]
ARM GAS  C:\Users\Andrew\AppData\Local\Temp\cc7EeS44.s 			page 6


 214              	.L12:
  61:.\main.c      ****         disp(0x30,0x00); //red black
 215              		.loc 1 61 0 is_stmt 0 discriminator 1
 216 0048 7B68     		ldr	r3, [r7, #4]
 217 004a 042B     		cmp	r3, #4
 218 004c EBDD     		ble	.L13
  66:.\main.c      ****     }
  67:.\main.c      ****     
  68:.\main.c      ****     LCD_PutChar(0x35); //print a 5
 219              		.loc 1 68 0 is_stmt 1
 220 004e 3520     		movs	r0, #53
 221 0050 FFF7FEFF 		bl	LCD_PutChar
 222              	.L14:
  69:.\main.c      ****     
  70:.\main.c      ****     
  71:.\main.c      **** 
  72:.\main.c      ****     for(;;)
  73:.\main.c      ****     {}
 223              		.loc 1 73 0 discriminator 1
 224 0054 FEE7     		b	.L14
 225              		.cfi_endproc
 226              	.LFE65:
 227              		.size	main, .-main
 228 0056 00BF     		.text
 229              	.Letext0:
 230              		.file 2 "c:\\program files (x86)\\cypress\\psoc creator\\3.3\\psoc creator\\import\\gnu\\arm\\4.9.
 231              		.file 3 "c:\\program files (x86)\\cypress\\psoc creator\\3.3\\psoc creator\\import\\gnu\\arm\\4.9.
 232              		.file 4 "Generated_Source\\PSoC5/cytypes.h"
 233              		.file 5 "Generated_Source\\PSoC5/core_cm3.h"
 234              		.section	.debug_info,"",%progbits
 235              	.Ldebug_info0:
 236 0000 63010000 		.4byte	0x163
 237 0004 0400     		.2byte	0x4
 238 0006 00000000 		.4byte	.Ldebug_abbrev0
 239 000a 04       		.byte	0x4
 240 000b 01       		.uleb128 0x1
 241 000c 0A000000 		.4byte	.LASF21
 242 0010 01       		.byte	0x1
 243 0011 AC000000 		.4byte	.LASF22
 244 0015 F8000000 		.4byte	.LASF23
 245 0019 00000000 		.4byte	.Ldebug_ranges0+0
 246 001d 00000000 		.4byte	0
 247 0021 00000000 		.4byte	.Ldebug_line0
 248 0025 02       		.uleb128 0x2
 249 0026 01       		.byte	0x1
 250 0027 06       		.byte	0x6
 251 0028 D9010000 		.4byte	.LASF0
 252 002c 02       		.uleb128 0x2
 253 002d 01       		.byte	0x1
 254 002e 08       		.byte	0x8
 255 002f 9E000000 		.4byte	.LASF1
 256 0033 02       		.uleb128 0x2
 257 0034 02       		.byte	0x2
 258 0035 05       		.byte	0x5
 259 0036 C0010000 		.4byte	.LASF2
 260 003a 02       		.uleb128 0x2
 261 003b 02       		.byte	0x2
ARM GAS  C:\Users\Andrew\AppData\Local\Temp\cc7EeS44.s 			page 7


 262 003c 07       		.byte	0x7
 263 003d C7000000 		.4byte	.LASF3
 264 0041 03       		.uleb128 0x3
 265 0042 00000000 		.4byte	.LASF9
 266 0046 02       		.byte	0x2
 267 0047 3F       		.byte	0x3f
 268 0048 4C000000 		.4byte	0x4c
 269 004c 02       		.uleb128 0x2
 270 004d 04       		.byte	0x4
 271 004e 05       		.byte	0x5
 272 004f D0010000 		.4byte	.LASF4
 273 0053 02       		.uleb128 0x2
 274 0054 04       		.byte	0x4
 275 0055 07       		.byte	0x7
 276 0056 B5000000 		.4byte	.LASF5
 277 005a 02       		.uleb128 0x2
 278 005b 08       		.byte	0x8
 279 005c 05       		.byte	0x5
 280 005d A5010000 		.4byte	.LASF6
 281 0061 02       		.uleb128 0x2
 282 0062 08       		.byte	0x8
 283 0063 07       		.byte	0x7
 284 0064 78010000 		.4byte	.LASF7
 285 0068 04       		.uleb128 0x4
 286 0069 04       		.byte	0x4
 287 006a 05       		.byte	0x5
 288 006b 696E7400 		.ascii	"int\000"
 289 006f 02       		.uleb128 0x2
 290 0070 04       		.byte	0x4
 291 0071 07       		.byte	0x7
 292 0072 5D010000 		.4byte	.LASF8
 293 0076 03       		.uleb128 0x3
 294 0077 94010000 		.4byte	.LASF10
 295 007b 03       		.byte	0x3
 296 007c 2C       		.byte	0x2c
 297 007d 41000000 		.4byte	0x41
 298 0081 05       		.uleb128 0x5
 299 0082 CA010000 		.4byte	.LASF11
 300 0086 04       		.byte	0x4
 301 0087 3801     		.2byte	0x138
 302 0089 2C000000 		.4byte	0x2c
 303 008d 02       		.uleb128 0x2
 304 008e 04       		.byte	0x4
 305 008f 04       		.byte	0x4
 306 0090 98000000 		.4byte	.LASF12
 307 0094 02       		.uleb128 0x2
 308 0095 08       		.byte	0x8
 309 0096 04       		.byte	0x4
 310 0097 E7000000 		.4byte	.LASF13
 311 009b 02       		.uleb128 0x2
 312 009c 01       		.byte	0x1
 313 009d 08       		.byte	0x8
 314 009e BB010000 		.4byte	.LASF14
 315 00a2 02       		.uleb128 0x2
 316 00a3 04       		.byte	0x4
 317 00a4 07       		.byte	0x7
 318 00a5 9C010000 		.4byte	.LASF15
ARM GAS  C:\Users\Andrew\AppData\Local\Temp\cc7EeS44.s 			page 8


 319 00a9 06       		.uleb128 0x6
 320 00aa F3000000 		.4byte	.LASF16
 321 00ae 01       		.byte	0x1
 322 00af 19       		.byte	0x19
 323 00b0 00000000 		.4byte	.LFB63
 324 00b4 4A000000 		.4byte	.LFE63-.LFB63
 325 00b8 01       		.uleb128 0x1
 326 00b9 9C       		.byte	0x9c
 327 00ba E5000000 		.4byte	0xe5
 328 00be 07       		.uleb128 0x7
 329 00bf B3010000 		.4byte	.LASF18
 330 00c3 01       		.byte	0x1
 331 00c4 19       		.byte	0x19
 332 00c5 68000000 		.4byte	0x68
 333 00c9 02       		.uleb128 0x2
 334 00ca 91       		.byte	0x91
 335 00cb 6C       		.sleb128 -20
 336 00cc 08       		.uleb128 0x8
 337 00cd 6900     		.ascii	"i\000"
 338 00cf 01       		.byte	0x1
 339 00d0 1B       		.byte	0x1b
 340 00d1 68000000 		.4byte	0x68
 341 00d5 02       		.uleb128 0x2
 342 00d6 91       		.byte	0x91
 343 00d7 74       		.sleb128 -12
 344 00d8 08       		.uleb128 0x8
 345 00d9 6A00     		.ascii	"j\000"
 346 00db 01       		.byte	0x1
 347 00dc 1B       		.byte	0x1b
 348 00dd 68000000 		.4byte	0x68
 349 00e1 02       		.uleb128 0x2
 350 00e2 91       		.byte	0x91
 351 00e3 70       		.sleb128 -16
 352 00e4 00       		.byte	0
 353 00e5 09       		.uleb128 0x9
 354 00e6 8F010000 		.4byte	.LASF17
 355 00ea 01       		.byte	0x1
 356 00eb 22       		.byte	0x22
 357 00ec 00000000 		.4byte	.LFB64
 358 00f0 4A000000 		.4byte	.LFE64-.LFB64
 359 00f4 01       		.uleb128 0x1
 360 00f5 9C       		.byte	0x9c
 361 00f6 33010000 		.4byte	0x133
 362 00fa 07       		.uleb128 0x7
 363 00fb 6A010000 		.4byte	.LASF19
 364 00ff 01       		.byte	0x1
 365 0100 22       		.byte	0x22
 366 0101 81000000 		.4byte	0x81
 367 0105 02       		.uleb128 0x2
 368 0106 91       		.byte	0x91
 369 0107 6F       		.sleb128 -17
 370 0108 07       		.uleb128 0x7
 371 0109 71010000 		.4byte	.LASF20
 372 010d 01       		.byte	0x1
 373 010e 22       		.byte	0x22
 374 010f 81000000 		.4byte	0x81
 375 0113 02       		.uleb128 0x2
ARM GAS  C:\Users\Andrew\AppData\Local\Temp\cc7EeS44.s 			page 9


 376 0114 91       		.byte	0x91
 377 0115 6E       		.sleb128 -18
 378 0116 08       		.uleb128 0x8
 379 0117 726F7700 		.ascii	"row\000"
 380 011b 01       		.byte	0x1
 381 011c 23       		.byte	0x23
 382 011d 68000000 		.4byte	0x68
 383 0121 02       		.uleb128 0x2
 384 0122 91       		.byte	0x91
 385 0123 74       		.sleb128 -12
 386 0124 08       		.uleb128 0x8
 387 0125 636F6C00 		.ascii	"col\000"
 388 0129 01       		.byte	0x1
 389 012a 23       		.byte	0x23
 390 012b 68000000 		.4byte	0x68
 391 012f 02       		.uleb128 0x2
 392 0130 91       		.byte	0x91
 393 0131 70       		.sleb128 -16
 394 0132 00       		.byte	0
 395 0133 0A       		.uleb128 0xa
 396 0134 EE000000 		.4byte	.LASF24
 397 0138 01       		.byte	0x1
 398 0139 2C       		.byte	0x2c
 399 013a 00000000 		.4byte	.LFB65
 400 013e 56000000 		.4byte	.LFE65-.LFB65
 401 0142 01       		.uleb128 0x1
 402 0143 9C       		.byte	0x9c
 403 0144 55010000 		.4byte	0x155
 404 0148 08       		.uleb128 0x8
 405 0149 6900     		.ascii	"i\000"
 406 014b 01       		.byte	0x1
 407 014c 3B       		.byte	0x3b
 408 014d 68000000 		.4byte	0x68
 409 0151 02       		.uleb128 0x2
 410 0152 91       		.byte	0x91
 411 0153 74       		.sleb128 -12
 412 0154 00       		.byte	0
 413 0155 0B       		.uleb128 0xb
 414 0156 DA000000 		.4byte	.LASF25
 415 015a 05       		.byte	0x5
 416 015b 5506     		.2byte	0x655
 417 015d 61010000 		.4byte	0x161
 418 0161 0C       		.uleb128 0xc
 419 0162 76000000 		.4byte	0x76
 420 0166 00       		.byte	0
 421              		.section	.debug_abbrev,"",%progbits
 422              	.Ldebug_abbrev0:
 423 0000 01       		.uleb128 0x1
 424 0001 11       		.uleb128 0x11
 425 0002 01       		.byte	0x1
 426 0003 25       		.uleb128 0x25
 427 0004 0E       		.uleb128 0xe
 428 0005 13       		.uleb128 0x13
 429 0006 0B       		.uleb128 0xb
 430 0007 03       		.uleb128 0x3
 431 0008 0E       		.uleb128 0xe
 432 0009 1B       		.uleb128 0x1b
ARM GAS  C:\Users\Andrew\AppData\Local\Temp\cc7EeS44.s 			page 10


 433 000a 0E       		.uleb128 0xe
 434 000b 55       		.uleb128 0x55
 435 000c 17       		.uleb128 0x17
 436 000d 11       		.uleb128 0x11
 437 000e 01       		.uleb128 0x1
 438 000f 10       		.uleb128 0x10
 439 0010 17       		.uleb128 0x17
 440 0011 00       		.byte	0
 441 0012 00       		.byte	0
 442 0013 02       		.uleb128 0x2
 443 0014 24       		.uleb128 0x24
 444 0015 00       		.byte	0
 445 0016 0B       		.uleb128 0xb
 446 0017 0B       		.uleb128 0xb
 447 0018 3E       		.uleb128 0x3e
 448 0019 0B       		.uleb128 0xb
 449 001a 03       		.uleb128 0x3
 450 001b 0E       		.uleb128 0xe
 451 001c 00       		.byte	0
 452 001d 00       		.byte	0
 453 001e 03       		.uleb128 0x3
 454 001f 16       		.uleb128 0x16
 455 0020 00       		.byte	0
 456 0021 03       		.uleb128 0x3
 457 0022 0E       		.uleb128 0xe
 458 0023 3A       		.uleb128 0x3a
 459 0024 0B       		.uleb128 0xb
 460 0025 3B       		.uleb128 0x3b
 461 0026 0B       		.uleb128 0xb
 462 0027 49       		.uleb128 0x49
 463 0028 13       		.uleb128 0x13
 464 0029 00       		.byte	0
 465 002a 00       		.byte	0
 466 002b 04       		.uleb128 0x4
 467 002c 24       		.uleb128 0x24
 468 002d 00       		.byte	0
 469 002e 0B       		.uleb128 0xb
 470 002f 0B       		.uleb128 0xb
 471 0030 3E       		.uleb128 0x3e
 472 0031 0B       		.uleb128 0xb
 473 0032 03       		.uleb128 0x3
 474 0033 08       		.uleb128 0x8
 475 0034 00       		.byte	0
 476 0035 00       		.byte	0
 477 0036 05       		.uleb128 0x5
 478 0037 16       		.uleb128 0x16
 479 0038 00       		.byte	0
 480 0039 03       		.uleb128 0x3
 481 003a 0E       		.uleb128 0xe
 482 003b 3A       		.uleb128 0x3a
 483 003c 0B       		.uleb128 0xb
 484 003d 3B       		.uleb128 0x3b
 485 003e 05       		.uleb128 0x5
 486 003f 49       		.uleb128 0x49
 487 0040 13       		.uleb128 0x13
 488 0041 00       		.byte	0
 489 0042 00       		.byte	0
ARM GAS  C:\Users\Andrew\AppData\Local\Temp\cc7EeS44.s 			page 11


 490 0043 06       		.uleb128 0x6
 491 0044 2E       		.uleb128 0x2e
 492 0045 01       		.byte	0x1
 493 0046 3F       		.uleb128 0x3f
 494 0047 19       		.uleb128 0x19
 495 0048 03       		.uleb128 0x3
 496 0049 0E       		.uleb128 0xe
 497 004a 3A       		.uleb128 0x3a
 498 004b 0B       		.uleb128 0xb
 499 004c 3B       		.uleb128 0x3b
 500 004d 0B       		.uleb128 0xb
 501 004e 27       		.uleb128 0x27
 502 004f 19       		.uleb128 0x19
 503 0050 11       		.uleb128 0x11
 504 0051 01       		.uleb128 0x1
 505 0052 12       		.uleb128 0x12
 506 0053 06       		.uleb128 0x6
 507 0054 40       		.uleb128 0x40
 508 0055 18       		.uleb128 0x18
 509 0056 9742     		.uleb128 0x2117
 510 0058 19       		.uleb128 0x19
 511 0059 01       		.uleb128 0x1
 512 005a 13       		.uleb128 0x13
 513 005b 00       		.byte	0
 514 005c 00       		.byte	0
 515 005d 07       		.uleb128 0x7
 516 005e 05       		.uleb128 0x5
 517 005f 00       		.byte	0
 518 0060 03       		.uleb128 0x3
 519 0061 0E       		.uleb128 0xe
 520 0062 3A       		.uleb128 0x3a
 521 0063 0B       		.uleb128 0xb
 522 0064 3B       		.uleb128 0x3b
 523 0065 0B       		.uleb128 0xb
 524 0066 49       		.uleb128 0x49
 525 0067 13       		.uleb128 0x13
 526 0068 02       		.uleb128 0x2
 527 0069 18       		.uleb128 0x18
 528 006a 00       		.byte	0
 529 006b 00       		.byte	0
 530 006c 08       		.uleb128 0x8
 531 006d 34       		.uleb128 0x34
 532 006e 00       		.byte	0
 533 006f 03       		.uleb128 0x3
 534 0070 08       		.uleb128 0x8
 535 0071 3A       		.uleb128 0x3a
 536 0072 0B       		.uleb128 0xb
 537 0073 3B       		.uleb128 0x3b
 538 0074 0B       		.uleb128 0xb
 539 0075 49       		.uleb128 0x49
 540 0076 13       		.uleb128 0x13
 541 0077 02       		.uleb128 0x2
 542 0078 18       		.uleb128 0x18
 543 0079 00       		.byte	0
 544 007a 00       		.byte	0
 545 007b 09       		.uleb128 0x9
 546 007c 2E       		.uleb128 0x2e
ARM GAS  C:\Users\Andrew\AppData\Local\Temp\cc7EeS44.s 			page 12


 547 007d 01       		.byte	0x1
 548 007e 3F       		.uleb128 0x3f
 549 007f 19       		.uleb128 0x19
 550 0080 03       		.uleb128 0x3
 551 0081 0E       		.uleb128 0xe
 552 0082 3A       		.uleb128 0x3a
 553 0083 0B       		.uleb128 0xb
 554 0084 3B       		.uleb128 0x3b
 555 0085 0B       		.uleb128 0xb
 556 0086 27       		.uleb128 0x27
 557 0087 19       		.uleb128 0x19
 558 0088 11       		.uleb128 0x11
 559 0089 01       		.uleb128 0x1
 560 008a 12       		.uleb128 0x12
 561 008b 06       		.uleb128 0x6
 562 008c 40       		.uleb128 0x40
 563 008d 18       		.uleb128 0x18
 564 008e 9642     		.uleb128 0x2116
 565 0090 19       		.uleb128 0x19
 566 0091 01       		.uleb128 0x1
 567 0092 13       		.uleb128 0x13
 568 0093 00       		.byte	0
 569 0094 00       		.byte	0
 570 0095 0A       		.uleb128 0xa
 571 0096 2E       		.uleb128 0x2e
 572 0097 01       		.byte	0x1
 573 0098 3F       		.uleb128 0x3f
 574 0099 19       		.uleb128 0x19
 575 009a 03       		.uleb128 0x3
 576 009b 0E       		.uleb128 0xe
 577 009c 3A       		.uleb128 0x3a
 578 009d 0B       		.uleb128 0xb
 579 009e 3B       		.uleb128 0x3b
 580 009f 0B       		.uleb128 0xb
 581 00a0 11       		.uleb128 0x11
 582 00a1 01       		.uleb128 0x1
 583 00a2 12       		.uleb128 0x12
 584 00a3 06       		.uleb128 0x6
 585 00a4 40       		.uleb128 0x40
 586 00a5 18       		.uleb128 0x18
 587 00a6 9642     		.uleb128 0x2116
 588 00a8 19       		.uleb128 0x19
 589 00a9 01       		.uleb128 0x1
 590 00aa 13       		.uleb128 0x13
 591 00ab 00       		.byte	0
 592 00ac 00       		.byte	0
 593 00ad 0B       		.uleb128 0xb
 594 00ae 34       		.uleb128 0x34
 595 00af 00       		.byte	0
 596 00b0 03       		.uleb128 0x3
 597 00b1 0E       		.uleb128 0xe
 598 00b2 3A       		.uleb128 0x3a
 599 00b3 0B       		.uleb128 0xb
 600 00b4 3B       		.uleb128 0x3b
 601 00b5 05       		.uleb128 0x5
 602 00b6 49       		.uleb128 0x49
 603 00b7 13       		.uleb128 0x13
ARM GAS  C:\Users\Andrew\AppData\Local\Temp\cc7EeS44.s 			page 13


 604 00b8 3F       		.uleb128 0x3f
 605 00b9 19       		.uleb128 0x19
 606 00ba 3C       		.uleb128 0x3c
 607 00bb 19       		.uleb128 0x19
 608 00bc 00       		.byte	0
 609 00bd 00       		.byte	0
 610 00be 0C       		.uleb128 0xc
 611 00bf 35       		.uleb128 0x35
 612 00c0 00       		.byte	0
 613 00c1 49       		.uleb128 0x49
 614 00c2 13       		.uleb128 0x13
 615 00c3 00       		.byte	0
 616 00c4 00       		.byte	0
 617 00c5 00       		.byte	0
 618              		.section	.debug_aranges,"",%progbits
 619 0000 2C000000 		.4byte	0x2c
 620 0004 0200     		.2byte	0x2
 621 0006 00000000 		.4byte	.Ldebug_info0
 622 000a 04       		.byte	0x4
 623 000b 00       		.byte	0
 624 000c 0000     		.2byte	0
 625 000e 0000     		.2byte	0
 626 0010 00000000 		.4byte	.LFB63
 627 0014 4A000000 		.4byte	.LFE63-.LFB63
 628 0018 00000000 		.4byte	.LFB64
 629 001c 4A000000 		.4byte	.LFE64-.LFB64
 630 0020 00000000 		.4byte	.LFB65
 631 0024 56000000 		.4byte	.LFE65-.LFB65
 632 0028 00000000 		.4byte	0
 633 002c 00000000 		.4byte	0
 634              		.section	.debug_ranges,"",%progbits
 635              	.Ldebug_ranges0:
 636 0000 00000000 		.4byte	.LFB63
 637 0004 4A000000 		.4byte	.LFE63
 638 0008 00000000 		.4byte	.LFB64
 639 000c 4A000000 		.4byte	.LFE64
 640 0010 00000000 		.4byte	.LFB65
 641 0014 56000000 		.4byte	.LFE65
 642 0018 00000000 		.4byte	0
 643 001c 00000000 		.4byte	0
 644              		.section	.debug_line,"",%progbits
 645              	.Ldebug_line0:
 646 0000 E8010000 		.section	.debug_str,"MS",%progbits,1
 646      02004901 
 646      00000201 
 646      FB0E0D00 
 646      01010101 
 647              	.LASF9:
 648 0000 5F5F696E 		.ascii	"__int32_t\000"
 648      7433325F 
 648      7400
 649              	.LASF21:
 650 000a 474E5520 		.ascii	"GNU C 4.9.3 20150303 (release) [ARM/embedded-4_9-br"
 650      4320342E 
 650      392E3320 
 650      32303135 
 650      30333033 
ARM GAS  C:\Users\Andrew\AppData\Local\Temp\cc7EeS44.s 			page 14


 651 003d 616E6368 		.ascii	"anch revision 221220] -mcpu=cortex-m3 -mthumb -g -O"
 651      20726576 
 651      6973696F 
 651      6E203232 
 651      31323230 
 652 0070 30202D66 		.ascii	"0 -ffunction-sections -ffat-lto-objects\000"
 652      66756E63 
 652      74696F6E 
 652      2D736563 
 652      74696F6E 
 653              	.LASF12:
 654 0098 666C6F61 		.ascii	"float\000"
 654      7400
 655              	.LASF1:
 656 009e 756E7369 		.ascii	"unsigned char\000"
 656      676E6564 
 656      20636861 
 656      7200
 657              	.LASF22:
 658 00ac 2E5C6D61 		.ascii	".\\main.c\000"
 658      696E2E63 
 658      00
 659              	.LASF5:
 660 00b5 6C6F6E67 		.ascii	"long unsigned int\000"
 660      20756E73 
 660      69676E65 
 660      6420696E 
 660      7400
 661              	.LASF3:
 662 00c7 73686F72 		.ascii	"short unsigned int\000"
 662      7420756E 
 662      7369676E 
 662      65642069 
 662      6E7400
 663              	.LASF25:
 664 00da 49544D5F 		.ascii	"ITM_RxBuffer\000"
 664      52784275 
 664      66666572 
 664      00
 665              	.LASF13:
 666 00e7 646F7562 		.ascii	"double\000"
 666      6C6500
 667              	.LASF24:
 668 00ee 6D61696E 		.ascii	"main\000"
 668      00
 669              	.LASF16:
 670 00f3 77616974 		.ascii	"wait\000"
 670      00
 671              	.LASF23:
 672 00f8 433A5C55 		.ascii	"C:\\Users\\Andrew\\Dropbox (Personal)\\MIT\\MIT 201"
 672      73657273 
 672      5C416E64 
 672      7265775C 
 672      44726F70 
 673 0126 36205370 		.ascii	"6 Spring\\6115\\Final Project\\Code\\VGA\\PSOC to V"
 673      72696E67 
 673      5C363131 
ARM GAS  C:\Users\Andrew\AppData\Local\Temp\cc7EeS44.s 			page 15


 673      355C4669 
 673      6E616C20 
 674 0154 47412E63 		.ascii	"GA.cydsn\000"
 674      7964736E 
 674      00
 675              	.LASF8:
 676 015d 756E7369 		.ascii	"unsigned int\000"
 676      676E6564 
 676      20696E74 
 676      00
 677              	.LASF19:
 678 016a 636F6C6F 		.ascii	"colorA\000"
 678      724100
 679              	.LASF20:
 680 0171 636F6C6F 		.ascii	"colorB\000"
 680      724200
 681              	.LASF7:
 682 0178 6C6F6E67 		.ascii	"long long unsigned int\000"
 682      206C6F6E 
 682      6720756E 
 682      7369676E 
 682      65642069 
 683              	.LASF17:
 684 018f 64697370 		.ascii	"disp\000"
 684      00
 685              	.LASF10:
 686 0194 696E7433 		.ascii	"int32_t\000"
 686      325F7400 
 687              	.LASF15:
 688 019c 73697A65 		.ascii	"sizetype\000"
 688      74797065 
 688      00
 689              	.LASF6:
 690 01a5 6C6F6E67 		.ascii	"long long int\000"
 690      206C6F6E 
 690      6720696E 
 690      7400
 691              	.LASF18:
 692 01b3 7365636F 		.ascii	"seconds\000"
 692      6E647300 
 693              	.LASF14:
 694 01bb 63686172 		.ascii	"char\000"
 694      00
 695              	.LASF2:
 696 01c0 73686F72 		.ascii	"short int\000"
 696      7420696E 
 696      7400
 697              	.LASF11:
 698 01ca 75696E74 		.ascii	"uint8\000"
 698      3800
 699              	.LASF4:
 700 01d0 6C6F6E67 		.ascii	"long int\000"
 700      20696E74 
 700      00
 701              	.LASF0:
 702 01d9 7369676E 		.ascii	"signed char\000"
 702      65642063 
ARM GAS  C:\Users\Andrew\AppData\Local\Temp\cc7EeS44.s 			page 16


 702      68617200 
 703              		.ident	"GCC: (GNU Tools for ARM Embedded Processors) 4.9.3 20150303 (release) [ARM/embedded-4_9-br
