ARM GAS  C:\Users\Andrew\AppData\Local\Temp\cc85KOv5.s 			page 1


   1              		.syntax unified
   2              		.cpu cortex-m3
   3              		.fpu softvfp
   4              		.eabi_attribute 20, 1
   5              		.eabi_attribute 21, 1
   6              		.eabi_attribute 23, 3
   7              		.eabi_attribute 24, 1
   8              		.eabi_attribute 25, 1
   9              		.eabi_attribute 26, 1
  10              		.eabi_attribute 30, 6
  11              		.eabi_attribute 34, 1
  12              		.eabi_attribute 18, 4
  13              		.thumb
  14              		.file	"cymetadata.c"
  15              		.text
  16              	.Ltext0:
  17              		.cfi_sections	.debug_frame
  18              		.global	cy_meta_configecc
  19              		.section	.cyconfigecc,"a",%progbits
  20              		.align	2
  21              		.type	cy_meta_configecc, %object
  22              		.size	cy_meta_configecc, 812
  23              	cy_meta_configecc:
  24 0000 01       		.byte	1
  25 0001 52       		.byte	82
  26 0002 00       		.byte	0
  27 0003 40       		.byte	64
  28 0004 03       		.byte	3
  29 0005 64       		.byte	100
  30 0006 00       		.byte	0
  31 0007 40       		.byte	64
  32 0008 01       		.byte	1
  33 0009 03       		.byte	3
  34 000a 01       		.byte	1
  35 000b 40       		.byte	64
  36 000c 01       		.byte	1
  37 000d 05       		.byte	5
  38 000e 01       		.byte	1
  39 000f 40       		.byte	64
  40 0010 01       		.byte	1
  41 0011 09       		.byte	9
  42 0012 01       		.byte	1
  43 0013 40       		.byte	64
  44 0014 34       		.byte	52
  45 0015 0A       		.byte	10
  46 0016 01       		.byte	1
  47 0017 40       		.byte	64
  48 0018 54       		.byte	84
  49 0019 0B       		.byte	11
  50 001a 01       		.byte	1
  51 001b 40       		.byte	64
  52 001c 49       		.byte	73
  53 001d 0C       		.byte	12
  54 001e 01       		.byte	1
  55 001f 40       		.byte	64
  56 0020 39       		.byte	57
  57 0021 0D       		.byte	13
ARM GAS  C:\Users\Andrew\AppData\Local\Temp\cc85KOv5.s 			page 2


  58 0022 01       		.byte	1
  59 0023 40       		.byte	64
  60 0024 03       		.byte	3
  61 0025 40       		.byte	64
  62 0026 01       		.byte	1
  63 0027 40       		.byte	64
  64 0028 04       		.byte	4
  65 0029 41       		.byte	65
  66 002a 01       		.byte	1
  67 002b 40       		.byte	64
  68 002c 03       		.byte	3
  69 002d 42       		.byte	66
  70 002e 01       		.byte	1
  71 002f 40       		.byte	64
  72 0030 04       		.byte	4
  73 0031 44       		.byte	68
  74 0032 01       		.byte	1
  75 0033 40       		.byte	64
  76 0034 05       		.byte	5
  77 0035 45       		.byte	69
  78 0036 01       		.byte	1
  79 0037 40       		.byte	64
  80 0038 03       		.byte	3
  81 0039 50       		.byte	80
  82 003a 01       		.byte	1
  83 003b 40       		.byte	64
  84 003c 01       		.byte	1
  85 003d 51       		.byte	81
  86 003e 01       		.byte	1
  87 003f 40       		.byte	64
  88 0040 34       		.byte	52
  89 0041 01       		.byte	1
  90 0042 8B       		.byte	-117
  91 0043 38       		.byte	56
  92 0044 8C       		.byte	-116
  93 0045 72       		.byte	114
  94 0046 8D       		.byte	-115
  95 0047 0F       		.byte	15
  96 0048 E6       		.byte	-26
  97 0049 02       		.byte	2
  98 004a E6       		.byte	-26
  99 004b 08       		.byte	8
 100 004c B0       		.byte	-80
 101 004d 84       		.byte	-124
 102 004e 00       		.byte	0
 103 004f 09       		.byte	9
 104 0050 02       		.byte	2
 105 0051 D0       		.byte	-48
 106 0052 04       		.byte	4
 107 0053 DC       		.byte	-36
 108 0054 06       		.byte	6
 109 0055 22       		.byte	34
 110 0056 07       		.byte	7
 111 0057 55       		.byte	85
 112 0058 0D       		.byte	13
 113 0059 73       		.byte	115
 114 005a 0F       		.byte	15
ARM GAS  C:\Users\Andrew\AppData\Local\Temp\cc85KOv5.s 			page 3


 115 005b 04       		.byte	4
 116 005c 10       		.byte	16
 117 005d 0C       		.byte	12
 118 005e 11       		.byte	17
 119 005f 73       		.byte	115
 120 0060 12       		.byte	18
 121 0061 71       		.byte	113
 122 0062 13       		.byte	19
 123 0063 0C       		.byte	12
 124 0064 15       		.byte	21
 125 0065 80       		.byte	-128
 126 0066 16       		.byte	22
 127 0067 20       		.byte	32
 128 0068 19       		.byte	25
 129 0069 2A       		.byte	42
 130 006a 1A       		.byte	26
 131 006b 03       		.byte	3
 132 006c 1B       		.byte	27
 133 006d 44       		.byte	68
 134 006e 1C       		.byte	28
 135 006f 10       		.byte	16
 136 0070 1D       		.byte	29
 137 0071 03       		.byte	3
 138 0072 1E       		.byte	30
 139 0073 AC       		.byte	-84
 140 0074 1F       		.byte	31
 141 0075 44       		.byte	68
 142 0076 20       		.byte	32
 143 0077 10       		.byte	16
 144 0078 22       		.byte	34
 145 0079 40       		.byte	64
 146 007a 24       		.byte	36
 147 007b 14       		.byte	20
 148 007c 2F       		.byte	47
 149 007d 08       		.byte	8
 150 007e 30       		.byte	48
 151 007f E0       		.byte	-32
 152 0080 31       		.byte	49
 153 0081 0F       		.byte	15
 154 0082 33       		.byte	51
 155 0083 30       		.byte	48
 156 0084 34       		.byte	52
 157 0085 1F       		.byte	31
 158 0086 35       		.byte	53
 159 0087 40       		.byte	64
 160 0088 37       		.byte	55
 161 0089 80       		.byte	-128
 162 008a 39       		.byte	57
 163 008b 08       		.byte	8
 164 008c 3A       		.byte	58
 165 008d 02       		.byte	2
 166 008e 3B       		.byte	59
 167 008f 02       		.byte	2
 168 0090 3F       		.byte	63
 169 0091 54       		.byte	84
 170 0092 40       		.byte	64
 171 0093 03       		.byte	3
ARM GAS  C:\Users\Andrew\AppData\Local\Temp\cc85KOv5.s 			page 4


 172 0094 45       		.byte	69
 173 0095 40       		.byte	64
 174 0096 49       		.byte	73
 175 0097 FF       		.byte	-1
 176 0098 4A       		.byte	74
 177 0099 07       		.byte	7
 178 009a 4B       		.byte	75
 179 009b FF       		.byte	-1
 180 009c 4C       		.byte	76
 181 009d 40       		.byte	64
 182 009e 4D       		.byte	77
 183 009f 20       		.byte	32
 184 00a0 4E       		.byte	78
 185 00a1 F0       		.byte	-16
 186 00a2 4F       		.byte	79
 187 00a3 05       		.byte	5
 188 00a4 50       		.byte	80
 189 00a5 08       		.byte	8
 190 00a6 58       		.byte	88
 191 00a7 04       		.byte	4
 192 00a8 59       		.byte	89
 193 00a9 04       		.byte	4
 194 00aa 5A       		.byte	90
 195 00ab 04       		.byte	4
 196 00ac 5F       		.byte	95
 197 00ad 01       		.byte	1
 198 00ae 60       		.byte	96
 199 00af 40       		.byte	64
 200 00b0 61       		.byte	97
 201 00b1 A8       		.byte	-88
 202 00b2 62       		.byte	98
 203 00b3 40       		.byte	64
 204 00b4 63       		.byte	99
 205 00b5 20       		.byte	32
 206 00b6 01       		.byte	1
 207 00b7 01       		.byte	1
 208 00b8 03       		.byte	3
 209 00b9 A0       		.byte	-96
 210 00ba 04       		.byte	4
 211 00bb 40       		.byte	64
 212 00bc 05       		.byte	5
 213 00bd 12       		.byte	18
 214 00be 06       		.byte	6
 215 00bf 20       		.byte	32
 216 00c0 09       		.byte	9
 217 00c1 08       		.byte	8
 218 00c2 0A       		.byte	10
 219 00c3 0A       		.byte	10
 220 00c4 0B       		.byte	11
 221 00c5 80       		.byte	-128
 222 00c6 0C       		.byte	12
 223 00c7 40       		.byte	64
 224 00c8 0D       		.byte	13
 225 00c9 08       		.byte	8
 226 00ca 0E       		.byte	14
 227 00cb 40       		.byte	64
 228 00cc 0F       		.byte	15
ARM GAS  C:\Users\Andrew\AppData\Local\Temp\cc85KOv5.s 			page 5


 229 00cd 04       		.byte	4
 230 00ce 10       		.byte	16
 231 00cf 20       		.byte	32
 232 00d0 12       		.byte	18
 233 00d1 80       		.byte	-128
 234 00d2 14       		.byte	20
 235 00d3 28       		.byte	40
 236 00d4 15       		.byte	21
 237 00d5 41       		.byte	65
 238 00d6 18       		.byte	24
 239 00d7 80       		.byte	-128
 240 00d8 1A       		.byte	26
 241 00d9 08       		.byte	8
 242 00da 1D       		.byte	29
 243 00db 50       		.byte	80
 244 00dc 1E       		.byte	30
 245 00dd 40       		.byte	64
 246 00de 1F       		.byte	31
 247 00df A4       		.byte	-92
 248 00e0 20       		.byte	32
 249 00e1 4A       		.byte	74
 250 00e2 21       		.byte	33
 251 00e3 05       		.byte	5
 252 00e4 22       		.byte	34
 253 00e5 01       		.byte	1
 254 00e6 24       		.byte	36
 255 00e7 02       		.byte	2
 256 00e8 25       		.byte	37
 257 00e9 40       		.byte	64
 258 00ea 27       		.byte	39
 259 00eb 64       		.byte	100
 260 00ec 29       		.byte	41
 261 00ed 40       		.byte	64
 262 00ee 30       		.byte	48
 263 00ef 80       		.byte	-128
 264 00f0 31       		.byte	49
 265 00f1 10       		.byte	16
 266 00f2 32       		.byte	50
 267 00f3 05       		.byte	5
 268 00f4 37       		.byte	55
 269 00f5 25       		.byte	37
 270 00f6 38       		.byte	56
 271 00f7 88       		.byte	-120
 272 00f8 39       		.byte	57
 273 00f9 40       		.byte	64
 274 00fa 3B       		.byte	59
 275 00fb 80       		.byte	-128
 276 00fc 3E       		.byte	62
 277 00fd 15       		.byte	21
 278 00fe 41       		.byte	65
 279 00ff 04       		.byte	4
 280 0100 44       		.byte	68
 281 0101 40       		.byte	64
 282 0102 45       		.byte	69
 283 0103 12       		.byte	18
 284 0104 46       		.byte	70
 285 0105 20       		.byte	32
ARM GAS  C:\Users\Andrew\AppData\Local\Temp\cc85KOv5.s 			page 6


 286 0106 47       		.byte	71
 287 0107 48       		.byte	72
 288 0108 4A       		.byte	74
 289 0109 80       		.byte	-128
 290 010a 4C       		.byte	76
 291 010b 01       		.byte	1
 292 010c 4F       		.byte	79
 293 010d 04       		.byte	4
 294 010e 50       		.byte	80
 295 010f 04       		.byte	4
 296 0110 51       		.byte	81
 297 0111 08       		.byte	8
 298 0112 56       		.byte	86
 299 0113 40       		.byte	64
 300 0114 5C       		.byte	92
 301 0115 01       		.byte	1
 302 0116 64       		.byte	100
 303 0117 02       		.byte	2
 304 0118 66       		.byte	102
 305 0119 02       		.byte	2
 306 011a 67       		.byte	103
 307 011b 08       		.byte	8
 308 011c 86       		.byte	-122
 309 011d 02       		.byte	2
 310 011e 88       		.byte	-120
 311 011f 08       		.byte	8
 312 0120 8A       		.byte	-118
 313 0121 80       		.byte	-128
 314 0122 90       		.byte	-112
 315 0123 01       		.byte	1
 316 0124 92       		.byte	-110
 317 0125 15       		.byte	21
 318 0126 95       		.byte	-107
 319 0127 02       		.byte	2
 320 0128 97       		.byte	-105
 321 0129 80       		.byte	-128
 322 012a 98       		.byte	-104
 323 012b 22       		.byte	34
 324 012c 99       		.byte	-103
 325 012d 02       		.byte	2
 326 012e 9B       		.byte	-101
 327 012f 09       		.byte	9
 328 0130 9C       		.byte	-100
 329 0131 C0       		.byte	-64
 330 0132 9E       		.byte	-98
 331 0133 40       		.byte	64
 332 0134 9F       		.byte	-97
 333 0135 24       		.byte	36
 334 0136 A0       		.byte	-96
 335 0137 A0       		.byte	-96
 336 0138 A1       		.byte	-95
 337 0139 12       		.byte	18
 338 013a A4       		.byte	-92
 339 013b 01       		.byte	1
 340 013c A5       		.byte	-91
 341 013d 48       		.byte	72
 342 013e AC       		.byte	-84
ARM GAS  C:\Users\Andrew\AppData\Local\Temp\cc85KOv5.s 			page 7


 343 013f 20       		.byte	32
 344 0140 AD       		.byte	-83
 345 0141 48       		.byte	72
 346 0142 B4       		.byte	-76
 347 0143 80       		.byte	-128
 348 0144 B5       		.byte	-75
 349 0145 02       		.byte	2
 350 0146 B6       		.byte	-74
 351 0147 04       		.byte	4
 352 0148 B7       		.byte	-73
 353 0149 10       		.byte	16
 354 014a C0       		.byte	-64
 355 014b FC       		.byte	-4
 356 014c C2       		.byte	-62
 357 014d FF       		.byte	-1
 358 014e C4       		.byte	-60
 359 014f FC       		.byte	-4
 360 0150 CA       		.byte	-54
 361 0151 08       		.byte	8
 362 0152 CC       		.byte	-52
 363 0153 EF       		.byte	-17
 364 0154 CE       		.byte	-50
 365 0155 EA       		.byte	-22
 366 0156 D0       		.byte	-48
 367 0157 F2       		.byte	-14
 368 0158 D2       		.byte	-46
 369 0159 10       		.byte	16
 370 015a D6       		.byte	-42
 371 015b 80       		.byte	-128
 372 015c D8       		.byte	-40
 373 015d B0       		.byte	-80
 374 015e 01       		.byte	1
 375 015f 44       		.byte	68
 376 0160 04       		.byte	4
 377 0161 02       		.byte	2
 378 0162 05       		.byte	5
 379 0163 08       		.byte	8
 380 0164 08       		.byte	8
 381 0165 33       		.byte	51
 382 0166 09       		.byte	9
 383 0167 18       		.byte	24
 384 0168 0A       		.byte	10
 385 0169 0C       		.byte	12
 386 016a 0C       		.byte	12
 387 016b 1F       		.byte	31
 388 016c 0E       		.byte	14
 389 016d 20       		.byte	32
 390 016e 0F       		.byte	15
 391 016f E3       		.byte	-29
 392 0170 10       		.byte	16
 393 0171 3F       		.byte	63
 394 0172 11       		.byte	17
 395 0173 3C       		.byte	60
 396 0174 13       		.byte	19
 397 0175 C2       		.byte	-62
 398 0176 14       		.byte	20
 399 0177 0C       		.byte	12
ARM GAS  C:\Users\Andrew\AppData\Local\Temp\cc85KOv5.s 			page 8


 400 0178 15       		.byte	21
 401 0179 C0       		.byte	-64
 402 017a 18       		.byte	24
 403 017b 1C       		.byte	28
 404 017c 19       		.byte	25
 405 017d 80       		.byte	-128
 406 017e 1A       		.byte	26
 407 017f 23       		.byte	35
 408 0180 1C       		.byte	28
 409 0181 01       		.byte	1
 410 0182 1D       		.byte	29
 411 0183 FF       		.byte	-1
 412 0184 21       		.byte	33
 413 0185 10       		.byte	16
 414 0186 22       		.byte	34
 415 0187 23       		.byte	35
 416 0188 24       		.byte	36
 417 0189 03       		.byte	3
 418 018a 25       		.byte	37
 419 018b 1C       		.byte	28
 420 018c 27       		.byte	39
 421 018d E1       		.byte	-31
 422 018e 28       		.byte	40
 423 018f 04       		.byte	4
 424 0190 29       		.byte	41
 425 0191 E7       		.byte	-25
 426 0192 2B       		.byte	43
 427 0193 18       		.byte	24
 428 0194 2C       		.byte	44
 429 0195 08       		.byte	8
 430 0196 2F       		.byte	47
 431 0197 04       		.byte	4
 432 0198 32       		.byte	50
 433 0199 0F       		.byte	15
 434 019a 33       		.byte	51
 435 019b 1F       		.byte	31
 436 019c 34       		.byte	52
 437 019d 10       		.byte	16
 438 019e 35       		.byte	53
 439 019f 38       		.byte	56
 440 01a0 36       		.byte	54
 441 01a1 2C       		.byte	44
 442 01a2 37       		.byte	55
 443 01a3 C0       		.byte	-64
 444 01a4 3A       		.byte	58
 445 01a5 8A       		.byte	-118
 446 01a6 3B       		.byte	59
 447 01a7 08       		.byte	8
 448 01a8 3E       		.byte	62
 449 01a9 10       		.byte	16
 450 01aa 56       		.byte	86
 451 01ab 02       		.byte	2
 452 01ac 57       		.byte	87
 453 01ad 12       		.byte	18
 454 01ae 58       		.byte	88
 455 01af 04       		.byte	4
 456 01b0 59       		.byte	89
ARM GAS  C:\Users\Andrew\AppData\Local\Temp\cc85KOv5.s 			page 9


 457 01b1 04       		.byte	4
 458 01b2 5B       		.byte	91
 459 01b3 04       		.byte	4
 460 01b4 5F       		.byte	95
 461 01b5 01       		.byte	1
 462 01b6 82       		.byte	-126
 463 01b7 01       		.byte	1
 464 01b8 98       		.byte	-104
 465 01b9 02       		.byte	2
 466 01ba 9E       		.byte	-98
 467 01bb 04       		.byte	4
 468 01bc AA       		.byte	-86
 469 01bd 01       		.byte	1
 470 01be B0       		.byte	-80
 471 01bf 01       		.byte	1
 472 01c0 B2       		.byte	-78
 473 01c1 02       		.byte	2
 474 01c2 B6       		.byte	-74
 475 01c3 04       		.byte	4
 476 01c4 BE       		.byte	-66
 477 01c5 05       		.byte	5
 478 01c6 C0       		.byte	-64
 479 01c7 43       		.byte	67
 480 01c8 C1       		.byte	-63
 481 01c9 05       		.byte	5
 482 01ca C5       		.byte	-59
 483 01cb E0       		.byte	-32
 484 01cc C6       		.byte	-58
 485 01cd BC       		.byte	-68
 486 01ce C7       		.byte	-57
 487 01cf 0E       		.byte	14
 488 01d0 C8       		.byte	-56
 489 01d1 1E       		.byte	30
 490 01d2 C9       		.byte	-55
 491 01d3 FF       		.byte	-1
 492 01d4 CA       		.byte	-54
 493 01d5 FF       		.byte	-1
 494 01d6 CB       		.byte	-53
 495 01d7 FF       		.byte	-1
 496 01d8 CE       		.byte	-50
 497 01d9 F0       		.byte	-16
 498 01da CF       		.byte	-49
 499 01db 44       		.byte	68
 500 01dc D0       		.byte	-48
 501 01dd 0C       		.byte	12
 502 01de D4       		.byte	-44
 503 01df 01       		.byte	1
 504 01e0 D6       		.byte	-42
 505 01e1 04       		.byte	4
 506 01e2 D8       		.byte	-40
 507 01e3 04       		.byte	4
 508 01e4 DA       		.byte	-38
 509 01e5 04       		.byte	4
 510 01e6 DB       		.byte	-37
 511 01e7 04       		.byte	4
 512 01e8 DF       		.byte	-33
 513 01e9 01       		.byte	1
ARM GAS  C:\Users\Andrew\AppData\Local\Temp\cc85KOv5.s 			page 10


 514 01ea E6       		.byte	-26
 515 01eb C0       		.byte	-64
 516 01ec EA       		.byte	-22
 517 01ed 40       		.byte	64
 518 01ee EB       		.byte	-21
 519 01ef 02       		.byte	2
 520 01f0 02       		.byte	2
 521 01f1 40       		.byte	64
 522 01f2 04       		.byte	4
 523 01f3 10       		.byte	16
 524 01f4 05       		.byte	5
 525 01f5 40       		.byte	64
 526 01f6 07       		.byte	7
 527 01f7 28       		.byte	40
 528 01f8 08       		.byte	8
 529 01f9 02       		.byte	2
 530 01fa 0A       		.byte	10
 531 01fb 81       		.byte	-127
 532 01fc 0B       		.byte	11
 533 01fd 08       		.byte	8
 534 01fe 0C       		.byte	12
 535 01ff 08       		.byte	8
 536 0200 0D       		.byte	13
 537 0201 02       		.byte	2
 538 0202 0E       		.byte	14
 539 0203 09       		.byte	9
 540 0204 11       		.byte	17
 541 0205 20       		.byte	32
 542 0206 16       		.byte	22
 543 0207 85       		.byte	-123
 544 0208 17       		.byte	23
 545 0209 04       		.byte	4
 546 020a 19       		.byte	25
 547 020b 84       		.byte	-124
 548 020c 1A       		.byte	26
 549 020d 80       		.byte	-128
 550 020e 1C       		.byte	28
 551 020f 14       		.byte	20
 552 0210 1D       		.byte	29
 553 0211 42       		.byte	66
 554 0212 1F       		.byte	31
 555 0213 08       		.byte	8
 556 0214 24       		.byte	36
 557 0215 01       		.byte	1
 558 0216 25       		.byte	37
 559 0217 10       		.byte	16
 560 0218 26       		.byte	38
 561 0219 04       		.byte	4
 562 021a 2D       		.byte	45
 563 021b 88       		.byte	-120
 564 021c 2E       		.byte	46
 565 021d 02       		.byte	2
 566 021e 2F       		.byte	47
 567 021f 08       		.byte	8
 568 0220 34       		.byte	52
 569 0221 40       		.byte	64
 570 0222 35       		.byte	53
ARM GAS  C:\Users\Andrew\AppData\Local\Temp\cc85KOv5.s 			page 11


 571 0223 02       		.byte	2
 572 0224 37       		.byte	55
 573 0225 24       		.byte	36
 574 0226 3D       		.byte	61
 575 0227 80       		.byte	-128
 576 0228 3E       		.byte	62
 577 0229 A9       		.byte	-87
 578 022a 41       		.byte	65
 579 022b 09       		.byte	9
 580 022c 49       		.byte	73
 581 022d 01       		.byte	1
 582 022e 4B       		.byte	75
 583 022f 80       		.byte	-128
 584 0230 50       		.byte	80
 585 0231 A0       		.byte	-96
 586 0232 53       		.byte	83
 587 0233 04       		.byte	4
 588 0234 58       		.byte	88
 589 0235 80       		.byte	-128
 590 0236 59       		.byte	89
 591 0237 05       		.byte	5
 592 0238 5B       		.byte	91
 593 0239 10       		.byte	16
 594 023a 5C       		.byte	92
 595 023b 04       		.byte	4
 596 023c 63       		.byte	99
 597 023d 40       		.byte	64
 598 023e 6E       		.byte	110
 599 023f 14       		.byte	20
 600 0240 6F       		.byte	111
 601 0241 01       		.byte	1
 602 0242 74       		.byte	116
 603 0243 08       		.byte	8
 604 0244 76       		.byte	118
 605 0245 2F       		.byte	47
 606 0246 87       		.byte	-121
 607 0247 40       		.byte	64
 608 0248 88       		.byte	-120
 609 0249 01       		.byte	1
 610 024a 92       		.byte	-110
 611 024b 01       		.byte	1
 612 024c B2       		.byte	-78
 613 024d 01       		.byte	1
 614 024e C0       		.byte	-64
 615 024f E8       		.byte	-24
 616 0250 C2       		.byte	-62
 617 0251 F3       		.byte	-13
 618 0252 C4       		.byte	-60
 619 0253 F2       		.byte	-14
 620 0254 CA       		.byte	-54
 621 0255 F0       		.byte	-16
 622 0256 CC       		.byte	-52
 623 0257 F0       		.byte	-16
 624 0258 CE       		.byte	-50
 625 0259 F0       		.byte	-16
 626 025a D0       		.byte	-48
 627 025b 03       		.byte	3
ARM GAS  C:\Users\Andrew\AppData\Local\Temp\cc85KOv5.s 			page 12


 628 025c D2       		.byte	-46
 629 025d 08       		.byte	8
 630 025e D6       		.byte	-42
 631 025f 4F       		.byte	79
 632 0260 D8       		.byte	-40
 633 0261 01       		.byte	1
 634 0262 33       		.byte	51
 635 0263 80       		.byte	-128
 636 0264 36       		.byte	54
 637 0265 20       		.byte	32
 638 0266 CC       		.byte	-52
 639 0267 30       		.byte	48
 640 0268 86       		.byte	-122
 641 0269 20       		.byte	32
 642 026a A6       		.byte	-90
 643 026b 20       		.byte	32
 644 026c A7       		.byte	-89
 645 026d 80       		.byte	-128
 646 026e E6       		.byte	-26
 647 026f 40       		.byte	64
 648 0270 87       		.byte	-121
 649 0271 80       		.byte	-128
 650 0272 A7       		.byte	-89
 651 0273 80       		.byte	-128
 652 0274 E6       		.byte	-26
 653 0275 10       		.byte	16
 654 0276 01       		.byte	1
 655 0277 01       		.byte	1
 656 0278 7B       		.byte	123
 657 0279 01       		.byte	1
 658 027a C0       		.byte	-64
 659 027b 08       		.byte	8
 660 027c DC       		.byte	-36
 661 027d 01       		.byte	1
 662 027e 8B       		.byte	-117
 663 027f 01       		.byte	1
 664 0280 A7       		.byte	-89
 665 0281 01       		.byte	1
 666 0282 B1       		.byte	-79
 667 0283 01       		.byte	1
 668 0284 E0       		.byte	-32
 669 0285 01       		.byte	1
 670 0286 EE       		.byte	-18
 671 0287 01       		.byte	1
 672 0288 00       		.byte	0
 673 0289 01       		.byte	1
 674 028a 0C       		.byte	12
 675 028b 01       		.byte	1
 676 028c 0E       		.byte	14
 677 028d 01       		.byte	1
 678 028e 00       		.byte	0
 679 028f 0A       		.byte	10
 680 0290 00       		.byte	0
 681 0291 22       		.byte	34
 682 0292 40       		.byte	64
 683 0293 51       		.byte	81
 684 0294 40       		.byte	64
ARM GAS  C:\Users\Andrew\AppData\Local\Temp\cc85KOv5.s 			page 13


 685 0295 E7       		.byte	-25
 686 0296 00       		.byte	0
 687 0297 00       		.byte	0
 688 0298 0C       		.byte	12
 689 0299 E7       		.byte	-25
 690 029a 13       		.byte	19
 691 029b 00       		.byte	0
 692 029c 11       		.byte	17
 693 029d 00       		.byte	0
 694 029e 06       		.byte	6
 695 029f 00       		.byte	0
 696 02a0 00       		.byte	0
 697 02a1 80       		.byte	-128
 698 02a2 80       		.byte	-128
 699 02a3 00       		.byte	0
 700 02a4 20       		.byte	32
 701 02a5 01       		.byte	1
 702 02a6 03       		.byte	3
 703 02a7 0E       		.byte	14
 704 02a8 00       		.byte	0
 705 02a9 44       		.byte	68
 706 02aa 80       		.byte	-128
 707 02ab 31       		.byte	49
 708 02ac 40       		.byte	64
 709 02ad 00       		.byte	0
 710 02ae 00       		.byte	0
 711 02af 00       		.byte	0
 712 02b0 00       		.byte	0
 713 02b1 00       		.byte	0
 714 02b2 0C       		.byte	12
 715 02b3 00       		.byte	0
 716 02b4 00       		.byte	0
 717 02b5 00       		.byte	0
 718 02b6 40       		.byte	64
 719 02b7 00       		.byte	0
 720 02b8 00       		.byte	0
 721 02b9 00       		.byte	0
 722 02ba 08       		.byte	8
 723 02bb 00       		.byte	0
 724 02bc 11       		.byte	17
 725 02bd 00       		.byte	0
 726 02be 0E       		.byte	14
 727 02bf 00       		.byte	0
 728 02c0 40       		.byte	64
 729 02c1 18       		.byte	24
 730 02c2 80       		.byte	-128
 731 02c3 60       		.byte	96
 732 02c4 0F       		.byte	15
 733 02c5 07       		.byte	7
 734 02c6 30       		.byte	48
 735 02c7 80       		.byte	-128
 736 02c8 82       		.byte	-126
 737 02c9 00       		.byte	0
 738 02ca 20       		.byte	32
 739 02cb 00       		.byte	0
 740 02cc 00       		.byte	0
 741 02cd 00       		.byte	0
ARM GAS  C:\Users\Andrew\AppData\Local\Temp\cc85KOv5.s 			page 14


 742 02ce 04       		.byte	4
 743 02cf 01       		.byte	1
 744 02d0 35       		.byte	53
 745 02d1 04       		.byte	4
 746 02d2 02       		.byte	2
 747 02d3 00       		.byte	0
 748 02d4 01       		.byte	1
 749 02d5 0E       		.byte	14
 750 02d6 0C       		.byte	12
 751 02d7 00       		.byte	0
 752 02d8 05       		.byte	5
 753 02d9 FF       		.byte	-1
 754 02da FF       		.byte	-1
 755 02db FF       		.byte	-1
 756 02dc 62       		.byte	98
 757 02dd A0       		.byte	-96
 758 02de F0       		.byte	-16
 759 02df 41       		.byte	65
 760 02e0 0C       		.byte	12
 761 02e1 00       		.byte	0
 762 02e2 00       		.byte	0
 763 02e3 00       		.byte	0
 764 02e4 18       		.byte	24
 765 02e5 00       		.byte	0
 766 02e6 04       		.byte	4
 767 02e7 00       		.byte	0
 768 02e8 04       		.byte	4
 769 02e9 04       		.byte	4
 770 02ea 04       		.byte	4
 771 02eb 04       		.byte	4
 772 02ec 00       		.byte	0
 773 02ed 00       		.byte	0
 774 02ee 00       		.byte	0
 775 02ef 01       		.byte	1
 776 02f0 00       		.byte	0
 777 02f1 00       		.byte	0
 778 02f2 00       		.byte	0
 779 02f3 00       		.byte	0
 780 02f4 00       		.byte	0
 781 02f5 00       		.byte	0
 782 02f6 40       		.byte	64
 783 02f7 02       		.byte	2
 784 02f8 00       		.byte	0
 785 02f9 10       		.byte	16
 786 02fa 30       		.byte	48
 787 02fb 10       		.byte	16
 788 02fc 00       		.byte	0
 789 02fd 10       		.byte	16
 790 02fe 10       		.byte	16
 791 02ff 12       		.byte	18
 792 0300 00       		.byte	0
 793 0301 00       		.byte	0
 794 0302 00       		.byte	0
 795 0303 00       		.byte	0
 796 0304 00       		.byte	0
 797 0305 00       		.byte	0
 798 0306 00       		.byte	0
ARM GAS  C:\Users\Andrew\AppData\Local\Temp\cc85KOv5.s 			page 15


 799 0307 00       		.byte	0
 800 0308 00       		.byte	0
 801 0309 00       		.byte	0
 802 030a 00       		.byte	0
 803 030b 00       		.byte	0
 804 030c 00       		.byte	0
 805 030d 00       		.byte	0
 806 030e 00       		.byte	0
 807 030f 00       		.byte	0
 808 0310 00       		.byte	0
 809 0311 40       		.byte	64
 810 0312 40       		.byte	64
 811 0313 00       		.byte	0
 812 0314 40       		.byte	64
 813 0315 00       		.byte	0
 814 0316 00       		.byte	0
 815 0317 00       		.byte	0
 816 0318 00       		.byte	0
 817 0319 7F       		.byte	127
 818 031a 7F       		.byte	127
 819 031b 00       		.byte	0
 820 031c 00       		.byte	0
 821 031d 00       		.byte	0
 822 031e 00       		.byte	0
 823 031f 00       		.byte	0
 824 0320 01       		.byte	1
 825 0321 00       		.byte	0
 826 0322 01       		.byte	1
 827 0323 00       		.byte	0
 828 0324 00       		.byte	0
 829 0325 00       		.byte	0
 830 0326 00       		.byte	0
 831 0327 00       		.byte	0
 832 0328 00       		.byte	0
 833 0329 00       		.byte	0
 834 032a 00       		.byte	0
 835 032b 00       		.byte	0
 836              		.global	cy_meta_custnvl
 837              		.section	.cycustnvl,"a",%progbits
 838              		.align	2
 839              		.type	cy_meta_custnvl, %object
 840              		.size	cy_meta_custnvl, 4
 841              	cy_meta_custnvl:
 842 0000 00       		.byte	0
 843 0001 00       		.byte	0
 844 0002 40       		.byte	64
 845 0003 05       		.byte	5
 846              		.global	cy_meta_wonvl
 847              		.section	.cywolatch,"a",%progbits
 848              		.align	2
 849              		.type	cy_meta_wonvl, %object
 850              		.size	cy_meta_wonvl, 4
 851              	cy_meta_wonvl:
 852 0000 BC       		.byte	-68
 853 0001 90       		.byte	-112
 854 0002 AC       		.byte	-84
 855 0003 AF       		.byte	-81
ARM GAS  C:\Users\Andrew\AppData\Local\Temp\cc85KOv5.s 			page 16


 856              		.global	cy_meta_flashprotect
 857              		.section	.cyflashprotect,"a",%progbits
 858              		.align	2
 859              		.type	cy_meta_flashprotect, %object
 860              		.size	cy_meta_flashprotect, 256
 861              	cy_meta_flashprotect:
 862 0000 00000000 		.space	256
 862      00000000 
 862      00000000 
 862      00000000 
 862      00000000 
 863              		.global	cy_metadata
 864              		.section	.cymeta,"a",%progbits
 865              		.align	2
 866              		.type	cy_metadata, %object
 867              		.size	cy_metadata, 12
 868              	cy_metadata:
 869 0000 00       		.byte	0
 870 0001 01       		.byte	1
 871 0002 2E       		.byte	46
 872 0003 12       		.byte	18
 873 0004 30       		.byte	48
 874 0005 69       		.byte	105
 875 0006 00       		.byte	0
 876 0007 01       		.byte	1
 877 0008 00       		.byte	0
 878 0009 00       		.byte	0
 879 000a 00       		.byte	0
 880 000b 00       		.byte	0
 881              		.text
 882              	.Letext0:
 883              		.file 1 ".\\Generated_Source\\PSoC5\\cymetadata.c"
 884              		.file 2 ".\\Generated_Source\\PSoC5\\cytypes.h"
 885              		.section	.debug_info,"",%progbits
 886              	.Ldebug_info0:
 887 0000 37010000 		.4byte	0x137
 888 0004 0400     		.2byte	0x4
 889 0006 00000000 		.4byte	.Ldebug_abbrev0
 890 000a 04       		.byte	0x4
 891 000b 01       		.uleb128 0x1
 892 000c 69000000 		.4byte	.LASF18
 893 0010 01       		.byte	0x1
 894 0011 F7000000 		.4byte	.LASF19
 895 0015 00000000 		.4byte	.LASF20
 896 0019 00000000 		.4byte	.Ldebug_line0
 897 001d 02       		.uleb128 0x2
 898 001e 01       		.byte	0x1
 899 001f 06       		.byte	0x6
 900 0020 07020000 		.4byte	.LASF0
 901 0024 02       		.uleb128 0x2
 902 0025 01       		.byte	0x1
 903 0026 08       		.byte	0x8
 904 0027 2F010000 		.4byte	.LASF1
 905 002b 02       		.uleb128 0x2
 906 002c 02       		.byte	0x2
 907 002d 05       		.byte	0x5
 908 002e EE010000 		.4byte	.LASF2
ARM GAS  C:\Users\Andrew\AppData\Local\Temp\cc85KOv5.s 			page 17


 909 0032 02       		.uleb128 0x2
 910 0033 02       		.byte	0x2
 911 0034 07       		.byte	0x7
 912 0035 4F010000 		.4byte	.LASF3
 913 0039 02       		.uleb128 0x2
 914 003a 04       		.byte	0x4
 915 003b 05       		.byte	0x5
 916 003c FE010000 		.4byte	.LASF4
 917 0040 02       		.uleb128 0x2
 918 0041 04       		.byte	0x4
 919 0042 07       		.byte	0x7
 920 0043 3D010000 		.4byte	.LASF5
 921 0047 02       		.uleb128 0x2
 922 0048 08       		.byte	0x8
 923 0049 05       		.byte	0x5
 924 004a DB010000 		.4byte	.LASF6
 925 004e 02       		.uleb128 0x2
 926 004f 08       		.byte	0x8
 927 0050 07       		.byte	0x7
 928 0051 98010000 		.4byte	.LASF7
 929 0055 03       		.uleb128 0x3
 930 0056 04       		.byte	0x4
 931 0057 05       		.byte	0x5
 932 0058 696E7400 		.ascii	"int\000"
 933 005c 02       		.uleb128 0x2
 934 005d 04       		.byte	0x4
 935 005e 07       		.byte	0x7
 936 005f 8B010000 		.4byte	.LASF8
 937 0063 04       		.uleb128 0x4
 938 0064 F8010000 		.4byte	.LASF21
 939 0068 02       		.byte	0x2
 940 0069 3801     		.2byte	0x138
 941 006b 24000000 		.4byte	0x24
 942 006f 02       		.uleb128 0x2
 943 0070 04       		.byte	0x4
 944 0071 04       		.byte	0x4
 945 0072 29010000 		.4byte	.LASF9
 946 0076 02       		.uleb128 0x2
 947 0077 08       		.byte	0x8
 948 0078 04       		.byte	0x4
 949 0079 62010000 		.4byte	.LASF10
 950 007d 02       		.uleb128 0x2
 951 007e 01       		.byte	0x1
 952 007f 08       		.byte	0x8
 953 0080 E9010000 		.4byte	.LASF11
 954 0084 05       		.uleb128 0x5
 955 0085 63000000 		.4byte	0x63
 956 0089 95000000 		.4byte	0x95
 957 008d 06       		.uleb128 0x6
 958 008e 95000000 		.4byte	0x95
 959 0092 2B03     		.2byte	0x32b
 960 0094 00       		.byte	0
 961 0095 02       		.uleb128 0x2
 962 0096 04       		.byte	0x4
 963 0097 07       		.byte	0x7
 964 0098 D2010000 		.4byte	.LASF12
 965 009c 07       		.uleb128 0x7
ARM GAS  C:\Users\Andrew\AppData\Local\Temp\cc85KOv5.s 			page 18


 966 009d 79010000 		.4byte	.LASF13
 967 00a1 01       		.byte	0x1
 968 00a2 1F       		.byte	0x1f
 969 00a3 AD000000 		.4byte	0xad
 970 00a7 05       		.uleb128 0x5
 971 00a8 03       		.byte	0x3
 972 00a9 00000000 		.4byte	cy_meta_configecc
 973 00ad 08       		.uleb128 0x8
 974 00ae 84000000 		.4byte	0x84
 975 00b2 05       		.uleb128 0x5
 976 00b3 63000000 		.4byte	0x63
 977 00b7 C2000000 		.4byte	0xc2
 978 00bb 09       		.uleb128 0x9
 979 00bc 95000000 		.4byte	0x95
 980 00c0 03       		.byte	0x3
 981 00c1 00       		.byte	0
 982 00c2 07       		.uleb128 0x7
 983 00c3 69010000 		.4byte	.LASF14
 984 00c7 01       		.byte	0x1
 985 00c8 92       		.byte	0x92
 986 00c9 D3000000 		.4byte	0xd3
 987 00cd 05       		.uleb128 0x5
 988 00ce 03       		.byte	0x3
 989 00cf 00000000 		.4byte	cy_meta_custnvl
 990 00d3 08       		.uleb128 0x8
 991 00d4 B2000000 		.4byte	0xb2
 992 00d8 07       		.uleb128 0x7
 993 00d9 C4010000 		.4byte	.LASF15
 994 00dd 01       		.byte	0x1
 995 00de A0       		.byte	0xa0
 996 00df E9000000 		.4byte	0xe9
 997 00e3 05       		.uleb128 0x5
 998 00e4 03       		.byte	0x3
 999 00e5 00000000 		.4byte	cy_meta_wonvl
 1000 00e9 08       		.uleb128 0x8
 1001 00ea B2000000 		.4byte	0xb2
 1002 00ee 05       		.uleb128 0x5
 1003 00ef 63000000 		.4byte	0x63
 1004 00f3 FE000000 		.4byte	0xfe
 1005 00f7 09       		.uleb128 0x9
 1006 00f8 95000000 		.4byte	0x95
 1007 00fc FF       		.byte	0xff
 1008 00fd 00       		.byte	0
 1009 00fe 07       		.uleb128 0x7
 1010 00ff AF010000 		.4byte	.LASF16
 1011 0103 01       		.byte	0x1
 1012 0104 AE       		.byte	0xae
 1013 0105 0F010000 		.4byte	0x10f
 1014 0109 05       		.uleb128 0x5
 1015 010a 03       		.byte	0x3
 1016 010b 00000000 		.4byte	cy_meta_flashprotect
 1017 010f 08       		.uleb128 0x8
 1018 0110 EE000000 		.4byte	0xee
 1019 0114 05       		.uleb128 0x5
 1020 0115 63000000 		.4byte	0x63
 1021 0119 24010000 		.4byte	0x124
 1022 011d 09       		.uleb128 0x9
ARM GAS  C:\Users\Andrew\AppData\Local\Temp\cc85KOv5.s 			page 19


 1023 011e 95000000 		.4byte	0x95
 1024 0122 0B       		.byte	0xb
 1025 0123 00       		.byte	0
 1026 0124 07       		.uleb128 0x7
 1027 0125 1D010000 		.4byte	.LASF17
 1028 0129 01       		.byte	0x1
 1029 012a DB       		.byte	0xdb
 1030 012b 35010000 		.4byte	0x135
 1031 012f 05       		.uleb128 0x5
 1032 0130 03       		.byte	0x3
 1033 0131 00000000 		.4byte	cy_metadata
 1034 0135 08       		.uleb128 0x8
 1035 0136 14010000 		.4byte	0x114
 1036 013a 00       		.byte	0
 1037              		.section	.debug_abbrev,"",%progbits
 1038              	.Ldebug_abbrev0:
 1039 0000 01       		.uleb128 0x1
 1040 0001 11       		.uleb128 0x11
 1041 0002 01       		.byte	0x1
 1042 0003 25       		.uleb128 0x25
 1043 0004 0E       		.uleb128 0xe
 1044 0005 13       		.uleb128 0x13
 1045 0006 0B       		.uleb128 0xb
 1046 0007 03       		.uleb128 0x3
 1047 0008 0E       		.uleb128 0xe
 1048 0009 1B       		.uleb128 0x1b
 1049 000a 0E       		.uleb128 0xe
 1050 000b 10       		.uleb128 0x10
 1051 000c 17       		.uleb128 0x17
 1052 000d 00       		.byte	0
 1053 000e 00       		.byte	0
 1054 000f 02       		.uleb128 0x2
 1055 0010 24       		.uleb128 0x24
 1056 0011 00       		.byte	0
 1057 0012 0B       		.uleb128 0xb
 1058 0013 0B       		.uleb128 0xb
 1059 0014 3E       		.uleb128 0x3e
 1060 0015 0B       		.uleb128 0xb
 1061 0016 03       		.uleb128 0x3
 1062 0017 0E       		.uleb128 0xe
 1063 0018 00       		.byte	0
 1064 0019 00       		.byte	0
 1065 001a 03       		.uleb128 0x3
 1066 001b 24       		.uleb128 0x24
 1067 001c 00       		.byte	0
 1068 001d 0B       		.uleb128 0xb
 1069 001e 0B       		.uleb128 0xb
 1070 001f 3E       		.uleb128 0x3e
 1071 0020 0B       		.uleb128 0xb
 1072 0021 03       		.uleb128 0x3
 1073 0022 08       		.uleb128 0x8
 1074 0023 00       		.byte	0
 1075 0024 00       		.byte	0
 1076 0025 04       		.uleb128 0x4
 1077 0026 16       		.uleb128 0x16
 1078 0027 00       		.byte	0
 1079 0028 03       		.uleb128 0x3
ARM GAS  C:\Users\Andrew\AppData\Local\Temp\cc85KOv5.s 			page 20


 1080 0029 0E       		.uleb128 0xe
 1081 002a 3A       		.uleb128 0x3a
 1082 002b 0B       		.uleb128 0xb
 1083 002c 3B       		.uleb128 0x3b
 1084 002d 05       		.uleb128 0x5
 1085 002e 49       		.uleb128 0x49
 1086 002f 13       		.uleb128 0x13
 1087 0030 00       		.byte	0
 1088 0031 00       		.byte	0
 1089 0032 05       		.uleb128 0x5
 1090 0033 01       		.uleb128 0x1
 1091 0034 01       		.byte	0x1
 1092 0035 49       		.uleb128 0x49
 1093 0036 13       		.uleb128 0x13
 1094 0037 01       		.uleb128 0x1
 1095 0038 13       		.uleb128 0x13
 1096 0039 00       		.byte	0
 1097 003a 00       		.byte	0
 1098 003b 06       		.uleb128 0x6
 1099 003c 21       		.uleb128 0x21
 1100 003d 00       		.byte	0
 1101 003e 49       		.uleb128 0x49
 1102 003f 13       		.uleb128 0x13
 1103 0040 2F       		.uleb128 0x2f
 1104 0041 05       		.uleb128 0x5
 1105 0042 00       		.byte	0
 1106 0043 00       		.byte	0
 1107 0044 07       		.uleb128 0x7
 1108 0045 34       		.uleb128 0x34
 1109 0046 00       		.byte	0
 1110 0047 03       		.uleb128 0x3
 1111 0048 0E       		.uleb128 0xe
 1112 0049 3A       		.uleb128 0x3a
 1113 004a 0B       		.uleb128 0xb
 1114 004b 3B       		.uleb128 0x3b
 1115 004c 0B       		.uleb128 0xb
 1116 004d 49       		.uleb128 0x49
 1117 004e 13       		.uleb128 0x13
 1118 004f 3F       		.uleb128 0x3f
 1119 0050 19       		.uleb128 0x19
 1120 0051 02       		.uleb128 0x2
 1121 0052 18       		.uleb128 0x18
 1122 0053 00       		.byte	0
 1123 0054 00       		.byte	0
 1124 0055 08       		.uleb128 0x8
 1125 0056 26       		.uleb128 0x26
 1126 0057 00       		.byte	0
 1127 0058 49       		.uleb128 0x49
 1128 0059 13       		.uleb128 0x13
 1129 005a 00       		.byte	0
 1130 005b 00       		.byte	0
 1131 005c 09       		.uleb128 0x9
 1132 005d 21       		.uleb128 0x21
 1133 005e 00       		.byte	0
 1134 005f 49       		.uleb128 0x49
 1135 0060 13       		.uleb128 0x13
 1136 0061 2F       		.uleb128 0x2f
ARM GAS  C:\Users\Andrew\AppData\Local\Temp\cc85KOv5.s 			page 21


 1137 0062 0B       		.uleb128 0xb
 1138 0063 00       		.byte	0
 1139 0064 00       		.byte	0
 1140 0065 00       		.byte	0
 1141              		.section	.debug_aranges,"",%progbits
 1142 0000 14000000 		.4byte	0x14
 1143 0004 0200     		.2byte	0x2
 1144 0006 00000000 		.4byte	.Ldebug_info0
 1145 000a 04       		.byte	0x4
 1146 000b 00       		.byte	0
 1147 000c 0000     		.2byte	0
 1148 000e 0000     		.2byte	0
 1149 0010 00000000 		.4byte	0
 1150 0014 00000000 		.4byte	0
 1151              		.section	.debug_line,"",%progbits
 1152              	.Ldebug_line0:
 1153 0000 4F000000 		.section	.debug_str,"MS",%progbits,1
 1153      02004900 
 1153      00000201 
 1153      FB0E0D00 
 1153      01010101 
 1154              	.LASF20:
 1155 0000 433A5C55 		.ascii	"C:\\Users\\Andrew\\Dropbox (Personal)\\MIT\\MIT 201"
 1155      73657273 
 1155      5C416E64 
 1155      7265775C 
 1155      44726F70 
 1156 002e 36205370 		.ascii	"6 Spring\\6115\\Final Project\\Code\\PSoc to R31JP\\"
 1156      72696E67 
 1156      5C363131 
 1156      355C4669 
 1156      6E616C20 
 1157 005d 52533233 		.ascii	"RS232.cydsn\000"
 1157      322E6379 
 1157      64736E00 
 1158              	.LASF18:
 1159 0069 474E5520 		.ascii	"GNU C 4.9.3 20150303 (release) [ARM/embedded-4_9-br"
 1159      4320342E 
 1159      392E3320 
 1159      32303135 
 1159      30333033 
 1160 009c 616E6368 		.ascii	"anch revision 221220] -mcpu=cortex-m3 -mthumb -g -O"
 1160      20726576 
 1160      6973696F 
 1160      6E203232 
 1160      31323230 
 1161 00cf 30202D66 		.ascii	"0 -ffunction-sections -ffat-lto-objects\000"
 1161      66756E63 
 1161      74696F6E 
 1161      2D736563 
 1161      74696F6E 
 1162              	.LASF19:
 1163 00f7 2E5C4765 		.ascii	".\\Generated_Source\\PSoC5\\cymetadata.c\000"
 1163      6E657261 
 1163      7465645F 
 1163      536F7572 
 1163      63655C50 
ARM GAS  C:\Users\Andrew\AppData\Local\Temp\cc85KOv5.s 			page 22


 1164              	.LASF17:
 1165 011d 63795F6D 		.ascii	"cy_metadata\000"
 1165      65746164 
 1165      61746100 
 1166              	.LASF9:
 1167 0129 666C6F61 		.ascii	"float\000"
 1167      7400
 1168              	.LASF1:
 1169 012f 756E7369 		.ascii	"unsigned char\000"
 1169      676E6564 
 1169      20636861 
 1169      7200
 1170              	.LASF5:
 1171 013d 6C6F6E67 		.ascii	"long unsigned int\000"
 1171      20756E73 
 1171      69676E65 
 1171      6420696E 
 1171      7400
 1172              	.LASF3:
 1173 014f 73686F72 		.ascii	"short unsigned int\000"
 1173      7420756E 
 1173      7369676E 
 1173      65642069 
 1173      6E7400
 1174              	.LASF10:
 1175 0162 646F7562 		.ascii	"double\000"
 1175      6C6500
 1176              	.LASF14:
 1177 0169 63795F6D 		.ascii	"cy_meta_custnvl\000"
 1177      6574615F 
 1177      63757374 
 1177      6E766C00 
 1178              	.LASF13:
 1179 0179 63795F6D 		.ascii	"cy_meta_configecc\000"
 1179      6574615F 
 1179      636F6E66 
 1179      69676563 
 1179      6300
 1180              	.LASF8:
 1181 018b 756E7369 		.ascii	"unsigned int\000"
 1181      676E6564 
 1181      20696E74 
 1181      00
 1182              	.LASF7:
 1183 0198 6C6F6E67 		.ascii	"long long unsigned int\000"
 1183      206C6F6E 
 1183      6720756E 
 1183      7369676E 
 1183      65642069 
 1184              	.LASF16:
 1185 01af 63795F6D 		.ascii	"cy_meta_flashprotect\000"
 1185      6574615F 
 1185      666C6173 
 1185      6870726F 
 1185      74656374 
 1186              	.LASF15:
 1187 01c4 63795F6D 		.ascii	"cy_meta_wonvl\000"
ARM GAS  C:\Users\Andrew\AppData\Local\Temp\cc85KOv5.s 			page 23


 1187      6574615F 
 1187      776F6E76 
 1187      6C00
 1188              	.LASF12:
 1189 01d2 73697A65 		.ascii	"sizetype\000"
 1189      74797065 
 1189      00
 1190              	.LASF6:
 1191 01db 6C6F6E67 		.ascii	"long long int\000"
 1191      206C6F6E 
 1191      6720696E 
 1191      7400
 1192              	.LASF11:
 1193 01e9 63686172 		.ascii	"char\000"
 1193      00
 1194              	.LASF2:
 1195 01ee 73686F72 		.ascii	"short int\000"
 1195      7420696E 
 1195      7400
 1196              	.LASF21:
 1197 01f8 75696E74 		.ascii	"uint8\000"
 1197      3800
 1198              	.LASF4:
 1199 01fe 6C6F6E67 		.ascii	"long int\000"
 1199      20696E74 
 1199      00
 1200              	.LASF0:
 1201 0207 7369676E 		.ascii	"signed char\000"
 1201      65642063 
 1201      68617200 
 1202              		.ident	"GCC: (GNU Tools for ARM Embedded Processors) 4.9.3 20150303 (release) [ARM/embedded-4_9-br
