ARM GAS  C:\Users\Andrew\AppData\Local\Temp\ccolTuGu.s 			page 1


   1              		.syntax unified
   2              		.cpu cortex-m3
   3              		.fpu softvfp
   4              		.eabi_attribute 20, 1
   5              		.eabi_attribute 21, 1
   6              		.eabi_attribute 23, 3
   7              		.eabi_attribute 24, 1
   8              		.eabi_attribute 25, 1
   9              		.eabi_attribute 26, 1
  10              		.eabi_attribute 30, 6
  11              		.eabi_attribute 34, 1
  12              		.eabi_attribute 18, 4
  13              		.thumb
  14              		.file	"main.c"
  15              		.text
  16              	.Ltext0:
  17              		.cfi_sections	.debug_frame
  18              		.section	.text.RX_INT,"ax",%progbits
  19              		.align	2
  20              		.global	RX_INT
  21              		.thumb
  22              		.thumb_func
  23              		.type	RX_INT, %function
  24              	RX_INT:
  25              	.LFB63:
  26              		.file 1 ".\\main.c"
   1:.\main.c      **** /* ========================================
   2:.\main.c      ****  *
   3:.\main.c      ****  * Copyright MIT 6.115, 2013
   4:.\main.c      ****  * All Rights Reserved
   5:.\main.c      ****  * UNPUBLISHED, LICENSED SOFTWARE.
   6:.\main.c      ****  *
   7:.\main.c      ****  * CONFIDENTIAL AND PROPRIETARY INFORMATION
   8:.\main.c      ****  * WHICH IS THE PROPERTY OF MIT 6.115.
   9:.\main.c      ****  *
  10:.\main.c      ****  * This file is necessary for your project to build.
  11:.\main.c      ****  * Please do not delete it.
  12:.\main.c      ****  *
  13:.\main.c      ****  * ========================================
  14:.\main.c      **** */
  15:.\main.c      **** 
  16:.\main.c      **** #include <device.h>
  17:.\main.c      **** 
  18:.\main.c      **** CY_ISR(RX_INT)
  19:.\main.c      **** {
  27              		.loc 1 19 0
  28              		.cfi_startproc
  29              		@ args = 0, pretend = 0, frame = 0
  30              		@ frame_needed = 1, uses_anonymous_args = 0
  31 0000 80B5     		push	{r7, lr}
  32              		.cfi_def_cfa_offset 8
  33              		.cfi_offset 7, -8
  34              		.cfi_offset 14, -4
  35 0002 00AF     		add	r7, sp, #0
  36              		.cfi_def_cfa_register 7
  20:.\main.c      ****     LCD_PutChar(UART_ReadRxData());     // RX ISR
  37              		.loc 1 20 0
ARM GAS  C:\Users\Andrew\AppData\Local\Temp\ccolTuGu.s 			page 2


  38 0004 FFF7FEFF 		bl	UART_ReadRxData
  39 0008 0346     		mov	r3, r0
  40 000a 1846     		mov	r0, r3
  41 000c FFF7FEFF 		bl	LCD_PutChar
  21:.\main.c      **** }
  42              		.loc 1 21 0
  43 0010 80BD     		pop	{r7, pc}
  44              		.cfi_endproc
  45              	.LFE63:
  46              		.size	RX_INT, .-RX_INT
  47 0012 00BF     		.section	.text.main,"ax",%progbits
  48              		.align	2
  49              		.global	main
  50              		.thumb
  51              		.thumb_func
  52              		.type	main, %function
  53              	main:
  54              	.LFB64:
  22:.\main.c      **** 
  23:.\main.c      **** void main()
  24:.\main.c      **** {	
  55              		.loc 1 24 0
  56              		.cfi_startproc
  57              		@ args = 0, pretend = 0, frame = 0
  58              		@ frame_needed = 1, uses_anonymous_args = 0
  59 0000 80B5     		push	{r7, lr}
  60              		.cfi_def_cfa_offset 8
  61              		.cfi_offset 7, -8
  62              		.cfi_offset 14, -4
  63 0002 00AF     		add	r7, sp, #0
  64              		.cfi_def_cfa_register 7
  25:.\main.c      **** 	LCD_Start();					    // initialize lcd
  65              		.loc 1 25 0
  66 0004 FFF7FEFF 		bl	LCD_Start
  26:.\main.c      **** 	LCD_ClearDisplay();
  67              		.loc 1 26 0
  68 0008 0120     		movs	r0, #1
  69 000a FFF7FEFF 		bl	LCD_WriteControl
  27:.\main.c      ****     
  28:.\main.c      ****     CyGlobalIntEnable;
  70              		.loc 1 28 0
  71              	@ 28 ".\main.c" 1
  72 000e 62B6     		CPSIE   i
  73              	@ 0 "" 2
  29:.\main.c      ****     rx_int_StartEx(RX_INT);             // start RX interrupt (look for CY_ISR with RX_INT address)
  74              		.loc 1 29 0
  75              		.thumb
  76 0010 0348     		ldr	r0, .L4
  77 0012 FFF7FEFF 		bl	rx_int_StartEx
  30:.\main.c      ****                                         // for code that writes received bytes to LCD.
  31:.\main.c      ****     
  32:.\main.c      ****     UART_Start();                       // initialize UART
  78              		.loc 1 32 0
  79 0016 FFF7FEFF 		bl	UART_Start
  33:.\main.c      ****     UART_ClearRxBuffer();
  80              		.loc 1 33 0
  81 001a FFF7FEFF 		bl	UART_ClearRxBuffer
ARM GAS  C:\Users\Andrew\AppData\Local\Temp\ccolTuGu.s 			page 3


  82              	.L3:
  34:.\main.c      **** 
  35:.\main.c      ****     for(;;)
  36:.\main.c      ****     {}
  83              		.loc 1 36 0 discriminator 1
  84 001e FEE7     		b	.L3
  85              	.L5:
  86              		.align	2
  87              	.L4:
  88 0020 00000000 		.word	RX_INT
  89              		.cfi_endproc
  90              	.LFE64:
  91              		.size	main, .-main
  92              		.text
  93              	.Letext0:
  94              		.file 2 "c:\\program files (x86)\\cypress\\psoc creator\\3.3\\psoc creator\\import\\gnu\\arm\\4.9.
  95              		.file 3 "c:\\program files (x86)\\cypress\\psoc creator\\3.3\\psoc creator\\import\\gnu\\arm\\4.9.
  96              		.file 4 "Generated_Source\\PSoC5/core_cm3.h"
  97              		.section	.debug_info,"",%progbits
  98              	.Ldebug_info0:
  99 0000 CD000000 		.4byte	0xcd
 100 0004 0400     		.2byte	0x4
 101 0006 00000000 		.4byte	.Ldebug_abbrev0
 102 000a 04       		.byte	0x4
 103 000b 01       		.uleb128 0x1
 104 000c E8000000 		.4byte	.LASF15
 105 0010 01       		.byte	0x1
 106 0011 76010000 		.4byte	.LASF16
 107 0015 3A000000 		.4byte	.LASF17
 108 0019 00000000 		.4byte	.Ldebug_ranges0+0
 109 001d 00000000 		.4byte	0
 110 0021 00000000 		.4byte	.Ldebug_line0
 111 0025 02       		.uleb128 0x2
 112 0026 01       		.byte	0x1
 113 0027 06       		.byte	0x6
 114 0028 93010000 		.4byte	.LASF0
 115 002c 02       		.uleb128 0x2
 116 002d 01       		.byte	0x1
 117 002e 08       		.byte	0x8
 118 002f CC000000 		.4byte	.LASF1
 119 0033 02       		.uleb128 0x2
 120 0034 02       		.byte	0x2
 121 0035 05       		.byte	0x5
 122 0036 AF010000 		.4byte	.LASF2
 123 003a 02       		.uleb128 0x2
 124 003b 02       		.byte	0x2
 125 003c 07       		.byte	0x7
 126 003d 0E000000 		.4byte	.LASF3
 127 0041 03       		.uleb128 0x3
 128 0042 9F010000 		.4byte	.LASF9
 129 0046 02       		.byte	0x2
 130 0047 3F       		.byte	0x3f
 131 0048 4C000000 		.4byte	0x4c
 132 004c 02       		.uleb128 0x2
 133 004d 04       		.byte	0x4
 134 004e 05       		.byte	0x5
 135 004f DF000000 		.4byte	.LASF4
ARM GAS  C:\Users\Andrew\AppData\Local\Temp\ccolTuGu.s 			page 4


 136 0053 02       		.uleb128 0x2
 137 0054 04       		.byte	0x4
 138 0055 07       		.byte	0x7
 139 0056 A3000000 		.4byte	.LASF5
 140 005a 02       		.uleb128 0x2
 141 005b 08       		.byte	0x8
 142 005c 05       		.byte	0x5
 143 005d 00000000 		.4byte	.LASF6
 144 0061 02       		.uleb128 0x2
 145 0062 08       		.byte	0x8
 146 0063 07       		.byte	0x7
 147 0064 B5000000 		.4byte	.LASF7
 148 0068 04       		.uleb128 0x4
 149 0069 04       		.byte	0x4
 150 006a 05       		.byte	0x5
 151 006b 696E7400 		.ascii	"int\000"
 152 006f 02       		.uleb128 0x2
 153 0070 04       		.byte	0x4
 154 0071 07       		.byte	0x7
 155 0072 21000000 		.4byte	.LASF8
 156 0076 03       		.uleb128 0x3
 157 0077 B9010000 		.4byte	.LASF10
 158 007b 03       		.byte	0x3
 159 007c 2C       		.byte	0x2c
 160 007d 41000000 		.4byte	0x41
 161 0081 02       		.uleb128 0x2
 162 0082 04       		.byte	0x4
 163 0083 04       		.byte	0x4
 164 0084 A9010000 		.4byte	.LASF11
 165 0088 02       		.uleb128 0x2
 166 0089 08       		.byte	0x8
 167 008a 04       		.byte	0x4
 168 008b 7F010000 		.4byte	.LASF12
 169 008f 02       		.uleb128 0x2
 170 0090 01       		.byte	0x1
 171 0091 08       		.byte	0x8
 172 0092 DA000000 		.4byte	.LASF13
 173 0096 02       		.uleb128 0x2
 174 0097 04       		.byte	0x4
 175 0098 07       		.byte	0x7
 176 0099 C1010000 		.4byte	.LASF14
 177 009d 05       		.uleb128 0x5
 178 009e 33000000 		.4byte	.LASF18
 179 00a2 01       		.byte	0x1
 180 00a3 12       		.byte	0x12
 181 00a4 00000000 		.4byte	.LFB63
 182 00a8 12000000 		.4byte	.LFE63-.LFB63
 183 00ac 01       		.uleb128 0x1
 184 00ad 9C       		.byte	0x9c
 185 00ae 06       		.uleb128 0x6
 186 00af 2E000000 		.4byte	.LASF19
 187 00b3 01       		.byte	0x1
 188 00b4 17       		.byte	0x17
 189 00b5 00000000 		.4byte	.LFB64
 190 00b9 24000000 		.4byte	.LFE64-.LFB64
 191 00bd 01       		.uleb128 0x1
 192 00be 9C       		.byte	0x9c
ARM GAS  C:\Users\Andrew\AppData\Local\Temp\ccolTuGu.s 			page 5


 193 00bf 07       		.uleb128 0x7
 194 00c0 86010000 		.4byte	.LASF20
 195 00c4 04       		.byte	0x4
 196 00c5 5506     		.2byte	0x655
 197 00c7 CB000000 		.4byte	0xcb
 198 00cb 08       		.uleb128 0x8
 199 00cc 76000000 		.4byte	0x76
 200 00d0 00       		.byte	0
 201              		.section	.debug_abbrev,"",%progbits
 202              	.Ldebug_abbrev0:
 203 0000 01       		.uleb128 0x1
 204 0001 11       		.uleb128 0x11
 205 0002 01       		.byte	0x1
 206 0003 25       		.uleb128 0x25
 207 0004 0E       		.uleb128 0xe
 208 0005 13       		.uleb128 0x13
 209 0006 0B       		.uleb128 0xb
 210 0007 03       		.uleb128 0x3
 211 0008 0E       		.uleb128 0xe
 212 0009 1B       		.uleb128 0x1b
 213 000a 0E       		.uleb128 0xe
 214 000b 55       		.uleb128 0x55
 215 000c 17       		.uleb128 0x17
 216 000d 11       		.uleb128 0x11
 217 000e 01       		.uleb128 0x1
 218 000f 10       		.uleb128 0x10
 219 0010 17       		.uleb128 0x17
 220 0011 00       		.byte	0
 221 0012 00       		.byte	0
 222 0013 02       		.uleb128 0x2
 223 0014 24       		.uleb128 0x24
 224 0015 00       		.byte	0
 225 0016 0B       		.uleb128 0xb
 226 0017 0B       		.uleb128 0xb
 227 0018 3E       		.uleb128 0x3e
 228 0019 0B       		.uleb128 0xb
 229 001a 03       		.uleb128 0x3
 230 001b 0E       		.uleb128 0xe
 231 001c 00       		.byte	0
 232 001d 00       		.byte	0
 233 001e 03       		.uleb128 0x3
 234 001f 16       		.uleb128 0x16
 235 0020 00       		.byte	0
 236 0021 03       		.uleb128 0x3
 237 0022 0E       		.uleb128 0xe
 238 0023 3A       		.uleb128 0x3a
 239 0024 0B       		.uleb128 0xb
 240 0025 3B       		.uleb128 0x3b
 241 0026 0B       		.uleb128 0xb
 242 0027 49       		.uleb128 0x49
 243 0028 13       		.uleb128 0x13
 244 0029 00       		.byte	0
 245 002a 00       		.byte	0
 246 002b 04       		.uleb128 0x4
 247 002c 24       		.uleb128 0x24
 248 002d 00       		.byte	0
 249 002e 0B       		.uleb128 0xb
ARM GAS  C:\Users\Andrew\AppData\Local\Temp\ccolTuGu.s 			page 6


 250 002f 0B       		.uleb128 0xb
 251 0030 3E       		.uleb128 0x3e
 252 0031 0B       		.uleb128 0xb
 253 0032 03       		.uleb128 0x3
 254 0033 08       		.uleb128 0x8
 255 0034 00       		.byte	0
 256 0035 00       		.byte	0
 257 0036 05       		.uleb128 0x5
 258 0037 2E       		.uleb128 0x2e
 259 0038 00       		.byte	0
 260 0039 3F       		.uleb128 0x3f
 261 003a 19       		.uleb128 0x19
 262 003b 03       		.uleb128 0x3
 263 003c 0E       		.uleb128 0xe
 264 003d 3A       		.uleb128 0x3a
 265 003e 0B       		.uleb128 0xb
 266 003f 3B       		.uleb128 0x3b
 267 0040 0B       		.uleb128 0xb
 268 0041 27       		.uleb128 0x27
 269 0042 19       		.uleb128 0x19
 270 0043 11       		.uleb128 0x11
 271 0044 01       		.uleb128 0x1
 272 0045 12       		.uleb128 0x12
 273 0046 06       		.uleb128 0x6
 274 0047 40       		.uleb128 0x40
 275 0048 18       		.uleb128 0x18
 276 0049 9642     		.uleb128 0x2116
 277 004b 19       		.uleb128 0x19
 278 004c 00       		.byte	0
 279 004d 00       		.byte	0
 280 004e 06       		.uleb128 0x6
 281 004f 2E       		.uleb128 0x2e
 282 0050 00       		.byte	0
 283 0051 3F       		.uleb128 0x3f
 284 0052 19       		.uleb128 0x19
 285 0053 03       		.uleb128 0x3
 286 0054 0E       		.uleb128 0xe
 287 0055 3A       		.uleb128 0x3a
 288 0056 0B       		.uleb128 0xb
 289 0057 3B       		.uleb128 0x3b
 290 0058 0B       		.uleb128 0xb
 291 0059 11       		.uleb128 0x11
 292 005a 01       		.uleb128 0x1
 293 005b 12       		.uleb128 0x12
 294 005c 06       		.uleb128 0x6
 295 005d 40       		.uleb128 0x40
 296 005e 18       		.uleb128 0x18
 297 005f 9642     		.uleb128 0x2116
 298 0061 19       		.uleb128 0x19
 299 0062 00       		.byte	0
 300 0063 00       		.byte	0
 301 0064 07       		.uleb128 0x7
 302 0065 34       		.uleb128 0x34
 303 0066 00       		.byte	0
 304 0067 03       		.uleb128 0x3
 305 0068 0E       		.uleb128 0xe
 306 0069 3A       		.uleb128 0x3a
ARM GAS  C:\Users\Andrew\AppData\Local\Temp\ccolTuGu.s 			page 7


 307 006a 0B       		.uleb128 0xb
 308 006b 3B       		.uleb128 0x3b
 309 006c 05       		.uleb128 0x5
 310 006d 49       		.uleb128 0x49
 311 006e 13       		.uleb128 0x13
 312 006f 3F       		.uleb128 0x3f
 313 0070 19       		.uleb128 0x19
 314 0071 3C       		.uleb128 0x3c
 315 0072 19       		.uleb128 0x19
 316 0073 00       		.byte	0
 317 0074 00       		.byte	0
 318 0075 08       		.uleb128 0x8
 319 0076 35       		.uleb128 0x35
 320 0077 00       		.byte	0
 321 0078 49       		.uleb128 0x49
 322 0079 13       		.uleb128 0x13
 323 007a 00       		.byte	0
 324 007b 00       		.byte	0
 325 007c 00       		.byte	0
 326              		.section	.debug_aranges,"",%progbits
 327 0000 24000000 		.4byte	0x24
 328 0004 0200     		.2byte	0x2
 329 0006 00000000 		.4byte	.Ldebug_info0
 330 000a 04       		.byte	0x4
 331 000b 00       		.byte	0
 332 000c 0000     		.2byte	0
 333 000e 0000     		.2byte	0
 334 0010 00000000 		.4byte	.LFB63
 335 0014 12000000 		.4byte	.LFE63-.LFB63
 336 0018 00000000 		.4byte	.LFB64
 337 001c 24000000 		.4byte	.LFE64-.LFB64
 338 0020 00000000 		.4byte	0
 339 0024 00000000 		.4byte	0
 340              		.section	.debug_ranges,"",%progbits
 341              	.Ldebug_ranges0:
 342 0000 00000000 		.4byte	.LFB63
 343 0004 12000000 		.4byte	.LFE63
 344 0008 00000000 		.4byte	.LFB64
 345 000c 24000000 		.4byte	.LFE64
 346 0010 00000000 		.4byte	0
 347 0014 00000000 		.4byte	0
 348              		.section	.debug_line,"",%progbits
 349              	.Ldebug_line0:
 350 0000 6D010000 		.section	.debug_str,"MS",%progbits,1
 350      02003C01 
 350      00000201 
 350      FB0E0D00 
 350      01010101 
 351              	.LASF6:
 352 0000 6C6F6E67 		.ascii	"long long int\000"
 352      206C6F6E 
 352      6720696E 
 352      7400
 353              	.LASF3:
 354 000e 73686F72 		.ascii	"short unsigned int\000"
 354      7420756E 
 354      7369676E 
ARM GAS  C:\Users\Andrew\AppData\Local\Temp\ccolTuGu.s 			page 8


 354      65642069 
 354      6E7400
 355              	.LASF8:
 356 0021 756E7369 		.ascii	"unsigned int\000"
 356      676E6564 
 356      20696E74 
 356      00
 357              	.LASF19:
 358 002e 6D61696E 		.ascii	"main\000"
 358      00
 359              	.LASF18:
 360 0033 52585F49 		.ascii	"RX_INT\000"
 360      4E5400
 361              	.LASF17:
 362 003a 433A5C55 		.ascii	"C:\\Users\\Andrew\\Dropbox (Personal)\\MIT\\MIT 201"
 362      73657273 
 362      5C416E64 
 362      7265775C 
 362      44726F70 
 363 0068 36205370 		.ascii	"6 Spring\\6115\\Final Project\\Code\\PSoc to R31JP\\"
 363      72696E67 
 363      5C363131 
 363      355C4669 
 363      6E616C20 
 364 0097 52533233 		.ascii	"RS232.cydsn\000"
 364      322E6379 
 364      64736E00 
 365              	.LASF5:
 366 00a3 6C6F6E67 		.ascii	"long unsigned int\000"
 366      20756E73 
 366      69676E65 
 366      6420696E 
 366      7400
 367              	.LASF7:
 368 00b5 6C6F6E67 		.ascii	"long long unsigned int\000"
 368      206C6F6E 
 368      6720756E 
 368      7369676E 
 368      65642069 
 369              	.LASF1:
 370 00cc 756E7369 		.ascii	"unsigned char\000"
 370      676E6564 
 370      20636861 
 370      7200
 371              	.LASF13:
 372 00da 63686172 		.ascii	"char\000"
 372      00
 373              	.LASF4:
 374 00df 6C6F6E67 		.ascii	"long int\000"
 374      20696E74 
 374      00
 375              	.LASF15:
 376 00e8 474E5520 		.ascii	"GNU C 4.9.3 20150303 (release) [ARM/embedded-4_9-br"
 376      4320342E 
 376      392E3320 
 376      32303135 
 376      30333033 
ARM GAS  C:\Users\Andrew\AppData\Local\Temp\ccolTuGu.s 			page 9


 377 011b 616E6368 		.ascii	"anch revision 221220] -mcpu=cortex-m3 -mthumb -g -O"
 377      20726576 
 377      6973696F 
 377      6E203232 
 377      31323230 
 378 014e 30202D66 		.ascii	"0 -ffunction-sections -ffat-lto-objects\000"
 378      66756E63 
 378      74696F6E 
 378      2D736563 
 378      74696F6E 
 379              	.LASF16:
 380 0176 2E5C6D61 		.ascii	".\\main.c\000"
 380      696E2E63 
 380      00
 381              	.LASF12:
 382 017f 646F7562 		.ascii	"double\000"
 382      6C6500
 383              	.LASF20:
 384 0186 49544D5F 		.ascii	"ITM_RxBuffer\000"
 384      52784275 
 384      66666572 
 384      00
 385              	.LASF0:
 386 0193 7369676E 		.ascii	"signed char\000"
 386      65642063 
 386      68617200 
 387              	.LASF9:
 388 019f 5F5F696E 		.ascii	"__int32_t\000"
 388      7433325F 
 388      7400
 389              	.LASF11:
 390 01a9 666C6F61 		.ascii	"float\000"
 390      7400
 391              	.LASF2:
 392 01af 73686F72 		.ascii	"short int\000"
 392      7420696E 
 392      7400
 393              	.LASF10:
 394 01b9 696E7433 		.ascii	"int32_t\000"
 394      325F7400 
 395              	.LASF14:
 396 01c1 73697A65 		.ascii	"sizetype\000"
 396      74797065 
 396      00
 397              		.ident	"GCC: (GNU Tools for ARM Embedded Processors) 4.9.3 20150303 (release) [ARM/embedded-4_9-br
