--------------- Build Started: 04/26/2016 15:30:15 Project: LAB2, Configuration: ARM GCC 4.9-2015-q1-update Debug ---------------
The code generation step is up to date.
arm-none-eabi-gcc.exe -mcpu=cortex-m3 -mthumb -Wno-main -I. -IGenerated_Source\PSoC5 -Wa,-alh=.\CortexM3\ARM_GCC_493\Debug/main.lst -g -D DEBUG -Wall -ffunction-sections -Og -ffat-lto-objects -c .\main.c -o .\CortexM3\ARM_GCC_493\Debug\main.o
.\main.c: In function 'main':
.\main.c:27:25: warning: passing argument 1 of 'LCD_Char_1_PrintString' makes pointer from integer without a cast
  LCD_Char_1_PrintString(c);
                         ^
In file included from Generated_Source\PSoC5/project.h:22:0,
                 from ./device.h:15,
                 from .\main.c:16:
Generated_Source\PSoC5/LCD_Char_1.h:60:6: note: expected 'const char8 *' but argument is of type 'char'
 void LCD_Char_1_PrintString(char8 const string[]) ;
      ^
arm-none-eabi-ar.exe -rs .\CortexM3\ARM_GCC_493\Debug\LAB2.a .\CortexM3\ARM_GCC_493\Debug\cyfitter_cfg.o .\CortexM3\ARM_GCC_493\Debug\LCD_Char_1.o .\CortexM3\ARM_GCC_493\Debug\LCD_Char_1_PM.o .\CortexM3\ARM_GCC_493\Debug\Pin_1.o .\CortexM3\ARM_GCC_493\Debug\ADC_DelSig_1.o .\CortexM3\ARM_GCC_493\Debug\ADC_DelSig_1_PM.o .\CortexM3\ARM_GCC_493\Debug\ADC_DelSig_1_INT.o .\CortexM3\ARM_GCC_493\Debug\LCD_Char_1_LCDPort.o .\CortexM3\ARM_GCC_493\Debug\ADC_DelSig_1_AMux.o .\CortexM3\ARM_GCC_493\Debug\ADC_DelSig_1_Ext_CP_Clk.o .\CortexM3\ARM_GCC_493\Debug\ADC_DelSig_1_IRQ.o .\CortexM3\ARM_GCC_493\Debug\ADC_DelSig_1_theACLK.o .\CortexM3\ARM_GCC_493\Debug\CyBootAsmGnu.o .\CortexM3\ARM_GCC_493\Debug\CyDmac.o .\CortexM3\ARM_GCC_493\Debug\CyFlash.o .\CortexM3\ARM_GCC_493\Debug\CyLib.o .\CortexM3\ARM_GCC_493\Debug\cyPm.o .\CortexM3\ARM_GCC_493\Debug\CySpc.o .\CortexM3\ARM_GCC_493\Debug\cyutils.o
arm-none-eabi-ar.exe: creating .\CortexM3\ARM_GCC_493\Debug\LAB2.a
arm-none-eabi-gcc.exe -Wl,--start-group -o .\CortexM3\ARM_GCC_493\Debug\LAB2.elf .\CortexM3\ARM_GCC_493\Debug\main.o .\CortexM3\ARM_GCC_493\Debug\tic_tac_toe.o .\CortexM3\ARM_GCC_493\Debug\cymetadata.o .\CortexM3\ARM_GCC_493\Debug\Cm3Start.o .\CortexM3\ARM_GCC_493\Debug\LAB2.a "C:\Program Files (x86)\Cypress\PSoC Creator\3.3\PSoC Creator\psoc\content\cycomponentlibrary\CyComponentLibrary.cylib\CortexM3\ARM_GCC_493\Debug\CyComponentLibrary.a" -mcpu=cortex-m3 -mthumb -g -ffunction-sections -Og -L Generated_Source\PSoC5 -Wl,-Map,.\CortexM3\ARM_GCC_493\Debug/LAB2.map -T Generated_Source\PSoC5\cm3gcc.ld -specs=nano.specs -Wl,--gc-sections -Wl,--end-group
cyelftool.exe -C "C:\Users\Andrew\Dropbox (Personal)\MIT\MIT 2016 Spring\6115\Final Project\Code\exercise_2_zipc3\lab2\LAB2.cydsn\CortexM3\ARM_GCC_493\Debug\LAB2.elf" --flash_row_size 256 --flash_size 262144
cyelftool.exe -S "C:\Users\Andrew\Dropbox (Personal)\MIT\MIT 2016 Spring\6115\Final Project\Code\exercise_2_zipc3\lab2\LAB2.cydsn\CortexM3\ARM_GCC_493\Debug\LAB2.elf"
Flash used: 2048 of 262144 bytes (0,8 %).
SRAM used: 20797 of 65536 bytes (31,7 %). Stack: 16384 bytes. Heap: 4096 bytes.
--------------- Build Succeeded: 04/26/2016 15:30:16 ---------------
