ARM GAS  C:\Users\Andrew\AppData\Local\Temp\cc9l9yEY.s 			page 1


   1              		.syntax unified
   2              		.cpu cortex-m3
   3              		.fpu softvfp
   4              		.eabi_attribute 20, 1
   5              		.eabi_attribute 21, 1
   6              		.eabi_attribute 23, 3
   7              		.eabi_attribute 24, 1
   8              		.eabi_attribute 25, 1
   9              		.eabi_attribute 26, 1
  10              		.eabi_attribute 30, 1
  11              		.eabi_attribute 34, 1
  12              		.eabi_attribute 18, 4
  13              		.thumb
  14              		.file	"main.c"
  15              		.text
  16              	.Ltext0:
  17              		.cfi_sections	.debug_frame
  18              		.section	.text.main,"ax",%progbits
  19              		.align	2
  20              		.global	main
  21              		.thumb
  22              		.thumb_func
  23              		.type	main, %function
  24              	main:
  25              	.LFB63:
  26              		.file 1 ".\\main.c"
   1:.\main.c      **** /* ========================================
   2:.\main.c      ****  *
   3:.\main.c      ****  * Copyright YOUR COMPANY, THE YEAR
   4:.\main.c      ****  * All Rights Reserved
   5:.\main.c      ****  * UNPUBLISHED, LICENSED SOFTWARE.
   6:.\main.c      ****  *
   7:.\main.c      ****  * CONFIDENTIAL AND PROPRIETARY INFORMATION
   8:.\main.c      ****  * WHICH IS THE PROPERTY OF your company.
   9:.\main.c      ****  *
  10:.\main.c      ****  * This file is necessary for your project to build.
  11:.\main.c      ****  * Please do not delete it.
  12:.\main.c      ****  *
  13:.\main.c      ****  * ========================================
  14:.\main.c      **** */
  15:.\main.c      **** 
  16:.\main.c      **** #include <device.h>
  17:.\main.c      **** #include <tic_tac_toe.c>
  18:.\main.c      **** 
  19:.\main.c      **** void main()
  20:.\main.c      **** {
  27              		.loc 1 20 0
  28              		.cfi_startproc
  29              		@ args = 0, pretend = 0, frame = 8
  30              		@ frame_needed = 0, uses_anonymous_args = 0
  31 0000 00B5     		push	{lr}
  32              		.cfi_def_cfa_offset 4
  33              		.cfi_offset 14, -4
  34 0002 83B0     		sub	sp, sp, #12
  35              		.cfi_def_cfa_offset 16
  21:.\main.c      ****     tic_tac_toe tic = {1,3};	
  36              		.loc 1 21 0
ARM GAS  C:\Users\Andrew\AppData\Local\Temp\cc9l9yEY.s 			page 2


  37 0004 0A4B     		ldr	r3, .L3
  38 0006 93E80300 		ldmia	r3, {r0, r1}
  39 000a 02AB     		add	r3, sp, #8
  40 000c 03E90300 		stmdb	r3, {r0, r1}
  22:.\main.c      **** 	
  23:.\main.c      **** 	LCD_Char_1_Start();					// initialize lcd
  41              		.loc 1 23 0
  42 0010 FFF7FEFF 		bl	LCD_Char_1_Start
  43              	.LVL0:
  24:.\main.c      **** 	LCD_Char_1_ClearDisplay();
  44              		.loc 1 24 0
  45 0014 0120     		movs	r0, #1
  46 0016 FFF7FEFF 		bl	LCD_Char_1_WriteControl
  47              	.LVL1:
  25:.\main.c      ****     LCD_Char_1_PrintString("HELLO");
  48              		.loc 1 25 0
  49 001a 0648     		ldr	r0, .L3+4
  50 001c FFF7FEFF 		bl	LCD_Char_1_PrintString
  51              	.LVL2:
  26:.\main.c      ****     char c = tic.x;
  27:.\main.c      **** 	LCD_Char_1_PrintString(c);
  52              		.loc 1 27 0
  53 0020 9DF80000 		ldrb	r0, [sp]	@ zero_extendqisi2
  54 0024 FFF7FEFF 		bl	LCD_Char_1_PrintString
  55              	.LVL3:
  28:.\main.c      ****     
  29:.\main.c      **** }
  56              		.loc 1 29 0
  57 0028 03B0     		add	sp, sp, #12
  58              		.cfi_def_cfa_offset 4
  59              	.LVL4:
  60              		@ sp needed
  61 002a 5DF804FB 		ldr	pc, [sp], #4
  62              	.LVL5:
  63              	.L4:
  64 002e 00BF     		.align	2
  65              	.L3:
  66 0030 00000000 		.word	.LANCHOR0
  67 0034 00000000 		.word	.LC1
  68              		.cfi_endproc
  69              	.LFE63:
  70              		.size	main, .-main
  71              		.section	.rodata
  72              		.align	2
  73              		.set	.LANCHOR0,. + 0
  74              	.LC0:
  75 0000 01000000 		.word	1
  76 0004 03000000 		.word	3
  77              		.section	.rodata.str1.4,"aMS",%progbits,1
  78              		.align	2
  79              	.LC1:
  80 0000 48454C4C 		.ascii	"HELLO\000"
  80      4F00
  81 0006 0000     		.text
  82              	.Letext0:
  83              		.file 2 "c:\\program files (x86)\\cypress\\psoc creator\\3.3\\psoc creator\\import\\gnu\\arm\\4.9.
  84              		.file 3 "c:\\program files (x86)\\cypress\\psoc creator\\3.3\\psoc creator\\import\\gnu\\arm\\4.9.
ARM GAS  C:\Users\Andrew\AppData\Local\Temp\cc9l9yEY.s 			page 3


  85              		.file 4 "Generated_Source\\PSoC5/cytypes.h"
  86              		.file 5 "./tic_tac_toe.c"
  87              		.file 6 "Generated_Source\\PSoC5/LCD_Char_1.h"
  88              		.file 7 "Generated_Source\\PSoC5/core_cm3.h"
  89              		.section	.debug_info,"",%progbits
  90              	.Ldebug_info0:
  91 0000 98010000 		.4byte	0x198
  92 0004 0400     		.2byte	0x4
  93 0006 00000000 		.4byte	.Ldebug_abbrev0
  94 000a 04       		.byte	0x4
  95 000b 01       		.uleb128 0x1
  96 000c B7000000 		.4byte	.LASF20
  97 0010 01       		.byte	0x1
  98 0011 2E000000 		.4byte	.LASF21
  99 0015 A6010000 		.4byte	.LASF22
 100 0019 00000000 		.4byte	.Ldebug_ranges0+0
 101 001d 00000000 		.4byte	0
 102 0021 00000000 		.4byte	.Ldebug_line0
 103 0025 02       		.uleb128 0x2
 104 0026 01       		.byte	0x1
 105 0027 06       		.byte	0x6
 106 0028 16020000 		.4byte	.LASF0
 107 002c 02       		.uleb128 0x2
 108 002d 01       		.byte	0x1
 109 002e 08       		.byte	0x8
 110 002f 9D000000 		.4byte	.LASF1
 111 0033 02       		.uleb128 0x2
 112 0034 02       		.byte	0x2
 113 0035 05       		.byte	0x5
 114 0036 8D010000 		.4byte	.LASF2
 115 003a 02       		.uleb128 0x2
 116 003b 02       		.byte	0x2
 117 003c 07       		.byte	0x7
 118 003d 7D000000 		.4byte	.LASF3
 119 0041 03       		.uleb128 0x3
 120 0042 18000000 		.4byte	.LASF9
 121 0046 02       		.byte	0x2
 122 0047 3F       		.byte	0x3f
 123 0048 4C000000 		.4byte	0x4c
 124 004c 02       		.uleb128 0x2
 125 004d 04       		.byte	0x4
 126 004e 05       		.byte	0x5
 127 004f 9D010000 		.4byte	.LASF4
 128 0053 02       		.uleb128 0x2
 129 0054 04       		.byte	0x4
 130 0055 07       		.byte	0x7
 131 0056 6B000000 		.4byte	.LASF5
 132 005a 02       		.uleb128 0x2
 133 005b 08       		.byte	0x8
 134 005c 05       		.byte	0x5
 135 005d 7A010000 		.4byte	.LASF6
 136 0061 02       		.uleb128 0x2
 137 0062 08       		.byte	0x8
 138 0063 07       		.byte	0x7
 139 0064 52010000 		.4byte	.LASF7
 140 0068 04       		.uleb128 0x4
 141 0069 04       		.byte	0x4
ARM GAS  C:\Users\Andrew\AppData\Local\Temp\cc9l9yEY.s 			page 4


 142 006a 05       		.byte	0x5
 143 006b 696E7400 		.ascii	"int\000"
 144 006f 02       		.uleb128 0x2
 145 0070 04       		.byte	0x4
 146 0071 07       		.byte	0x7
 147 0072 45010000 		.4byte	.LASF8
 148 0076 03       		.uleb128 0x3
 149 0077 69010000 		.4byte	.LASF10
 150 007b 03       		.byte	0x3
 151 007c 2C       		.byte	0x2c
 152 007d 41000000 		.4byte	0x41
 153 0081 05       		.uleb128 0x5
 154 0082 97010000 		.4byte	.LASF11
 155 0086 04       		.byte	0x4
 156 0087 3801     		.2byte	0x138
 157 0089 2C000000 		.4byte	0x2c
 158 008d 02       		.uleb128 0x2
 159 008e 04       		.byte	0x4
 160 008f 04       		.byte	0x4
 161 0090 37000000 		.4byte	.LASF12
 162 0094 02       		.uleb128 0x2
 163 0095 08       		.byte	0x8
 164 0096 04       		.byte	0x4
 165 0097 AB000000 		.4byte	.LASF13
 166 009b 05       		.uleb128 0x5
 167 009c 65000000 		.4byte	.LASF14
 168 00a0 04       		.byte	0x4
 169 00a1 4901     		.2byte	0x149
 170 00a3 A7000000 		.4byte	0xa7
 171 00a7 02       		.uleb128 0x2
 172 00a8 01       		.byte	0x1
 173 00a9 08       		.byte	0x8
 174 00aa 88010000 		.4byte	.LASF15
 175 00ae 02       		.uleb128 0x2
 176 00af 04       		.byte	0x4
 177 00b0 07       		.byte	0x7
 178 00b1 71010000 		.4byte	.LASF16
 179 00b5 06       		.uleb128 0x6
 180 00b6 08       		.byte	0x8
 181 00b7 05       		.byte	0x5
 182 00b8 0C       		.byte	0xc
 183 00b9 D2000000 		.4byte	0xd2
 184 00bd 07       		.uleb128 0x7
 185 00be 7800     		.ascii	"x\000"
 186 00c0 05       		.byte	0x5
 187 00c1 0D       		.byte	0xd
 188 00c2 68000000 		.4byte	0x68
 189 00c6 00       		.byte	0
 190 00c7 07       		.uleb128 0x7
 191 00c8 7900     		.ascii	"y\000"
 192 00ca 05       		.byte	0x5
 193 00cb 0E       		.byte	0xe
 194 00cc 68000000 		.4byte	0x68
 195 00d0 04       		.byte	0x4
 196 00d1 00       		.byte	0
 197 00d2 03       		.uleb128 0x3
 198 00d3 22000000 		.4byte	.LASF17
ARM GAS  C:\Users\Andrew\AppData\Local\Temp\cc9l9yEY.s 			page 5


 199 00d7 05       		.byte	0x5
 200 00d8 0F       		.byte	0xf
 201 00d9 B5000000 		.4byte	0xb5
 202 00dd 08       		.uleb128 0x8
 203 00de B2000000 		.4byte	.LASF23
 204 00e2 01       		.byte	0x1
 205 00e3 13       		.byte	0x13
 206 00e4 00000000 		.4byte	.LFB63
 207 00e8 38000000 		.4byte	.LFE63-.LFB63
 208 00ec 01       		.uleb128 0x1
 209 00ed 9C       		.byte	0x9c
 210 00ee 56010000 		.4byte	0x156
 211 00f2 09       		.uleb128 0x9
 212 00f3 74696300 		.ascii	"tic\000"
 213 00f7 01       		.byte	0x1
 214 00f8 15       		.byte	0x15
 215 00f9 D2000000 		.4byte	0xd2
 216 00fd 02       		.uleb128 0x2
 217 00fe 91       		.byte	0x91
 218 00ff 70       		.sleb128 -16
 219 0100 0A       		.uleb128 0xa
 220 0101 6300     		.ascii	"c\000"
 221 0103 01       		.byte	0x1
 222 0104 1A       		.byte	0x1a
 223 0105 A7000000 		.4byte	0xa7
 224 0109 00000000 		.4byte	.LLST0
 225 010d 0B       		.uleb128 0xb
 226 010e 14000000 		.4byte	.LVL0
 227 0112 67010000 		.4byte	0x167
 228 0116 0C       		.uleb128 0xc
 229 0117 1A000000 		.4byte	.LVL1
 230 011b 6E010000 		.4byte	0x16e
 231 011f 29010000 		.4byte	0x129
 232 0123 0D       		.uleb128 0xd
 233 0124 01       		.uleb128 0x1
 234 0125 50       		.byte	0x50
 235 0126 01       		.uleb128 0x1
 236 0127 31       		.byte	0x31
 237 0128 00       		.byte	0
 238 0129 0C       		.uleb128 0xc
 239 012a 20000000 		.4byte	.LVL2
 240 012e 7F010000 		.4byte	0x17f
 241 0132 40010000 		.4byte	0x140
 242 0136 0D       		.uleb128 0xd
 243 0137 01       		.uleb128 0x1
 244 0138 50       		.byte	0x50
 245 0139 05       		.uleb128 0x5
 246 013a 03       		.byte	0x3
 247 013b 00000000 		.4byte	.LC1
 248 013f 00       		.byte	0
 249 0140 0E       		.uleb128 0xe
 250 0141 28000000 		.4byte	.LVL3
 251 0145 7F010000 		.4byte	0x17f
 252 0149 0D       		.uleb128 0xd
 253 014a 01       		.uleb128 0x1
 254 014b 50       		.byte	0x50
 255 014c 07       		.uleb128 0x7
ARM GAS  C:\Users\Andrew\AppData\Local\Temp\cc9l9yEY.s 			page 6


 256 014d 7D       		.byte	0x7d
 257 014e 00       		.sleb128 0
 258 014f 94       		.byte	0x94
 259 0150 01       		.byte	0x1
 260 0151 08       		.byte	0x8
 261 0152 FF       		.byte	0xff
 262 0153 1A       		.byte	0x1a
 263 0154 00       		.byte	0
 264 0155 00       		.byte	0
 265 0156 0F       		.uleb128 0xf
 266 0157 90000000 		.4byte	.LASF24
 267 015b 07       		.byte	0x7
 268 015c 5506     		.2byte	0x655
 269 015e 62010000 		.4byte	0x162
 270 0162 10       		.uleb128 0x10
 271 0163 76000000 		.4byte	0x76
 272 0167 11       		.uleb128 0x11
 273 0168 3D000000 		.4byte	.LASF25
 274 016c 06       		.byte	0x6
 275 016d 38       		.byte	0x38
 276 016e 12       		.uleb128 0x12
 277 016f 00000000 		.4byte	.LASF18
 278 0173 06       		.byte	0x6
 279 0174 3A       		.byte	0x3a
 280 0175 7F010000 		.4byte	0x17f
 281 0179 13       		.uleb128 0x13
 282 017a 81000000 		.4byte	0x81
 283 017e 00       		.byte	0
 284 017f 12       		.uleb128 0x12
 285 0180 4E000000 		.4byte	.LASF19
 286 0184 06       		.byte	0x6
 287 0185 3C       		.byte	0x3c
 288 0186 90010000 		.4byte	0x190
 289 018a 13       		.uleb128 0x13
 290 018b 90010000 		.4byte	0x190
 291 018f 00       		.byte	0
 292 0190 14       		.uleb128 0x14
 293 0191 04       		.byte	0x4
 294 0192 96010000 		.4byte	0x196
 295 0196 15       		.uleb128 0x15
 296 0197 9B000000 		.4byte	0x9b
 297 019b 00       		.byte	0
 298              		.section	.debug_abbrev,"",%progbits
 299              	.Ldebug_abbrev0:
 300 0000 01       		.uleb128 0x1
 301 0001 11       		.uleb128 0x11
 302 0002 01       		.byte	0x1
 303 0003 25       		.uleb128 0x25
 304 0004 0E       		.uleb128 0xe
 305 0005 13       		.uleb128 0x13
 306 0006 0B       		.uleb128 0xb
 307 0007 03       		.uleb128 0x3
 308 0008 0E       		.uleb128 0xe
 309 0009 1B       		.uleb128 0x1b
 310 000a 0E       		.uleb128 0xe
 311 000b 55       		.uleb128 0x55
 312 000c 17       		.uleb128 0x17
ARM GAS  C:\Users\Andrew\AppData\Local\Temp\cc9l9yEY.s 			page 7


 313 000d 11       		.uleb128 0x11
 314 000e 01       		.uleb128 0x1
 315 000f 10       		.uleb128 0x10
 316 0010 17       		.uleb128 0x17
 317 0011 00       		.byte	0
 318 0012 00       		.byte	0
 319 0013 02       		.uleb128 0x2
 320 0014 24       		.uleb128 0x24
 321 0015 00       		.byte	0
 322 0016 0B       		.uleb128 0xb
 323 0017 0B       		.uleb128 0xb
 324 0018 3E       		.uleb128 0x3e
 325 0019 0B       		.uleb128 0xb
 326 001a 03       		.uleb128 0x3
 327 001b 0E       		.uleb128 0xe
 328 001c 00       		.byte	0
 329 001d 00       		.byte	0
 330 001e 03       		.uleb128 0x3
 331 001f 16       		.uleb128 0x16
 332 0020 00       		.byte	0
 333 0021 03       		.uleb128 0x3
 334 0022 0E       		.uleb128 0xe
 335 0023 3A       		.uleb128 0x3a
 336 0024 0B       		.uleb128 0xb
 337 0025 3B       		.uleb128 0x3b
 338 0026 0B       		.uleb128 0xb
 339 0027 49       		.uleb128 0x49
 340 0028 13       		.uleb128 0x13
 341 0029 00       		.byte	0
 342 002a 00       		.byte	0
 343 002b 04       		.uleb128 0x4
 344 002c 24       		.uleb128 0x24
 345 002d 00       		.byte	0
 346 002e 0B       		.uleb128 0xb
 347 002f 0B       		.uleb128 0xb
 348 0030 3E       		.uleb128 0x3e
 349 0031 0B       		.uleb128 0xb
 350 0032 03       		.uleb128 0x3
 351 0033 08       		.uleb128 0x8
 352 0034 00       		.byte	0
 353 0035 00       		.byte	0
 354 0036 05       		.uleb128 0x5
 355 0037 16       		.uleb128 0x16
 356 0038 00       		.byte	0
 357 0039 03       		.uleb128 0x3
 358 003a 0E       		.uleb128 0xe
 359 003b 3A       		.uleb128 0x3a
 360 003c 0B       		.uleb128 0xb
 361 003d 3B       		.uleb128 0x3b
 362 003e 05       		.uleb128 0x5
 363 003f 49       		.uleb128 0x49
 364 0040 13       		.uleb128 0x13
 365 0041 00       		.byte	0
 366 0042 00       		.byte	0
 367 0043 06       		.uleb128 0x6
 368 0044 13       		.uleb128 0x13
 369 0045 01       		.byte	0x1
ARM GAS  C:\Users\Andrew\AppData\Local\Temp\cc9l9yEY.s 			page 8


 370 0046 0B       		.uleb128 0xb
 371 0047 0B       		.uleb128 0xb
 372 0048 3A       		.uleb128 0x3a
 373 0049 0B       		.uleb128 0xb
 374 004a 3B       		.uleb128 0x3b
 375 004b 0B       		.uleb128 0xb
 376 004c 01       		.uleb128 0x1
 377 004d 13       		.uleb128 0x13
 378 004e 00       		.byte	0
 379 004f 00       		.byte	0
 380 0050 07       		.uleb128 0x7
 381 0051 0D       		.uleb128 0xd
 382 0052 00       		.byte	0
 383 0053 03       		.uleb128 0x3
 384 0054 08       		.uleb128 0x8
 385 0055 3A       		.uleb128 0x3a
 386 0056 0B       		.uleb128 0xb
 387 0057 3B       		.uleb128 0x3b
 388 0058 0B       		.uleb128 0xb
 389 0059 49       		.uleb128 0x49
 390 005a 13       		.uleb128 0x13
 391 005b 38       		.uleb128 0x38
 392 005c 0B       		.uleb128 0xb
 393 005d 00       		.byte	0
 394 005e 00       		.byte	0
 395 005f 08       		.uleb128 0x8
 396 0060 2E       		.uleb128 0x2e
 397 0061 01       		.byte	0x1
 398 0062 3F       		.uleb128 0x3f
 399 0063 19       		.uleb128 0x19
 400 0064 03       		.uleb128 0x3
 401 0065 0E       		.uleb128 0xe
 402 0066 3A       		.uleb128 0x3a
 403 0067 0B       		.uleb128 0xb
 404 0068 3B       		.uleb128 0x3b
 405 0069 0B       		.uleb128 0xb
 406 006a 11       		.uleb128 0x11
 407 006b 01       		.uleb128 0x1
 408 006c 12       		.uleb128 0x12
 409 006d 06       		.uleb128 0x6
 410 006e 40       		.uleb128 0x40
 411 006f 18       		.uleb128 0x18
 412 0070 9742     		.uleb128 0x2117
 413 0072 19       		.uleb128 0x19
 414 0073 01       		.uleb128 0x1
 415 0074 13       		.uleb128 0x13
 416 0075 00       		.byte	0
 417 0076 00       		.byte	0
 418 0077 09       		.uleb128 0x9
 419 0078 34       		.uleb128 0x34
 420 0079 00       		.byte	0
 421 007a 03       		.uleb128 0x3
 422 007b 08       		.uleb128 0x8
 423 007c 3A       		.uleb128 0x3a
 424 007d 0B       		.uleb128 0xb
 425 007e 3B       		.uleb128 0x3b
 426 007f 0B       		.uleb128 0xb
ARM GAS  C:\Users\Andrew\AppData\Local\Temp\cc9l9yEY.s 			page 9


 427 0080 49       		.uleb128 0x49
 428 0081 13       		.uleb128 0x13
 429 0082 02       		.uleb128 0x2
 430 0083 18       		.uleb128 0x18
 431 0084 00       		.byte	0
 432 0085 00       		.byte	0
 433 0086 0A       		.uleb128 0xa
 434 0087 34       		.uleb128 0x34
 435 0088 00       		.byte	0
 436 0089 03       		.uleb128 0x3
 437 008a 08       		.uleb128 0x8
 438 008b 3A       		.uleb128 0x3a
 439 008c 0B       		.uleb128 0xb
 440 008d 3B       		.uleb128 0x3b
 441 008e 0B       		.uleb128 0xb
 442 008f 49       		.uleb128 0x49
 443 0090 13       		.uleb128 0x13
 444 0091 02       		.uleb128 0x2
 445 0092 17       		.uleb128 0x17
 446 0093 00       		.byte	0
 447 0094 00       		.byte	0
 448 0095 0B       		.uleb128 0xb
 449 0096 898201   		.uleb128 0x4109
 450 0099 00       		.byte	0
 451 009a 11       		.uleb128 0x11
 452 009b 01       		.uleb128 0x1
 453 009c 31       		.uleb128 0x31
 454 009d 13       		.uleb128 0x13
 455 009e 00       		.byte	0
 456 009f 00       		.byte	0
 457 00a0 0C       		.uleb128 0xc
 458 00a1 898201   		.uleb128 0x4109
 459 00a4 01       		.byte	0x1
 460 00a5 11       		.uleb128 0x11
 461 00a6 01       		.uleb128 0x1
 462 00a7 31       		.uleb128 0x31
 463 00a8 13       		.uleb128 0x13
 464 00a9 01       		.uleb128 0x1
 465 00aa 13       		.uleb128 0x13
 466 00ab 00       		.byte	0
 467 00ac 00       		.byte	0
 468 00ad 0D       		.uleb128 0xd
 469 00ae 8A8201   		.uleb128 0x410a
 470 00b1 00       		.byte	0
 471 00b2 02       		.uleb128 0x2
 472 00b3 18       		.uleb128 0x18
 473 00b4 9142     		.uleb128 0x2111
 474 00b6 18       		.uleb128 0x18
 475 00b7 00       		.byte	0
 476 00b8 00       		.byte	0
 477 00b9 0E       		.uleb128 0xe
 478 00ba 898201   		.uleb128 0x4109
 479 00bd 01       		.byte	0x1
 480 00be 11       		.uleb128 0x11
 481 00bf 01       		.uleb128 0x1
 482 00c0 31       		.uleb128 0x31
 483 00c1 13       		.uleb128 0x13
ARM GAS  C:\Users\Andrew\AppData\Local\Temp\cc9l9yEY.s 			page 10


 484 00c2 00       		.byte	0
 485 00c3 00       		.byte	0
 486 00c4 0F       		.uleb128 0xf
 487 00c5 34       		.uleb128 0x34
 488 00c6 00       		.byte	0
 489 00c7 03       		.uleb128 0x3
 490 00c8 0E       		.uleb128 0xe
 491 00c9 3A       		.uleb128 0x3a
 492 00ca 0B       		.uleb128 0xb
 493 00cb 3B       		.uleb128 0x3b
 494 00cc 05       		.uleb128 0x5
 495 00cd 49       		.uleb128 0x49
 496 00ce 13       		.uleb128 0x13
 497 00cf 3F       		.uleb128 0x3f
 498 00d0 19       		.uleb128 0x19
 499 00d1 3C       		.uleb128 0x3c
 500 00d2 19       		.uleb128 0x19
 501 00d3 00       		.byte	0
 502 00d4 00       		.byte	0
 503 00d5 10       		.uleb128 0x10
 504 00d6 35       		.uleb128 0x35
 505 00d7 00       		.byte	0
 506 00d8 49       		.uleb128 0x49
 507 00d9 13       		.uleb128 0x13
 508 00da 00       		.byte	0
 509 00db 00       		.byte	0
 510 00dc 11       		.uleb128 0x11
 511 00dd 2E       		.uleb128 0x2e
 512 00de 00       		.byte	0
 513 00df 3F       		.uleb128 0x3f
 514 00e0 19       		.uleb128 0x19
 515 00e1 03       		.uleb128 0x3
 516 00e2 0E       		.uleb128 0xe
 517 00e3 3A       		.uleb128 0x3a
 518 00e4 0B       		.uleb128 0xb
 519 00e5 3B       		.uleb128 0x3b
 520 00e6 0B       		.uleb128 0xb
 521 00e7 27       		.uleb128 0x27
 522 00e8 19       		.uleb128 0x19
 523 00e9 3C       		.uleb128 0x3c
 524 00ea 19       		.uleb128 0x19
 525 00eb 00       		.byte	0
 526 00ec 00       		.byte	0
 527 00ed 12       		.uleb128 0x12
 528 00ee 2E       		.uleb128 0x2e
 529 00ef 01       		.byte	0x1
 530 00f0 3F       		.uleb128 0x3f
 531 00f1 19       		.uleb128 0x19
 532 00f2 03       		.uleb128 0x3
 533 00f3 0E       		.uleb128 0xe
 534 00f4 3A       		.uleb128 0x3a
 535 00f5 0B       		.uleb128 0xb
 536 00f6 3B       		.uleb128 0x3b
 537 00f7 0B       		.uleb128 0xb
 538 00f8 27       		.uleb128 0x27
 539 00f9 19       		.uleb128 0x19
 540 00fa 3C       		.uleb128 0x3c
ARM GAS  C:\Users\Andrew\AppData\Local\Temp\cc9l9yEY.s 			page 11


 541 00fb 19       		.uleb128 0x19
 542 00fc 01       		.uleb128 0x1
 543 00fd 13       		.uleb128 0x13
 544 00fe 00       		.byte	0
 545 00ff 00       		.byte	0
 546 0100 13       		.uleb128 0x13
 547 0101 05       		.uleb128 0x5
 548 0102 00       		.byte	0
 549 0103 49       		.uleb128 0x49
 550 0104 13       		.uleb128 0x13
 551 0105 00       		.byte	0
 552 0106 00       		.byte	0
 553 0107 14       		.uleb128 0x14
 554 0108 0F       		.uleb128 0xf
 555 0109 00       		.byte	0
 556 010a 0B       		.uleb128 0xb
 557 010b 0B       		.uleb128 0xb
 558 010c 49       		.uleb128 0x49
 559 010d 13       		.uleb128 0x13
 560 010e 00       		.byte	0
 561 010f 00       		.byte	0
 562 0110 15       		.uleb128 0x15
 563 0111 26       		.uleb128 0x26
 564 0112 00       		.byte	0
 565 0113 49       		.uleb128 0x49
 566 0114 13       		.uleb128 0x13
 567 0115 00       		.byte	0
 568 0116 00       		.byte	0
 569 0117 00       		.byte	0
 570              		.section	.debug_loc,"",%progbits
 571              	.Ldebug_loc0:
 572              	.LLST0:
 573 0000 20000000 		.4byte	.LVL2
 574 0004 2A000000 		.4byte	.LVL4
 575 0008 0200     		.2byte	0x2
 576 000a 7D       		.byte	0x7d
 577 000b 00       		.sleb128 0
 578 000c 2A000000 		.4byte	.LVL4
 579 0010 2E000000 		.4byte	.LVL5
 580 0014 0200     		.2byte	0x2
 581 0016 91       		.byte	0x91
 582 0017 70       		.sleb128 -16
 583 0018 2E000000 		.4byte	.LVL5
 584 001c 38000000 		.4byte	.LFE63
 585 0020 0200     		.2byte	0x2
 586 0022 7D       		.byte	0x7d
 587 0023 70       		.sleb128 -16
 588 0024 00000000 		.4byte	0
 589 0028 00000000 		.4byte	0
 590              		.section	.debug_aranges,"",%progbits
 591 0000 1C000000 		.4byte	0x1c
 592 0004 0200     		.2byte	0x2
 593 0006 00000000 		.4byte	.Ldebug_info0
 594 000a 04       		.byte	0x4
 595 000b 00       		.byte	0
 596 000c 0000     		.2byte	0
 597 000e 0000     		.2byte	0
ARM GAS  C:\Users\Andrew\AppData\Local\Temp\cc9l9yEY.s 			page 12


 598 0010 00000000 		.4byte	.LFB63
 599 0014 38000000 		.4byte	.LFE63-.LFB63
 600 0018 00000000 		.4byte	0
 601 001c 00000000 		.4byte	0
 602              		.section	.debug_ranges,"",%progbits
 603              	.Ldebug_ranges0:
 604 0000 00000000 		.4byte	.LFB63
 605 0004 38000000 		.4byte	.LFE63
 606 0008 00000000 		.4byte	0
 607 000c 00000000 		.4byte	0
 608              		.section	.debug_line,"",%progbits
 609              	.Ldebug_line0:
 610 0000 87010000 		.section	.debug_str,"MS",%progbits,1
 610      02006C01 
 610      00000201 
 610      FB0E0D00 
 610      01010101 
 611              	.LASF18:
 612 0000 4C43445F 		.ascii	"LCD_Char_1_WriteControl\000"
 612      43686172 
 612      5F315F57 
 612      72697465 
 612      436F6E74 
 613              	.LASF9:
 614 0018 5F5F696E 		.ascii	"__int32_t\000"
 614      7433325F 
 614      7400
 615              	.LASF17:
 616 0022 7469635F 		.ascii	"tic_tac_toe\000"
 616      7461635F 
 616      746F6500 
 617              	.LASF21:
 618 002e 2E5C6D61 		.ascii	".\\main.c\000"
 618      696E2E63 
 618      00
 619              	.LASF12:
 620 0037 666C6F61 		.ascii	"float\000"
 620      7400
 621              	.LASF25:
 622 003d 4C43445F 		.ascii	"LCD_Char_1_Start\000"
 622      43686172 
 622      5F315F53 
 622      74617274 
 622      00
 623              	.LASF19:
 624 004e 4C43445F 		.ascii	"LCD_Char_1_PrintString\000"
 624      43686172 
 624      5F315F50 
 624      72696E74 
 624      53747269 
 625              	.LASF14:
 626 0065 63686172 		.ascii	"char8\000"
 626      3800
 627              	.LASF5:
 628 006b 6C6F6E67 		.ascii	"long unsigned int\000"
 628      20756E73 
 628      69676E65 
ARM GAS  C:\Users\Andrew\AppData\Local\Temp\cc9l9yEY.s 			page 13


 628      6420696E 
 628      7400
 629              	.LASF3:
 630 007d 73686F72 		.ascii	"short unsigned int\000"
 630      7420756E 
 630      7369676E 
 630      65642069 
 630      6E7400
 631              	.LASF24:
 632 0090 49544D5F 		.ascii	"ITM_RxBuffer\000"
 632      52784275 
 632      66666572 
 632      00
 633              	.LASF1:
 634 009d 756E7369 		.ascii	"unsigned char\000"
 634      676E6564 
 634      20636861 
 634      7200
 635              	.LASF13:
 636 00ab 646F7562 		.ascii	"double\000"
 636      6C6500
 637              	.LASF23:
 638 00b2 6D61696E 		.ascii	"main\000"
 638      00
 639              	.LASF20:
 640 00b7 474E5520 		.ascii	"GNU C 4.9.3 20150303 (release) [ARM/embedded-4_9-br"
 640      4320342E 
 640      392E3320 
 640      32303135 
 640      30333033 
 641 00ea 616E6368 		.ascii	"anch revision 221220] -mcpu=cortex-m3 -mthumb -g -O"
 641      20726576 
 641      6973696F 
 641      6E203232 
 641      31323230 
 642 011d 67202D66 		.ascii	"g -ffunction-sections -ffat-lto-objects\000"
 642      66756E63 
 642      74696F6E 
 642      2D736563 
 642      74696F6E 
 643              	.LASF8:
 644 0145 756E7369 		.ascii	"unsigned int\000"
 644      676E6564 
 644      20696E74 
 644      00
 645              	.LASF7:
 646 0152 6C6F6E67 		.ascii	"long long unsigned int\000"
 646      206C6F6E 
 646      6720756E 
 646      7369676E 
 646      65642069 
 647              	.LASF10:
 648 0169 696E7433 		.ascii	"int32_t\000"
 648      325F7400 
 649              	.LASF16:
 650 0171 73697A65 		.ascii	"sizetype\000"
 650      74797065 
ARM GAS  C:\Users\Andrew\AppData\Local\Temp\cc9l9yEY.s 			page 14


 650      00
 651              	.LASF6:
 652 017a 6C6F6E67 		.ascii	"long long int\000"
 652      206C6F6E 
 652      6720696E 
 652      7400
 653              	.LASF15:
 654 0188 63686172 		.ascii	"char\000"
 654      00
 655              	.LASF2:
 656 018d 73686F72 		.ascii	"short int\000"
 656      7420696E 
 656      7400
 657              	.LASF11:
 658 0197 75696E74 		.ascii	"uint8\000"
 658      3800
 659              	.LASF4:
 660 019d 6C6F6E67 		.ascii	"long int\000"
 660      20696E74 
 660      00
 661              	.LASF22:
 662 01a6 433A5C55 		.ascii	"C:\\Users\\Andrew\\Dropbox (Personal)\\MIT\\MIT 201"
 662      73657273 
 662      5C416E64 
 662      7265775C 
 662      44726F70 
 663 01d4 36205370 		.ascii	"6 Spring\\6115\\Final Project\\Code\\exercise_2_zip"
 663      72696E67 
 663      5C363131 
 663      355C4669 
 663      6E616C20 
 664 0203 63335C6C 		.ascii	"c3\\lab2\\LAB2.cydsn\000"
 664      6162325C 
 664      4C414232 
 664      2E637964 
 664      736E00
 665              	.LASF0:
 666 0216 7369676E 		.ascii	"signed char\000"
 666      65642063 
 666      68617200 
 667              		.ident	"GCC: (GNU Tools for ARM Embedded Processors) 4.9.3 20150303 (release) [ARM/embedded-4_9-br
