ARM GAS  C:\Users\Andrew\AppData\Local\Temp\ccgkrXcu.s 			page 1


   1              		.syntax unified
   2              		.cpu cortex-m3
   3              		.fpu softvfp
   4              		.eabi_attribute 20, 1
   5              		.eabi_attribute 21, 1
   6              		.eabi_attribute 23, 3
   7              		.eabi_attribute 24, 1
   8              		.eabi_attribute 25, 1
   9              		.eabi_attribute 26, 1
  10              		.eabi_attribute 30, 1
  11              		.eabi_attribute 34, 1
  12              		.eabi_attribute 18, 4
  13              		.thumb
  14              		.file	"tic_tac_toe.c"
  15              		.text
  16              	.Ltext0:
  17              		.cfi_sections	.debug_frame
  18              	.Letext0:
  19              		.section	.debug_info,"",%progbits
  20              	.Ldebug_info0:
  21 0000 21000000 		.4byte	0x21
  22 0004 0400     		.2byte	0x4
  23 0006 00000000 		.4byte	.Ldebug_abbrev0
  24 000a 04       		.byte	0x4
  25 000b 01       		.uleb128 0x1
  26 000c 10000000 		.4byte	.LASF0
  27 0010 01       		.byte	0x1
  28 0011 00000000 		.4byte	.LASF1
  29 0015 9E000000 		.4byte	.LASF2
  30 0019 00000000 		.4byte	.Ldebug_line0
  31 001d 02       		.uleb128 0x2
  32 001e 04       		.byte	0x4
  33 001f 05       		.byte	0x5
  34 0020 696E7400 		.ascii	"int\000"
  35 0024 00       		.byte	0
  36              		.section	.debug_abbrev,"",%progbits
  37              	.Ldebug_abbrev0:
  38 0000 01       		.uleb128 0x1
  39 0001 11       		.uleb128 0x11
  40 0002 01       		.byte	0x1
  41 0003 25       		.uleb128 0x25
  42 0004 0E       		.uleb128 0xe
  43 0005 13       		.uleb128 0x13
  44 0006 0B       		.uleb128 0xb
  45 0007 03       		.uleb128 0x3
  46 0008 0E       		.uleb128 0xe
  47 0009 1B       		.uleb128 0x1b
  48 000a 0E       		.uleb128 0xe
  49 000b 10       		.uleb128 0x10
  50 000c 17       		.uleb128 0x17
  51 000d 00       		.byte	0
  52 000e 00       		.byte	0
  53 000f 02       		.uleb128 0x2
  54 0010 24       		.uleb128 0x24
  55 0011 00       		.byte	0
  56 0012 0B       		.uleb128 0xb
  57 0013 0B       		.uleb128 0xb
ARM GAS  C:\Users\Andrew\AppData\Local\Temp\ccgkrXcu.s 			page 2


  58 0014 3E       		.uleb128 0x3e
  59 0015 0B       		.uleb128 0xb
  60 0016 03       		.uleb128 0x3
  61 0017 08       		.uleb128 0x8
  62 0018 00       		.byte	0
  63 0019 00       		.byte	0
  64 001a 00       		.byte	0
  65              		.section	.debug_aranges,"",%progbits
  66 0000 14000000 		.4byte	0x14
  67 0004 0200     		.2byte	0x2
  68 0006 00000000 		.4byte	.Ldebug_info0
  69 000a 04       		.byte	0x4
  70 000b 00       		.byte	0
  71 000c 0000     		.2byte	0
  72 000e 0000     		.2byte	0
  73 0010 00000000 		.4byte	0
  74 0014 00000000 		.4byte	0
  75              		.section	.debug_line,"",%progbits
  76              	.Ldebug_line0:
  77 0000 19000000 		.section	.debug_str,"MS",%progbits,1
  77      02001300 
  77      00000201 
  77      FB0E0D00 
  77      01010101 
  78              	.LASF1:
  79 0000 2E5C7469 		.ascii	".\\tic_tac_toe.c\000"
  79      635F7461 
  79      635F746F 
  79      652E6300 
  80              	.LASF0:
  81 0010 474E5520 		.ascii	"GNU C 4.9.3 20150303 (release) [ARM/embedded-4_9-br"
  81      4320342E 
  81      392E3320 
  81      32303135 
  81      30333033 
  82 0043 616E6368 		.ascii	"anch revision 221220] -mcpu=cortex-m3 -mthumb -g -O"
  82      20726576 
  82      6973696F 
  82      6E203232 
  82      31323230 
  83 0076 67202D66 		.ascii	"g -ffunction-sections -ffat-lto-objects\000"
  83      66756E63 
  83      74696F6E 
  83      2D736563 
  83      74696F6E 
  84              	.LASF2:
  85 009e 433A5C55 		.ascii	"C:\\Users\\Andrew\\Dropbox (Personal)\\MIT\\MIT 201"
  85      73657273 
  85      5C416E64 
  85      7265775C 
  85      44726F70 
  86 00cc 36205370 		.ascii	"6 Spring\\6115\\Final Project\\Code\\exercise_2_zip"
  86      72696E67 
  86      5C363131 
  86      355C4669 
  86      6E616C20 
  87 00fb 63335C6C 		.ascii	"c3\\lab2\\LAB2.cydsn\000"
ARM GAS  C:\Users\Andrew\AppData\Local\Temp\ccgkrXcu.s 			page 3


  87      6162325C 
  87      4C414232 
  87      2E637964 
  87      736E00
  88              		.ident	"GCC: (GNU Tools for ARM Embedded Processors) 4.9.3 20150303 (release) [ARM/embedded-4_9-br
