This is pdfTeX, Version 3.1415926-2.5-1.40.14 (MiKTeX 2.9 64-bit) (preloaded format=pdflatex 2014.9.7)  4 MAY 2016 21:45
entering extended mode
**C:/Users/Andrew/Dropbox*(Personal)/MIT/MIT*2016*Spring/6115/Final*Project/Lab
*Notebook/Lab*Notebook.tex

("C:/Users/Andrew/Dropbox (Personal)/MIT/MIT 2016 Spring/6115/Final Project/Lab
 Notebook/Lab Notebook.tex"
LaTeX2e <2011/06/27>
Babel <v3.8m> and hyphenation patterns for english, afrikaans, ancientgreek, ar
abic, armenian, assamese, basque, bengali, bokmal, bulgarian, catalan, coptic, 
croatian, czech, danish, dutch, esperanto, estonian, farsi, finnish, french, ga
lician, german, german-x-2013-05-26, greek, gujarati, hindi, hungarian, iceland
ic, indonesian, interlingua, irish, italian, kannada, kurmanji, latin, latvian,
 lithuanian, malayalam, marathi, mongolian, mongolianlmc, monogreek, ngerman, n
german-x-2013-05-26, nynorsk, oriya, panjabi, pinyin, polish, portuguese, roman
ian, russian, sanskrit, serbian, slovak, slovenian, spanish, swedish, swissgerm
an, tamil, telugu, turkish, turkmen, ukenglish, ukrainian, uppersorbian, usengl
ishmax, welsh, loaded.
("C:\Program Files\MiKTeX 2.9\tex\latex\base\article.cls"
Document Class: article 2007/10/19 v1.4h Standard LaTeX document class
("C:\Program Files\MiKTeX 2.9\tex\latex\base\size12.clo"
File: size12.clo 2007/10/19 v1.4h Standard LaTeX file (size option)
)
\c@part=\count79
\c@section=\count80
\c@subsection=\count81
\c@subsubsection=\count82
\c@paragraph=\count83
\c@subparagraph=\count84
\c@figure=\count85
\c@table=\count86
\abovecaptionskip=\skip41
\belowcaptionskip=\skip42
\bibindent=\dimen102
)
("C:\Program Files\MiKTeX 2.9\tex\latex\amsmath\amsmath.sty"
Package: amsmath 2013/01/14 v2.14 AMS math features
\@mathmargin=\skip43

For additional information on amsmath, use the `?' option.
("C:\Program Files\MiKTeX 2.9\tex\latex\amsmath\amstext.sty"
Package: amstext 2000/06/29 v2.01

("C:\Program Files\MiKTeX 2.9\tex\latex\amsmath\amsgen.sty"
File: amsgen.sty 1999/11/30 v2.0
\@emptytoks=\toks14
\ex@=\dimen103
))
("C:\Program Files\MiKTeX 2.9\tex\latex\amsmath\amsbsy.sty"
Package: amsbsy 1999/11/29 v1.2d
\pmbraise@=\dimen104
)
("C:\Program Files\MiKTeX 2.9\tex\latex\amsmath\amsopn.sty"
Package: amsopn 1999/12/14 v2.01 operator names
)
\inf@bad=\count87
LaTeX Info: Redefining \frac on input line 210.
\uproot@=\count88
\leftroot@=\count89
LaTeX Info: Redefining \overline on input line 306.
\classnum@=\count90
\DOTSCASE@=\count91
LaTeX Info: Redefining \ldots on input line 378.
LaTeX Info: Redefining \dots on input line 381.
LaTeX Info: Redefining \cdots on input line 466.
\Mathstrutbox@=\box26
\strutbox@=\box27
\big@size=\dimen105
LaTeX Font Info:    Redeclaring font encoding OML on input line 566.
LaTeX Font Info:    Redeclaring font encoding OMS on input line 567.
\macc@depth=\count92
\c@MaxMatrixCols=\count93
\dotsspace@=\muskip10
\c@parentequation=\count94
\dspbrk@lvl=\count95
\tag@help=\toks15
\row@=\count96
\column@=\count97
\maxfields@=\count98
\andhelp@=\toks16
\eqnshift@=\dimen106
\alignsep@=\dimen107
\tagshift@=\dimen108
\tagwidth@=\dimen109
\totwidth@=\dimen110
\lineht@=\dimen111
\@envbody=\toks17
\multlinegap=\skip44
\multlinetaggap=\skip45
\mathdisplay@stack=\toks18
LaTeX Info: Redefining \[ on input line 2665.
LaTeX Info: Redefining \] on input line 2666.
)
("C:\Program Files\MiKTeX 2.9\tex\latex\fancyhdr\fancyhdr.sty"
\fancy@headwidth=\skip46
\f@ncyO@elh=\skip47
\f@ncyO@erh=\skip48
\f@ncyO@olh=\skip49
\f@ncyO@orh=\skip50
\f@ncyO@elf=\skip51
\f@ncyO@erf=\skip52
\f@ncyO@olf=\skip53
\f@ncyO@orf=\skip54
)
("C:\Program Files\MiKTeX 2.9\tex\latex\graphics\graphicx.sty"
Package: graphicx 1999/02/16 v1.0f Enhanced LaTeX Graphics (DPC,SPQR)

("C:\Program Files\MiKTeX 2.9\tex\latex\graphics\keyval.sty"
Package: keyval 1999/03/16 v1.13 key=value parser (DPC)
\KV@toks@=\toks19
)
("C:\Program Files\MiKTeX 2.9\tex\latex\graphics\graphics.sty"
Package: graphics 2009/02/05 v1.0o Standard LaTeX Graphics (DPC,SPQR)

("C:\Program Files\MiKTeX 2.9\tex\latex\graphics\trig.sty"
Package: trig 1999/03/16 v1.09 sin cos tan (DPC)
)
("C:\Program Files\MiKTeX 2.9\tex\latex\00miktex\graphics.cfg"
File: graphics.cfg 2007/01/18 v1.5 graphics configuration of teTeX/TeXLive
)
Package graphics Info: Driver file: pdftex.def on input line 91.

("C:\Program Files\MiKTeX 2.9\tex\latex\pdftex-def\pdftex.def"
File: pdftex.def 2011/05/27 v0.06d Graphics/color for pdfTeX

("C:\Program Files\MiKTeX 2.9\tex\generic\oberdiek\infwarerr.sty"
Package: infwarerr 2010/04/08 v1.3 Providing info/warning/error messages (HO)
)
("C:\Program Files\MiKTeX 2.9\tex\generic\oberdiek\ltxcmds.sty"
Package: ltxcmds 2011/11/09 v1.22 LaTeX kernel commands for general use (HO)
)
\Gread@gobject=\count99
))
\Gin@req@height=\dimen112
\Gin@req@width=\dimen113
)
("C:\Program Files\MiKTeX 2.9\tex\latex\amsfonts\amssymb.sty"
Package: amssymb 2013/01/14 v3.01 AMS font symbols

("C:\Program Files\MiKTeX 2.9\tex\latex\amsfonts\amsfonts.sty"
Package: amsfonts 2013/01/14 v3.01 Basic AMSFonts support
\symAMSa=\mathgroup4
\symAMSb=\mathgroup5
LaTeX Font Info:    Overwriting math alphabet `\mathfrak' in version `bold'
(Font)                  U/euf/m/n --> U/euf/b/n on input line 106.
))
("C:\Program Files\MiKTeX 2.9\tex\latex\wrapfig\wrapfig.sty"
\wrapoverhang=\dimen114
\WF@size=\dimen115
\c@WF@wrappedlines=\count100
\WF@box=\box28
\WF@everypar=\toks20
Package: wrapfig 2003/01/31  v 3.6
)
("C:\Program Files\MiKTeX 2.9\tex\latex\hyperref\hyperref.sty"
Package: hyperref 2012/11/06 v6.83m Hypertext links for LaTeX

("C:\Program Files\MiKTeX 2.9\tex\generic\oberdiek\hobsub-hyperref.sty"
Package: hobsub-hyperref 2012/04/25 v1.12 Bundle oberdiek, subset hyperref (HO)


("C:\Program Files\MiKTeX 2.9\tex\generic\oberdiek\hobsub-generic.sty"
Package: hobsub-generic 2012/04/25 v1.12 Bundle oberdiek, subset generic (HO)
Package: hobsub 2012/04/25 v1.12 Construct package bundles (HO)
Package hobsub Info: Skipping package `infwarerr' (already loaded).
Package hobsub Info: Skipping package `ltxcmds' (already loaded).
Package: ifluatex 2010/03/01 v1.3 Provides the ifluatex switch (HO)
Package ifluatex Info: LuaTeX not detected.
Package: ifvtex 2010/03/01 v1.5 Detect VTeX and its facilities (HO)
Package ifvtex Info: VTeX not detected.
Package: intcalc 2007/09/27 v1.1 Expandable calculations with integers (HO)
Package: ifpdf 2011/01/30 v2.3 Provides the ifpdf switch (HO)
Package ifpdf Info: pdfTeX in PDF mode is detected.
Package: etexcmds 2011/02/16 v1.5 Avoid name clashes with e-TeX commands (HO)
Package etexcmds Info: Could not find \expanded.
(etexcmds)             That can mean that you are not using pdfTeX 1.50 or
(etexcmds)             that some package has redefined \expanded.
(etexcmds)             In the latter case, load this package earlier.
Package: kvsetkeys 2012/04/25 v1.16 Key value parser (HO)
Package: kvdefinekeys 2011/04/07 v1.3 Define keys (HO)
Package: pdftexcmds 2011/11/29 v0.20 Utility functions of pdfTeX for LuaTeX (HO
)
Package pdftexcmds Info: LuaTeX not detected.
Package pdftexcmds Info: \pdf@primitive is available.
Package pdftexcmds Info: \pdf@ifprimitive is available.
Package pdftexcmds Info: \pdfdraftmode found.
Package: pdfescape 2011/11/25 v1.13 Implements pdfTeX's escape features (HO)
Package: bigintcalc 2012/04/08 v1.3 Expandable calculations on big integers (HO
)
Package: bitset 2011/01/30 v1.1 Handle bit-vector datatype (HO)
Package: uniquecounter 2011/01/30 v1.2 Provide unlimited unique counter (HO)
)
Package hobsub Info: Skipping package `hobsub' (already loaded).
Package: letltxmacro 2010/09/02 v1.4 Let assignment for LaTeX macros (HO)
Package: hopatch 2011/06/24 v1.1 Wrapper for package hooks (HO)
Package: xcolor-patch 2011/01/30 xcolor patch
Package: atveryend 2011/06/30 v1.8 Hooks at the very end of document (HO)
Package atveryend Info: \enddocument detected (standard20110627).
Package: atbegshi 2011/10/05 v1.16 At begin shipout hook (HO)
Package: refcount 2011/10/16 v3.4 Data extraction from label references (HO)
Package: hycolor 2011/01/30 v1.7 Color options for hyperref/bookmark (HO)
)
("C:\Program Files\MiKTeX 2.9\tex\generic\ifxetex\ifxetex.sty"
Package: ifxetex 2010/09/12 v0.6 Provides ifxetex conditional
)
("C:\Program Files\MiKTeX 2.9\tex\latex\oberdiek\auxhook.sty"
Package: auxhook 2011/03/04 v1.3 Hooks for auxiliary files (HO)
)
("C:\Program Files\MiKTeX 2.9\tex\latex\oberdiek\kvoptions.sty"
Package: kvoptions 2011/06/30 v3.11 Key value format for package options (HO)
)
\@linkdim=\dimen116
\Hy@linkcounter=\count101
\Hy@pagecounter=\count102

("C:\Program Files\MiKTeX 2.9\tex\latex\hyperref\pd1enc.def"
File: pd1enc.def 2012/11/06 v6.83m Hyperref: PDFDocEncoding definition (HO)
)
\Hy@SavedSpaceFactor=\count103

("C:\Program Files\MiKTeX 2.9\tex\latex\00miktex\hyperref.cfg"
File: hyperref.cfg 2002/06/06 v1.2 hyperref configuration of TeXLive
)
Package hyperref Info: Option `colorlinks' set `true' on input line 4319.
Package hyperref Info: Hyper figures OFF on input line 4443.
Package hyperref Info: Link nesting OFF on input line 4448.
Package hyperref Info: Hyper index ON on input line 4451.
Package hyperref Info: Plain pages OFF on input line 4458.
Package hyperref Info: Backreferencing OFF on input line 4463.
Package hyperref Info: Implicit mode ON; LaTeX internals redefined.
Package hyperref Info: Bookmarks ON on input line 4688.
\c@Hy@tempcnt=\count104

("C:\Program Files\MiKTeX 2.9\tex\latex\url\url.sty"
\Urlmuskip=\muskip11
Package: url 2013/09/16  ver 3.4  Verb mode for urls, etc.
)
LaTeX Info: Redefining \url on input line 5041.
\XeTeXLinkMargin=\dimen117
\Fld@menulength=\count105
\Field@Width=\dimen118
\Fld@charsize=\dimen119
Package hyperref Info: Hyper figures OFF on input line 6295.
Package hyperref Info: Link nesting OFF on input line 6300.
Package hyperref Info: Hyper index ON on input line 6303.
Package hyperref Info: backreferencing OFF on input line 6310.
Package hyperref Info: Link coloring ON on input line 6313.
Package hyperref Info: Link coloring with OCG OFF on input line 6320.
Package hyperref Info: PDF/A mode OFF on input line 6325.
LaTeX Info: Redefining \ref on input line 6365.
LaTeX Info: Redefining \pageref on input line 6369.
\Hy@abspage=\count106
\c@Item=\count107
\c@Hfootnote=\count108
)

Package hyperref Message: Driver (autodetected): hpdftex.

("C:\Program Files\MiKTeX 2.9\tex\latex\hyperref\hpdftex.def"
File: hpdftex.def 2012/11/06 v6.83m Hyperref driver for pdfTeX
\Fld@listcount=\count109
\c@bookmark@seq@number=\count110

("C:\Program Files\MiKTeX 2.9\tex\latex\oberdiek\rerunfilecheck.sty"
Package: rerunfilecheck 2011/04/15 v1.7 Rerun checks for auxiliary files (HO)
Package uniquecounter Info: New unique counter `rerunfilecheck' on input line 2
82.
)
\Hy@SectionHShift=\skip55
)
("C:\Users\Andrew\Dropbox (Personal)\MIT\MIT 2016 Spring\6115\Final Project\Lab
 Notebook\Lab Notebook.aux")
LaTeX Font Info:    Checking defaults for OML/cmm/m/it on input line 42.
LaTeX Font Info:    ... okay on input line 42.
LaTeX Font Info:    Checking defaults for T1/cmr/m/n on input line 42.
LaTeX Font Info:    ... okay on input line 42.
LaTeX Font Info:    Checking defaults for OT1/cmr/m/n on input line 42.
LaTeX Font Info:    ... okay on input line 42.
LaTeX Font Info:    Checking defaults for OMS/cmsy/m/n on input line 42.
LaTeX Font Info:    ... okay on input line 42.
LaTeX Font Info:    Checking defaults for OMX/cmex/m/n on input line 42.
LaTeX Font Info:    ... okay on input line 42.
LaTeX Font Info:    Checking defaults for U/cmr/m/n on input line 42.
LaTeX Font Info:    ... okay on input line 42.
LaTeX Font Info:    Checking defaults for PD1/pdf/m/n on input line 42.
LaTeX Font Info:    ... okay on input line 42.

("C:\Program Files\MiKTeX 2.9\tex\context\base\supp-pdf.mkii"
[Loading MPS to PDF converter (version 2006.09.02).]
\scratchcounter=\count111
\scratchdimen=\dimen120
\scratchbox=\box29
\nofMPsegments=\count112
\nofMParguments=\count113
\everyMPshowfont=\toks21
\MPscratchCnt=\count114
\MPscratchDim=\dimen121
\MPnumerator=\count115
\makeMPintoPDFobject=\count116
\everyMPtoPDFconversion=\toks22
)
\AtBeginShipoutBox=\box30
 ("C:\Program Files\MiKTeX 2.9\tex\latex\graphics\color.sty"
Package: color 2005/11/14 v1.0j Standard LaTeX Color (DPC)

("C:\Program Files\MiKTeX 2.9\tex\latex\00miktex\color.cfg"
File: color.cfg 2007/01/18 v1.5 color configuration of teTeX/TeXLive
)
Package color Info: Driver file: pdftex.def on input line 130.
)
Package hyperref Info: Link coloring ON on input line 42.

("C:\Program Files\MiKTeX 2.9\tex\latex\hyperref\nameref.sty"
Package: nameref 2012/10/27 v2.43 Cross-referencing by name of section

("C:\Program Files\MiKTeX 2.9\tex\generic\oberdiek\gettitlestring.sty"
Package: gettitlestring 2010/12/03 v1.4 Cleanup title references (HO)
)
\c@section@level=\count117
)
LaTeX Info: Redefining \ref on input line 42.
LaTeX Info: Redefining \pageref on input line 42.
LaTeX Info: Redefining \nameref on input line 42.

("C:\Users\Andrew\Dropbox (Personal)\MIT\MIT 2016 Spring\6115\Final Project\Lab
 Notebook\Lab Notebook.out")
("C:\Users\Andrew\Dropbox (Personal)\MIT\MIT 2016 Spring\6115\Final Project\Lab
 Notebook\Lab Notebook.out")
\@outlinefile=\write3

Underfull \hbox (badness 10000) in paragraph at lines 48--53

 []


Underfull \hbox (badness 10000) in paragraph at lines 48--53

 []

<../Proposals/Hardware_final.png, id=135, 867.24pt x 301.8778pt>
File: ../Proposals/Hardware_final.png Graphic file (type png)

<use ../Proposals/Hardware_final.png>
Package pdftex.def Info: ../Proposals/Hardware_final.png used on input line 58.

(pdftex.def)             Requested size: 341.43306pt x 118.85118pt.
 [1{C:/ProgramData/MiKTeX/2.9/pdftex/config/pdftex.map}

 <C:/Users/Andrew/Dropbox (Personal)/MIT/MIT 2016 Spring/6115/Final Project/Pro
posals/Hardware_final.png>]
LaTeX Font Info:    Try loading font information for U+msa on input line 82.

("C:\Program Files\MiKTeX 2.9\tex\latex\amsfonts\umsa.fd"
File: umsa.fd 2013/01/14 v3.01 AMS symbols A
)
LaTeX Font Info:    Try loading font information for U+msb on input line 82.

("C:\Program Files\MiKTeX 2.9\tex\latex\amsfonts\umsb.fd"
File: umsb.fd 2013/01/14 v3.01 AMS symbols B
) [2]
LaTeX Font Info:    Try loading font information for OMS+cmr on input line 94.

("C:\Program Files\MiKTeX 2.9\tex\latex\base\omscmr.fd"
File: omscmr.fd 1999/05/25 v2.5h Standard LaTeX font definitions
)
LaTeX Font Info:    Font shape `OMS/cmr/m/n' in size <12> not available
(Font)              Font shape `OMS/cmsy/m/n' tried instead on input line 94.

Underfull \hbox (badness 10000) in paragraph at lines 111--116

 []


Underfull \hbox (badness 10000) in paragraph at lines 111--116

 []

<Pics/4-21python.png, id=166, 538.26094pt x 378.66469pt>
File: Pics/4-21python.png Graphic file (type png)

<use Pics/4-21python.png>
Package pdftex.def Info: Pics/4-21python.png used on input line 116.
(pdftex.def)             Requested size: 284.52756pt x 200.16553pt.

Underfull \vbox (badness 1728) has occurred while \output is active []

 [3]

Package wrapfig Warning: wrapfigure used inside a conflicting environment on in
put line 128.

<Pics/4-24b.jpg, id=175, 557.08125pt x 532.99126pt>
File: Pics/4-24b.jpg Graphic file (type jpg)
 <use Pics/4-24b.jpg>
Package pdftex.def Info: Pics/4-24b.jpg used on input line 130.
(pdftex.def)             Requested size: 85.35826pt x 81.66125pt.

<Pics/4-24a.jpg, id=176, 712.16063pt x 697.8572pt>
File: Pics/4-24a.jpg Graphic file (type jpg)
 <use Pics/4-24a.jpg>
Package pdftex.def Info: Pics/4-24a.jpg used on input line 140.
(pdftex.def)             Requested size: 142.26378pt x 139.39859pt.

[4 <C:/Users/Andrew/Dropbox (Personal)/MIT/MIT 2016 Spring/6115/Final Project/L
ab Notebook/Pics/4-21python.png> <C:/Users/Andrew/Dropbox (Personal)/MIT/MIT 20
16 Spring/6115/Final Project/Lab Notebook/Pics/4-24b.jpg>]
Underfull \hbox (badness 10000) in paragraph at lines 142--145

 []

<Pics/4-24c.jpg, id=183, 878.53218pt x 478.03593pt>
File: Pics/4-24c.jpg Graphic file (type jpg)
 <use Pics/4-24c.jpg>
Package pdftex.def Info: Pics/4-24c.jpg used on input line 145.
(pdftex.def)             Requested size: 142.26378pt x 77.40637pt.

<Pics/4-25a.jpg, id=185, 892.83563pt x 380.17032pt>
File: Pics/4-25a.jpg Graphic file (type jpg)
 <use Pics/4-25a.jpg>
Package pdftex.def Info: Pics/4-25a.jpg used on input line 163.
(pdftex.def)             Requested size: 142.26378pt x 60.57324pt.

[5 <C:/Users/Andrew/Dropbox (Personal)/MIT/MIT 2016 Spring/6115/Final Project/L
ab Notebook/Pics/4-24a.jpg> <C:/Users/Andrew/Dropbox (Personal)/MIT/MIT 2016 Sp
ring/6115/Final Project/Lab Notebook/Pics/4-24c.jpg> <C:/Users/Andrew/Dropbox (
Personal)/MIT/MIT 2016 Spring/6115/Final Project/Lab Notebook/Pics/4-25a.jpg>]
<Pics/4-25b.png, id=193, 277.78781pt x 292.09125pt>
File: Pics/4-25b.png Graphic file (type png)
 <use Pics/4-25b.png>
Package pdftex.def Info: Pics/4-25b.png used on input line 177.
(pdftex.def)             Requested size: 187.89912pt x 197.57648pt.

Underfull \hbox (badness 10000) in paragraph at lines 189--192

 []

[6 <C:/Users/Andrew/Dropbox (Personal)/MIT/MIT 2016 Spring/6115/Final Project/L
ab Notebook/Pics/4-25b.png>] <Pics/4-27a.jpg, id=209, 602.25pt x 338.76563pt>
File: Pics/4-27a.jpg Graphic file (type jpg)

<use Pics/4-27a.jpg>
Package pdftex.def Info: Pics/4-27a.jpg used on input line 226.
(pdftex.def)             Requested size: 227.62204pt x 128.0396pt.

Underfull \hbox (badness 10000) in paragraph at lines 229--232

 []

[7 <C:/Users/Andrew/Dropbox (Personal)/MIT/MIT 2016 Spring/6115/Final Project/L
ab Notebook/Pics/4-27a.jpg>]
<Pics/4-27b.jpg, id=218, 688.82344pt x 932.73468pt>
File: Pics/4-27b.jpg Graphic file (type jpg)
 <use Pics/4-27b.jpg>
Package pdftex.def Info: Pics/4-27b.jpg used on input line 232.
(pdftex.def)             Requested size: 227.62204pt x 308.21613pt.

[8 <C:/Users/Andrew/Dropbox (Personal)/MIT/MIT 2016 Spring/6115/Final Project/L
ab Notebook/Pics/4-27b.jpg>]
<Pics/4-28a.jpg, id=224, 1364.84906pt x 766.36313pt>
File: Pics/4-28a.jpg Graphic file (type jpg)
 <use Pics/4-28a.jpg>
Package pdftex.def Info: Pics/4-28a.jpg used on input line 252.
(pdftex.def)             Requested size: 227.62204pt x 127.80093pt.

<Pics/4-28b.jpg, id=225, 1156.32pt x 813.0375pt>
File: Pics/4-28b.jpg Graphic file (type jpg)
 <use Pics/4-28b.jpg>
Package pdftex.def Info: Pics/4-28b.jpg used on input line 253.
(pdftex.def)             Requested size: 199.16928pt x 140.03821pt.
 [9 <C:/Users/Andrew/Dropbox (Personal)/MIT/MIT 2016 Spring/6115/Final Project/
Lab Notebook/Pics/4-28a.jpg> <C:/Users/Andrew/Dropbox (Personal)/MIT/MIT 2016 S
pring/6115/Final Project/Lab Notebook/Pics/4-28b.jpg>]
<Pics/4-29a.jpg, id=230, 1259.4553pt x 666.23906pt>
File: Pics/4-29a.jpg Graphic file (type jpg)
 <use Pics/4-29a.jpg>
Package pdftex.def Info: Pics/4-29a.jpg used on input line 278.
(pdftex.def)             Requested size: 284.52756pt x 150.50728pt.

[10 <C:/Users/Andrew/Dropbox (Personal)/MIT/MIT 2016 Spring/6115/Final Project/
Lab Notebook/Pics/4-29a.jpg>]
Underfull \hbox (badness 10000) in paragraph at lines 297--301

 []

<Pics/5-4b.jpg, id=236, 746.03719pt x 602.25pt>
File: Pics/5-4b.jpg Graphic file (type jpg)
 <use Pics/5-4b.jpg>
Package pdftex.def Info: Pics/5-4b.jpg used on input line 302.
(pdftex.def)             Requested size: 227.62204pt x 183.74571pt.

<Pics/5-4a.jpg, id=237, 867.99281pt x 693.34032pt>
File: Pics/5-4a.jpg Graphic file (type jpg)
 <use Pics/5-4a.jpg>
Package pdftex.def Info: Pics/5-4a.jpg used on input line 303.
(pdftex.def)             Requested size: 230.46732pt x 184.09401pt.

Underfull \hbox (badness 10000) in paragraph at lines 307--313

 []

[11 <C:/Users/Andrew/Dropbox (Personal)/MIT/MIT 2016 Spring/6115/Final Project/
Lab Notebook/Pics/5-4b.jpg> <C:/Users/Andrew/Dropbox (Personal)/MIT/MIT 2016 Sp
ring/6115/Final Project/Lab Notebook/Pics/5-4a.jpg>]
<Pics/5-4c.jpg, id=242, 900.36375pt x 1541.76pt>
File: Pics/5-4c.jpg Graphic file (type jpg)
 <use Pics/5-4c.jpg>
Package pdftex.def Info: Pics/5-4c.jpg used on input line 317.
(pdftex.def)             Requested size: 113.81102pt x 194.88385pt.
File: Pics/5-4a.jpg Graphic file (type jpg)

<use Pics/5-4a.jpg>
Package pdftex.def Info: Pics/5-4a.jpg used on input line 318.
(pdftex.def)             Requested size: 230.46732pt x 184.09401pt.
 [12 <C:/Users/Andrew/Dropbox (Personal)/MIT/MIT 2016 Spring/6115/Final Project
/Lab Notebook/Pics/5-4c.jpg>]
Package atveryend Info: Empty hook `BeforeClearDocument' on input line 333.
 [13]
Package atveryend Info: Empty hook `AfterLastShipout' on input line 333.

("C:\Users\Andrew\Dropbox (Personal)\MIT\MIT 2016 Spring\6115\Final Project\Lab
 Notebook\Lab Notebook.aux")
Package atveryend Info: Executing hook `AtVeryEndDocument' on input line 333.
Package atveryend Info: Executing hook `AtEndAfterFileList' on input line 333.
Package rerunfilecheck Info: File `Lab*Notebook.out' has not changed.
(rerunfilecheck)             Checksum: <no file>.
Package atveryend Info: Empty hook `AtVeryVeryEnd' on input line 333.
 ) 
Here is how much of TeX's memory you used:
 6255 strings out of 493921
 89408 string characters out of 3147280
 169914 words of memory out of 3000000
 9407 multiletter control sequences out of 15000+200000
 10620 words of font info for 40 fonts, out of 3000000 for 9000
 841 hyphenation exceptions out of 8191
 29i,11n,43p,739b,406s stack positions out of 5000i,500n,10000p,200000b,50000s
<C:/Program Files/MiKTeX 2.9/fonts/type1/public/amsfonts/cm/cmbx12.pfb><C:/Pr
ogram Files/MiKTeX 2.9/fonts/type1/public/amsfonts/cm/cmcsc10.pfb><C:/Program F
iles/MiKTeX 2.9/fonts/type1/public/amsfonts/cm/cmmi12.pfb><C:/Program Files/MiK
TeX 2.9/fonts/type1/public/amsfonts/cm/cmmi8.pfb><C:/Program Files/MiKTeX 2.9/f
onts/type1/public/amsfonts/cm/cmr12.pfb><C:/Program Files/MiKTeX 2.9/fonts/type
1/public/amsfonts/cm/cmr8.pfb><C:/Program Files/MiKTeX 2.9/fonts/type1/public/a
msfonts/cm/cmsy10.pfb><C:/Program Files/MiKTeX 2.9/fonts/type1/public/amsfonts/
cm/cmti12.pfb><C:/Program Files/MiKTeX 2.9/fonts/type1/public/amsfonts/cm/cmtt1
2.pfb>
Output written on "Lab Notebook.pdf" (13 pages, 2264212 bytes).
PDF statistics:
 298 PDF objects out of 1000 (max. 8388607)
 67 named destinations out of 1000 (max. 500000)
 340 words of extra memory for PDF output out of 10000 (max. 10000000)

