\BOOKMARK [1][-]{section.1}{Overview}{}% 1
\BOOKMARK [2][-]{subsection.1.1}{Hardware Overview}{section.1}% 2
\BOOKMARK [2][-]{subsection.1.2}{Software Overview}{section.1}% 3
\BOOKMARK [2][-]{subsection.1.3}{Format of my Lab Notebook}{section.1}% 4
\BOOKMARK [1][-]{section.2}{April 21, 2016}{}% 5
\BOOKMARK [2][-]{subsection.2.1}{Setting up github}{section.2}% 6
\BOOKMARK [2][-]{subsection.2.2}{Building my initial capacitance based sensor}{section.2}% 7
\BOOKMARK [2][-]{subsection.2.3}{Software development}{section.2}% 8
\BOOKMARK [1][-]{section.3}{April 24 2016}{}% 9
\BOOKMARK [2][-]{subsection.3.1}{Using the Cypress EDS Laser Cutter}{section.3}% 10
\BOOKMARK [2][-]{subsection.3.2}{Working on my capacitance based sensor}{section.3}% 11
\BOOKMARK [1][-]{section.4}{April 25 2016}{}% 12
\BOOKMARK [2][-]{subsection.4.1}{Designing the Capacitance Based Sensor }{section.4}% 13
\BOOKMARK [2][-]{subsection.4.2}{Connecting PSoC to 8051}{section.4}% 14
\BOOKMARK [2][-]{subsection.4.3}{Using the 74LS245}{section.4}% 15
\BOOKMARK [2][-]{subsection.4.4}{Building my 3D Tic Tac Toe AI}{section.4}% 16
\BOOKMARK [1][-]{section.5}{April 26 2016}{}% 17
\BOOKMARK [2][-]{subsection.5.1}{Connect PSoC to VGA display}{section.5}% 18
\BOOKMARK [2][-]{subsection.5.2}{Port 3D Tic Tac Toe to C}{section.5}% 19
\BOOKMARK [1][-]{section.6}{April 27 2016}{}% 20
\BOOKMARK [2][-]{subsection.6.1}{Connect 8051 to VGA display}{section.6}% 21
\BOOKMARK [2][-]{subsection.6.2}{Connect PSoC to VGA display}{section.6}% 22
\BOOKMARK [1][-]{section.7}{April 28 2016}{}% 23
\BOOKMARK [2][-]{subsection.7.1}{Display Tic Tac Toe Board on PSoC}{section.7}% 24
\BOOKMARK [2][-]{subsection.7.2}{Port Tic Tac Toe Code to PSoC}{section.7}% 25
\BOOKMARK [1][-]{section.8}{April 29 2016}{}% 26
\BOOKMARK [2][-]{subsection.8.1}{Connect 8051 to PSoC via Databus}{section.8}% 27
\BOOKMARK [1][-]{section.9}{DATE 2016}{}% 28
