ARM GAS  C:\Users\Andrew\AppData\Local\Temp\cc7Rqyg5.s 			page 1


   1              		.syntax unified
   2              		.cpu cortex-m3
   3              		.fpu softvfp
   4              		.eabi_attribute 20, 1
   5              		.eabi_attribute 21, 1
   6              		.eabi_attribute 23, 3
   7              		.eabi_attribute 24, 1
   8              		.eabi_attribute 25, 1
   9              		.eabi_attribute 26, 1
  10              		.eabi_attribute 30, 6
  11              		.eabi_attribute 34, 1
  12              		.eabi_attribute 18, 4
  13              		.thumb
  14              		.file	"cymetadata.c"
  15              		.text
  16              	.Ltext0:
  17              		.cfi_sections	.debug_frame
  18              		.global	cy_meta_configecc
  19              		.section	.cyconfigecc,"a",%progbits
  20              		.align	2
  21              		.type	cy_meta_configecc, %object
  22              		.size	cy_meta_configecc, 812
  23              	cy_meta_configecc:
  24 0000 01       		.byte	1
  25 0001 52       		.byte	82
  26 0002 00       		.byte	0
  27 0003 40       		.byte	64
  28 0004 03       		.byte	3
  29 0005 64       		.byte	100
  30 0006 00       		.byte	0
  31 0007 40       		.byte	64
  32 0008 01       		.byte	1
  33 0009 03       		.byte	3
  34 000a 01       		.byte	1
  35 000b 40       		.byte	64
  36 000c 01       		.byte	1
  37 000d 05       		.byte	5
  38 000e 01       		.byte	1
  39 000f 40       		.byte	64
  40 0010 03       		.byte	3
  41 0011 09       		.byte	9
  42 0012 01       		.byte	1
  43 0013 40       		.byte	64
  44 0014 34       		.byte	52
  45 0015 0A       		.byte	10
  46 0016 01       		.byte	1
  47 0017 40       		.byte	64
  48 0018 4F       		.byte	79
  49 0019 0B       		.byte	11
  50 001a 01       		.byte	1
  51 001b 40       		.byte	64
  52 001c 49       		.byte	73
  53 001d 0C       		.byte	12
  54 001e 01       		.byte	1
  55 001f 40       		.byte	64
  56 0020 3B       		.byte	59
  57 0021 0D       		.byte	13
ARM GAS  C:\Users\Andrew\AppData\Local\Temp\cc7Rqyg5.s 			page 2


  58 0022 01       		.byte	1
  59 0023 40       		.byte	64
  60 0024 03       		.byte	3
  61 0025 40       		.byte	64
  62 0026 01       		.byte	1
  63 0027 40       		.byte	64
  64 0028 04       		.byte	4
  65 0029 41       		.byte	65
  66 002a 01       		.byte	1
  67 002b 40       		.byte	64
  68 002c 03       		.byte	3
  69 002d 42       		.byte	66
  70 002e 01       		.byte	1
  71 002f 40       		.byte	64
  72 0030 04       		.byte	4
  73 0031 44       		.byte	68
  74 0032 01       		.byte	1
  75 0033 40       		.byte	64
  76 0034 05       		.byte	5
  77 0035 45       		.byte	69
  78 0036 01       		.byte	1
  79 0037 40       		.byte	64
  80 0038 03       		.byte	3
  81 0039 50       		.byte	80
  82 003a 01       		.byte	1
  83 003b 40       		.byte	64
  84 003c 01       		.byte	1
  85 003d 51       		.byte	81
  86 003e 01       		.byte	1
  87 003f 40       		.byte	64
  88 0040 34       		.byte	52
  89 0041 01       		.byte	1
  90 0042 8B       		.byte	-117
  91 0043 38       		.byte	56
  92 0044 8C       		.byte	-116
  93 0045 72       		.byte	114
  94 0046 8D       		.byte	-115
  95 0047 0F       		.byte	15
  96 0048 E6       		.byte	-26
  97 0049 02       		.byte	2
  98 004a E6       		.byte	-26
  99 004b 08       		.byte	8
 100 004c B0       		.byte	-80
 101 004d 84       		.byte	-124
 102 004e B2       		.byte	-78
 103 004f 20       		.byte	32
 104 0050 B3       		.byte	-77
 105 0051 40       		.byte	64
 106 0052 00       		.byte	0
 107 0053 09       		.byte	9
 108 0054 02       		.byte	2
 109 0055 D0       		.byte	-48
 110 0056 04       		.byte	4
 111 0057 DC       		.byte	-36
 112 0058 06       		.byte	6
 113 0059 22       		.byte	34
 114 005a 07       		.byte	7
ARM GAS  C:\Users\Andrew\AppData\Local\Temp\cc7Rqyg5.s 			page 3


 115 005b 55       		.byte	85
 116 005c 08       		.byte	8
 117 005d 14       		.byte	20
 118 005e 0C       		.byte	12
 119 005f 0C       		.byte	12
 120 0060 0E       		.byte	14
 121 0061 71       		.byte	113
 122 0062 11       		.byte	17
 123 0063 73       		.byte	115
 124 0064 13       		.byte	19
 125 0065 0C       		.byte	12
 126 0066 15       		.byte	21
 127 0067 80       		.byte	-128
 128 0068 16       		.byte	22
 129 0069 20       		.byte	32
 130 006a 19       		.byte	25
 131 006b 2A       		.byte	42
 132 006c 1A       		.byte	26
 133 006d 03       		.byte	3
 134 006e 1B       		.byte	27
 135 006f 44       		.byte	68
 136 0070 1C       		.byte	28
 137 0071 10       		.byte	16
 138 0072 1D       		.byte	29
 139 0073 03       		.byte	3
 140 0074 1E       		.byte	30
 141 0075 AC       		.byte	-84
 142 0076 1F       		.byte	31
 143 0077 44       		.byte	68
 144 0078 20       		.byte	32
 145 0079 10       		.byte	16
 146 007a 21       		.byte	33
 147 007b 73       		.byte	115
 148 007c 22       		.byte	34
 149 007d 40       		.byte	64
 150 007e 23       		.byte	35
 151 007f 04       		.byte	4
 152 0080 2F       		.byte	47
 153 0081 08       		.byte	8
 154 0082 30       		.byte	48
 155 0083 E0       		.byte	-32
 156 0084 31       		.byte	49
 157 0085 0F       		.byte	15
 158 0086 33       		.byte	51
 159 0087 30       		.byte	48
 160 0088 34       		.byte	52
 161 0089 1F       		.byte	31
 162 008a 35       		.byte	53
 163 008b 40       		.byte	64
 164 008c 37       		.byte	55
 165 008d 80       		.byte	-128
 166 008e 39       		.byte	57
 167 008f 08       		.byte	8
 168 0090 3A       		.byte	58
 169 0091 02       		.byte	2
 170 0092 3B       		.byte	59
 171 0093 02       		.byte	2
ARM GAS  C:\Users\Andrew\AppData\Local\Temp\cc7Rqyg5.s 			page 4


 172 0094 3F       		.byte	63
 173 0095 54       		.byte	84
 174 0096 40       		.byte	64
 175 0097 03       		.byte	3
 176 0098 45       		.byte	69
 177 0099 40       		.byte	64
 178 009a 49       		.byte	73
 179 009b FF       		.byte	-1
 180 009c 4A       		.byte	74
 181 009d 07       		.byte	7
 182 009e 4B       		.byte	75
 183 009f FF       		.byte	-1
 184 00a0 4C       		.byte	76
 185 00a1 40       		.byte	64
 186 00a2 4D       		.byte	77
 187 00a3 20       		.byte	32
 188 00a4 4E       		.byte	78
 189 00a5 F0       		.byte	-16
 190 00a6 4F       		.byte	79
 191 00a7 05       		.byte	5
 192 00a8 50       		.byte	80
 193 00a9 08       		.byte	8
 194 00aa 58       		.byte	88
 195 00ab 04       		.byte	4
 196 00ac 59       		.byte	89
 197 00ad 04       		.byte	4
 198 00ae 5A       		.byte	90
 199 00af 04       		.byte	4
 200 00b0 5F       		.byte	95
 201 00b1 01       		.byte	1
 202 00b2 60       		.byte	96
 203 00b3 40       		.byte	64
 204 00b4 61       		.byte	97
 205 00b5 A8       		.byte	-88
 206 00b6 62       		.byte	98
 207 00b7 40       		.byte	64
 208 00b8 63       		.byte	99
 209 00b9 20       		.byte	32
 210 00ba 00       		.byte	0
 211 00bb 20       		.byte	32
 212 00bc 03       		.byte	3
 213 00bd A2       		.byte	-94
 214 00be 04       		.byte	4
 215 00bf 01       		.byte	1
 216 00c0 05       		.byte	5
 217 00c1 50       		.byte	80
 218 00c2 07       		.byte	7
 219 00c3 20       		.byte	32
 220 00c4 09       		.byte	9
 221 00c5 08       		.byte	8
 222 00c6 0A       		.byte	10
 223 00c7 0A       		.byte	10
 224 00c8 0D       		.byte	13
 225 00c9 08       		.byte	8
 226 00ca 0E       		.byte	14
 227 00cb 40       		.byte	64
 228 00cc 0F       		.byte	15
ARM GAS  C:\Users\Andrew\AppData\Local\Temp\cc7Rqyg5.s 			page 5


 229 00cd 09       		.byte	9
 230 00ce 12       		.byte	18
 231 00cf 80       		.byte	-128
 232 00d0 14       		.byte	20
 233 00d1 01       		.byte	1
 234 00d2 15       		.byte	21
 235 00d3 02       		.byte	2
 236 00d4 16       		.byte	22
 237 00d5 28       		.byte	40
 238 00d6 19       		.byte	25
 239 00d7 02       		.byte	2
 240 00d8 1A       		.byte	26
 241 00d9 08       		.byte	8
 242 00da 1B       		.byte	27
 243 00db 02       		.byte	2
 244 00dc 1D       		.byte	29
 245 00dd 50       		.byte	80
 246 00de 1E       		.byte	30
 247 00df 40       		.byte	64
 248 00e0 1F       		.byte	31
 249 00e1 A4       		.byte	-92
 250 00e2 20       		.byte	32
 251 00e3 0A       		.byte	10
 252 00e4 21       		.byte	33
 253 00e5 05       		.byte	5
 254 00e6 22       		.byte	34
 255 00e7 01       		.byte	1
 256 00e8 24       		.byte	36
 257 00e9 02       		.byte	2
 258 00ea 25       		.byte	37
 259 00eb 40       		.byte	64
 260 00ec 26       		.byte	38
 261 00ed 14       		.byte	20
 262 00ee 27       		.byte	39
 263 00ef 40       		.byte	64
 264 00f0 29       		.byte	41
 265 00f1 42       		.byte	66
 266 00f2 2D       		.byte	45
 267 00f3 02       		.byte	2
 268 00f4 2F       		.byte	47
 269 00f5 40       		.byte	64
 270 00f6 30       		.byte	48
 271 00f7 80       		.byte	-128
 272 00f8 31       		.byte	49
 273 00f9 10       		.byte	16
 274 00fa 32       		.byte	50
 275 00fb 05       		.byte	5
 276 00fc 34       		.byte	52
 277 00fd 14       		.byte	20
 278 00fe 36       		.byte	54
 279 00ff 14       		.byte	20
 280 0100 37       		.byte	55
 281 0101 01       		.byte	1
 282 0102 38       		.byte	56
 283 0103 08       		.byte	8
 284 0104 3E       		.byte	62
 285 0105 15       		.byte	21
ARM GAS  C:\Users\Andrew\AppData\Local\Temp\cc7Rqyg5.s 			page 6


 286 0106 41       		.byte	65
 287 0107 04       		.byte	4
 288 0108 45       		.byte	69
 289 0109 22       		.byte	34
 290 010a 46       		.byte	70
 291 010b 08       		.byte	8
 292 010c 47       		.byte	71
 293 010d 44       		.byte	68
 294 010e 4A       		.byte	74
 295 010f 80       		.byte	-128
 296 0110 4B       		.byte	75
 297 0111 01       		.byte	1
 298 0112 4C       		.byte	76
 299 0113 01       		.byte	1
 300 0114 4F       		.byte	79
 301 0115 08       		.byte	8
 302 0116 50       		.byte	80
 303 0117 04       		.byte	4
 304 0118 51       		.byte	81
 305 0119 08       		.byte	8
 306 011a 56       		.byte	86
 307 011b 40       		.byte	64
 308 011c 5E       		.byte	94
 309 011d 02       		.byte	2
 310 011e 64       		.byte	100
 311 011f 02       		.byte	2
 312 0120 66       		.byte	102
 313 0121 02       		.byte	2
 314 0122 67       		.byte	103
 315 0123 08       		.byte	8
 316 0124 86       		.byte	-122
 317 0125 02       		.byte	2
 318 0126 90       		.byte	-112
 319 0127 01       		.byte	1
 320 0128 92       		.byte	-110
 321 0129 15       		.byte	21
 322 012a 95       		.byte	-107
 323 012b 02       		.byte	2
 324 012c 97       		.byte	-105
 325 012d 80       		.byte	-128
 326 012e 98       		.byte	-104
 327 012f 03       		.byte	3
 328 0130 9B       		.byte	-101
 329 0131 25       		.byte	37
 330 0132 9C       		.byte	-100
 331 0133 94       		.byte	-108
 332 0134 9E       		.byte	-98
 333 0135 40       		.byte	64
 334 0136 A0       		.byte	-96
 335 0137 90       		.byte	-112
 336 0138 A1       		.byte	-95
 337 0139 22       		.byte	34
 338 013a A2       		.byte	-94
 339 013b 01       		.byte	1
 340 013c A4       		.byte	-92
 341 013d 01       		.byte	1
 342 013e A5       		.byte	-91
ARM GAS  C:\Users\Andrew\AppData\Local\Temp\cc7Rqyg5.s 			page 7


 343 013f 48       		.byte	72
 344 0140 B5       		.byte	-75
 345 0141 10       		.byte	16
 346 0142 B6       		.byte	-74
 347 0143 80       		.byte	-128
 348 0144 C0       		.byte	-64
 349 0145 FF       		.byte	-1
 350 0146 C2       		.byte	-62
 351 0147 F7       		.byte	-9
 352 0148 C4       		.byte	-60
 353 0149 F8       		.byte	-8
 354 014a CA       		.byte	-54
 355 014b 09       		.byte	9
 356 014c CC       		.byte	-52
 357 014d EF       		.byte	-17
 358 014e CE       		.byte	-50
 359 014f E2       		.byte	-30
 360 0150 D0       		.byte	-48
 361 0151 F2       		.byte	-14
 362 0152 D2       		.byte	-46
 363 0153 10       		.byte	16
 364 0154 D6       		.byte	-42
 365 0155 80       		.byte	-128
 366 0156 D8       		.byte	-40
 367 0157 B0       		.byte	-80
 368 0158 01       		.byte	1
 369 0159 44       		.byte	68
 370 015a 04       		.byte	4
 371 015b 0C       		.byte	12
 372 015c 05       		.byte	5
 373 015d E7       		.byte	-25
 374 015e 07       		.byte	7
 375 015f 18       		.byte	24
 376 0160 08       		.byte	8
 377 0161 04       		.byte	4
 378 0162 09       		.byte	9
 379 0163 18       		.byte	24
 380 0164 0C       		.byte	12
 381 0165 1F       		.byte	31
 382 0166 0E       		.byte	14
 383 0167 20       		.byte	32
 384 0168 0F       		.byte	15
 385 0169 E3       		.byte	-29
 386 016a 10       		.byte	16
 387 016b 3F       		.byte	63
 388 016c 11       		.byte	17
 389 016d FF       		.byte	-1
 390 016e 14       		.byte	20
 391 016f 03       		.byte	3
 392 0170 15       		.byte	21
 393 0171 C0       		.byte	-64
 394 0172 18       		.byte	24
 395 0173 33       		.byte	51
 396 0174 19       		.byte	25
 397 0175 08       		.byte	8
 398 0176 1A       		.byte	26
 399 0177 0C       		.byte	12
ARM GAS  C:\Users\Andrew\AppData\Local\Temp\cc7Rqyg5.s 			page 8


 400 0178 1C       		.byte	28
 401 0179 01       		.byte	1
 402 017a 1D       		.byte	29
 403 017b 1C       		.byte	28
 404 017c 1F       		.byte	31
 405 017d E1       		.byte	-31
 406 017e 21       		.byte	33
 407 017f 10       		.byte	16
 408 0180 22       		.byte	34
 409 0181 23       		.byte	35
 410 0182 24       		.byte	36
 411 0183 02       		.byte	2
 412 0184 25       		.byte	37
 413 0185 80       		.byte	-128
 414 0186 28       		.byte	40
 415 0187 1C       		.byte	28
 416 0188 29       		.byte	41
 417 0189 3C       		.byte	60
 418 018a 2A       		.byte	42
 419 018b 23       		.byte	35
 420 018c 2B       		.byte	43
 421 018d C2       		.byte	-62
 422 018e 2C       		.byte	44
 423 018f 08       		.byte	8
 424 0190 2F       		.byte	47
 425 0191 04       		.byte	4
 426 0192 31       		.byte	49
 427 0193 C0       		.byte	-64
 428 0194 32       		.byte	50
 429 0195 10       		.byte	16
 430 0196 33       		.byte	51
 431 0197 1F       		.byte	31
 432 0198 34       		.byte	52
 433 0199 0F       		.byte	15
 434 019a 35       		.byte	53
 435 019b 38       		.byte	56
 436 019c 36       		.byte	54
 437 019d 2C       		.byte	44
 438 019e 3A       		.byte	58
 439 019f A2       		.byte	-94
 440 01a0 3B       		.byte	59
 441 01a1 08       		.byte	8
 442 01a2 3E       		.byte	62
 443 01a3 04       		.byte	4
 444 01a4 56       		.byte	86
 445 01a5 02       		.byte	2
 446 01a6 57       		.byte	87
 447 01a7 11       		.byte	17
 448 01a8 58       		.byte	88
 449 01a9 04       		.byte	4
 450 01aa 59       		.byte	89
 451 01ab 04       		.byte	4
 452 01ac 5B       		.byte	91
 453 01ad 04       		.byte	4
 454 01ae 5F       		.byte	95
 455 01af 01       		.byte	1
 456 01b0 82       		.byte	-126
ARM GAS  C:\Users\Andrew\AppData\Local\Temp\cc7Rqyg5.s 			page 9


 457 01b1 01       		.byte	1
 458 01b2 98       		.byte	-104
 459 01b3 02       		.byte	2
 460 01b4 9E       		.byte	-98
 461 01b5 04       		.byte	4
 462 01b6 AA       		.byte	-86
 463 01b7 01       		.byte	1
 464 01b8 B0       		.byte	-80
 465 01b9 01       		.byte	1
 466 01ba B2       		.byte	-78
 467 01bb 02       		.byte	2
 468 01bc B6       		.byte	-74
 469 01bd 04       		.byte	4
 470 01be BE       		.byte	-66
 471 01bf 05       		.byte	5
 472 01c0 C0       		.byte	-64
 473 01c1 43       		.byte	67
 474 01c2 C1       		.byte	-63
 475 01c3 05       		.byte	5
 476 01c4 C5       		.byte	-59
 477 01c5 EB       		.byte	-21
 478 01c6 C6       		.byte	-58
 479 01c7 0C       		.byte	12
 480 01c8 C7       		.byte	-57
 481 01c9 0E       		.byte	14
 482 01ca C8       		.byte	-56
 483 01cb 17       		.byte	23
 484 01cc C9       		.byte	-55
 485 01cd FF       		.byte	-1
 486 01ce CA       		.byte	-54
 487 01cf FF       		.byte	-1
 488 01d0 CB       		.byte	-53
 489 01d1 FF       		.byte	-1
 490 01d2 CE       		.byte	-50
 491 01d3 F0       		.byte	-16
 492 01d4 CF       		.byte	-49
 493 01d5 44       		.byte	68
 494 01d6 D0       		.byte	-48
 495 01d7 0C       		.byte	12
 496 01d8 D4       		.byte	-44
 497 01d9 01       		.byte	1
 498 01da D6       		.byte	-42
 499 01db 04       		.byte	4
 500 01dc D8       		.byte	-40
 501 01dd 04       		.byte	4
 502 01de DA       		.byte	-38
 503 01df 04       		.byte	4
 504 01e0 DB       		.byte	-37
 505 01e1 04       		.byte	4
 506 01e2 DF       		.byte	-33
 507 01e3 01       		.byte	1
 508 01e4 E6       		.byte	-26
 509 01e5 C0       		.byte	-64
 510 01e6 EA       		.byte	-22
 511 01e7 40       		.byte	64
 512 01e8 EB       		.byte	-21
 513 01e9 02       		.byte	2
ARM GAS  C:\Users\Andrew\AppData\Local\Temp\cc7Rqyg5.s 			page 10


 514 01ea 02       		.byte	2
 515 01eb 40       		.byte	64
 516 01ec 05       		.byte	5
 517 01ed 60       		.byte	96
 518 01ee 06       		.byte	6
 519 01ef 20       		.byte	32
 520 01f0 08       		.byte	8
 521 01f1 02       		.byte	2
 522 01f2 0A       		.byte	10
 523 01f3 41       		.byte	65
 524 01f4 0B       		.byte	11
 525 01f5 08       		.byte	8
 526 01f6 0C       		.byte	12
 527 01f7 05       		.byte	5
 528 01f8 0D       		.byte	13
 529 01f9 22       		.byte	34
 530 01fa 0E       		.byte	14
 531 01fb 01       		.byte	1
 532 01fc 11       		.byte	17
 533 01fd 20       		.byte	32
 534 01fe 14       		.byte	20
 535 01ff 10       		.byte	16
 536 0200 15       		.byte	21
 537 0201 10       		.byte	16
 538 0202 16       		.byte	22
 539 0203 81       		.byte	-127
 540 0204 17       		.byte	23
 541 0205 20       		.byte	32
 542 0206 19       		.byte	25
 543 0207 84       		.byte	-124
 544 0208 1A       		.byte	26
 545 0209 40       		.byte	64
 546 020a 1C       		.byte	28
 547 020b 09       		.byte	9
 548 020c 1D       		.byte	29
 549 020d 62       		.byte	98
 550 020e 1E       		.byte	30
 551 020f 20       		.byte	32
 552 0210 25       		.byte	37
 553 0211 10       		.byte	16
 554 0212 26       		.byte	38
 555 0213 01       		.byte	1
 556 0214 27       		.byte	39
 557 0215 24       		.byte	36
 558 0216 2C       		.byte	44
 559 0217 10       		.byte	16
 560 0218 2D       		.byte	45
 561 0219 90       		.byte	-112
 562 021a 2E       		.byte	46
 563 021b 02       		.byte	2
 564 021c 34       		.byte	52
 565 021d 05       		.byte	5
 566 021e 35       		.byte	53
 567 021f 60       		.byte	96
 568 0220 3C       		.byte	60
 569 0221 08       		.byte	8
 570 0222 3D       		.byte	61
ARM GAS  C:\Users\Andrew\AppData\Local\Temp\cc7Rqyg5.s 			page 11


 571 0223 80       		.byte	-128
 572 0224 3E       		.byte	62
 573 0225 A1       		.byte	-95
 574 0226 41       		.byte	65
 575 0227 09       		.byte	9
 576 0228 48       		.byte	72
 577 0229 10       		.byte	16
 578 022a 49       		.byte	73
 579 022b 01       		.byte	1
 580 022c 4B       		.byte	75
 581 022d 80       		.byte	-128
 582 022e 50       		.byte	80
 583 022f 80       		.byte	-128
 584 0230 52       		.byte	82
 585 0231 80       		.byte	-128
 586 0232 53       		.byte	83
 587 0233 04       		.byte	4
 588 0234 58       		.byte	88
 589 0235 80       		.byte	-128
 590 0236 59       		.byte	89
 591 0237 15       		.byte	21
 592 0238 5E       		.byte	94
 593 0239 20       		.byte	32
 594 023a 63       		.byte	99
 595 023b 40       		.byte	64
 596 023c 6E       		.byte	110
 597 023d 14       		.byte	20
 598 023e 6F       		.byte	111
 599 023f 01       		.byte	1
 600 0240 75       		.byte	117
 601 0241 20       		.byte	32
 602 0242 76       		.byte	118
 603 0243 23       		.byte	35
 604 0244 87       		.byte	-121
 605 0245 40       		.byte	64
 606 0246 88       		.byte	-120
 607 0247 01       		.byte	1
 608 0248 92       		.byte	-110
 609 0249 01       		.byte	1
 610 024a B2       		.byte	-78
 611 024b 01       		.byte	1
 612 024c C0       		.byte	-64
 613 024d E8       		.byte	-24
 614 024e C2       		.byte	-62
 615 024f F3       		.byte	-13
 616 0250 C4       		.byte	-60
 617 0251 F2       		.byte	-14
 618 0252 CA       		.byte	-54
 619 0253 F0       		.byte	-16
 620 0254 CC       		.byte	-52
 621 0255 F0       		.byte	-16
 622 0256 CE       		.byte	-50
 623 0257 F0       		.byte	-16
 624 0258 D0       		.byte	-48
 625 0259 03       		.byte	3
 626 025a D2       		.byte	-46
 627 025b 08       		.byte	8
ARM GAS  C:\Users\Andrew\AppData\Local\Temp\cc7Rqyg5.s 			page 12


 628 025c D6       		.byte	-42
 629 025d 2F       		.byte	47
 630 025e D8       		.byte	-40
 631 025f 01       		.byte	1
 632 0260 33       		.byte	51
 633 0261 80       		.byte	-128
 634 0262 36       		.byte	54
 635 0263 20       		.byte	32
 636 0264 CC       		.byte	-52
 637 0265 30       		.byte	48
 638 0266 86       		.byte	-122
 639 0267 20       		.byte	32
 640 0268 A6       		.byte	-90
 641 0269 20       		.byte	32
 642 026a A7       		.byte	-89
 643 026b 80       		.byte	-128
 644 026c E6       		.byte	-26
 645 026d 40       		.byte	64
 646 026e 87       		.byte	-121
 647 026f 80       		.byte	-128
 648 0270 A7       		.byte	-89
 649 0271 80       		.byte	-128
 650 0272 E6       		.byte	-26
 651 0273 10       		.byte	16
 652 0274 01       		.byte	1
 653 0275 01       		.byte	1
 654 0276 7B       		.byte	123
 655 0277 01       		.byte	1
 656 0278 C0       		.byte	-64
 657 0279 08       		.byte	8
 658 027a DC       		.byte	-36
 659 027b 01       		.byte	1
 660 027c 8B       		.byte	-117
 661 027d 01       		.byte	1
 662 027e A7       		.byte	-89
 663 027f 01       		.byte	1
 664 0280 B1       		.byte	-79
 665 0281 01       		.byte	1
 666 0282 E0       		.byte	-32
 667 0283 01       		.byte	1
 668 0284 EE       		.byte	-18
 669 0285 01       		.byte	1
 670 0286 00       		.byte	0
 671 0287 01       		.byte	1
 672 0288 0C       		.byte	12
 673 0289 01       		.byte	1
 674 028a 0E       		.byte	14
 675 028b 01       		.byte	1
 676 028c 00       		.byte	0
 677 028d 0A       		.byte	10
 678 028e 00       		.byte	0
 679 028f 00       		.byte	0
 680 0290 00       		.byte	0
 681 0291 22       		.byte	34
 682 0292 40       		.byte	64
 683 0293 51       		.byte	81
 684 0294 00       		.byte	0
ARM GAS  C:\Users\Andrew\AppData\Local\Temp\cc7Rqyg5.s 			page 13


 685 0295 E7       		.byte	-25
 686 0296 40       		.byte	64
 687 0297 00       		.byte	0
 688 0298 0C       		.byte	12
 689 0299 E7       		.byte	-25
 690 029a 13       		.byte	19
 691 029b 00       		.byte	0
 692 029c 00       		.byte	0
 693 029d 00       		.byte	0
 694 029e 0C       		.byte	12
 695 029f 00       		.byte	0
 696 02a0 00       		.byte	0
 697 02a1 80       		.byte	-128
 698 02a2 80       		.byte	-128
 699 02a3 00       		.byte	0
 700 02a4 20       		.byte	32
 701 02a5 01       		.byte	1
 702 02a6 03       		.byte	3
 703 02a7 0E       		.byte	14
 704 02a8 00       		.byte	0
 705 02a9 44       		.byte	68
 706 02aa 80       		.byte	-128
 707 02ab 31       		.byte	49
 708 02ac 00       		.byte	0
 709 02ad 00       		.byte	0
 710 02ae 08       		.byte	8
 711 02af 00       		.byte	0
 712 02b0 11       		.byte	17
 713 02b1 00       		.byte	0
 714 02b2 06       		.byte	6
 715 02b3 00       		.byte	0
 716 02b4 11       		.byte	17
 717 02b5 00       		.byte	0
 718 02b6 0E       		.byte	14
 719 02b7 00       		.byte	0
 720 02b8 40       		.byte	64
 721 02b9 00       		.byte	0
 722 02ba 00       		.byte	0
 723 02bb 00       		.byte	0
 724 02bc 40       		.byte	64
 725 02bd 00       		.byte	0
 726 02be 00       		.byte	0
 727 02bf 00       		.byte	0
 728 02c0 40       		.byte	64
 729 02c1 18       		.byte	24
 730 02c2 80       		.byte	-128
 731 02c3 07       		.byte	7
 732 02c4 0F       		.byte	15
 733 02c5 60       		.byte	96
 734 02c6 30       		.byte	48
 735 02c7 80       		.byte	-128
 736 02c8 82       		.byte	-126
 737 02c9 00       		.byte	0
 738 02ca 20       		.byte	32
 739 02cb 00       		.byte	0
 740 02cc 00       		.byte	0
 741 02cd 00       		.byte	0
ARM GAS  C:\Users\Andrew\AppData\Local\Temp\cc7Rqyg5.s 			page 14


 742 02ce 04       		.byte	4
 743 02cf 01       		.byte	1
 744 02d0 25       		.byte	37
 745 02d1 04       		.byte	4
 746 02d2 03       		.byte	3
 747 02d3 00       		.byte	0
 748 02d4 01       		.byte	1
 749 02d5 0E       		.byte	14
 750 02d6 0C       		.byte	12
 751 02d7 00       		.byte	0
 752 02d8 05       		.byte	5
 753 02d9 FF       		.byte	-1
 754 02da FF       		.byte	-1
 755 02db FF       		.byte	-1
 756 02dc 62       		.byte	98
 757 02dd A0       		.byte	-96
 758 02de F0       		.byte	-16
 759 02df 41       		.byte	65
 760 02e0 0C       		.byte	12
 761 02e1 00       		.byte	0
 762 02e2 00       		.byte	0
 763 02e3 00       		.byte	0
 764 02e4 18       		.byte	24
 765 02e5 00       		.byte	0
 766 02e6 04       		.byte	4
 767 02e7 00       		.byte	0
 768 02e8 04       		.byte	4
 769 02e9 04       		.byte	4
 770 02ea 04       		.byte	4
 771 02eb 04       		.byte	4
 772 02ec 00       		.byte	0
 773 02ed 00       		.byte	0
 774 02ee 00       		.byte	0
 775 02ef 01       		.byte	1
 776 02f0 00       		.byte	0
 777 02f1 00       		.byte	0
 778 02f2 00       		.byte	0
 779 02f3 00       		.byte	0
 780 02f4 00       		.byte	0
 781 02f5 00       		.byte	0
 782 02f6 40       		.byte	64
 783 02f7 02       		.byte	2
 784 02f8 00       		.byte	0
 785 02f9 10       		.byte	16
 786 02fa 30       		.byte	48
 787 02fb 10       		.byte	16
 788 02fc 00       		.byte	0
 789 02fd 10       		.byte	16
 790 02fe 10       		.byte	16
 791 02ff 12       		.byte	18
 792 0300 00       		.byte	0
 793 0301 00       		.byte	0
 794 0302 00       		.byte	0
 795 0303 00       		.byte	0
 796 0304 00       		.byte	0
 797 0305 00       		.byte	0
 798 0306 00       		.byte	0
ARM GAS  C:\Users\Andrew\AppData\Local\Temp\cc7Rqyg5.s 			page 15


 799 0307 00       		.byte	0
 800 0308 00       		.byte	0
 801 0309 00       		.byte	0
 802 030a 00       		.byte	0
 803 030b 00       		.byte	0
 804 030c 00       		.byte	0
 805 030d 00       		.byte	0
 806 030e 00       		.byte	0
 807 030f 00       		.byte	0
 808 0310 00       		.byte	0
 809 0311 40       		.byte	64
 810 0312 40       		.byte	64
 811 0313 00       		.byte	0
 812 0314 40       		.byte	64
 813 0315 00       		.byte	0
 814 0316 00       		.byte	0
 815 0317 00       		.byte	0
 816 0318 00       		.byte	0
 817 0319 7F       		.byte	127
 818 031a 7F       		.byte	127
 819 031b 00       		.byte	0
 820 031c 00       		.byte	0
 821 031d 00       		.byte	0
 822 031e 00       		.byte	0
 823 031f 00       		.byte	0
 824 0320 01       		.byte	1
 825 0321 00       		.byte	0
 826 0322 01       		.byte	1
 827 0323 00       		.byte	0
 828 0324 00       		.byte	0
 829 0325 00       		.byte	0
 830 0326 00       		.byte	0
 831 0327 00       		.byte	0
 832 0328 00       		.byte	0
 833 0329 00       		.byte	0
 834 032a 00       		.byte	0
 835 032b 00       		.byte	0
 836              		.global	cy_meta_custnvl
 837              		.section	.cycustnvl,"a",%progbits
 838              		.align	2
 839              		.type	cy_meta_custnvl, %object
 840              		.size	cy_meta_custnvl, 4
 841              	cy_meta_custnvl:
 842 0000 00       		.byte	0
 843 0001 00       		.byte	0
 844 0002 40       		.byte	64
 845 0003 05       		.byte	5
 846              		.global	cy_meta_wonvl
 847              		.section	.cywolatch,"a",%progbits
 848              		.align	2
 849              		.type	cy_meta_wonvl, %object
 850              		.size	cy_meta_wonvl, 4
 851              	cy_meta_wonvl:
 852 0000 BC       		.byte	-68
 853 0001 90       		.byte	-112
 854 0002 AC       		.byte	-84
 855 0003 AF       		.byte	-81
ARM GAS  C:\Users\Andrew\AppData\Local\Temp\cc7Rqyg5.s 			page 16


 856              		.global	cy_meta_flashprotect
 857              		.section	.cyflashprotect,"a",%progbits
 858              		.align	2
 859              		.type	cy_meta_flashprotect, %object
 860              		.size	cy_meta_flashprotect, 256
 861              	cy_meta_flashprotect:
 862 0000 00000000 		.space	256
 862      00000000 
 862      00000000 
 862      00000000 
 862      00000000 
 863              		.global	cy_metadata
 864              		.section	.cymeta,"a",%progbits
 865              		.align	2
 866              		.type	cy_metadata, %object
 867              		.size	cy_metadata, 12
 868              	cy_metadata:
 869 0000 00       		.byte	0
 870 0001 01       		.byte	1
 871 0002 2E       		.byte	46
 872 0003 12       		.byte	18
 873 0004 30       		.byte	48
 874 0005 69       		.byte	105
 875 0006 00       		.byte	0
 876 0007 01       		.byte	1
 877 0008 00       		.byte	0
 878 0009 00       		.byte	0
 879 000a 00       		.byte	0
 880 000b 00       		.byte	0
 881              		.text
 882              	.Letext0:
 883              		.file 1 ".\\Generated_Source\\PSoC5\\cymetadata.c"
 884              		.file 2 ".\\Generated_Source\\PSoC5\\cytypes.h"
 885              		.section	.debug_info,"",%progbits
 886              	.Ldebug_info0:
 887 0000 37010000 		.4byte	0x137
 888 0004 0400     		.2byte	0x4
 889 0006 00000000 		.4byte	.Ldebug_abbrev0
 890 000a 04       		.byte	0x4
 891 000b 01       		.uleb128 0x1
 892 000c 00000000 		.4byte	.LASF18
 893 0010 01       		.byte	0x1
 894 0011 8E000000 		.4byte	.LASF19
 895 0015 DB000000 		.4byte	.LASF20
 896 0019 00000000 		.4byte	.Ldebug_line0
 897 001d 02       		.uleb128 0x2
 898 001e 01       		.byte	0x1
 899 001f 06       		.byte	0x6
 900 0020 0D020000 		.4byte	.LASF0
 901 0024 02       		.uleb128 0x2
 902 0025 01       		.byte	0x1
 903 0026 08       		.byte	0x8
 904 0027 CD000000 		.4byte	.LASF1
 905 002b 02       		.uleb128 0x2
 906 002c 02       		.byte	0x2
 907 002d 05       		.byte	0x5
 908 002e F4010000 		.4byte	.LASF2
ARM GAS  C:\Users\Andrew\AppData\Local\Temp\cc7Rqyg5.s 			page 17


 909 0032 02       		.uleb128 0x2
 910 0033 02       		.byte	0x2
 911 0034 07       		.byte	0x7
 912 0035 4A010000 		.4byte	.LASF3
 913 0039 02       		.uleb128 0x2
 914 003a 04       		.byte	0x4
 915 003b 05       		.byte	0x5
 916 003c 04020000 		.4byte	.LASF4
 917 0040 02       		.uleb128 0x2
 918 0041 04       		.byte	0x4
 919 0042 07       		.byte	0x7
 920 0043 5D010000 		.4byte	.LASF5
 921 0047 02       		.uleb128 0x2
 922 0048 08       		.byte	0x8
 923 0049 05       		.byte	0x5
 924 004a E1010000 		.4byte	.LASF6
 925 004e 02       		.uleb128 0x2
 926 004f 08       		.byte	0x8
 927 0050 07       		.byte	0x7
 928 0051 9E010000 		.4byte	.LASF7
 929 0055 03       		.uleb128 0x3
 930 0056 04       		.byte	0x4
 931 0057 05       		.byte	0x5
 932 0058 696E7400 		.ascii	"int\000"
 933 005c 02       		.uleb128 0x2
 934 005d 04       		.byte	0x4
 935 005e 07       		.byte	0x7
 936 005f 91010000 		.4byte	.LASF8
 937 0063 04       		.uleb128 0x4
 938 0064 FE010000 		.4byte	.LASF21
 939 0068 02       		.byte	0x2
 940 0069 3801     		.2byte	0x138
 941 006b 24000000 		.4byte	0x24
 942 006f 02       		.uleb128 0x2
 943 0070 04       		.byte	0x4
 944 0071 04       		.byte	0x4
 945 0072 C7000000 		.4byte	.LASF9
 946 0076 02       		.uleb128 0x2
 947 0077 08       		.byte	0x8
 948 0078 04       		.byte	0x4
 949 0079 B4000000 		.4byte	.LASF10
 950 007d 02       		.uleb128 0x2
 951 007e 01       		.byte	0x1
 952 007f 08       		.byte	0x8
 953 0080 EF010000 		.4byte	.LASF11
 954 0084 05       		.uleb128 0x5
 955 0085 63000000 		.4byte	0x63
 956 0089 95000000 		.4byte	0x95
 957 008d 06       		.uleb128 0x6
 958 008e 95000000 		.4byte	0x95
 959 0092 2B03     		.2byte	0x32b
 960 0094 00       		.byte	0
 961 0095 02       		.uleb128 0x2
 962 0096 04       		.byte	0x4
 963 0097 07       		.byte	0x7
 964 0098 D8010000 		.4byte	.LASF12
 965 009c 07       		.uleb128 0x7
ARM GAS  C:\Users\Andrew\AppData\Local\Temp\cc7Rqyg5.s 			page 18


 966 009d 7F010000 		.4byte	.LASF13
 967 00a1 01       		.byte	0x1
 968 00a2 1F       		.byte	0x1f
 969 00a3 AD000000 		.4byte	0xad
 970 00a7 05       		.uleb128 0x5
 971 00a8 03       		.byte	0x3
 972 00a9 00000000 		.4byte	cy_meta_configecc
 973 00ad 08       		.uleb128 0x8
 974 00ae 84000000 		.4byte	0x84
 975 00b2 05       		.uleb128 0x5
 976 00b3 63000000 		.4byte	0x63
 977 00b7 C2000000 		.4byte	0xc2
 978 00bb 09       		.uleb128 0x9
 979 00bc 95000000 		.4byte	0x95
 980 00c0 03       		.byte	0x3
 981 00c1 00       		.byte	0
 982 00c2 07       		.uleb128 0x7
 983 00c3 6F010000 		.4byte	.LASF14
 984 00c7 01       		.byte	0x1
 985 00c8 92       		.byte	0x92
 986 00c9 D3000000 		.4byte	0xd3
 987 00cd 05       		.uleb128 0x5
 988 00ce 03       		.byte	0x3
 989 00cf 00000000 		.4byte	cy_meta_custnvl
 990 00d3 08       		.uleb128 0x8
 991 00d4 B2000000 		.4byte	0xb2
 992 00d8 07       		.uleb128 0x7
 993 00d9 CA010000 		.4byte	.LASF15
 994 00dd 01       		.byte	0x1
 995 00de A0       		.byte	0xa0
 996 00df E9000000 		.4byte	0xe9
 997 00e3 05       		.uleb128 0x5
 998 00e4 03       		.byte	0x3
 999 00e5 00000000 		.4byte	cy_meta_wonvl
 1000 00e9 08       		.uleb128 0x8
 1001 00ea B2000000 		.4byte	0xb2
 1002 00ee 05       		.uleb128 0x5
 1003 00ef 63000000 		.4byte	0x63
 1004 00f3 FE000000 		.4byte	0xfe
 1005 00f7 09       		.uleb128 0x9
 1006 00f8 95000000 		.4byte	0x95
 1007 00fc FF       		.byte	0xff
 1008 00fd 00       		.byte	0
 1009 00fe 07       		.uleb128 0x7
 1010 00ff B5010000 		.4byte	.LASF16
 1011 0103 01       		.byte	0x1
 1012 0104 AE       		.byte	0xae
 1013 0105 0F010000 		.4byte	0x10f
 1014 0109 05       		.uleb128 0x5
 1015 010a 03       		.byte	0x3
 1016 010b 00000000 		.4byte	cy_meta_flashprotect
 1017 010f 08       		.uleb128 0x8
 1018 0110 EE000000 		.4byte	0xee
 1019 0114 05       		.uleb128 0x5
 1020 0115 63000000 		.4byte	0x63
 1021 0119 24010000 		.4byte	0x124
 1022 011d 09       		.uleb128 0x9
ARM GAS  C:\Users\Andrew\AppData\Local\Temp\cc7Rqyg5.s 			page 19


 1023 011e 95000000 		.4byte	0x95
 1024 0122 0B       		.byte	0xb
 1025 0123 00       		.byte	0
 1026 0124 07       		.uleb128 0x7
 1027 0125 BB000000 		.4byte	.LASF17
 1028 0129 01       		.byte	0x1
 1029 012a DB       		.byte	0xdb
 1030 012b 35010000 		.4byte	0x135
 1031 012f 05       		.uleb128 0x5
 1032 0130 03       		.byte	0x3
 1033 0131 00000000 		.4byte	cy_metadata
 1034 0135 08       		.uleb128 0x8
 1035 0136 14010000 		.4byte	0x114
 1036 013a 00       		.byte	0
 1037              		.section	.debug_abbrev,"",%progbits
 1038              	.Ldebug_abbrev0:
 1039 0000 01       		.uleb128 0x1
 1040 0001 11       		.uleb128 0x11
 1041 0002 01       		.byte	0x1
 1042 0003 25       		.uleb128 0x25
 1043 0004 0E       		.uleb128 0xe
 1044 0005 13       		.uleb128 0x13
 1045 0006 0B       		.uleb128 0xb
 1046 0007 03       		.uleb128 0x3
 1047 0008 0E       		.uleb128 0xe
 1048 0009 1B       		.uleb128 0x1b
 1049 000a 0E       		.uleb128 0xe
 1050 000b 10       		.uleb128 0x10
 1051 000c 17       		.uleb128 0x17
 1052 000d 00       		.byte	0
 1053 000e 00       		.byte	0
 1054 000f 02       		.uleb128 0x2
 1055 0010 24       		.uleb128 0x24
 1056 0011 00       		.byte	0
 1057 0012 0B       		.uleb128 0xb
 1058 0013 0B       		.uleb128 0xb
 1059 0014 3E       		.uleb128 0x3e
 1060 0015 0B       		.uleb128 0xb
 1061 0016 03       		.uleb128 0x3
 1062 0017 0E       		.uleb128 0xe
 1063 0018 00       		.byte	0
 1064 0019 00       		.byte	0
 1065 001a 03       		.uleb128 0x3
 1066 001b 24       		.uleb128 0x24
 1067 001c 00       		.byte	0
 1068 001d 0B       		.uleb128 0xb
 1069 001e 0B       		.uleb128 0xb
 1070 001f 3E       		.uleb128 0x3e
 1071 0020 0B       		.uleb128 0xb
 1072 0021 03       		.uleb128 0x3
 1073 0022 08       		.uleb128 0x8
 1074 0023 00       		.byte	0
 1075 0024 00       		.byte	0
 1076 0025 04       		.uleb128 0x4
 1077 0026 16       		.uleb128 0x16
 1078 0027 00       		.byte	0
 1079 0028 03       		.uleb128 0x3
ARM GAS  C:\Users\Andrew\AppData\Local\Temp\cc7Rqyg5.s 			page 20


 1080 0029 0E       		.uleb128 0xe
 1081 002a 3A       		.uleb128 0x3a
 1082 002b 0B       		.uleb128 0xb
 1083 002c 3B       		.uleb128 0x3b
 1084 002d 05       		.uleb128 0x5
 1085 002e 49       		.uleb128 0x49
 1086 002f 13       		.uleb128 0x13
 1087 0030 00       		.byte	0
 1088 0031 00       		.byte	0
 1089 0032 05       		.uleb128 0x5
 1090 0033 01       		.uleb128 0x1
 1091 0034 01       		.byte	0x1
 1092 0035 49       		.uleb128 0x49
 1093 0036 13       		.uleb128 0x13
 1094 0037 01       		.uleb128 0x1
 1095 0038 13       		.uleb128 0x13
 1096 0039 00       		.byte	0
 1097 003a 00       		.byte	0
 1098 003b 06       		.uleb128 0x6
 1099 003c 21       		.uleb128 0x21
 1100 003d 00       		.byte	0
 1101 003e 49       		.uleb128 0x49
 1102 003f 13       		.uleb128 0x13
 1103 0040 2F       		.uleb128 0x2f
 1104 0041 05       		.uleb128 0x5
 1105 0042 00       		.byte	0
 1106 0043 00       		.byte	0
 1107 0044 07       		.uleb128 0x7
 1108 0045 34       		.uleb128 0x34
 1109 0046 00       		.byte	0
 1110 0047 03       		.uleb128 0x3
 1111 0048 0E       		.uleb128 0xe
 1112 0049 3A       		.uleb128 0x3a
 1113 004a 0B       		.uleb128 0xb
 1114 004b 3B       		.uleb128 0x3b
 1115 004c 0B       		.uleb128 0xb
 1116 004d 49       		.uleb128 0x49
 1117 004e 13       		.uleb128 0x13
 1118 004f 3F       		.uleb128 0x3f
 1119 0050 19       		.uleb128 0x19
 1120 0051 02       		.uleb128 0x2
 1121 0052 18       		.uleb128 0x18
 1122 0053 00       		.byte	0
 1123 0054 00       		.byte	0
 1124 0055 08       		.uleb128 0x8
 1125 0056 26       		.uleb128 0x26
 1126 0057 00       		.byte	0
 1127 0058 49       		.uleb128 0x49
 1128 0059 13       		.uleb128 0x13
 1129 005a 00       		.byte	0
 1130 005b 00       		.byte	0
 1131 005c 09       		.uleb128 0x9
 1132 005d 21       		.uleb128 0x21
 1133 005e 00       		.byte	0
 1134 005f 49       		.uleb128 0x49
 1135 0060 13       		.uleb128 0x13
 1136 0061 2F       		.uleb128 0x2f
ARM GAS  C:\Users\Andrew\AppData\Local\Temp\cc7Rqyg5.s 			page 21


 1137 0062 0B       		.uleb128 0xb
 1138 0063 00       		.byte	0
 1139 0064 00       		.byte	0
 1140 0065 00       		.byte	0
 1141              		.section	.debug_aranges,"",%progbits
 1142 0000 14000000 		.4byte	0x14
 1143 0004 0200     		.2byte	0x2
 1144 0006 00000000 		.4byte	.Ldebug_info0
 1145 000a 04       		.byte	0x4
 1146 000b 00       		.byte	0
 1147 000c 0000     		.2byte	0
 1148 000e 0000     		.2byte	0
 1149 0010 00000000 		.4byte	0
 1150 0014 00000000 		.4byte	0
 1151              		.section	.debug_line,"",%progbits
 1152              	.Ldebug_line0:
 1153 0000 4F000000 		.section	.debug_str,"MS",%progbits,1
 1153      02004900 
 1153      00000201 
 1153      FB0E0D00 
 1153      01010101 
 1154              	.LASF18:
 1155 0000 474E5520 		.ascii	"GNU C 4.9.3 20150303 (release) [ARM/embedded-4_9-br"
 1155      4320342E 
 1155      392E3320 
 1155      32303135 
 1155      30333033 
 1156 0033 616E6368 		.ascii	"anch revision 221220] -mcpu=cortex-m3 -mthumb -g -O"
 1156      20726576 
 1156      6973696F 
 1156      6E203232 
 1156      31323230 
 1157 0066 30202D66 		.ascii	"0 -ffunction-sections -ffat-lto-objects\000"
 1157      66756E63 
 1157      74696F6E 
 1157      2D736563 
 1157      74696F6E 
 1158              	.LASF19:
 1159 008e 2E5C4765 		.ascii	".\\Generated_Source\\PSoC5\\cymetadata.c\000"
 1159      6E657261 
 1159      7465645F 
 1159      536F7572 
 1159      63655C50 
 1160              	.LASF10:
 1161 00b4 646F7562 		.ascii	"double\000"
 1161      6C6500
 1162              	.LASF17:
 1163 00bb 63795F6D 		.ascii	"cy_metadata\000"
 1163      65746164 
 1163      61746100 
 1164              	.LASF9:
 1165 00c7 666C6F61 		.ascii	"float\000"
 1165      7400
 1166              	.LASF1:
 1167 00cd 756E7369 		.ascii	"unsigned char\000"
 1167      676E6564 
 1167      20636861 
ARM GAS  C:\Users\Andrew\AppData\Local\Temp\cc7Rqyg5.s 			page 22


 1167      7200
 1168              	.LASF20:
 1169 00db 433A5C55 		.ascii	"C:\\Users\\Andrew\\Dropbox (Personal)\\MIT\\MIT 201"
 1169      73657273 
 1169      5C416E64 
 1169      7265775C 
 1169      44726F70 
 1170 0109 36205370 		.ascii	"6 Spring\\6115\\Final Project\\Code\\PSoc to R31JP\\"
 1170      72696E67 
 1170      5C363131 
 1170      355C4669 
 1170      6E616C20 
 1171 0138 50534F43 		.ascii	"PSOC to VGA.cydsn\000"
 1171      20746F20 
 1171      5647412E 
 1171      63796473 
 1171      6E00
 1172              	.LASF3:
 1173 014a 73686F72 		.ascii	"short unsigned int\000"
 1173      7420756E 
 1173      7369676E 
 1173      65642069 
 1173      6E7400
 1174              	.LASF5:
 1175 015d 6C6F6E67 		.ascii	"long unsigned int\000"
 1175      20756E73 
 1175      69676E65 
 1175      6420696E 
 1175      7400
 1176              	.LASF14:
 1177 016f 63795F6D 		.ascii	"cy_meta_custnvl\000"
 1177      6574615F 
 1177      63757374 
 1177      6E766C00 
 1178              	.LASF13:
 1179 017f 63795F6D 		.ascii	"cy_meta_configecc\000"
 1179      6574615F 
 1179      636F6E66 
 1179      69676563 
 1179      6300
 1180              	.LASF8:
 1181 0191 756E7369 		.ascii	"unsigned int\000"
 1181      676E6564 
 1181      20696E74 
 1181      00
 1182              	.LASF7:
 1183 019e 6C6F6E67 		.ascii	"long long unsigned int\000"
 1183      206C6F6E 
 1183      6720756E 
 1183      7369676E 
 1183      65642069 
 1184              	.LASF16:
 1185 01b5 63795F6D 		.ascii	"cy_meta_flashprotect\000"
 1185      6574615F 
 1185      666C6173 
 1185      6870726F 
 1185      74656374 
ARM GAS  C:\Users\Andrew\AppData\Local\Temp\cc7Rqyg5.s 			page 23


 1186              	.LASF15:
 1187 01ca 63795F6D 		.ascii	"cy_meta_wonvl\000"
 1187      6574615F 
 1187      776F6E76 
 1187      6C00
 1188              	.LASF12:
 1189 01d8 73697A65 		.ascii	"sizetype\000"
 1189      74797065 
 1189      00
 1190              	.LASF6:
 1191 01e1 6C6F6E67 		.ascii	"long long int\000"
 1191      206C6F6E 
 1191      6720696E 
 1191      7400
 1192              	.LASF11:
 1193 01ef 63686172 		.ascii	"char\000"
 1193      00
 1194              	.LASF2:
 1195 01f4 73686F72 		.ascii	"short int\000"
 1195      7420696E 
 1195      7400
 1196              	.LASF21:
 1197 01fe 75696E74 		.ascii	"uint8\000"
 1197      3800
 1198              	.LASF4:
 1199 0204 6C6F6E67 		.ascii	"long int\000"
 1199      20696E74 
 1199      00
 1200              	.LASF0:
 1201 020d 7369676E 		.ascii	"signed char\000"
 1201      65642063 
 1201      68617200 
 1202              		.ident	"GCC: (GNU Tools for ARM Embedded Processors) 4.9.3 20150303 (release) [ARM/embedded-4_9-br
